2014-11-15 11:31:35.4317|TRACE|KarateIsere.DataAccess.KarateIsereContext|Opened connection at 15/11/2014 11:31:35 +01:00

2014-11-15 11:31:35.4887|TRACE|KarateIsere.DataAccess.KarateIsereContext|
SELECT Count(*)
FROM INFORMATION_SCHEMA.TABLES AS t
WHERE t.TABLE_SCHEMA + '.' + t.TABLE_NAME IN ('dbo.Adherents','dbo.Admin','dbo.Art_Martial','dbo.Categorie','dbo.Competiteur','dbo.Club','dbo.ListeCompetiteur','dbo.Professeurs','dbo.Competition','dbo.Inscriptions','dbo.Creneaux','dbo.Club_Professeur','dbo.CompetitionCategories')
    OR t.TABLE_NAME = 'EdmMetadata'
2014-11-15 11:31:35.4887|TRACE|KarateIsere.DataAccess.KarateIsereContext|

2014-11-15 11:31:35.5012|TRACE|KarateIsere.DataAccess.KarateIsereContext|-- Executing at 15/11/2014 11:31:35 +01:00

2014-11-15 11:31:35.5882|TRACE|KarateIsere.DataAccess.KarateIsereContext|-- Completed in 80 ms with result: 9

2014-11-15 11:31:35.5882|TRACE|KarateIsere.DataAccess.KarateIsereContext|

2014-11-15 11:31:35.5947|TRACE|KarateIsere.DataAccess.KarateIsereContext|Closed connection at 15/11/2014 11:31:35 +01:00

2014-11-15 11:31:35.8573|TRACE|KarateIsere.DataAccess.KarateIsereContext|Opened connection at 15/11/2014 11:31:35 +01:00

2014-11-15 11:31:37.4250|TRACE|KarateIsere.DataAccess.KarateIsereContext|SELECT 
    [GroupBy1].[A1] AS [C1]
    FROM ( SELECT 
        COUNT(1) AS [A1]
        FROM [dbo].[__MigrationHistory] AS [Extent1]
        WHERE [Extent1].[ContextKey] = @p__linq__0
    )  AS [GroupBy1]
2014-11-15 11:31:37.4825|TRACE|KarateIsere.DataAccess.KarateIsereContext|

2014-11-15 11:31:37.4825|TRACE|KarateIsere.DataAccess.KarateIsereContext|-- p__linq__0: 'KarateIsere.DataAccess.KarateIsereContext' (Type = String, Size = 4000)

2014-11-15 11:31:37.4825|TRACE|KarateIsere.DataAccess.KarateIsereContext|-- Executing at 15/11/2014 11:31:37 +01:00

2014-11-15 11:31:37.5550|TRACE|KarateIsere.DataAccess.KarateIsereContext|-- Completed in 58 ms with result: SqlDataReader

2014-11-15 11:31:37.5585|TRACE|KarateIsere.DataAccess.KarateIsereContext|

2014-11-15 11:31:37.5755|TRACE|KarateIsere.DataAccess.KarateIsereContext|Closed connection at 15/11/2014 11:31:37 +01:00

2014-11-15 11:31:37.5950|TRACE|KarateIsere.DataAccess.KarateIsereContext|Opened connection at 15/11/2014 11:31:37 +01:00

2014-11-15 11:31:37.6900|TRACE|KarateIsere.DataAccess.KarateIsereContext|SELECT TOP (1) 
    [Project1].[C1] AS [C1], 
    [Project1].[MigrationId] AS [MigrationId], 
    [Project1].[Model] AS [Model], 
    [Project1].[ProductVersion] AS [ProductVersion]
    FROM ( SELECT 
        [Extent1].[MigrationId] AS [MigrationId], 
        [Extent1].[Model] AS [Model], 
        [Extent1].[ProductVersion] AS [ProductVersion], 
        1 AS [C1]
        FROM [dbo].[__MigrationHistory] AS [Extent1]
        WHERE [Extent1].[ContextKey] = @p__linq__0
    )  AS [Project1]
    ORDER BY [Project1].[MigrationId] DESC
2014-11-15 11:31:37.6900|TRACE|KarateIsere.DataAccess.KarateIsereContext|

2014-11-15 11:31:37.6900|TRACE|KarateIsere.DataAccess.KarateIsereContext|-- p__linq__0: 'KarateIsere.DataAccess.KarateIsereContext' (Type = String, Size = 4000)

2014-11-15 11:31:37.7000|TRACE|KarateIsere.DataAccess.KarateIsereContext|-- Executing at 15/11/2014 11:31:37 +01:00

2014-11-15 11:31:37.7435|TRACE|KarateIsere.DataAccess.KarateIsereContext|-- Completed in 39 ms with result: SqlDataReader

2014-11-15 11:31:37.7470|TRACE|KarateIsere.DataAccess.KarateIsereContext|

2014-11-15 11:31:37.7470|TRACE|KarateIsere.DataAccess.KarateIsereContext|Closed connection at 15/11/2014 11:31:37 +01:00

2014-11-15 11:31:38.4966|TRACE|KarateIsere.DataAccess.KarateIsereContext|Opened connection at 15/11/2014 11:31:38 +01:00

2014-11-15 11:31:38.7972|TRACE|KarateIsere.DataAccess.KarateIsereContext|SELECT 
    [Extent1].[NumAffiliation] AS [NumAffiliation], 
    [Extent1].[NomClub] AS [NomClub], 
    [Extent1].[Correspondant] AS [Correspondant], 
    [Extent1].[Telephone] AS [Telephone], 
    [Extent1].[Adr_Administrative] AS [Adr_Administrative], 
    [Extent1].[Adr_Dojo] AS [Adr_Dojo], 
    [Extent1].[Code_Postal] AS [Code_Postal], 
    [Extent1].[Ville] AS [Ville], 
    [Extent1].[Site_Web] AS [Site_Web], 
    [Extent1].[Facebook] AS [Facebook], 
    [Extent1].[President_Tel] AS [President_Tel], 
    [Extent1].[President_Nom] AS [President_Nom], 
    [Extent1].[President_Prenom] AS [President_Prenom], 
    [Extent1].[President_Email] AS [President_Email], 
    [Extent1].[President_Mobile] AS [President_Mobile], 
    [Extent1].[Tresorier_Tel] AS [Tresorier_Tel], 
    [Extent1].[Tresorier_Nom] AS [Tresorier_Nom], 
    [Extent1].[Tresorier_Prenom] AS [Tresorier_Prenom], 
    [Extent1].[Tresorier_Email] AS [Tresorier_Email], 
    [Extent1].[Tresorier_Mobile] AS [Tresorier_Mobile], 
    [Extent1].[Secretaire_Tel] AS [Secretaire_Tel], 
    [Extent1].[Secretaire_Nom] AS [Secretaire_Nom], 
    [Extent1].[Secretaire_Prenom] AS [Secretaire_Prenom], 
    [Extent1].[Secretaire_Email] AS [Secretaire_Email], 
    [Extent1].[Secretaire_Mobile] AS [Secretaire_Mobile], 
    [Extent1].[ArtMartialName] AS [ArtMartialName], 
    [Extent1].[Longitude] AS [Longitude], 
    [Extent1].[Latitude] AS [Latitude]
    FROM [dbo].[Club] AS [Extent1]
2014-11-15 11:31:38.7972|TRACE|KarateIsere.DataAccess.KarateIsereContext|

2014-11-15 11:31:38.7972|TRACE|KarateIsere.DataAccess.KarateIsereContext|-- Executing at 15/11/2014 11:31:38 +01:00

2014-11-15 11:31:38.8337|TRACE|KarateIsere.DataAccess.KarateIsereContext|-- Completed in 24 ms with result: SqlDataReader

2014-11-15 11:31:38.8377|TRACE|KarateIsere.DataAccess.KarateIsereContext|

2014-11-15 11:31:38.9542|TRACE|KarateIsere.DataAccess.KarateIsereContext|Closed connection at 15/11/2014 11:31:38 +01:00

2014-11-15 12:08:33.2208|TRACE|KarateIsere.DataAccess.KarateIsereContext|Opened connection at 15/11/2014 12:08:33 +01:00

2014-11-15 12:08:33.2434|TRACE|KarateIsere.DataAccess.KarateIsereContext|SELECT 
    [Extent1].[Nom] AS [Nom]
    FROM [dbo].[Categorie] AS [Extent1]
2014-11-15 12:08:33.2434|TRACE|KarateIsere.DataAccess.KarateIsereContext|

2014-11-15 12:08:33.2434|TRACE|KarateIsere.DataAccess.KarateIsereContext|-- Executing at 15/11/2014 12:08:33 +01:00

2014-11-15 12:08:33.2949|TRACE|KarateIsere.DataAccess.KarateIsereContext|-- Completed in 40 ms with result: SqlDataReader

2014-11-15 12:08:33.2949|TRACE|KarateIsere.DataAccess.KarateIsereContext|

2014-11-15 12:08:33.3029|TRACE|KarateIsere.DataAccess.KarateIsereContext|Closed connection at 15/11/2014 12:08:33 +01:00

2014-11-15 12:08:33.4289|TRACE|KarateIsere.DataAccess.KarateIsereContext|Opened connection at 15/11/2014 12:08:33 +01:00

2014-11-15 12:08:33.4529|TRACE|KarateIsere.DataAccess.KarateIsereContext|SELECT 
    [Extent1].[Competition] AS [Competition], 
    [Extent1].[DateCompetition] AS [DateCompetition], 
    [Extent1].[FinInscription] AS [FinInscription], 
    [Extent1].[Lieu] AS [Lieu], 
    [Extent1].[IsKata] AS [IsKata]
    FROM [dbo].[Competition] AS [Extent1]
2014-11-15 12:08:33.4529|TRACE|KarateIsere.DataAccess.KarateIsereContext|

2014-11-15 12:08:33.4609|TRACE|KarateIsere.DataAccess.KarateIsereContext|-- Executing at 15/11/2014 12:08:33 +01:00

2014-11-15 12:08:33.4889|TRACE|KarateIsere.DataAccess.KarateIsereContext|-- Completed in 23 ms with result: SqlDataReader

2014-11-15 12:08:33.4934|TRACE|KarateIsere.DataAccess.KarateIsereContext|

2014-11-15 12:08:33.5064|TRACE|KarateIsere.DataAccess.KarateIsereContext|Closed connection at 15/11/2014 12:08:33 +01:00

2014-11-15 12:08:39.4716|TRACE|KarateIsere.DataAccess.KarateIsereContext|Opened connection at 15/11/2014 12:08:39 +01:00

2014-11-15 12:08:39.7057|TRACE|KarateIsere.DataAccess.KarateIsereContext|SELECT 
    [Project2].[C1] AS [C1], 
    [Project2].[Competition] AS [Competition], 
    [Project2].[DateCompetition] AS [DateCompetition], 
    [Project2].[FinInscription] AS [FinInscription], 
    [Project2].[Lieu] AS [Lieu], 
    [Project2].[IsKata] AS [IsKata], 
    [Project2].[C2] AS [C2], 
    [Project2].[Categorie_Nom] AS [Categorie_Nom]
    FROM ( SELECT 
        [Limit1].[Competition] AS [Competition], 
        [Limit1].[DateCompetition] AS [DateCompetition], 
        [Limit1].[FinInscription] AS [FinInscription], 
        [Limit1].[Lieu] AS [Lieu], 
        [Limit1].[IsKata] AS [IsKata], 
        [Limit1].[C1] AS [C1], 
        [Extent2].[Categorie_Nom] AS [Categorie_Nom], 
        CASE WHEN ([Extent2].[Categorie_Nom] IS NULL) THEN CAST(NULL AS int) ELSE 1 END AS [C2]
        FROM   (SELECT TOP (2) 
            [Extent1].[Competition] AS [Competition], 
            [Extent1].[DateCompetition] AS [DateCompetition], 
            [Extent1].[FinInscription] AS [FinInscription], 
            [Extent1].[Lieu] AS [Lieu], 
            [Extent1].[IsKata] AS [IsKata], 
            1 AS [C1]
            FROM [dbo].[Competition] AS [Extent1]
            WHERE ((UPPER([Extent1].[Competition])) = @p__linq__0) OR ((UPPER([Extent1].[Competition]) IS NULL) AND (@p__linq__0 IS NULL)) ) AS [Limit1]
        LEFT OUTER JOIN [dbo].[CompetitionCategories] AS [Extent2] ON [Limit1].[Competition] = [Extent2].[Competition_Nom]
    )  AS [Project2]
    ORDER BY [Project2].[Competition] ASC, [Project2].[C2] ASC
2014-11-15 12:08:39.7057|TRACE|KarateIsere.DataAccess.KarateIsereContext|

2014-11-15 12:08:39.7137|TRACE|KarateIsere.DataAccess.KarateIsereContext|-- p__linq__0: 'Compet 4' (Type = String, Size = 4000)

2014-11-15 12:08:39.7137|TRACE|KarateIsere.DataAccess.KarateIsereContext|-- Executing at 15/11/2014 12:08:39 +01:00

2014-11-15 12:08:39.7632|TRACE|KarateIsere.DataAccess.KarateIsereContext|-- Completed in 41 ms with result: SqlDataReader

2014-11-15 12:08:39.7632|TRACE|KarateIsere.DataAccess.KarateIsereContext|

2014-11-15 12:08:39.8242|TRACE|KarateIsere.DataAccess.KarateIsereContext|Closed connection at 15/11/2014 12:08:39 +01:00

2014-11-15 12:08:39.8512|TRACE|KarateIsere.DataAccess.KarateIsereContext|Opened connection at 15/11/2014 12:08:39 +01:00

2014-11-15 12:08:39.9002|TRACE|KarateIsere.DataAccess.KarateIsereContext|SELECT TOP (2) 
    [Extent1].[Competition] AS [Competition], 
    [Extent1].[DateCompetition] AS [DateCompetition], 
    [Extent1].[FinInscription] AS [FinInscription], 
    [Extent1].[Lieu] AS [Lieu], 
    [Extent1].[IsKata] AS [IsKata]
    FROM [dbo].[Competition] AS [Extent1]
    WHERE [Extent1].[Competition] = @p0
2014-11-15 12:08:39.9042|TRACE|KarateIsere.DataAccess.KarateIsereContext|

2014-11-15 12:08:39.9042|TRACE|KarateIsere.DataAccess.KarateIsereContext|-- p0: 'Compet 4' (Type = AnsiString, Size = 8000)

2014-11-15 12:08:39.9042|TRACE|KarateIsere.DataAccess.KarateIsereContext|-- Executing at 15/11/2014 12:08:39 +01:00

2014-11-15 12:08:39.9452|TRACE|KarateIsere.DataAccess.KarateIsereContext|-- Completed in 29 ms with result: SqlDataReader

2014-11-15 12:08:39.9492|TRACE|KarateIsere.DataAccess.KarateIsereContext|

2014-11-15 12:08:39.9492|TRACE|KarateIsere.DataAccess.KarateIsereContext|Closed connection at 15/11/2014 12:08:39 +01:00

2014-11-15 12:08:40.0062|TRACE|KarateIsere.DataAccess.KarateIsereContext|Opened connection at 15/11/2014 12:08:40 +01:00

2014-11-15 12:08:40.0162|TRACE|KarateIsere.DataAccess.KarateIsereContext|Started transaction at 15/11/2014 12:08:40 +01:00

2014-11-15 12:08:40.1607|TRACE|KarateIsere.DataAccess.KarateIsereContext|DELETE [dbo].[Competition]
WHERE ([Competition] = @0)
2014-11-15 12:08:40.1607|TRACE|KarateIsere.DataAccess.KarateIsereContext|

2014-11-15 12:08:40.1682|TRACE|KarateIsere.DataAccess.KarateIsereContext|-- @0: 'Compet 4' (Type = AnsiString, Size = 100)

2014-11-15 12:08:40.1682|TRACE|KarateIsere.DataAccess.KarateIsereContext|-- Executing at 15/11/2014 12:08:40 +01:00

2014-11-15 12:08:40.2327|TRACE|KarateIsere.DataAccess.KarateIsereContext|-- Completed in 54 ms with result: 1

2014-11-15 12:08:40.2327|TRACE|KarateIsere.DataAccess.KarateIsereContext|

2014-11-15 12:08:40.2472|TRACE|KarateIsere.DataAccess.KarateIsereContext|Committed transaction at 15/11/2014 12:08:40 +01:00

2014-11-15 12:08:40.2472|TRACE|KarateIsere.DataAccess.KarateIsereContext|Closed connection at 15/11/2014 12:08:40 +01:00

2014-11-15 12:08:40.2647|TRACE|KarateIsere.DataAccess.KarateIsereContext|Opened connection at 15/11/2014 12:08:40 +01:00

2014-11-15 12:08:40.2647|TRACE|KarateIsere.DataAccess.KarateIsereContext|SELECT 
    [Extent1].[Nom] AS [Nom]
    FROM [dbo].[Categorie] AS [Extent1]
2014-11-15 12:08:40.2647|TRACE|KarateIsere.DataAccess.KarateIsereContext|

2014-11-15 12:08:40.2767|TRACE|KarateIsere.DataAccess.KarateIsereContext|-- Executing at 15/11/2014 12:08:40 +01:00

2014-11-15 12:08:40.3042|TRACE|KarateIsere.DataAccess.KarateIsereContext|-- Completed in 23 ms with result: SqlDataReader

2014-11-15 12:08:40.3082|TRACE|KarateIsere.DataAccess.KarateIsereContext|

2014-11-15 12:08:40.3082|TRACE|KarateIsere.DataAccess.KarateIsereContext|Closed connection at 15/11/2014 12:08:40 +01:00

2014-11-15 12:08:40.3082|TRACE|KarateIsere.DataAccess.KarateIsereContext|Opened connection at 15/11/2014 12:08:40 +01:00

2014-11-15 12:08:40.3253|TRACE|KarateIsere.DataAccess.KarateIsereContext|SELECT 
    [Extent1].[Competition] AS [Competition], 
    [Extent1].[DateCompetition] AS [DateCompetition], 
    [Extent1].[FinInscription] AS [FinInscription], 
    [Extent1].[Lieu] AS [Lieu], 
    [Extent1].[IsKata] AS [IsKata]
    FROM [dbo].[Competition] AS [Extent1]
2014-11-15 12:08:40.3253|TRACE|KarateIsere.DataAccess.KarateIsereContext|

2014-11-15 12:08:40.3253|TRACE|KarateIsere.DataAccess.KarateIsereContext|-- Executing at 15/11/2014 12:08:40 +01:00

2014-11-15 12:08:40.3608|TRACE|KarateIsere.DataAccess.KarateIsereContext|-- Completed in 24 ms with result: SqlDataReader

2014-11-15 12:08:40.3608|TRACE|KarateIsere.DataAccess.KarateIsereContext|

2014-11-15 12:08:40.3703|TRACE|KarateIsere.DataAccess.KarateIsereContext|Closed connection at 15/11/2014 12:08:40 +01:00

2014-11-15 12:09:07.2647|TRACE|KarateIsere.DataAccess.KarateIsereContext|Opened connection at 15/11/2014 12:09:07 +01:00

2014-11-15 12:09:07.5067|TRACE|KarateIsere.DataAccess.KarateIsereContext|SELECT 
    [Project2].[C1] AS [C1], 
    [Project2].[Competition] AS [Competition], 
    [Project2].[DateCompetition] AS [DateCompetition], 
    [Project2].[FinInscription] AS [FinInscription], 
    [Project2].[Lieu] AS [Lieu], 
    [Project2].[IsKata] AS [IsKata], 
    [Project2].[C2] AS [C2], 
    [Project2].[Categorie_Nom] AS [Categorie_Nom]
    FROM ( SELECT 
        [Limit1].[Competition] AS [Competition], 
        [Limit1].[DateCompetition] AS [DateCompetition], 
        [Limit1].[FinInscription] AS [FinInscription], 
        [Limit1].[Lieu] AS [Lieu], 
        [Limit1].[IsKata] AS [IsKata], 
        [Limit1].[C1] AS [C1], 
        [Extent2].[Categorie_Nom] AS [Categorie_Nom], 
        CASE WHEN ([Extent2].[Categorie_Nom] IS NULL) THEN CAST(NULL AS int) ELSE 1 END AS [C2]
        FROM   (SELECT TOP (2) 
            [Extent1].[Competition] AS [Competition], 
            [Extent1].[DateCompetition] AS [DateCompetition], 
            [Extent1].[FinInscription] AS [FinInscription], 
            [Extent1].[Lieu] AS [Lieu], 
            [Extent1].[IsKata] AS [IsKata], 
            1 AS [C1]
            FROM [dbo].[Competition] AS [Extent1]
            WHERE ((UPPER([Extent1].[Competition])) = @p__linq__0) OR ((UPPER([Extent1].[Competition]) IS NULL) AND (@p__linq__0 IS NULL)) ) AS [Limit1]
        LEFT OUTER JOIN [dbo].[CompetitionCategories] AS [Extent2] ON [Limit1].[Competition] = [Extent2].[Competition_Nom]
    )  AS [Project2]
    ORDER BY [Project2].[Competition] ASC, [Project2].[C2] ASC
2014-11-15 12:09:07.5067|TRACE|KarateIsere.DataAccess.KarateIsereContext|

2014-11-15 12:09:07.5157|TRACE|KarateIsere.DataAccess.KarateIsereContext|-- p__linq__0: 'titi ciopet' (Type = String, Size = 4000)

2014-11-15 12:09:07.5157|TRACE|KarateIsere.DataAccess.KarateIsereContext|-- Executing at 15/11/2014 12:09:07 +01:00

2014-11-15 12:09:07.5492|TRACE|KarateIsere.DataAccess.KarateIsereContext|-- Completed in 26 ms with result: SqlDataReader

2014-11-15 12:09:07.5492|TRACE|KarateIsere.DataAccess.KarateIsereContext|

2014-11-15 12:09:07.5492|TRACE|KarateIsere.DataAccess.KarateIsereContext|Closed connection at 15/11/2014 12:09:07 +01:00

2014-11-15 12:09:07.5627|TRACE|KarateIsere.DataAccess.KarateIsereContext|Opened connection at 15/11/2014 12:09:07 +01:00

2014-11-15 12:09:07.5627|TRACE|KarateIsere.DataAccess.KarateIsereContext|SELECT TOP (2) 
    [Extent1].[Nom] AS [Nom]
    FROM [dbo].[Categorie] AS [Extent1]
    WHERE [Extent1].[Nom] = @p__linq__0
2014-11-15 12:09:07.5767|TRACE|KarateIsere.DataAccess.KarateIsereContext|

2014-11-15 12:09:07.5767|TRACE|KarateIsere.DataAccess.KarateIsereContext|-- p__linq__0: 'Benjamin' (Type = AnsiString, Size = 8000)

2014-11-15 12:09:07.5767|TRACE|KarateIsere.DataAccess.KarateIsereContext|-- Executing at 15/11/2014 12:09:07 +01:00

2014-11-15 12:09:07.6147|TRACE|KarateIsere.DataAccess.KarateIsereContext|-- Completed in 26 ms with result: SqlDataReader

2014-11-15 12:09:07.6147|TRACE|KarateIsere.DataAccess.KarateIsereContext|

2014-11-15 12:09:07.6227|TRACE|KarateIsere.DataAccess.KarateIsereContext|Closed connection at 15/11/2014 12:09:07 +01:00

2014-11-15 12:09:07.6687|TRACE|KarateIsere.DataAccess.KarateIsereContext|Opened connection at 15/11/2014 12:09:07 +01:00

2014-11-15 12:09:07.6727|TRACE|KarateIsere.DataAccess.KarateIsereContext|SELECT TOP (2) 
    [Extent1].[Nom] AS [Nom]
    FROM [dbo].[Categorie] AS [Extent1]
    WHERE [Extent1].[Nom] = @p__linq__0
2014-11-15 12:09:07.6727|TRACE|KarateIsere.DataAccess.KarateIsereContext|

2014-11-15 12:09:07.6727|TRACE|KarateIsere.DataAccess.KarateIsereContext|-- p__linq__0: 'Sénior' (Type = AnsiString, Size = 8000)

2014-11-15 12:09:07.6847|TRACE|KarateIsere.DataAccess.KarateIsereContext|-- Executing at 15/11/2014 12:09:07 +01:00

2014-11-15 12:09:07.7147|TRACE|KarateIsere.DataAccess.KarateIsereContext|-- Completed in 26 ms with result: SqlDataReader

2014-11-15 12:09:07.7187|TRACE|KarateIsere.DataAccess.KarateIsereContext|

2014-11-15 12:09:07.7187|TRACE|KarateIsere.DataAccess.KarateIsereContext|Closed connection at 15/11/2014 12:09:07 +01:00

2014-11-15 12:09:07.7697|TRACE|KarateIsere.DataAccess.KarateIsereContext|Opened connection at 15/11/2014 12:09:07 +01:00

2014-11-15 12:09:07.7697|TRACE|KarateIsere.DataAccess.KarateIsereContext|Started transaction at 15/11/2014 12:09:07 +01:00

2014-11-15 12:09:07.8262|TRACE|KarateIsere.DataAccess.KarateIsereContext|INSERT [dbo].[Competition]([Competition], [DateCompetition], [FinInscription], [Lieu], [IsKata])
VALUES (@0, @1, @2, @3, @4)

2014-11-15 12:09:07.8262|TRACE|KarateIsere.DataAccess.KarateIsereContext|-- @0: 'titi ciopet' (Type = AnsiString, Size = 100)

2014-11-15 12:09:07.8262|TRACE|KarateIsere.DataAccess.KarateIsereContext|-- @1: '15/11/2014 00:00:00' (Type = DateTime2)

2014-11-15 12:09:07.8262|TRACE|KarateIsere.DataAccess.KarateIsereContext|-- @2: '13/11/2014 00:00:00' (Type = DateTime2)

2014-11-15 12:09:07.8422|TRACE|KarateIsere.DataAccess.KarateIsereContext|-- @3: 'maison' (Type = AnsiString, Size = 100)

2014-11-15 12:09:07.8422|TRACE|KarateIsere.DataAccess.KarateIsereContext|-- @4: 'False' (Type = Boolean)

2014-11-15 12:09:07.8422|TRACE|KarateIsere.DataAccess.KarateIsereContext|-- Executing at 15/11/2014 12:09:07 +01:00

2014-11-15 12:09:07.8773|TRACE|KarateIsere.DataAccess.KarateIsereContext|-- Completed in 24 ms with result: 1

2014-11-15 12:09:07.8773|TRACE|KarateIsere.DataAccess.KarateIsereContext|

2014-11-15 12:09:07.8773|TRACE|KarateIsere.DataAccess.KarateIsereContext|INSERT [dbo].[CompetitionCategories]([Categorie_Nom], [Competition_Nom])
VALUES (@0, @1)

2014-11-15 12:09:07.8888|TRACE|KarateIsere.DataAccess.KarateIsereContext|-- @0: 'Benjamin' (Type = AnsiString, Size = 50)

2014-11-15 12:09:07.8888|TRACE|KarateIsere.DataAccess.KarateIsereContext|-- @1: 'titi ciopet' (Type = AnsiString, Size = 100)

2014-11-15 12:09:07.8888|TRACE|KarateIsere.DataAccess.KarateIsereContext|-- Executing at 15/11/2014 12:09:07 +01:00

2014-11-15 12:09:07.9248|TRACE|KarateIsere.DataAccess.KarateIsereContext|-- Completed in 24 ms with result: 1

2014-11-15 12:09:07.9248|TRACE|KarateIsere.DataAccess.KarateIsereContext|

2014-11-15 12:09:07.9248|TRACE|KarateIsere.DataAccess.KarateIsereContext|INSERT [dbo].[CompetitionCategories]([Categorie_Nom], [Competition_Nom])
VALUES (@0, @1)

2014-11-15 12:09:07.9363|TRACE|KarateIsere.DataAccess.KarateIsereContext|-- @0: 'Sénior' (Type = AnsiString, Size = 50)

2014-11-15 12:09:07.9363|TRACE|KarateIsere.DataAccess.KarateIsereContext|-- @1: 'titi ciopet' (Type = AnsiString, Size = 100)

2014-11-15 12:09:07.9363|TRACE|KarateIsere.DataAccess.KarateIsereContext|-- Executing at 15/11/2014 12:09:07 +01:00

2014-11-15 12:09:07.9713|TRACE|KarateIsere.DataAccess.KarateIsereContext|-- Completed in 22 ms with result: 1

2014-11-15 12:09:07.9713|TRACE|KarateIsere.DataAccess.KarateIsereContext|

2014-11-15 12:09:07.9713|TRACE|KarateIsere.DataAccess.KarateIsereContext|Committed transaction at 15/11/2014 12:09:07 +01:00

2014-11-15 12:09:07.9833|TRACE|KarateIsere.DataAccess.KarateIsereContext|Closed connection at 15/11/2014 12:09:07 +01:00

2014-11-15 12:09:07.9968|TRACE|KarateIsere.DataAccess.KarateIsereContext|Opened connection at 15/11/2014 12:09:07 +01:00

2014-11-15 12:09:07.9968|TRACE|KarateIsere.DataAccess.KarateIsereContext|SELECT 
    [Extent1].[Nom] AS [Nom]
    FROM [dbo].[Categorie] AS [Extent1]
2014-11-15 12:09:07.9968|TRACE|KarateIsere.DataAccess.KarateIsereContext|

2014-11-15 12:09:07.9968|TRACE|KarateIsere.DataAccess.KarateIsereContext|-- Executing at 15/11/2014 12:09:08 +01:00

2014-11-15 12:09:08.0348|TRACE|KarateIsere.DataAccess.KarateIsereContext|-- Completed in 22 ms with result: SqlDataReader

2014-11-15 12:09:08.0348|TRACE|KarateIsere.DataAccess.KarateIsereContext|

2014-11-15 12:09:08.0468|TRACE|KarateIsere.DataAccess.KarateIsereContext|Closed connection at 15/11/2014 12:09:08 +01:00

2014-11-15 12:09:08.0468|TRACE|KarateIsere.DataAccess.KarateIsereContext|Opened connection at 15/11/2014 12:09:08 +01:00

2014-11-15 12:09:08.0468|TRACE|KarateIsere.DataAccess.KarateIsereContext|SELECT 
    [Extent1].[Competition] AS [Competition], 
    [Extent1].[DateCompetition] AS [DateCompetition], 
    [Extent1].[FinInscription] AS [FinInscription], 
    [Extent1].[Lieu] AS [Lieu], 
    [Extent1].[IsKata] AS [IsKata]
    FROM [dbo].[Competition] AS [Extent1]
2014-11-15 12:09:08.0603|TRACE|KarateIsere.DataAccess.KarateIsereContext|

2014-11-15 12:09:08.0603|TRACE|KarateIsere.DataAccess.KarateIsereContext|-- Executing at 15/11/2014 12:09:08 +01:00

2014-11-15 12:09:08.0918|TRACE|KarateIsere.DataAccess.KarateIsereContext|-- Completed in 23 ms with result: SqlDataReader

2014-11-15 12:09:08.0918|TRACE|KarateIsere.DataAccess.KarateIsereContext|

2014-11-15 12:09:08.0918|TRACE|KarateIsere.DataAccess.KarateIsereContext|Closed connection at 15/11/2014 12:09:08 +01:00

2014-11-15 12:09:11.7312|TRACE|KarateIsere.DataAccess.KarateIsereContext|Opened connection at 15/11/2014 12:09:11 +01:00

2014-11-15 12:09:11.7312|TRACE|KarateIsere.DataAccess.KarateIsereContext|SELECT 
    [Project2].[C1] AS [C1], 
    [Project2].[Competition] AS [Competition], 
    [Project2].[DateCompetition] AS [DateCompetition], 
    [Project2].[FinInscription] AS [FinInscription], 
    [Project2].[Lieu] AS [Lieu], 
    [Project2].[IsKata] AS [IsKata], 
    [Project2].[C2] AS [C2], 
    [Project2].[Categorie_Nom] AS [Categorie_Nom]
    FROM ( SELECT 
        [Limit1].[Competition] AS [Competition], 
        [Limit1].[DateCompetition] AS [DateCompetition], 
        [Limit1].[FinInscription] AS [FinInscription], 
        [Limit1].[Lieu] AS [Lieu], 
        [Limit1].[IsKata] AS [IsKata], 
        [Limit1].[C1] AS [C1], 
        [Extent2].[Categorie_Nom] AS [Categorie_Nom], 
        CASE WHEN ([Extent2].[Categorie_Nom] IS NULL) THEN CAST(NULL AS int) ELSE 1 END AS [C2]
        FROM   (SELECT TOP (2) 
            [Extent1].[Competition] AS [Competition], 
            [Extent1].[DateCompetition] AS [DateCompetition], 
            [Extent1].[FinInscription] AS [FinInscription], 
            [Extent1].[Lieu] AS [Lieu], 
            [Extent1].[IsKata] AS [IsKata], 
            1 AS [C1]
            FROM [dbo].[Competition] AS [Extent1]
            WHERE ((UPPER([Extent1].[Competition])) = @p__linq__0) OR ((UPPER([Extent1].[Competition]) IS NULL) AND (@p__linq__0 IS NULL)) ) AS [Limit1]
        LEFT OUTER JOIN [dbo].[CompetitionCategories] AS [Extent2] ON [Limit1].[Competition] = [Extent2].[Competition_Nom]
    )  AS [Project2]
    ORDER BY [Project2].[Competition] ASC, [Project2].[C2] ASC
2014-11-15 12:09:11.7312|TRACE|KarateIsere.DataAccess.KarateIsereContext|

2014-11-15 12:09:11.7442|TRACE|KarateIsere.DataAccess.KarateIsereContext|-- p__linq__0: 'titi ciopet' (Type = String, Size = 4000)

2014-11-15 12:09:11.7442|TRACE|KarateIsere.DataAccess.KarateIsereContext|-- Executing at 15/11/2014 12:09:11 +01:00

2014-11-15 12:09:11.7802|TRACE|KarateIsere.DataAccess.KarateIsereContext|-- Completed in 28 ms with result: SqlDataReader

2014-11-15 12:09:11.7802|TRACE|KarateIsere.DataAccess.KarateIsereContext|

2014-11-15 12:09:11.7877|TRACE|KarateIsere.DataAccess.KarateIsereContext|Closed connection at 15/11/2014 12:09:11 +01:00

2014-11-15 12:09:11.7877|TRACE|KarateIsere.DataAccess.KarateIsereContext|Opened connection at 15/11/2014 12:09:11 +01:00

2014-11-15 12:09:11.8032|TRACE|KarateIsere.DataAccess.KarateIsereContext|SELECT 
    [Extent1].[Nom] AS [Nom]
    FROM [dbo].[Categorie] AS [Extent1]
2014-11-15 12:09:11.8032|TRACE|KarateIsere.DataAccess.KarateIsereContext|

2014-11-15 12:09:11.8032|TRACE|KarateIsere.DataAccess.KarateIsereContext|-- Executing at 15/11/2014 12:09:11 +01:00

2014-11-15 12:09:11.8378|TRACE|KarateIsere.DataAccess.KarateIsereContext|-- Completed in 22 ms with result: SqlDataReader

2014-11-15 12:09:11.8378|TRACE|KarateIsere.DataAccess.KarateIsereContext|

2014-11-15 12:09:11.8503|TRACE|KarateIsere.DataAccess.KarateIsereContext|Closed connection at 15/11/2014 12:09:11 +01:00

2014-11-15 12:09:17.4815|TRACE|KarateIsere.DataAccess.KarateIsereContext|Opened connection at 15/11/2014 12:09:17 +01:00

2014-11-15 12:09:17.4855|TRACE|KarateIsere.DataAccess.KarateIsereContext|SELECT 
    [Project2].[C1] AS [C1], 
    [Project2].[Competition] AS [Competition], 
    [Project2].[DateCompetition] AS [DateCompetition], 
    [Project2].[FinInscription] AS [FinInscription], 
    [Project2].[Lieu] AS [Lieu], 
    [Project2].[IsKata] AS [IsKata], 
    [Project2].[C2] AS [C2], 
    [Project2].[Categorie_Nom] AS [Categorie_Nom]
    FROM ( SELECT 
        [Limit1].[Competition] AS [Competition], 
        [Limit1].[DateCompetition] AS [DateCompetition], 
        [Limit1].[FinInscription] AS [FinInscription], 
        [Limit1].[Lieu] AS [Lieu], 
        [Limit1].[IsKata] AS [IsKata], 
        [Limit1].[C1] AS [C1], 
        [Extent2].[Categorie_Nom] AS [Categorie_Nom], 
        CASE WHEN ([Extent2].[Categorie_Nom] IS NULL) THEN CAST(NULL AS int) ELSE 1 END AS [C2]
        FROM   (SELECT TOP (2) 
            [Extent1].[Competition] AS [Competition], 
            [Extent1].[DateCompetition] AS [DateCompetition], 
            [Extent1].[FinInscription] AS [FinInscription], 
            [Extent1].[Lieu] AS [Lieu], 
            [Extent1].[IsKata] AS [IsKata], 
            1 AS [C1]
            FROM [dbo].[Competition] AS [Extent1]
            WHERE [Extent1].[Competition] = @p__linq__0 ) AS [Limit1]
        LEFT OUTER JOIN [dbo].[CompetitionCategories] AS [Extent2] ON [Limit1].[Competition] = [Extent2].[Competition_Nom]
    )  AS [Project2]
    ORDER BY [Project2].[Competition] ASC, [Project2].[C2] ASC
2014-11-15 12:09:17.4985|TRACE|KarateIsere.DataAccess.KarateIsereContext|

2014-11-15 12:09:17.4985|TRACE|KarateIsere.DataAccess.KarateIsereContext|-- p__linq__0: 'titi ciopet' (Type = AnsiString, Size = 8000)

2014-11-15 12:09:17.4985|TRACE|KarateIsere.DataAccess.KarateIsereContext|-- Executing at 15/11/2014 12:09:17 +01:00

2014-11-15 12:09:17.5410|TRACE|KarateIsere.DataAccess.KarateIsereContext|-- Completed in 30 ms with result: SqlDataReader

2014-11-15 12:09:17.5450|TRACE|KarateIsere.DataAccess.KarateIsereContext|

2014-11-15 12:09:17.5450|TRACE|KarateIsere.DataAccess.KarateIsereContext|Closed connection at 15/11/2014 12:09:17 +01:00

2014-11-15 12:09:17.5900|TRACE|KarateIsere.DataAccess.KarateIsereContext|Opened connection at 15/11/2014 12:09:17 +01:00

2014-11-15 12:09:17.5945|TRACE|KarateIsere.DataAccess.KarateIsereContext|SELECT TOP (2) 
    [Extent1].[Nom] AS [Nom]
    FROM [dbo].[Categorie] AS [Extent1]
    WHERE [Extent1].[Nom] = @p0
2014-11-15 12:09:17.5945|TRACE|KarateIsere.DataAccess.KarateIsereContext|

2014-11-15 12:09:17.5945|TRACE|KarateIsere.DataAccess.KarateIsereContext|-- p0: 'Pupille' (Type = AnsiString, Size = 8000)

2014-11-15 12:09:17.6075|TRACE|KarateIsere.DataAccess.KarateIsereContext|-- Executing at 15/11/2014 12:09:17 +01:00

2014-11-15 12:09:17.6375|TRACE|KarateIsere.DataAccess.KarateIsereContext|-- Completed in 25 ms with result: SqlDataReader

2014-11-15 12:09:17.6375|TRACE|KarateIsere.DataAccess.KarateIsereContext|

2014-11-15 12:09:17.6375|TRACE|KarateIsere.DataAccess.KarateIsereContext|Closed connection at 15/11/2014 12:09:17 +01:00

2014-11-15 12:09:17.6375|TRACE|KarateIsere.DataAccess.KarateIsereContext|Opened connection at 15/11/2014 12:09:17 +01:00

2014-11-15 12:09:17.6545|TRACE|KarateIsere.DataAccess.KarateIsereContext|Started transaction at 15/11/2014 12:09:17 +01:00

2014-11-15 12:09:17.6545|TRACE|KarateIsere.DataAccess.KarateIsereContext|UPDATE [dbo].[Competition]
SET [IsKata] = @0
WHERE ([Competition] = @1)

2014-11-15 12:09:17.6545|TRACE|KarateIsere.DataAccess.KarateIsereContext|-- @0: 'True' (Type = Boolean)

2014-11-15 12:09:17.6715|TRACE|KarateIsere.DataAccess.KarateIsereContext|-- @1: 'titi ciopet' (Type = AnsiString, Size = 100)

2014-11-15 12:09:17.6715|TRACE|KarateIsere.DataAccess.KarateIsereContext|-- Executing at 15/11/2014 12:09:17 +01:00

2014-11-15 12:09:17.7030|TRACE|KarateIsere.DataAccess.KarateIsereContext|-- Completed in 24 ms with result: 1

2014-11-15 12:09:17.7030|TRACE|KarateIsere.DataAccess.KarateIsereContext|

2014-11-15 12:09:17.7030|TRACE|KarateIsere.DataAccess.KarateIsereContext|INSERT [dbo].[CompetitionCategories]([Categorie_Nom], [Competition_Nom])
VALUES (@0, @1)

2014-11-15 12:09:17.7030|TRACE|KarateIsere.DataAccess.KarateIsereContext|-- @0: 'Pupille' (Type = AnsiString, Size = 50)

2014-11-15 12:09:17.7185|TRACE|KarateIsere.DataAccess.KarateIsereContext|-- @1: 'titi ciopet' (Type = AnsiString, Size = 100)

2014-11-15 12:09:17.7185|TRACE|KarateIsere.DataAccess.KarateIsereContext|-- Executing at 15/11/2014 12:09:17 +01:00

2014-11-15 12:09:17.7510|TRACE|KarateIsere.DataAccess.KarateIsereContext|-- Completed in 25 ms with result: 1

2014-11-15 12:09:17.7510|TRACE|KarateIsere.DataAccess.KarateIsereContext|

2014-11-15 12:09:17.7510|TRACE|KarateIsere.DataAccess.KarateIsereContext|Committed transaction at 15/11/2014 12:09:17 +01:00

2014-11-15 12:09:17.7630|TRACE|KarateIsere.DataAccess.KarateIsereContext|Closed connection at 15/11/2014 12:09:17 +01:00

2014-11-15 12:09:17.7630|TRACE|KarateIsere.DataAccess.KarateIsereContext|Opened connection at 15/11/2014 12:09:17 +01:00

2014-11-15 12:09:17.7630|TRACE|KarateIsere.DataAccess.KarateIsereContext|SELECT 
    [Extent1].[Nom] AS [Nom]
    FROM [dbo].[Categorie] AS [Extent1]
2014-11-15 12:09:17.7630|TRACE|KarateIsere.DataAccess.KarateIsereContext|

2014-11-15 12:09:17.7795|TRACE|KarateIsere.DataAccess.KarateIsereContext|-- Executing at 15/11/2014 12:09:17 +01:00

2014-11-15 12:09:17.8070|TRACE|KarateIsere.DataAccess.KarateIsereContext|-- Completed in 23 ms with result: SqlDataReader

2014-11-15 12:09:18.2436|TRACE|KarateIsere.DataAccess.KarateIsereContext|

2014-11-15 12:09:18.2471|TRACE|KarateIsere.DataAccess.KarateIsereContext|Closed connection at 15/11/2014 12:09:18 +01:00

2014-11-15 12:09:18.2471|TRACE|KarateIsere.DataAccess.KarateIsereContext|Opened connection at 15/11/2014 12:09:18 +01:00

2014-11-15 12:09:18.2471|TRACE|KarateIsere.DataAccess.KarateIsereContext|SELECT 
    [Extent1].[Competition] AS [Competition], 
    [Extent1].[DateCompetition] AS [DateCompetition], 
    [Extent1].[FinInscription] AS [FinInscription], 
    [Extent1].[Lieu] AS [Lieu], 
    [Extent1].[IsKata] AS [IsKata]
    FROM [dbo].[Competition] AS [Extent1]
2014-11-15 12:09:18.2641|TRACE|KarateIsere.DataAccess.KarateIsereContext|

2014-11-15 12:09:18.2641|TRACE|KarateIsere.DataAccess.KarateIsereContext|-- Executing at 15/11/2014 12:09:18 +01:00

2014-11-15 12:09:18.2946|TRACE|KarateIsere.DataAccess.KarateIsereContext|-- Completed in 23 ms with result: SqlDataReader

2014-11-15 12:09:18.2946|TRACE|KarateIsere.DataAccess.KarateIsereContext|

2014-11-15 12:09:18.2946|TRACE|KarateIsere.DataAccess.KarateIsereContext|Closed connection at 15/11/2014 12:09:18 +01:00

2014-11-15 12:09:23.0782|TRACE|KarateIsere.DataAccess.KarateIsereContext|Opened connection at 15/11/2014 12:09:23 +01:00

2014-11-15 12:09:23.0822|TRACE|KarateIsere.DataAccess.KarateIsereContext|SELECT 
    [Project2].[C1] AS [C1], 
    [Project2].[Competition] AS [Competition], 
    [Project2].[DateCompetition] AS [DateCompetition], 
    [Project2].[FinInscription] AS [FinInscription], 
    [Project2].[Lieu] AS [Lieu], 
    [Project2].[IsKata] AS [IsKata], 
    [Project2].[C2] AS [C2], 
    [Project2].[Categorie_Nom] AS [Categorie_Nom]
    FROM ( SELECT 
        [Limit1].[Competition] AS [Competition], 
        [Limit1].[DateCompetition] AS [DateCompetition], 
        [Limit1].[FinInscription] AS [FinInscription], 
        [Limit1].[Lieu] AS [Lieu], 
        [Limit1].[IsKata] AS [IsKata], 
        [Limit1].[C1] AS [C1], 
        [Extent2].[Categorie_Nom] AS [Categorie_Nom], 
        CASE WHEN ([Extent2].[Categorie_Nom] IS NULL) THEN CAST(NULL AS int) ELSE 1 END AS [C2]
        FROM   (SELECT TOP (2) 
            [Extent1].[Competition] AS [Competition], 
            [Extent1].[DateCompetition] AS [DateCompetition], 
            [Extent1].[FinInscription] AS [FinInscription], 
            [Extent1].[Lieu] AS [Lieu], 
            [Extent1].[IsKata] AS [IsKata], 
            1 AS [C1]
            FROM [dbo].[Competition] AS [Extent1]
            WHERE ((UPPER([Extent1].[Competition])) = @p__linq__0) OR ((UPPER([Extent1].[Competition]) IS NULL) AND (@p__linq__0 IS NULL)) ) AS [Limit1]
        LEFT OUTER JOIN [dbo].[CompetitionCategories] AS [Extent2] ON [Limit1].[Competition] = [Extent2].[Competition_Nom]
    )  AS [Project2]
    ORDER BY [Project2].[Competition] ASC, [Project2].[C2] ASC
2014-11-15 12:09:23.0822|TRACE|KarateIsere.DataAccess.KarateIsereContext|

2014-11-15 12:09:23.0822|TRACE|KarateIsere.DataAccess.KarateIsereContext|-- p__linq__0: 'titi ciopet' (Type = String, Size = 4000)

2014-11-15 12:09:23.0822|TRACE|KarateIsere.DataAccess.KarateIsereContext|-- Executing at 15/11/2014 12:09:23 +01:00

2014-11-15 12:09:23.1227|TRACE|KarateIsere.DataAccess.KarateIsereContext|-- Completed in 24 ms with result: SqlDataReader

2014-11-15 12:09:23.1227|TRACE|KarateIsere.DataAccess.KarateIsereContext|

2014-11-15 12:09:23.1307|TRACE|KarateIsere.DataAccess.KarateIsereContext|Closed connection at 15/11/2014 12:09:23 +01:00

2014-11-15 12:09:23.1307|TRACE|KarateIsere.DataAccess.KarateIsereContext|Opened connection at 15/11/2014 12:09:23 +01:00

2014-11-15 12:09:23.1307|TRACE|KarateIsere.DataAccess.KarateIsereContext|SELECT 
    [Extent1].[Nom] AS [Nom]
    FROM [dbo].[Categorie] AS [Extent1]
2014-11-15 12:09:23.1472|TRACE|KarateIsere.DataAccess.KarateIsereContext|

2014-11-15 12:09:23.1472|TRACE|KarateIsere.DataAccess.KarateIsereContext|-- Executing at 15/11/2014 12:09:23 +01:00

2014-11-15 12:09:23.1787|TRACE|KarateIsere.DataAccess.KarateIsereContext|-- Completed in 24 ms with result: SqlDataReader

2014-11-15 12:09:23.1787|TRACE|KarateIsere.DataAccess.KarateIsereContext|

2014-11-15 12:09:23.1787|TRACE|KarateIsere.DataAccess.KarateIsereContext|Closed connection at 15/11/2014 12:09:23 +01:00

2014-11-15 12:09:26.8992|TRACE|KarateIsere.DataAccess.KarateIsereContext|Opened connection at 15/11/2014 12:09:26 +01:00

2014-11-15 12:09:26.9042|TRACE|KarateIsere.DataAccess.KarateIsereContext|SELECT 
    [Project2].[C1] AS [C1], 
    [Project2].[Competition] AS [Competition], 
    [Project2].[DateCompetition] AS [DateCompetition], 
    [Project2].[FinInscription] AS [FinInscription], 
    [Project2].[Lieu] AS [Lieu], 
    [Project2].[IsKata] AS [IsKata], 
    [Project2].[C2] AS [C2], 
    [Project2].[Categorie_Nom] AS [Categorie_Nom]
    FROM ( SELECT 
        [Limit1].[Competition] AS [Competition], 
        [Limit1].[DateCompetition] AS [DateCompetition], 
        [Limit1].[FinInscription] AS [FinInscription], 
        [Limit1].[Lieu] AS [Lieu], 
        [Limit1].[IsKata] AS [IsKata], 
        [Limit1].[C1] AS [C1], 
        [Extent2].[Categorie_Nom] AS [Categorie_Nom], 
        CASE WHEN ([Extent2].[Categorie_Nom] IS NULL) THEN CAST(NULL AS int) ELSE 1 END AS [C2]
        FROM   (SELECT TOP (2) 
            [Extent1].[Competition] AS [Competition], 
            [Extent1].[DateCompetition] AS [DateCompetition], 
            [Extent1].[FinInscription] AS [FinInscription], 
            [Extent1].[Lieu] AS [Lieu], 
            [Extent1].[IsKata] AS [IsKata], 
            1 AS [C1]
            FROM [dbo].[Competition] AS [Extent1]
            WHERE [Extent1].[Competition] = @p__linq__0 ) AS [Limit1]
        LEFT OUTER JOIN [dbo].[CompetitionCategories] AS [Extent2] ON [Limit1].[Competition] = [Extent2].[Competition_Nom]
    )  AS [Project2]
    ORDER BY [Project2].[Competition] ASC, [Project2].[C2] ASC
2014-11-15 12:09:26.9042|TRACE|KarateIsere.DataAccess.KarateIsereContext|

2014-11-15 12:09:26.9042|TRACE|KarateIsere.DataAccess.KarateIsereContext|-- p__linq__0: 'titi ciopet' (Type = AnsiString, Size = 8000)

2014-11-15 12:09:26.9042|TRACE|KarateIsere.DataAccess.KarateIsereContext|-- Executing at 15/11/2014 12:09:26 +01:00

2014-11-15 12:09:26.9462|TRACE|KarateIsere.DataAccess.KarateIsereContext|-- Completed in 27 ms with result: SqlDataReader

2014-11-15 12:09:26.9462|TRACE|KarateIsere.DataAccess.KarateIsereContext|

2014-11-15 12:09:26.9542|TRACE|KarateIsere.DataAccess.KarateIsereContext|Closed connection at 15/11/2014 12:09:26 +01:00

2014-11-15 12:09:26.9542|TRACE|KarateIsere.DataAccess.KarateIsereContext|Opened connection at 15/11/2014 12:09:26 +01:00

2014-11-15 12:09:26.9667|TRACE|KarateIsere.DataAccess.KarateIsereContext|Started transaction at 15/11/2014 12:09:26 +01:00

2014-11-15 12:09:26.9667|TRACE|KarateIsere.DataAccess.KarateIsereContext|UPDATE [dbo].[Competition]
SET [IsKata] = @0
WHERE ([Competition] = @1)

2014-11-15 12:09:26.9667|TRACE|KarateIsere.DataAccess.KarateIsereContext|-- @0: 'False' (Type = Boolean)

2014-11-15 12:09:26.9667|TRACE|KarateIsere.DataAccess.KarateIsereContext|-- @1: 'titi ciopet' (Type = AnsiString, Size = 100)

2014-11-15 12:09:26.9827|TRACE|KarateIsere.DataAccess.KarateIsereContext|-- Executing at 15/11/2014 12:09:26 +01:00

2014-11-15 12:09:27.0092|TRACE|KarateIsere.DataAccess.KarateIsereContext|-- Completed in 22 ms with result: 1

2014-11-15 12:09:27.0132|TRACE|KarateIsere.DataAccess.KarateIsereContext|

2014-11-15 12:09:27.0132|TRACE|KarateIsere.DataAccess.KarateIsereContext|Committed transaction at 15/11/2014 12:09:27 +01:00

2014-11-15 12:09:27.0132|TRACE|KarateIsere.DataAccess.KarateIsereContext|Closed connection at 15/11/2014 12:09:27 +01:00

2014-11-15 12:09:27.0132|TRACE|KarateIsere.DataAccess.KarateIsereContext|Opened connection at 15/11/2014 12:09:27 +01:00

2014-11-15 12:09:27.0307|TRACE|KarateIsere.DataAccess.KarateIsereContext|SELECT 
    [Extent1].[Nom] AS [Nom]
    FROM [dbo].[Categorie] AS [Extent1]
2014-11-15 12:09:27.0307|TRACE|KarateIsere.DataAccess.KarateIsereContext|

2014-11-15 12:09:27.0307|TRACE|KarateIsere.DataAccess.KarateIsereContext|-- Executing at 15/11/2014 12:09:27 +01:00

2014-11-15 12:09:27.0657|TRACE|KarateIsere.DataAccess.KarateIsereContext|-- Completed in 23 ms with result: SqlDataReader

2014-11-15 12:09:27.0657|TRACE|KarateIsere.DataAccess.KarateIsereContext|

2014-11-15 12:09:27.0777|TRACE|KarateIsere.DataAccess.KarateIsereContext|Closed connection at 15/11/2014 12:09:27 +01:00

2014-11-15 12:09:27.0777|TRACE|KarateIsere.DataAccess.KarateIsereContext|Opened connection at 15/11/2014 12:09:27 +01:00

2014-11-15 12:09:27.0777|TRACE|KarateIsere.DataAccess.KarateIsereContext|SELECT 
    [Extent1].[Competition] AS [Competition], 
    [Extent1].[DateCompetition] AS [DateCompetition], 
    [Extent1].[FinInscription] AS [FinInscription], 
    [Extent1].[Lieu] AS [Lieu], 
    [Extent1].[IsKata] AS [IsKata]
    FROM [dbo].[Competition] AS [Extent1]
2014-11-15 12:09:27.0777|TRACE|KarateIsere.DataAccess.KarateIsereContext|

2014-11-15 12:09:27.0947|TRACE|KarateIsere.DataAccess.KarateIsereContext|-- Executing at 15/11/2014 12:09:27 +01:00

2014-11-15 12:09:27.1212|TRACE|KarateIsere.DataAccess.KarateIsereContext|-- Completed in 23 ms with result: SqlDataReader

2014-11-15 12:09:27.1252|TRACE|KarateIsere.DataAccess.KarateIsereContext|

2014-11-15 12:09:27.1252|TRACE|KarateIsere.DataAccess.KarateIsereContext|Closed connection at 15/11/2014 12:09:27 +01:00

2014-11-15 12:09:32.7294|TRACE|KarateIsere.DataAccess.KarateIsereContext|Opened connection at 15/11/2014 12:09:32 +01:00

2014-11-15 12:09:32.7294|TRACE|KarateIsere.DataAccess.KarateIsereContext|SELECT 
    [Project2].[C1] AS [C1], 
    [Project2].[Competition] AS [Competition], 
    [Project2].[DateCompetition] AS [DateCompetition], 
    [Project2].[FinInscription] AS [FinInscription], 
    [Project2].[Lieu] AS [Lieu], 
    [Project2].[IsKata] AS [IsKata], 
    [Project2].[C2] AS [C2], 
    [Project2].[Categorie_Nom] AS [Categorie_Nom]
    FROM ( SELECT 
        [Limit1].[Competition] AS [Competition], 
        [Limit1].[DateCompetition] AS [DateCompetition], 
        [Limit1].[FinInscription] AS [FinInscription], 
        [Limit1].[Lieu] AS [Lieu], 
        [Limit1].[IsKata] AS [IsKata], 
        [Limit1].[C1] AS [C1], 
        [Extent2].[Categorie_Nom] AS [Categorie_Nom], 
        CASE WHEN ([Extent2].[Categorie_Nom] IS NULL) THEN CAST(NULL AS int) ELSE 1 END AS [C2]
        FROM   (SELECT TOP (2) 
            [Extent1].[Competition] AS [Competition], 
            [Extent1].[DateCompetition] AS [DateCompetition], 
            [Extent1].[FinInscription] AS [FinInscription], 
            [Extent1].[Lieu] AS [Lieu], 
            [Extent1].[IsKata] AS [IsKata], 
            1 AS [C1]
            FROM [dbo].[Competition] AS [Extent1]
            WHERE ((UPPER([Extent1].[Competition])) = @p__linq__0) OR ((UPPER([Extent1].[Competition]) IS NULL) AND (@p__linq__0 IS NULL)) ) AS [Limit1]
        LEFT OUTER JOIN [dbo].[CompetitionCategories] AS [Extent2] ON [Limit1].[Competition] = [Extent2].[Competition_Nom]
    )  AS [Project2]
    ORDER BY [Project2].[Competition] ASC, [Project2].[C2] ASC
2014-11-15 12:09:32.7294|TRACE|KarateIsere.DataAccess.KarateIsereContext|

2014-11-15 12:09:32.7409|TRACE|KarateIsere.DataAccess.KarateIsereContext|-- p__linq__0: 'titi ciopet' (Type = String, Size = 4000)

2014-11-15 12:09:32.7409|TRACE|KarateIsere.DataAccess.KarateIsereContext|-- Executing at 15/11/2014 12:09:32 +01:00

2014-11-15 12:09:32.7729|TRACE|KarateIsere.DataAccess.KarateIsereContext|-- Completed in 24 ms with result: SqlDataReader

2014-11-15 12:09:32.7729|TRACE|KarateIsere.DataAccess.KarateIsereContext|

2014-11-15 12:09:32.7729|TRACE|KarateIsere.DataAccess.KarateIsereContext|Closed connection at 15/11/2014 12:09:32 +01:00

2014-11-15 12:09:32.7874|TRACE|KarateIsere.DataAccess.KarateIsereContext|Opened connection at 15/11/2014 12:09:32 +01:00

2014-11-15 12:09:32.7874|TRACE|KarateIsere.DataAccess.KarateIsereContext|SELECT TOP (2) 
    [Extent1].[Competition] AS [Competition], 
    [Extent1].[DateCompetition] AS [DateCompetition], 
    [Extent1].[FinInscription] AS [FinInscription], 
    [Extent1].[Lieu] AS [Lieu], 
    [Extent1].[IsKata] AS [IsKata]
    FROM [dbo].[Competition] AS [Extent1]
    WHERE [Extent1].[Competition] = @p0
2014-11-15 12:09:32.7874|TRACE|KarateIsere.DataAccess.KarateIsereContext|

2014-11-15 12:09:32.7874|TRACE|KarateIsere.DataAccess.KarateIsereContext|-- p0: 'titi ciopet' (Type = AnsiString, Size = 8000)

2014-11-15 12:09:32.8034|TRACE|KarateIsere.DataAccess.KarateIsereContext|-- Executing at 15/11/2014 12:09:32 +01:00

2014-11-15 12:09:32.8329|TRACE|KarateIsere.DataAccess.KarateIsereContext|-- Completed in 25 ms with result: SqlDataReader

2014-11-15 12:09:32.8329|TRACE|KarateIsere.DataAccess.KarateIsereContext|

2014-11-15 12:09:32.8329|TRACE|KarateIsere.DataAccess.KarateIsereContext|Closed connection at 15/11/2014 12:09:32 +01:00

2014-11-15 12:09:32.8329|TRACE|KarateIsere.DataAccess.KarateIsereContext|Opened connection at 15/11/2014 12:09:32 +01:00

2014-11-15 12:09:32.8499|TRACE|KarateIsere.DataAccess.KarateIsereContext|Started transaction at 15/11/2014 12:09:32 +01:00

2014-11-15 12:09:32.8499|TRACE|KarateIsere.DataAccess.KarateIsereContext|DELETE [dbo].[Competition]
WHERE ([Competition] = @0)
2014-11-15 12:09:32.8499|TRACE|KarateIsere.DataAccess.KarateIsereContext|

2014-11-15 12:09:32.8499|TRACE|KarateIsere.DataAccess.KarateIsereContext|-- @0: 'titi ciopet' (Type = AnsiString, Size = 100)

2014-11-15 12:09:32.8659|TRACE|KarateIsere.DataAccess.KarateIsereContext|-- Executing at 15/11/2014 12:09:32 +01:00

2014-11-15 12:09:32.8949|TRACE|KarateIsere.DataAccess.KarateIsereContext|-- Completed in 25 ms with result: 1

2014-11-15 12:09:32.8949|TRACE|KarateIsere.DataAccess.KarateIsereContext|

2014-11-15 12:09:32.8949|TRACE|KarateIsere.DataAccess.KarateIsereContext|Committed transaction at 15/11/2014 12:09:32 +01:00

2014-11-15 12:09:32.8949|TRACE|KarateIsere.DataAccess.KarateIsereContext|Closed connection at 15/11/2014 12:09:32 +01:00

2014-11-15 12:09:32.9109|TRACE|KarateIsere.DataAccess.KarateIsereContext|Opened connection at 15/11/2014 12:09:32 +01:00

2014-11-15 12:09:32.9109|TRACE|KarateIsere.DataAccess.KarateIsereContext|SELECT 
    [Extent1].[Nom] AS [Nom]
    FROM [dbo].[Categorie] AS [Extent1]
2014-11-15 12:09:32.9109|TRACE|KarateIsere.DataAccess.KarateIsereContext|

2014-11-15 12:09:32.9109|TRACE|KarateIsere.DataAccess.KarateIsereContext|-- Executing at 15/11/2014 12:09:32 +01:00

2014-11-15 12:09:32.9514|TRACE|KarateIsere.DataAccess.KarateIsereContext|-- Completed in 23 ms with result: SqlDataReader

2014-11-15 12:09:32.9514|TRACE|KarateIsere.DataAccess.KarateIsereContext|

2014-11-15 12:09:32.9594|TRACE|KarateIsere.DataAccess.KarateIsereContext|Closed connection at 15/11/2014 12:09:32 +01:00

2014-11-15 12:09:32.9594|TRACE|KarateIsere.DataAccess.KarateIsereContext|Opened connection at 15/11/2014 12:09:32 +01:00

2014-11-15 12:09:32.9749|TRACE|KarateIsere.DataAccess.KarateIsereContext|SELECT 
    [Extent1].[Competition] AS [Competition], 
    [Extent1].[DateCompetition] AS [DateCompetition], 
    [Extent1].[FinInscription] AS [FinInscription], 
    [Extent1].[Lieu] AS [Lieu], 
    [Extent1].[IsKata] AS [IsKata]
    FROM [dbo].[Competition] AS [Extent1]
2014-11-15 12:09:32.9749|TRACE|KarateIsere.DataAccess.KarateIsereContext|

2014-11-15 12:09:32.9749|TRACE|KarateIsere.DataAccess.KarateIsereContext|-- Executing at 15/11/2014 12:09:32 +01:00

2014-11-15 12:09:33.0124|TRACE|KarateIsere.DataAccess.KarateIsereContext|-- Completed in 25 ms with result: SqlDataReader

2014-11-15 12:09:33.0124|TRACE|KarateIsere.DataAccess.KarateIsereContext|

2014-11-15 12:09:33.0209|TRACE|KarateIsere.DataAccess.KarateIsereContext|Closed connection at 15/11/2014 12:09:33 +01:00

2014-11-15 12:09:52.9395|TRACE|KarateIsere.DataAccess.KarateIsereContext|Opened connection at 15/11/2014 12:09:52 +01:00

2014-11-15 12:09:53.0125|TRACE|KarateIsere.DataAccess.KarateIsereContext|SELECT 
    [Project2].[C1] AS [C1], 
    [Project2].[NumAffiliation] AS [NumAffiliation], 
    [Project2].[NomClub] AS [NomClub], 
    [Project2].[Correspondant] AS [Correspondant], 
    [Project2].[Telephone] AS [Telephone], 
    [Project2].[Adr_Administrative] AS [Adr_Administrative], 
    [Project2].[Adr_Dojo] AS [Adr_Dojo], 
    [Project2].[Code_Postal] AS [Code_Postal], 
    [Project2].[Ville] AS [Ville], 
    [Project2].[Site_Web] AS [Site_Web], 
    [Project2].[Facebook] AS [Facebook], 
    [Project2].[President_Tel] AS [President_Tel], 
    [Project2].[President_Nom] AS [President_Nom], 
    [Project2].[President_Prenom] AS [President_Prenom], 
    [Project2].[President_Email] AS [President_Email], 
    [Project2].[President_Mobile] AS [President_Mobile], 
    [Project2].[Tresorier_Tel] AS [Tresorier_Tel], 
    [Project2].[Tresorier_Nom] AS [Tresorier_Nom], 
    [Project2].[Tresorier_Prenom] AS [Tresorier_Prenom], 
    [Project2].[Tresorier_Email] AS [Tresorier_Email], 
    [Project2].[Tresorier_Mobile] AS [Tresorier_Mobile], 
    [Project2].[Secretaire_Tel] AS [Secretaire_Tel], 
    [Project2].[Secretaire_Nom] AS [Secretaire_Nom], 
    [Project2].[Secretaire_Prenom] AS [Secretaire_Prenom], 
    [Project2].[Secretaire_Email] AS [Secretaire_Email], 
    [Project2].[Secretaire_Mobile] AS [Secretaire_Mobile], 
    [Project2].[ArtMartialName] AS [ArtMartialName], 
    [Project2].[Longitude] AS [Longitude], 
    [Project2].[Latitude] AS [Latitude], 
    [Project2].[C2] AS [C2], 
    [Project2].[NumLicence] AS [NumLicence], 
    [Project2].[Nom] AS [Nom], 
    [Project2].[Prenom] AS [Prenom], 
    [Project2].[Categorie] AS [Categorie], 
    [Project2].[Poids] AS [Poids], 
    [Project2].[isHomme] AS [isHomme], 
    [Project2].[NumAffiliationClub] AS [NumAffiliationClub]
    FROM ( SELECT 
        [Limit1].[NumAffiliation] AS [NumAffiliation], 
        [Limit1].[NomClub] AS [NomClub], 
        [Limit1].[Correspondant] AS [Correspondant], 
        [Limit1].[Telephone] AS [Telephone], 
        [Limit1].[Adr_Administrative] AS [Adr_Administrative], 
        [Limit1].[Adr_Dojo] AS [Adr_Dojo], 
        [Limit1].[Code_Postal] AS [Code_Postal], 
        [Limit1].[Ville] AS [Ville], 
        [Limit1].[Site_Web] AS [Site_Web], 
        [Limit1].[Facebook] AS [Facebook], 
        [Limit1].[President_Tel] AS [President_Tel], 
        [Limit1].[President_Nom] AS [President_Nom], 
        [Limit1].[President_Prenom] AS [President_Prenom], 
        [Limit1].[President_Email] AS [President_Email], 
        [Limit1].[President_Mobile] AS [President_Mobile], 
        [Limit1].[Tresorier_Tel] AS [Tresorier_Tel], 
        [Limit1].[Tresorier_Nom] AS [Tresorier_Nom], 
        [Limit1].[Tresorier_Prenom] AS [Tresorier_Prenom], 
        [Limit1].[Tresorier_Email] AS [Tresorier_Email], 
        [Limit1].[Tresorier_Mobile] AS [Tresorier_Mobile], 
        [Limit1].[Secretaire_Tel] AS [Secretaire_Tel], 
        [Limit1].[Secretaire_Nom] AS [Secretaire_Nom], 
        [Limit1].[Secretaire_Prenom] AS [Secretaire_Prenom], 
        [Limit1].[Secretaire_Email] AS [Secretaire_Email], 
        [Limit1].[Secretaire_Mobile] AS [Secretaire_Mobile], 
        [Limit1].[ArtMartialName] AS [ArtMartialName], 
        [Limit1].[Longitude] AS [Longitude], 
        [Limit1].[Latitude] AS [Latitude], 
        [Limit1].[C1] AS [C1], 
        [Extent2].[NumLicence] AS [NumLicence], 
        [Extent2].[Nom] AS [Nom], 
        [Extent2].[Prenom] AS [Prenom], 
        [Extent2].[Categorie] AS [Categorie], 
        [Extent2].[Poids] AS [Poids], 
        [Extent2].[isHomme] AS [isHomme], 
        [Extent2].[NumAffiliationClub] AS [NumAffiliationClub], 
        CASE WHEN ([Extent2].[NumLicence] IS NULL) THEN CAST(NULL AS int) ELSE 1 END AS [C2]
        FROM   (SELECT TOP (2) 
            [Extent1].[NumAffiliation] AS [NumAffiliation], 
            [Extent1].[NomClub] AS [NomClub], 
            [Extent1].[Correspondant] AS [Correspondant], 
            [Extent1].[Telephone] AS [Telephone], 
            [Extent1].[Adr_Administrative] AS [Adr_Administrative], 
            [Extent1].[Adr_Dojo] AS [Adr_Dojo], 
            [Extent1].[Code_Postal] AS [Code_Postal], 
            [Extent1].[Ville] AS [Ville], 
            [Extent1].[Site_Web] AS [Site_Web], 
            [Extent1].[Facebook] AS [Facebook], 
            [Extent1].[President_Tel] AS [President_Tel], 
            [Extent1].[President_Nom] AS [President_Nom], 
            [Extent1].[President_Prenom] AS [President_Prenom], 
            [Extent1].[President_Email] AS [President_Email], 
            [Extent1].[President_Mobile] AS [President_Mobile], 
            [Extent1].[Tresorier_Tel] AS [Tresorier_Tel], 
            [Extent1].[Tresorier_Nom] AS [Tresorier_Nom], 
            [Extent1].[Tresorier_Prenom] AS [Tresorier_Prenom], 
            [Extent1].[Tresorier_Email] AS [Tresorier_Email], 
            [Extent1].[Tresorier_Mobile] AS [Tresorier_Mobile], 
            [Extent1].[Secretaire_Tel] AS [Secretaire_Tel], 
            [Extent1].[Secretaire_Nom] AS [Secretaire_Nom], 
            [Extent1].[Secretaire_Prenom] AS [Secretaire_Prenom], 
            [Extent1].[Secretaire_Email] AS [Secretaire_Email], 
            [Extent1].[Secretaire_Mobile] AS [Secretaire_Mobile], 
            [Extent1].[ArtMartialName] AS [ArtMartialName], 
            [Extent1].[Longitude] AS [Longitude], 
            [Extent1].[Latitude] AS [Latitude], 
            1 AS [C1]
            FROM [dbo].[Club] AS [Extent1]
            WHERE [Extent1].[NumAffiliation] = @p__linq__0 ) AS [Limit1]
        LEFT OUTER JOIN [dbo].[Competiteur] AS [Extent2] ON [Limit1].[NumAffiliation] = [Extent2].[NumAffiliationClub]
    )  AS [Project2]
    ORDER BY [Project2].[NumAffiliation] ASC, [Project2].[C2] ASC
2014-11-15 12:09:53.0550|TRACE|KarateIsere.DataAccess.KarateIsereContext|

2014-11-15 12:09:53.0550|TRACE|KarateIsere.DataAccess.KarateIsereContext|-- p__linq__0: '987654' (Type = AnsiString, Size = 8000)

2014-11-15 12:09:53.0550|TRACE|KarateIsere.DataAccess.KarateIsereContext|-- Executing at 15/11/2014 12:09:53 +01:00

2014-11-15 12:09:53.1045|TRACE|KarateIsere.DataAccess.KarateIsereContext|-- Completed in 36 ms with result: SqlDataReader

2014-11-15 12:09:53.1045|TRACE|KarateIsere.DataAccess.KarateIsereContext|

2014-11-15 12:09:53.1135|TRACE|KarateIsere.DataAccess.KarateIsereContext|Closed connection at 15/11/2014 12:09:53 +01:00

2014-11-15 12:09:56.8460|TRACE|KarateIsere.DataAccess.KarateIsereContext|Opened connection at 15/11/2014 12:09:56 +01:00

2014-11-15 12:09:56.8460|TRACE|KarateIsere.DataAccess.KarateIsereContext|SELECT 
    [Extent1].[Nom] AS [Nom]
    FROM [dbo].[Categorie] AS [Extent1]
2014-11-15 12:09:56.8460|TRACE|KarateIsere.DataAccess.KarateIsereContext|

2014-11-15 12:09:56.8595|TRACE|KarateIsere.DataAccess.KarateIsereContext|-- Executing at 15/11/2014 12:09:56 +01:00

2014-11-15 12:09:56.8875|TRACE|KarateIsere.DataAccess.KarateIsereContext|-- Completed in 23 ms with result: SqlDataReader

2014-11-15 12:09:56.8875|TRACE|KarateIsere.DataAccess.KarateIsereContext|

2014-11-15 12:09:56.8875|TRACE|KarateIsere.DataAccess.KarateIsereContext|Closed connection at 15/11/2014 12:09:56 +01:00

2014-11-15 12:10:26.5737|TRACE|KarateIsere.DataAccess.KarateIsereContext|Opened connection at 15/11/2014 12:10:26 +01:00

2014-11-15 12:10:26.5782|TRACE|KarateIsere.DataAccess.KarateIsereContext|SELECT TOP (2) 
    [Extent1].[Nom] AS [Nom]
    FROM [dbo].[Categorie] AS [Extent1]
    WHERE [Extent1].[Nom] = @p0
2014-11-15 12:10:26.5782|TRACE|KarateIsere.DataAccess.KarateIsereContext|

2014-11-15 12:10:26.5782|TRACE|KarateIsere.DataAccess.KarateIsereContext|-- p0: 'Benjamin' (Type = AnsiString, Size = 8000)

2014-11-15 12:10:26.5912|TRACE|KarateIsere.DataAccess.KarateIsereContext|-- Executing at 15/11/2014 12:10:26 +01:00

2014-11-15 12:10:26.6268|TRACE|KarateIsere.DataAccess.KarateIsereContext|-- Completed in 31 ms with result: SqlDataReader

2014-11-15 12:10:26.6268|TRACE|KarateIsere.DataAccess.KarateIsereContext|

2014-11-15 12:10:26.6368|TRACE|KarateIsere.DataAccess.KarateIsereContext|Closed connection at 15/11/2014 12:10:26 +01:00

2014-11-15 12:22:00.0718|TRACE|KarateIsere.DataAccess.KarateIsereContext|Opened connection at 15/11/2014 12:22:00 +01:00

2014-11-15 12:22:00.0773|TRACE|KarateIsere.DataAccess.KarateIsereContext|SELECT TOP (2) 
    [Extent1].[Nom] AS [Nom]
    FROM [dbo].[Categorie] AS [Extent1]
    WHERE [Extent1].[Nom] = @p0
2014-11-15 12:22:00.0773|TRACE|KarateIsere.DataAccess.KarateIsereContext|

2014-11-15 12:22:00.0773|TRACE|KarateIsere.DataAccess.KarateIsereContext|-- p0: 'Benjamin' (Type = AnsiString, Size = 8000)

2014-11-15 12:22:00.0773|TRACE|KarateIsere.DataAccess.KarateIsereContext|-- Executing at 15/11/2014 12:22:00 +01:00

2014-11-15 12:22:00.1198|TRACE|KarateIsere.DataAccess.KarateIsereContext|-- Completed in 25 ms with result: SqlDataReader

2014-11-15 12:22:00.1238|TRACE|KarateIsere.DataAccess.KarateIsereContext|

2014-11-15 12:22:00.1238|TRACE|KarateIsere.DataAccess.KarateIsereContext|Closed connection at 15/11/2014 12:22:00 +01:00

2014-11-15 12:22:01.9030|TRACE|KarateIsere.DataAccess.KarateIsereContext|Opened connection at 15/11/2014 12:22:01 +01:00

2014-11-15 12:22:01.9235|TRACE|KarateIsere.DataAccess.KarateIsereContext|SELECT 
    [Extent1].[NumLicence] AS [NumLicence], 
    [Extent1].[Nom] AS [Nom], 
    [Extent1].[Prenom] AS [Prenom], 
    [Extent1].[Categorie] AS [Categorie], 
    [Extent1].[Poids] AS [Poids], 
    [Extent1].[isHomme] AS [isHomme], 
    [Extent1].[NumAffiliationClub] AS [NumAffiliationClub]
    FROM [dbo].[Competiteur] AS [Extent1]
    WHERE [Extent1].[Categorie] = @EntityKeyValue1
2014-11-15 12:22:01.9235|TRACE|KarateIsere.DataAccess.KarateIsereContext|

2014-11-15 12:22:01.9235|TRACE|KarateIsere.DataAccess.KarateIsereContext|-- EntityKeyValue1: 'Benjamin' (Type = AnsiString, IsNullable = false, Size = 50)

2014-11-15 12:22:01.9355|TRACE|KarateIsere.DataAccess.KarateIsereContext|-- Executing at 15/11/2014 12:22:01 +01:00

2014-11-15 12:22:01.9355|TRACE|KarateIsere.DataAccess.KarateIsereContext|-- Completed in 3 ms with result: SqlDataReader

2014-11-15 12:22:01.9355|TRACE|KarateIsere.DataAccess.KarateIsereContext|

2014-11-15 12:22:01.9500|TRACE|KarateIsere.DataAccess.KarateIsereContext|Closed connection at 15/11/2014 12:22:01 +01:00

2014-11-15 12:22:01.9765|TRACE|KarateIsere.DataAccess.KarateIsereContext|Opened connection at 15/11/2014 12:22:01 +01:00

2014-11-15 12:22:02.0036|TRACE|KarateIsere.DataAccess.KarateIsereContext|SELECT 
    [Extent2].[Competition] AS [Competition], 
    [Extent2].[DateCompetition] AS [DateCompetition], 
    [Extent2].[FinInscription] AS [FinInscription], 
    [Extent2].[Lieu] AS [Lieu], 
    [Extent2].[IsKata] AS [IsKata]
    FROM  [dbo].[CompetitionCategories] AS [Extent1]
    INNER JOIN [dbo].[Competition] AS [Extent2] ON [Extent1].[Competition_Nom] = [Extent2].[Competition]
    WHERE [Extent1].[Categorie_Nom] = @EntityKeyValue1
2014-11-15 12:22:02.0036|TRACE|KarateIsere.DataAccess.KarateIsereContext|

2014-11-15 12:22:02.0116|TRACE|KarateIsere.DataAccess.KarateIsereContext|-- EntityKeyValue1: 'Benjamin' (Type = AnsiString, IsNullable = false, Size = 50)

2014-11-15 12:22:02.0116|TRACE|KarateIsere.DataAccess.KarateIsereContext|-- Executing at 15/11/2014 12:22:02 +01:00

2014-11-15 12:22:02.0116|TRACE|KarateIsere.DataAccess.KarateIsereContext|-- Completed in 5 ms with result: SqlDataReader

2014-11-15 12:22:02.0286|TRACE|KarateIsere.DataAccess.KarateIsereContext|

2014-11-15 12:22:02.0286|TRACE|KarateIsere.DataAccess.KarateIsereContext|Closed connection at 15/11/2014 12:22:02 +01:00

2014-11-15 12:22:02.0556|TRACE|KarateIsere.DataAccess.KarateIsereContext|Opened connection at 15/11/2014 12:22:02 +01:00

2014-11-15 12:22:02.1006|TRACE|KarateIsere.DataAccess.KarateIsereContext|SELECT 
    [Extent1].[InscriptionId] AS [InscriptionId], 
    [Extent1].[NumLicence] AS [NumLicence], 
    [Extent1].[NomCompetition] AS [NomCompetition], 
    [Extent1].[Classement] AS [Classement], 
    [Extent1].[Categorie_Nom] AS [Categorie_Nom]
    FROM [dbo].[Inscriptions] AS [Extent1]
    WHERE ([Extent1].[Categorie_Nom] IS NOT NULL) AND ([Extent1].[Categorie_Nom] = @EntityKeyValue1)
2014-11-15 12:22:02.1051|TRACE|KarateIsere.DataAccess.KarateIsereContext|

2014-11-15 12:22:02.1051|TRACE|KarateIsere.DataAccess.KarateIsereContext|-- EntityKeyValue1: 'Benjamin' (Type = AnsiString, IsNullable = false, Size = 50)

2014-11-15 12:22:02.1051|TRACE|KarateIsere.DataAccess.KarateIsereContext|-- Executing at 15/11/2014 12:22:02 +01:00

2014-11-15 12:22:02.2226|TRACE|KarateIsere.DataAccess.KarateIsereContext|-- Failed in 105 ms with error: Invalid column name 'Categorie_Nom'.
Invalid column name 'Categorie_Nom'.
Invalid column name 'Categorie_Nom'.

2014-11-15 12:22:02.2226|TRACE|KarateIsere.DataAccess.KarateIsereContext|

2014-11-15 12:22:02.2861|TRACE|KarateIsere.DataAccess.KarateIsereContext|Closed connection at 15/11/2014 12:22:02 +01:00

2014-11-15 12:25:01.2608|TRACE|KarateIsere.DataAccess.KarateIsereContext|Opened connection at 15/11/2014 12:25:01 +01:00

2014-11-15 12:25:01.2878|TRACE|KarateIsere.DataAccess.KarateIsereContext|
SELECT Count(*)
FROM INFORMATION_SCHEMA.TABLES AS t
WHERE t.TABLE_SCHEMA + '.' + t.TABLE_NAME IN ('dbo.Adherents','dbo.Admin','dbo.Art_Martial','dbo.Categorie','dbo.Competiteur','dbo.Club','dbo.ListeCompetiteur','dbo.Professeurs','dbo.Competition','dbo.Inscriptions','dbo.Creneaux','dbo.Club_Professeur','dbo.CompetitionCategories')
    OR t.TABLE_NAME = 'EdmMetadata'
2014-11-15 12:25:01.2878|TRACE|KarateIsere.DataAccess.KarateIsereContext|

2014-11-15 12:25:01.2878|TRACE|KarateIsere.DataAccess.KarateIsereContext|-- Executing at 15/11/2014 12:25:01 +01:00

2014-11-15 12:25:01.3288|TRACE|KarateIsere.DataAccess.KarateIsereContext|-- Completed in 23 ms with result: 9

2014-11-15 12:25:01.3288|TRACE|KarateIsere.DataAccess.KarateIsereContext|

2014-11-15 12:25:01.3368|TRACE|KarateIsere.DataAccess.KarateIsereContext|Closed connection at 15/11/2014 12:25:01 +01:00

2014-11-15 12:25:01.3368|TRACE|KarateIsere.DataAccess.KarateIsereContext|Opened connection at 15/11/2014 12:25:01 +01:00

2014-11-15 12:25:01.3508|TRACE|KarateIsere.DataAccess.KarateIsereContext|SELECT 
    [GroupBy1].[A1] AS [C1]
    FROM ( SELECT 
        COUNT(1) AS [A1]
        FROM [dbo].[__MigrationHistory] AS [Extent1]
        WHERE [Extent1].[ContextKey] = @p__linq__0
    )  AS [GroupBy1]
2014-11-15 12:25:01.3508|TRACE|KarateIsere.DataAccess.KarateIsereContext|

2014-11-15 12:25:01.3508|TRACE|KarateIsere.DataAccess.KarateIsereContext|-- p__linq__0: 'KarateIsere.DataAccess.KarateIsereContext' (Type = String, Size = 4000)

2014-11-15 12:25:01.3508|TRACE|KarateIsere.DataAccess.KarateIsereContext|-- Executing at 15/11/2014 12:25:01 +01:00

2014-11-15 12:25:01.4063|TRACE|KarateIsere.DataAccess.KarateIsereContext|-- Completed in 37 ms with result: SqlDataReader

2014-11-15 12:25:01.4063|TRACE|KarateIsere.DataAccess.KarateIsereContext|

2014-11-15 12:25:01.4143|TRACE|KarateIsere.DataAccess.KarateIsereContext|Closed connection at 15/11/2014 12:25:01 +01:00

2014-11-15 12:25:01.4143|TRACE|KarateIsere.DataAccess.KarateIsereContext|Opened connection at 15/11/2014 12:25:01 +01:00

2014-11-15 12:25:01.4143|TRACE|KarateIsere.DataAccess.KarateIsereContext|SELECT TOP (1) 
    [Project1].[C1] AS [C1], 
    [Project1].[MigrationId] AS [MigrationId], 
    [Project1].[Model] AS [Model], 
    [Project1].[ProductVersion] AS [ProductVersion]
    FROM ( SELECT 
        [Extent1].[MigrationId] AS [MigrationId], 
        [Extent1].[Model] AS [Model], 
        [Extent1].[ProductVersion] AS [ProductVersion], 
        1 AS [C1]
        FROM [dbo].[__MigrationHistory] AS [Extent1]
        WHERE [Extent1].[ContextKey] = @p__linq__0
    )  AS [Project1]
    ORDER BY [Project1].[MigrationId] DESC
2014-11-15 12:25:01.4293|TRACE|KarateIsere.DataAccess.KarateIsereContext|

2014-11-15 12:25:01.4293|TRACE|KarateIsere.DataAccess.KarateIsereContext|-- p__linq__0: 'KarateIsere.DataAccess.KarateIsereContext' (Type = String, Size = 4000)

2014-11-15 12:25:01.4293|TRACE|KarateIsere.DataAccess.KarateIsereContext|-- Executing at 15/11/2014 12:25:01 +01:00

2014-11-15 12:25:01.4703|TRACE|KarateIsere.DataAccess.KarateIsereContext|-- Completed in 28 ms with result: SqlDataReader

2014-11-15 12:25:01.4703|TRACE|KarateIsere.DataAccess.KarateIsereContext|

2014-11-15 12:25:01.4783|TRACE|KarateIsere.DataAccess.KarateIsereContext|Closed connection at 15/11/2014 12:25:01 +01:00

2014-11-15 12:25:02.1384|TRACE|KarateIsere.DataAccess.KarateIsereContext|Opened connection at 15/11/2014 12:25:02 +01:00

2014-11-15 12:25:02.2929|TRACE|KarateIsere.DataAccess.KarateIsereContext|SELECT 
    [Project2].[C1] AS [C1], 
    [Project2].[NumAffiliation] AS [NumAffiliation], 
    [Project2].[NomClub] AS [NomClub], 
    [Project2].[Correspondant] AS [Correspondant], 
    [Project2].[Telephone] AS [Telephone], 
    [Project2].[Adr_Administrative] AS [Adr_Administrative], 
    [Project2].[Adr_Dojo] AS [Adr_Dojo], 
    [Project2].[Code_Postal] AS [Code_Postal], 
    [Project2].[Ville] AS [Ville], 
    [Project2].[Site_Web] AS [Site_Web], 
    [Project2].[Facebook] AS [Facebook], 
    [Project2].[President_Tel] AS [President_Tel], 
    [Project2].[President_Nom] AS [President_Nom], 
    [Project2].[President_Prenom] AS [President_Prenom], 
    [Project2].[President_Email] AS [President_Email], 
    [Project2].[President_Mobile] AS [President_Mobile], 
    [Project2].[Tresorier_Tel] AS [Tresorier_Tel], 
    [Project2].[Tresorier_Nom] AS [Tresorier_Nom], 
    [Project2].[Tresorier_Prenom] AS [Tresorier_Prenom], 
    [Project2].[Tresorier_Email] AS [Tresorier_Email], 
    [Project2].[Tresorier_Mobile] AS [Tresorier_Mobile], 
    [Project2].[Secretaire_Tel] AS [Secretaire_Tel], 
    [Project2].[Secretaire_Nom] AS [Secretaire_Nom], 
    [Project2].[Secretaire_Prenom] AS [Secretaire_Prenom], 
    [Project2].[Secretaire_Email] AS [Secretaire_Email], 
    [Project2].[Secretaire_Mobile] AS [Secretaire_Mobile], 
    [Project2].[ArtMartialName] AS [ArtMartialName], 
    [Project2].[Longitude] AS [Longitude], 
    [Project2].[Latitude] AS [Latitude], 
    [Project2].[C2] AS [C2], 
    [Project2].[NumLicence] AS [NumLicence], 
    [Project2].[Nom] AS [Nom], 
    [Project2].[Prenom] AS [Prenom], 
    [Project2].[Categorie] AS [Categorie], 
    [Project2].[Poids] AS [Poids], 
    [Project2].[isHomme] AS [isHomme], 
    [Project2].[NumAffiliationClub] AS [NumAffiliationClub]
    FROM ( SELECT 
        [Limit1].[NumAffiliation] AS [NumAffiliation], 
        [Limit1].[NomClub] AS [NomClub], 
        [Limit1].[Correspondant] AS [Correspondant], 
        [Limit1].[Telephone] AS [Telephone], 
        [Limit1].[Adr_Administrative] AS [Adr_Administrative], 
        [Limit1].[Adr_Dojo] AS [Adr_Dojo], 
        [Limit1].[Code_Postal] AS [Code_Postal], 
        [Limit1].[Ville] AS [Ville], 
        [Limit1].[Site_Web] AS [Site_Web], 
        [Limit1].[Facebook] AS [Facebook], 
        [Limit1].[President_Tel] AS [President_Tel], 
        [Limit1].[President_Nom] AS [President_Nom], 
        [Limit1].[President_Prenom] AS [President_Prenom], 
        [Limit1].[President_Email] AS [President_Email], 
        [Limit1].[President_Mobile] AS [President_Mobile], 
        [Limit1].[Tresorier_Tel] AS [Tresorier_Tel], 
        [Limit1].[Tresorier_Nom] AS [Tresorier_Nom], 
        [Limit1].[Tresorier_Prenom] AS [Tresorier_Prenom], 
        [Limit1].[Tresorier_Email] AS [Tresorier_Email], 
        [Limit1].[Tresorier_Mobile] AS [Tresorier_Mobile], 
        [Limit1].[Secretaire_Tel] AS [Secretaire_Tel], 
        [Limit1].[Secretaire_Nom] AS [Secretaire_Nom], 
        [Limit1].[Secretaire_Prenom] AS [Secretaire_Prenom], 
        [Limit1].[Secretaire_Email] AS [Secretaire_Email], 
        [Limit1].[Secretaire_Mobile] AS [Secretaire_Mobile], 
        [Limit1].[ArtMartialName] AS [ArtMartialName], 
        [Limit1].[Longitude] AS [Longitude], 
        [Limit1].[Latitude] AS [Latitude], 
        [Limit1].[C1] AS [C1], 
        [Extent2].[NumLicence] AS [NumLicence], 
        [Extent2].[Nom] AS [Nom], 
        [Extent2].[Prenom] AS [Prenom], 
        [Extent2].[Categorie] AS [Categorie], 
        [Extent2].[Poids] AS [Poids], 
        [Extent2].[isHomme] AS [isHomme], 
        [Extent2].[NumAffiliationClub] AS [NumAffiliationClub], 
        CASE WHEN ([Extent2].[NumLicence] IS NULL) THEN CAST(NULL AS int) ELSE 1 END AS [C2]
        FROM   (SELECT TOP (2) 
            [Extent1].[NumAffiliation] AS [NumAffiliation], 
            [Extent1].[NomClub] AS [NomClub], 
            [Extent1].[Correspondant] AS [Correspondant], 
            [Extent1].[Telephone] AS [Telephone], 
            [Extent1].[Adr_Administrative] AS [Adr_Administrative], 
            [Extent1].[Adr_Dojo] AS [Adr_Dojo], 
            [Extent1].[Code_Postal] AS [Code_Postal], 
            [Extent1].[Ville] AS [Ville], 
            [Extent1].[Site_Web] AS [Site_Web], 
            [Extent1].[Facebook] AS [Facebook], 
            [Extent1].[President_Tel] AS [President_Tel], 
            [Extent1].[President_Nom] AS [President_Nom], 
            [Extent1].[President_Prenom] AS [President_Prenom], 
            [Extent1].[President_Email] AS [President_Email], 
            [Extent1].[President_Mobile] AS [President_Mobile], 
            [Extent1].[Tresorier_Tel] AS [Tresorier_Tel], 
            [Extent1].[Tresorier_Nom] AS [Tresorier_Nom], 
            [Extent1].[Tresorier_Prenom] AS [Tresorier_Prenom], 
            [Extent1].[Tresorier_Email] AS [Tresorier_Email], 
            [Extent1].[Tresorier_Mobile] AS [Tresorier_Mobile], 
            [Extent1].[Secretaire_Tel] AS [Secretaire_Tel], 
            [Extent1].[Secretaire_Nom] AS [Secretaire_Nom], 
            [Extent1].[Secretaire_Prenom] AS [Secretaire_Prenom], 
            [Extent1].[Secretaire_Email] AS [Secretaire_Email], 
            [Extent1].[Secretaire_Mobile] AS [Secretaire_Mobile], 
            [Extent1].[ArtMartialName] AS [ArtMartialName], 
            [Extent1].[Longitude] AS [Longitude], 
            [Extent1].[Latitude] AS [Latitude], 
            1 AS [C1]
            FROM [dbo].[Club] AS [Extent1]
            WHERE [Extent1].[NumAffiliation] = @p__linq__0 ) AS [Limit1]
        LEFT OUTER JOIN [dbo].[Competiteur] AS [Extent2] ON [Limit1].[NumAffiliation] = [Extent2].[NumAffiliationClub]
    )  AS [Project2]
    ORDER BY [Project2].[NumAffiliation] ASC, [Project2].[C2] ASC
2014-11-15 12:25:02.2929|TRACE|KarateIsere.DataAccess.KarateIsereContext|

2014-11-15 12:25:02.2929|TRACE|KarateIsere.DataAccess.KarateIsereContext|-- p__linq__0: '987654' (Type = AnsiString, Size = 8000)

2014-11-15 12:25:02.3054|TRACE|KarateIsere.DataAccess.KarateIsereContext|-- Executing at 15/11/2014 12:25:02 +01:00

2014-11-15 12:25:02.3360|TRACE|KarateIsere.DataAccess.KarateIsereContext|-- Completed in 26 ms with result: SqlDataReader

2014-11-15 12:25:02.3360|TRACE|KarateIsere.DataAccess.KarateIsereContext|

2014-11-15 12:25:02.3565|TRACE|KarateIsere.DataAccess.KarateIsereContext|Closed connection at 15/11/2014 12:25:02 +01:00

2014-11-15 12:25:07.5011|TRACE|KarateIsere.DataAccess.KarateIsereContext|Opened connection at 15/11/2014 12:25:07 +01:00

2014-11-15 12:25:07.5236|TRACE|KarateIsere.DataAccess.KarateIsereContext|SELECT 
    [Extent1].[Nom] AS [Nom]
    FROM [dbo].[Categorie] AS [Extent1]
2014-11-15 12:25:07.5281|TRACE|KarateIsere.DataAccess.KarateIsereContext|

2014-11-15 12:25:07.5281|TRACE|KarateIsere.DataAccess.KarateIsereContext|-- Executing at 15/11/2014 12:25:07 +01:00

2014-11-15 12:25:07.5611|TRACE|KarateIsere.DataAccess.KarateIsereContext|-- Completed in 24 ms with result: SqlDataReader

2014-11-15 12:25:07.5611|TRACE|KarateIsere.DataAccess.KarateIsereContext|

2014-11-15 12:25:07.5761|TRACE|KarateIsere.DataAccess.KarateIsereContext|Closed connection at 15/11/2014 12:25:07 +01:00

2014-11-15 12:25:29.2654|TRACE|KarateIsere.DataAccess.KarateIsereContext|Opened connection at 15/11/2014 12:25:29 +01:00

2014-11-15 12:25:29.2654|TRACE|KarateIsere.DataAccess.KarateIsereContext|SELECT TOP (2) 
    [Extent1].[Nom] AS [Nom]
    FROM [dbo].[Categorie] AS [Extent1]
    WHERE [Extent1].[Nom] = @p0
2014-11-15 12:25:29.2769|TRACE|KarateIsere.DataAccess.KarateIsereContext|

2014-11-15 12:25:29.2769|TRACE|KarateIsere.DataAccess.KarateIsereContext|-- p0: 'Sénior' (Type = AnsiString, Size = 8000)

2014-11-15 12:25:29.2769|TRACE|KarateIsere.DataAccess.KarateIsereContext|-- Executing at 15/11/2014 12:25:29 +01:00

2014-11-15 12:25:29.3164|TRACE|KarateIsere.DataAccess.KarateIsereContext|-- Completed in 26 ms with result: SqlDataReader

2014-11-15 12:25:29.3164|TRACE|KarateIsere.DataAccess.KarateIsereContext|

2014-11-15 12:25:29.3249|TRACE|KarateIsere.DataAccess.KarateIsereContext|Closed connection at 15/11/2014 12:25:29 +01:00

