2014-12-13 00:01:03.2081|TRACE|KarateIsere.DataAccess.KarateIsereContext|Opened connection at 13/12/2014 00:01:03 +01:00

2014-12-13 00:01:03.2371|TRACE|KarateIsere.DataAccess.KarateIsereContext|
SELECT Count(*)
FROM INFORMATION_SCHEMA.TABLES AS t
WHERE t.TABLE_SCHEMA + '.' + t.TABLE_NAME IN ('dbo.Adherents','dbo.Admin','dbo.Art_Martial','dbo.Categorie','dbo.Competiteur','dbo.Club','dbo.ListeCompetiteur','dbo.Professeurs','dbo.Competition','dbo.Inscriptions','dbo.Creneaux','dbo.Club_Professeur','dbo.CompetitionCategories')
    OR t.TABLE_NAME = 'EdmMetadata'
2014-12-13 00:01:03.2371|TRACE|KarateIsere.DataAccess.KarateIsereContext|

2014-12-13 00:01:03.2467|TRACE|KarateIsere.DataAccess.KarateIsereContext|-- Executing at 13/12/2014 00:01:03 +01:00

2014-12-13 00:01:03.2782|TRACE|KarateIsere.DataAccess.KarateIsereContext|-- Completed in 25 ms with result: 9

2014-12-13 00:01:03.2782|TRACE|KarateIsere.DataAccess.KarateIsereContext|

2014-12-13 00:01:03.2782|TRACE|KarateIsere.DataAccess.KarateIsereContext|Closed connection at 13/12/2014 00:01:03 +01:00

2014-12-13 00:01:03.2782|TRACE|KarateIsere.DataAccess.KarateIsereContext|Opened connection at 13/12/2014 00:01:03 +01:00

2014-12-13 00:01:03.2952|TRACE|KarateIsere.DataAccess.KarateIsereContext|SELECT 
    [GroupBy1].[A1] AS [C1]
    FROM ( SELECT 
        COUNT(1) AS [A1]
        FROM [dbo].[__MigrationHistory] AS [Extent1]
        WHERE [Extent1].[ContextKey] = @p__linq__0
    )  AS [GroupBy1]
2014-12-13 00:01:03.2952|TRACE|KarateIsere.DataAccess.KarateIsereContext|

2014-12-13 00:01:03.2952|TRACE|KarateIsere.DataAccess.KarateIsereContext|-- p__linq__0: 'KarateIsere.DataAccess.KarateIsereContext' (Type = String, Size = 4000)

2014-12-13 00:01:03.3092|TRACE|KarateIsere.DataAccess.KarateIsereContext|-- Executing at 13/12/2014 00:01:03 +01:00

2014-12-13 00:01:03.3432|TRACE|KarateIsere.DataAccess.KarateIsereContext|-- Completed in 30 ms with result: SqlDataReader

2014-12-13 00:01:03.3432|TRACE|KarateIsere.DataAccess.KarateIsereContext|

2014-12-13 00:01:03.3432|TRACE|KarateIsere.DataAccess.KarateIsereContext|Closed connection at 13/12/2014 00:01:03 +01:00

2014-12-13 00:01:03.3557|TRACE|KarateIsere.DataAccess.KarateIsereContext|Opened connection at 13/12/2014 00:01:03 +01:00

2014-12-13 00:01:03.3557|TRACE|KarateIsere.DataAccess.KarateIsereContext|SELECT TOP (1) 
    [Project1].[C1] AS [C1], 
    [Project1].[MigrationId] AS [MigrationId], 
    [Project1].[Model] AS [Model], 
    [Project1].[ProductVersion] AS [ProductVersion]
    FROM ( SELECT 
        [Extent1].[MigrationId] AS [MigrationId], 
        [Extent1].[Model] AS [Model], 
        [Extent1].[ProductVersion] AS [ProductVersion], 
        1 AS [C1]
        FROM [dbo].[__MigrationHistory] AS [Extent1]
        WHERE [Extent1].[ContextKey] = @p__linq__0
    )  AS [Project1]
    ORDER BY [Project1].[MigrationId] DESC
2014-12-13 00:01:03.3557|TRACE|KarateIsere.DataAccess.KarateIsereContext|

2014-12-13 00:01:03.3557|TRACE|KarateIsere.DataAccess.KarateIsereContext|-- p__linq__0: 'KarateIsere.DataAccess.KarateIsereContext' (Type = String, Size = 4000)

2014-12-13 00:01:03.3747|TRACE|KarateIsere.DataAccess.KarateIsereContext|-- Executing at 13/12/2014 00:01:03 +01:00

2014-12-13 00:01:03.4087|TRACE|KarateIsere.DataAccess.KarateIsereContext|-- Completed in 30 ms with result: SqlDataReader

2014-12-13 00:01:03.4087|TRACE|KarateIsere.DataAccess.KarateIsereContext|

2014-12-13 00:01:03.4087|TRACE|KarateIsere.DataAccess.KarateIsereContext|Closed connection at 13/12/2014 00:01:03 +01:00

2014-12-13 00:01:04.0978|TRACE|KarateIsere.DataAccess.KarateIsereContext|Opened connection at 13/12/2014 00:01:04 +01:00

2014-12-13 00:01:04.1798|TRACE|KarateIsere.DataAccess.KarateIsereContext|SELECT 
    [Extent1].[Id] AS [Id], 
    [Extent1].[Nom] AS [Nom], 
    [Extent1].[DateCompetition] AS [DateCompetition], 
    [Extent1].[FinInscription] AS [FinInscription], 
    [Extent1].[Lieu] AS [Lieu], 
    [Extent1].[IsKata] AS [IsKata]
    FROM [dbo].[Competition] AS [Extent1]
    WHERE [Extent1].[FinInscription] <= (SysDateTime())
2014-12-13 00:01:04.1833|TRACE|KarateIsere.DataAccess.KarateIsereContext|

2014-12-13 00:01:04.1833|TRACE|KarateIsere.DataAccess.KarateIsereContext|-- Executing at 13/12/2014 00:01:04 +01:00

2014-12-13 00:01:04.2138|TRACE|KarateIsere.DataAccess.KarateIsereContext|-- Completed in 23 ms with result: SqlDataReader

2014-12-13 00:01:04.2138|TRACE|KarateIsere.DataAccess.KarateIsereContext|

2014-12-13 00:01:04.2138|TRACE|KarateIsere.DataAccess.KarateIsereContext|Closed connection at 13/12/2014 00:01:04 +01:00

2014-12-13 00:01:05.5619|TRACE|KarateIsere.DataAccess.KarateIsereContext|Opened connection at 13/12/2014 00:01:05 +01:00

2014-12-13 00:01:05.5894|TRACE|KarateIsere.DataAccess.KarateIsereContext|SELECT 
    [Extent1].[Nom] AS [Nom]
    FROM [dbo].[Categorie] AS [Extent1]
2014-12-13 00:01:05.5894|TRACE|KarateIsere.DataAccess.KarateIsereContext|

2014-12-13 00:01:05.5894|TRACE|KarateIsere.DataAccess.KarateIsereContext|-- Executing at 13/12/2014 00:01:05 +01:00

2014-12-13 00:01:05.6430|TRACE|KarateIsere.DataAccess.KarateIsereContext|-- Completed in 37 ms with result: SqlDataReader

2014-12-13 00:01:05.6430|TRACE|KarateIsere.DataAccess.KarateIsereContext|

2014-12-13 00:01:05.6525|TRACE|KarateIsere.DataAccess.KarateIsereContext|Closed connection at 13/12/2014 00:01:05 +01:00

2014-12-13 00:01:05.7770|TRACE|KarateIsere.DataAccess.KarateIsereContext|Opened connection at 13/12/2014 00:01:05 +01:00

2014-12-13 00:01:05.7770|TRACE|KarateIsere.DataAccess.KarateIsereContext|SELECT 
    [Extent1].[Id] AS [Id], 
    [Extent1].[Nom] AS [Nom], 
    [Extent1].[DateCompetition] AS [DateCompetition], 
    [Extent1].[FinInscription] AS [FinInscription], 
    [Extent1].[Lieu] AS [Lieu], 
    [Extent1].[IsKata] AS [IsKata]
    FROM [dbo].[Competition] AS [Extent1]
2014-12-13 00:01:05.7770|TRACE|KarateIsere.DataAccess.KarateIsereContext|

2014-12-13 00:01:05.7905|TRACE|KarateIsere.DataAccess.KarateIsereContext|-- Executing at 13/12/2014 00:01:05 +01:00

2014-12-13 00:01:05.8220|TRACE|KarateIsere.DataAccess.KarateIsereContext|-- Completed in 27 ms with result: SqlDataReader

2014-12-13 00:01:05.8220|TRACE|KarateIsere.DataAccess.KarateIsereContext|

2014-12-13 00:01:05.8220|TRACE|KarateIsere.DataAccess.KarateIsereContext|Closed connection at 13/12/2014 00:01:05 +01:00

2014-12-13 00:02:15.4818|TRACE|KarateIsere.DataAccess.KarateIsereContext|Opened connection at 13/12/2014 00:02:15 +01:00

2014-12-13 00:02:15.5938|TRACE|KarateIsere.DataAccess.KarateIsereContext|SELECT 
    [Project2].[Id] AS [Id], 
    [Project2].[Nom] AS [Nom], 
    [Project2].[DateCompetition] AS [DateCompetition], 
    [Project2].[FinInscription] AS [FinInscription], 
    [Project2].[Lieu] AS [Lieu], 
    [Project2].[IsKata] AS [IsKata], 
    [Project2].[C1] AS [C1], 
    [Project2].[Competition_Id] AS [Competition_Id]
    FROM ( SELECT 
        [Limit1].[Id] AS [Id], 
        [Limit1].[Nom] AS [Nom], 
        [Limit1].[DateCompetition] AS [DateCompetition], 
        [Limit1].[FinInscription] AS [FinInscription], 
        [Limit1].[Lieu] AS [Lieu], 
        [Limit1].[IsKata] AS [IsKata], 
        [Extent2].[Competition_Id] AS [Competition_Id], 
        CASE WHEN ([Extent2].[Categorie_Nom] IS NULL) THEN CAST(NULL AS int) ELSE 1 END AS [C1]
        FROM   (SELECT TOP (2) 
            [Extent1].[Id] AS [Id], 
            [Extent1].[Nom] AS [Nom], 
            [Extent1].[DateCompetition] AS [DateCompetition], 
            [Extent1].[FinInscription] AS [FinInscription], 
            [Extent1].[Lieu] AS [Lieu], 
            [Extent1].[IsKata] AS [IsKata]
            FROM [dbo].[Competition] AS [Extent1]
            WHERE ((UPPER([Extent1].[Nom])) = @p__linq__0) OR ((UPPER([Extent1].[Nom]) IS NULL) AND (@p__linq__0 IS NULL)) ) AS [Limit1]
        LEFT OUTER JOIN [dbo].[CompetitionCategories] AS [Extent2] ON [Limit1].[Id] = [Extent2].[Categorie_Nom]
    )  AS [Project2]
    ORDER BY [Project2].[Id] ASC, [Project2].[C1] ASC
2014-12-13 00:02:15.5938|TRACE|KarateIsere.DataAccess.KarateIsereContext|

2014-12-13 00:02:15.6043|TRACE|KarateIsere.DataAccess.KarateIsereContext|-- p__linq__0: 'Test compétition1' (Type = String, Size = 4000)

2014-12-13 00:02:15.6043|TRACE|KarateIsere.DataAccess.KarateIsereContext|-- Executing at 13/12/2014 00:02:15 +01:00

2014-12-13 00:02:15.6513|TRACE|KarateIsere.DataAccess.KarateIsereContext|-- Completed in 36 ms with result: SqlDataReader

2014-12-13 00:02:15.6513|TRACE|KarateIsere.DataAccess.KarateIsereContext|

2014-12-13 00:02:15.6623|TRACE|KarateIsere.DataAccess.KarateIsereContext|Closed connection at 13/12/2014 00:02:15 +01:00

2014-12-13 00:02:15.6623|TRACE|KarateIsere.DataAccess.KarateIsereContext|Opened connection at 13/12/2014 00:02:15 +01:00

2014-12-13 00:02:15.6803|TRACE|KarateIsere.DataAccess.KarateIsereContext|SELECT TOP (2) 
    [Extent1].[Nom] AS [Nom]
    FROM [dbo].[Categorie] AS [Extent1]
    WHERE [Extent1].[Nom] = @p__linq__0
2014-12-13 00:02:15.6803|TRACE|KarateIsere.DataAccess.KarateIsereContext|

2014-12-13 00:02:15.6803|TRACE|KarateIsere.DataAccess.KarateIsereContext|-- p__linq__0: 'Benjamin' (Type = AnsiString, Size = 8000)

2014-12-13 00:02:15.6964|TRACE|KarateIsere.DataAccess.KarateIsereContext|-- Executing at 13/12/2014 00:02:15 +01:00

2014-12-13 00:02:15.7294|TRACE|KarateIsere.DataAccess.KarateIsereContext|-- Completed in 28 ms with result: SqlDataReader

2014-12-13 00:02:15.7294|TRACE|KarateIsere.DataAccess.KarateIsereContext|

2014-12-13 00:02:15.7424|TRACE|KarateIsere.DataAccess.KarateIsereContext|Closed connection at 13/12/2014 00:02:15 +01:00

2014-12-13 00:02:23.2303|TRACE|KarateIsere.DataAccess.KarateIsereContext|Opened connection at 13/12/2014 00:02:23 +01:00

2014-12-13 00:02:23.2303|TRACE|KarateIsere.DataAccess.KarateIsereContext|Started transaction at 13/12/2014 00:02:23 +01:00

2014-12-13 00:02:23.4543|TRACE|KarateIsere.DataAccess.KarateIsereContext|INSERT [dbo].[Competition]([Nom], [DateCompetition], [FinInscription], [Lieu], [IsKata])
VALUES (@0, @1, @2, @3, @4)
SELECT [Id]
FROM [dbo].[Competition]
WHERE @@ROWCOUNT > 0 AND [Id] = scope_identity()
2014-12-13 00:02:23.4543|TRACE|KarateIsere.DataAccess.KarateIsereContext|

2014-12-13 00:02:23.4623|TRACE|KarateIsere.DataAccess.KarateIsereContext|-- @0: 'Test compétition1' (Type = String, Size = 100)

2014-12-13 00:02:23.4623|TRACE|KarateIsere.DataAccess.KarateIsereContext|-- @1: '28/02/2015 00:00:00' (Type = DateTime2)

2014-12-13 00:02:23.4623|TRACE|KarateIsere.DataAccess.KarateIsereContext|-- @2: '11/02/2015 00:00:00' (Type = DateTime2)

2014-12-13 00:02:23.4623|TRACE|KarateIsere.DataAccess.KarateIsereContext|-- @3: 'Saint-Egrève' (Type = String, Size = 100)

2014-12-13 00:02:23.4813|TRACE|KarateIsere.DataAccess.KarateIsereContext|-- @4: 'False' (Type = Boolean)

2014-12-13 00:02:23.4813|TRACE|KarateIsere.DataAccess.KarateIsereContext|-- Executing at 13/12/2014 00:02:23 +01:00

2014-12-13 00:02:23.7649|TRACE|KarateIsere.DataAccess.KarateIsereContext|-- Failed in 271 ms with error: Conversion failed when converting the nvarchar value 'Test compétition1' to data type int.

2014-12-13 00:02:23.7749|TRACE|KarateIsere.DataAccess.KarateIsereContext|

2014-12-13 00:02:23.9124|TRACE|KarateIsere.DataAccess.KarateIsereContext|Closed connection at 13/12/2014 00:02:23 +01:00

2014-12-13 00:03:53.5013|TRACE|KarateIsere.DataAccess.KarateIsereContext|Opened connection at 13/12/2014 00:03:53 +01:00

2014-12-13 00:03:53.5303|TRACE|KarateIsere.DataAccess.KarateIsereContext|
SELECT Count(*)
FROM INFORMATION_SCHEMA.TABLES AS t
WHERE t.TABLE_SCHEMA + '.' + t.TABLE_NAME IN ('dbo.Adherents','dbo.Admin','dbo.Art_Martial','dbo.Categorie','dbo.Competiteur','dbo.Club','dbo.ListeCompetiteur','dbo.Professeurs','dbo.Competition','dbo.Inscriptions','dbo.Creneaux','dbo.Club_Professeur','dbo.CompetitionCategories')
    OR t.TABLE_NAME = 'EdmMetadata'
2014-12-13 00:03:53.5373|TRACE|KarateIsere.DataAccess.KarateIsereContext|

2014-12-13 00:03:53.5373|TRACE|KarateIsere.DataAccess.KarateIsereContext|-- Executing at 13/12/2014 00:03:53 +01:00

2014-12-13 00:03:53.5758|TRACE|KarateIsere.DataAccess.KarateIsereContext|-- Completed in 27 ms with result: 9

2014-12-13 00:03:53.5758|TRACE|KarateIsere.DataAccess.KarateIsereContext|

2014-12-13 00:03:53.5868|TRACE|KarateIsere.DataAccess.KarateIsereContext|Closed connection at 13/12/2014 00:03:53 +01:00

2014-12-13 00:03:53.5868|TRACE|KarateIsere.DataAccess.KarateIsereContext|Opened connection at 13/12/2014 00:03:53 +01:00

2014-12-13 00:03:53.6013|TRACE|KarateIsere.DataAccess.KarateIsereContext|SELECT 
    [GroupBy1].[A1] AS [C1]
    FROM ( SELECT 
        COUNT(1) AS [A1]
        FROM [dbo].[__MigrationHistory] AS [Extent1]
        WHERE [Extent1].[ContextKey] = @p__linq__0
    )  AS [GroupBy1]
2014-12-13 00:03:53.6013|TRACE|KarateIsere.DataAccess.KarateIsereContext|

2014-12-13 00:03:53.6013|TRACE|KarateIsere.DataAccess.KarateIsereContext|-- p__linq__0: 'KarateIsere.DataAccess.KarateIsereContext' (Type = String, Size = 4000)

2014-12-13 00:03:53.6188|TRACE|KarateIsere.DataAccess.KarateIsereContext|-- Executing at 13/12/2014 00:03:53 +01:00

2014-12-13 00:03:53.6553|TRACE|KarateIsere.DataAccess.KarateIsereContext|-- Completed in 31 ms with result: SqlDataReader

2014-12-13 00:03:53.6553|TRACE|KarateIsere.DataAccess.KarateIsereContext|

2014-12-13 00:03:53.6643|TRACE|KarateIsere.DataAccess.KarateIsereContext|Closed connection at 13/12/2014 00:03:53 +01:00

2014-12-13 00:03:53.6643|TRACE|KarateIsere.DataAccess.KarateIsereContext|Opened connection at 13/12/2014 00:03:53 +01:00

2014-12-13 00:03:53.6643|TRACE|KarateIsere.DataAccess.KarateIsereContext|SELECT TOP (1) 
    [Project1].[C1] AS [C1], 
    [Project1].[MigrationId] AS [MigrationId], 
    [Project1].[Model] AS [Model], 
    [Project1].[ProductVersion] AS [ProductVersion]
    FROM ( SELECT 
        [Extent1].[MigrationId] AS [MigrationId], 
        [Extent1].[Model] AS [Model], 
        [Extent1].[ProductVersion] AS [ProductVersion], 
        1 AS [C1]
        FROM [dbo].[__MigrationHistory] AS [Extent1]
        WHERE [Extent1].[ContextKey] = @p__linq__0
    )  AS [Project1]
    ORDER BY [Project1].[MigrationId] DESC
2014-12-13 00:03:53.6818|TRACE|KarateIsere.DataAccess.KarateIsereContext|

2014-12-13 00:03:53.6818|TRACE|KarateIsere.DataAccess.KarateIsereContext|-- p__linq__0: 'KarateIsere.DataAccess.KarateIsereContext' (Type = String, Size = 4000)

2014-12-13 00:03:53.6938|TRACE|KarateIsere.DataAccess.KarateIsereContext|-- Executing at 13/12/2014 00:03:53 +01:00

2014-12-13 00:03:53.7433|TRACE|KarateIsere.DataAccess.KarateIsereContext|-- Completed in 44 ms with result: SqlDataReader

2014-12-13 00:03:53.7433|TRACE|KarateIsere.DataAccess.KarateIsereContext|

2014-12-13 00:03:53.7433|TRACE|KarateIsere.DataAccess.KarateIsereContext|Closed connection at 13/12/2014 00:03:53 +01:00

2014-12-13 00:03:54.5439|TRACE|KarateIsere.DataAccess.KarateIsereContext|Opened connection at 13/12/2014 00:03:54 +01:00

2014-12-13 00:03:54.8359|TRACE|KarateIsere.DataAccess.KarateIsereContext|SELECT 
    [Extent1].[Nom] AS [Nom]
    FROM [dbo].[Categorie] AS [Extent1]
2014-12-13 00:03:54.8359|TRACE|KarateIsere.DataAccess.KarateIsereContext|

2014-12-13 00:03:54.8359|TRACE|KarateIsere.DataAccess.KarateIsereContext|-- Executing at 13/12/2014 00:03:54 +01:00

2014-12-13 00:03:54.8734|TRACE|KarateIsere.DataAccess.KarateIsereContext|-- Completed in 24 ms with result: SqlDataReader

2014-12-13 00:03:54.8734|TRACE|KarateIsere.DataAccess.KarateIsereContext|

2014-12-13 00:03:54.8829|TRACE|KarateIsere.DataAccess.KarateIsereContext|Closed connection at 13/12/2014 00:03:54 +01:00

2014-12-13 00:03:55.0275|TRACE|KarateIsere.DataAccess.KarateIsereContext|Opened connection at 13/12/2014 00:03:55 +01:00

2014-12-13 00:03:55.0565|TRACE|KarateIsere.DataAccess.KarateIsereContext|SELECT 
    [Extent1].[Id] AS [Id], 
    [Extent1].[Nom] AS [Nom], 
    [Extent1].[DateCompetition] AS [DateCompetition], 
    [Extent1].[FinInscription] AS [FinInscription], 
    [Extent1].[Lieu] AS [Lieu], 
    [Extent1].[IsKata] AS [IsKata]
    FROM [dbo].[Competition] AS [Extent1]
2014-12-13 00:03:55.0565|TRACE|KarateIsere.DataAccess.KarateIsereContext|

2014-12-13 00:03:55.0680|TRACE|KarateIsere.DataAccess.KarateIsereContext|-- Executing at 13/12/2014 00:03:55 +01:00

2014-12-13 00:03:55.0980|TRACE|KarateIsere.DataAccess.KarateIsereContext|-- Completed in 23 ms with result: SqlDataReader

2014-12-13 00:03:55.0980|TRACE|KarateIsere.DataAccess.KarateIsereContext|

2014-12-13 00:03:55.1135|TRACE|KarateIsere.DataAccess.KarateIsereContext|Closed connection at 13/12/2014 00:03:55 +01:00

2014-12-13 00:04:33.2078|TRACE|KarateIsere.DataAccess.KarateIsereContext|Opened connection at 13/12/2014 00:04:33 +01:00

2014-12-13 00:04:33.3508|TRACE|KarateIsere.DataAccess.KarateIsereContext|SELECT 
    [Project2].[Id] AS [Id], 
    [Project2].[Nom] AS [Nom], 
    [Project2].[DateCompetition] AS [DateCompetition], 
    [Project2].[FinInscription] AS [FinInscription], 
    [Project2].[Lieu] AS [Lieu], 
    [Project2].[IsKata] AS [IsKata], 
    [Project2].[C1] AS [C1], 
    [Project2].[Competition_Id] AS [Competition_Id]
    FROM ( SELECT 
        [Limit1].[Id] AS [Id], 
        [Limit1].[Nom] AS [Nom], 
        [Limit1].[DateCompetition] AS [DateCompetition], 
        [Limit1].[FinInscription] AS [FinInscription], 
        [Limit1].[Lieu] AS [Lieu], 
        [Limit1].[IsKata] AS [IsKata], 
        [Extent2].[Competition_Id] AS [Competition_Id], 
        CASE WHEN ([Extent2].[Categorie_Nom] IS NULL) THEN CAST(NULL AS int) ELSE 1 END AS [C1]
        FROM   (SELECT TOP (2) 
            [Extent1].[Id] AS [Id], 
            [Extent1].[Nom] AS [Nom], 
            [Extent1].[DateCompetition] AS [DateCompetition], 
            [Extent1].[FinInscription] AS [FinInscription], 
            [Extent1].[Lieu] AS [Lieu], 
            [Extent1].[IsKata] AS [IsKata]
            FROM [dbo].[Competition] AS [Extent1]
            WHERE ((UPPER([Extent1].[Nom])) = @p__linq__0) OR ((UPPER([Extent1].[Nom]) IS NULL) AND (@p__linq__0 IS NULL)) ) AS [Limit1]
        LEFT OUTER JOIN [dbo].[CompetitionCategories] AS [Extent2] ON [Limit1].[Id] = [Extent2].[Categorie_Nom]
    )  AS [Project2]
    ORDER BY [Project2].[Id] ASC, [Project2].[C1] ASC
2014-12-13 00:04:33.3508|TRACE|KarateIsere.DataAccess.KarateIsereContext|

2014-12-13 00:04:33.3673|TRACE|KarateIsere.DataAccess.KarateIsereContext|-- p__linq__0: 'Test compétition1' (Type = String, Size = 4000)

2014-12-13 00:04:33.3673|TRACE|KarateIsere.DataAccess.KarateIsereContext|-- Executing at 13/12/2014 00:04:33 +01:00

2014-12-13 00:04:33.4258|TRACE|KarateIsere.DataAccess.KarateIsereContext|-- Completed in 42 ms with result: SqlDataReader

2014-12-13 00:04:33.4308|TRACE|KarateIsere.DataAccess.KarateIsereContext|

2014-12-13 00:04:33.4308|TRACE|KarateIsere.DataAccess.KarateIsereContext|Closed connection at 13/12/2014 00:04:33 +01:00

2014-12-13 00:04:33.4473|TRACE|KarateIsere.DataAccess.KarateIsereContext|Opened connection at 13/12/2014 00:04:33 +01:00

2014-12-13 00:04:33.4613|TRACE|KarateIsere.DataAccess.KarateIsereContext|SELECT TOP (2) 
    [Extent1].[Nom] AS [Nom]
    FROM [dbo].[Categorie] AS [Extent1]
    WHERE [Extent1].[Nom] = @p__linq__0
2014-12-13 00:04:33.4613|TRACE|KarateIsere.DataAccess.KarateIsereContext|

2014-12-13 00:04:33.4613|TRACE|KarateIsere.DataAccess.KarateIsereContext|-- p__linq__0: 'Benjamin' (Type = AnsiString, Size = 8000)

2014-12-13 00:04:33.4778|TRACE|KarateIsere.DataAccess.KarateIsereContext|-- Executing at 13/12/2014 00:04:33 +01:00

2014-12-13 00:04:33.5119|TRACE|KarateIsere.DataAccess.KarateIsereContext|-- Completed in 28 ms with result: SqlDataReader

2014-12-13 00:04:33.5119|TRACE|KarateIsere.DataAccess.KarateIsereContext|

2014-12-13 00:04:33.5244|TRACE|KarateIsere.DataAccess.KarateIsereContext|Closed connection at 13/12/2014 00:04:33 +01:00

2014-12-13 00:06:13.9836|TRACE|KarateIsere.DataAccess.KarateIsereContext|Opened connection at 13/12/2014 00:06:13 +01:00

2014-12-13 00:06:13.9891|TRACE|KarateIsere.DataAccess.KarateIsereContext|Started transaction at 13/12/2014 00:06:13 +01:00

2014-12-13 00:06:14.2296|TRACE|KarateIsere.DataAccess.KarateIsereContext|INSERT [dbo].[Competition]([Nom], [DateCompetition], [FinInscription], [Lieu], [IsKata])
VALUES (@0, @1, @2, @3, @4)
SELECT [Id]
FROM [dbo].[Competition]
WHERE @@ROWCOUNT > 0 AND [Id] = scope_identity()
2014-12-13 00:06:14.5037|TRACE|KarateIsere.DataAccess.KarateIsereContext|

2014-12-13 00:06:14.5037|TRACE|KarateIsere.DataAccess.KarateIsereContext|-- @0: 'Test compétition1' (Type = String, Size = 100)

2014-12-13 00:06:14.5152|TRACE|KarateIsere.DataAccess.KarateIsereContext|-- @1: '28/02/2015 00:00:00' (Type = DateTime2)

2014-12-13 00:06:14.5152|TRACE|KarateIsere.DataAccess.KarateIsereContext|-- @2: '01/02/2015 00:00:00' (Type = DateTime2)

2014-12-13 00:06:14.5152|TRACE|KarateIsere.DataAccess.KarateIsereContext|-- @3: 'Saint-Egrève' (Type = String, Size = 100)

2014-12-13 00:06:14.5322|TRACE|KarateIsere.DataAccess.KarateIsereContext|-- @4: 'False' (Type = Boolean)

2014-12-13 00:06:14.5322|TRACE|KarateIsere.DataAccess.KarateIsereContext|-- Executing at 13/12/2014 00:06:14 +01:00

2014-12-13 00:06:14.7747|TRACE|KarateIsere.DataAccess.KarateIsereContext|-- Failed in 232 ms with error: Conversion failed when converting the nvarchar value 'Test compétition1' to data type int.

2014-12-13 00:06:14.7817|TRACE|KarateIsere.DataAccess.KarateIsereContext|

2014-12-13 00:06:14.9177|TRACE|KarateIsere.DataAccess.KarateIsereContext|Closed connection at 13/12/2014 00:06:14 +01:00

2014-12-13 00:07:22.1578|TRACE|KarateIsere.DataAccess.KarateIsereContext|Opened connection at 13/12/2014 00:07:22 +01:00

2014-12-13 00:07:22.4873|TRACE|KarateIsere.DataAccess.KarateIsereContext|
SELECT Count(*)
FROM INFORMATION_SCHEMA.TABLES AS t
WHERE t.TABLE_SCHEMA + '.' + t.TABLE_NAME IN ('dbo.Adherents','dbo.Admin','dbo.Art_Martial','dbo.Categorie','dbo.Competiteur','dbo.Club','dbo.ListeCompetiteur','dbo.Professeurs','dbo.Competition','dbo.Inscriptions','dbo.Creneaux','dbo.Club_Professeur','dbo.CompetitionCategories')
    OR t.TABLE_NAME = 'EdmMetadata'
2014-12-13 00:07:22.4873|TRACE|KarateIsere.DataAccess.KarateIsereContext|

2014-12-13 00:07:22.4873|TRACE|KarateIsere.DataAccess.KarateIsereContext|-- Executing at 13/12/2014 00:07:22 +01:00

2014-12-13 00:07:22.5323|TRACE|KarateIsere.DataAccess.KarateIsereContext|-- Completed in 26 ms with result: 9

2014-12-13 00:07:22.5323|TRACE|KarateIsere.DataAccess.KarateIsereContext|

2014-12-13 00:07:22.5323|TRACE|KarateIsere.DataAccess.KarateIsereContext|Closed connection at 13/12/2014 00:07:22 +01:00

2014-12-13 00:07:22.5503|TRACE|KarateIsere.DataAccess.KarateIsereContext|Opened connection at 13/12/2014 00:07:22 +01:00

2014-12-13 00:07:22.5503|TRACE|KarateIsere.DataAccess.KarateIsereContext|SELECT 
    [GroupBy1].[A1] AS [C1]
    FROM ( SELECT 
        COUNT(1) AS [A1]
        FROM [dbo].[__MigrationHistory] AS [Extent1]
        WHERE [Extent1].[ContextKey] = @p__linq__0
    )  AS [GroupBy1]
2014-12-13 00:07:22.5503|TRACE|KarateIsere.DataAccess.KarateIsereContext|

2014-12-13 00:07:22.5653|TRACE|KarateIsere.DataAccess.KarateIsereContext|-- p__linq__0: 'KarateIsere.DataAccess.KarateIsereContext' (Type = String, Size = 4000)

2014-12-13 00:07:22.5653|TRACE|KarateIsere.DataAccess.KarateIsereContext|-- Executing at 13/12/2014 00:07:22 +01:00

2014-12-13 00:07:22.6138|TRACE|KarateIsere.DataAccess.KarateIsereContext|-- Completed in 36 ms with result: SqlDataReader

2014-12-13 00:07:22.6138|TRACE|KarateIsere.DataAccess.KarateIsereContext|

2014-12-13 00:07:22.6138|TRACE|KarateIsere.DataAccess.KarateIsereContext|Closed connection at 13/12/2014 00:07:22 +01:00

2014-12-13 00:07:22.6273|TRACE|KarateIsere.DataAccess.KarateIsereContext|Opened connection at 13/12/2014 00:07:22 +01:00

2014-12-13 00:07:22.6273|TRACE|KarateIsere.DataAccess.KarateIsereContext|SELECT TOP (1) 
    [Project1].[C1] AS [C1], 
    [Project1].[MigrationId] AS [MigrationId], 
    [Project1].[Model] AS [Model], 
    [Project1].[ProductVersion] AS [ProductVersion]
    FROM ( SELECT 
        [Extent1].[MigrationId] AS [MigrationId], 
        [Extent1].[Model] AS [Model], 
        [Extent1].[ProductVersion] AS [ProductVersion], 
        1 AS [C1]
        FROM [dbo].[__MigrationHistory] AS [Extent1]
        WHERE [Extent1].[ContextKey] = @p__linq__0
    )  AS [Project1]
    ORDER BY [Project1].[MigrationId] DESC
2014-12-13 00:07:22.6418|TRACE|KarateIsere.DataAccess.KarateIsereContext|

2014-12-13 00:07:22.6418|TRACE|KarateIsere.DataAccess.KarateIsereContext|-- p__linq__0: 'KarateIsere.DataAccess.KarateIsereContext' (Type = String, Size = 4000)

2014-12-13 00:07:22.6418|TRACE|KarateIsere.DataAccess.KarateIsereContext|-- Executing at 13/12/2014 00:07:22 +01:00

2014-12-13 00:07:22.6958|TRACE|KarateIsere.DataAccess.KarateIsereContext|-- Completed in 39 ms with result: SqlDataReader

2014-12-13 00:07:22.6958|TRACE|KarateIsere.DataAccess.KarateIsereContext|

2014-12-13 00:07:22.7093|TRACE|KarateIsere.DataAccess.KarateIsereContext|Closed connection at 13/12/2014 00:07:22 +01:00

2014-12-13 00:07:23.4794|TRACE|KarateIsere.DataAccess.KarateIsereContext|Opened connection at 13/12/2014 00:07:23 +01:00

2014-12-13 00:07:23.5629|TRACE|KarateIsere.DataAccess.KarateIsereContext|SELECT 
    [Extent1].[Nom] AS [Nom]
    FROM [dbo].[Categorie] AS [Extent1]
2014-12-13 00:07:23.5629|TRACE|KarateIsere.DataAccess.KarateIsereContext|

2014-12-13 00:07:23.5629|TRACE|KarateIsere.DataAccess.KarateIsereContext|-- Executing at 13/12/2014 00:07:23 +01:00

2014-12-13 00:07:23.6110|TRACE|KarateIsere.DataAccess.KarateIsereContext|-- Completed in 27 ms with result: SqlDataReader

2014-12-13 00:07:23.6110|TRACE|KarateIsere.DataAccess.KarateIsereContext|

2014-12-13 00:07:23.6265|TRACE|KarateIsere.DataAccess.KarateIsereContext|Closed connection at 13/12/2014 00:07:23 +01:00

2014-12-13 00:07:23.7605|TRACE|KarateIsere.DataAccess.KarateIsereContext|Opened connection at 13/12/2014 00:07:23 +01:00

2014-12-13 00:07:23.7945|TRACE|KarateIsere.DataAccess.KarateIsereContext|SELECT 
    [Extent1].[Id] AS [Id], 
    [Extent1].[Nom] AS [Nom], 
    [Extent1].[DateCompetition] AS [DateCompetition], 
    [Extent1].[FinInscription] AS [FinInscription], 
    [Extent1].[Lieu] AS [Lieu], 
    [Extent1].[IsKata] AS [IsKata]
    FROM [dbo].[Competition] AS [Extent1]
2014-12-13 00:07:23.8000|TRACE|KarateIsere.DataAccess.KarateIsereContext|

2014-12-13 00:07:23.8110|TRACE|KarateIsere.DataAccess.KarateIsereContext|-- Executing at 13/12/2014 00:07:23 +01:00

2014-12-13 00:07:23.8430|TRACE|KarateIsere.DataAccess.KarateIsereContext|-- Completed in 26 ms with result: SqlDataReader

2014-12-13 00:07:23.8430|TRACE|KarateIsere.DataAccess.KarateIsereContext|

2014-12-13 00:07:23.8430|TRACE|KarateIsere.DataAccess.KarateIsereContext|Closed connection at 13/12/2014 00:07:23 +01:00

2014-12-13 00:07:52.6401|TRACE|KarateIsere.DataAccess.KarateIsereContext|Opened connection at 13/12/2014 00:07:52 +01:00

2014-12-13 00:07:52.7507|TRACE|KarateIsere.DataAccess.KarateIsereContext|SELECT 
    [Project2].[Id] AS [Id], 
    [Project2].[Nom] AS [Nom], 
    [Project2].[DateCompetition] AS [DateCompetition], 
    [Project2].[FinInscription] AS [FinInscription], 
    [Project2].[Lieu] AS [Lieu], 
    [Project2].[IsKata] AS [IsKata], 
    [Project2].[C1] AS [C1], 
    [Project2].[Competition_Id] AS [Competition_Id]
    FROM ( SELECT 
        [Limit1].[Id] AS [Id], 
        [Limit1].[Nom] AS [Nom], 
        [Limit1].[DateCompetition] AS [DateCompetition], 
        [Limit1].[FinInscription] AS [FinInscription], 
        [Limit1].[Lieu] AS [Lieu], 
        [Limit1].[IsKata] AS [IsKata], 
        [Extent2].[Competition_Id] AS [Competition_Id], 
        CASE WHEN ([Extent2].[Categorie_Nom] IS NULL) THEN CAST(NULL AS int) ELSE 1 END AS [C1]
        FROM   (SELECT TOP (2) 
            [Extent1].[Id] AS [Id], 
            [Extent1].[Nom] AS [Nom], 
            [Extent1].[DateCompetition] AS [DateCompetition], 
            [Extent1].[FinInscription] AS [FinInscription], 
            [Extent1].[Lieu] AS [Lieu], 
            [Extent1].[IsKata] AS [IsKata]
            FROM [dbo].[Competition] AS [Extent1]
            WHERE ((UPPER([Extent1].[Nom])) = @p__linq__0) OR ((UPPER([Extent1].[Nom]) IS NULL) AND (@p__linq__0 IS NULL)) ) AS [Limit1]
        LEFT OUTER JOIN [dbo].[CompetitionCategories] AS [Extent2] ON [Limit1].[Id] = [Extent2].[Categorie_Nom]
    )  AS [Project2]
    ORDER BY [Project2].[Id] ASC, [Project2].[C1] ASC
2014-12-13 00:07:52.7507|TRACE|KarateIsere.DataAccess.KarateIsereContext|

2014-12-13 00:07:52.7507|TRACE|KarateIsere.DataAccess.KarateIsereContext|-- p__linq__0: 'Test compétition1' (Type = String, Size = 4000)

2014-12-13 00:07:52.7672|TRACE|KarateIsere.DataAccess.KarateIsereContext|-- Executing at 13/12/2014 00:07:52 +01:00

2014-12-13 00:07:52.8097|TRACE|KarateIsere.DataAccess.KarateIsereContext|-- Completed in 33 ms with result: SqlDataReader

2014-12-13 00:07:52.8142|TRACE|KarateIsere.DataAccess.KarateIsereContext|

2014-12-13 00:07:52.8142|TRACE|KarateIsere.DataAccess.KarateIsereContext|Closed connection at 13/12/2014 00:07:52 +01:00

2014-12-13 00:07:52.8302|TRACE|KarateIsere.DataAccess.KarateIsereContext|Opened connection at 13/12/2014 00:07:52 +01:00

2014-12-13 00:07:52.8302|TRACE|KarateIsere.DataAccess.KarateIsereContext|SELECT TOP (2) 
    [Extent1].[Nom] AS [Nom]
    FROM [dbo].[Categorie] AS [Extent1]
    WHERE [Extent1].[Nom] = @p__linq__0
2014-12-13 00:07:52.8452|TRACE|KarateIsere.DataAccess.KarateIsereContext|

2014-12-13 00:07:52.8452|TRACE|KarateIsere.DataAccess.KarateIsereContext|-- p__linq__0: 'Cadet' (Type = AnsiString, Size = 8000)

2014-12-13 00:07:52.8452|TRACE|KarateIsere.DataAccess.KarateIsereContext|-- Executing at 13/12/2014 00:07:52 +01:00

2014-12-13 00:07:52.8907|TRACE|KarateIsere.DataAccess.KarateIsereContext|-- Completed in 29 ms with result: SqlDataReader

2014-12-13 00:07:52.8907|TRACE|KarateIsere.DataAccess.KarateIsereContext|

2014-12-13 00:07:52.8907|TRACE|KarateIsere.DataAccess.KarateIsereContext|Closed connection at 13/12/2014 00:07:52 +01:00

2014-12-13 00:08:08.5737|TRACE|KarateIsere.DataAccess.KarateIsereContext|Opened connection at 13/12/2014 00:08:08 +01:00

2014-12-13 00:08:08.5902|TRACE|KarateIsere.DataAccess.KarateIsereContext|Started transaction at 13/12/2014 00:08:08 +01:00

2014-12-13 00:08:08.8422|TRACE|KarateIsere.DataAccess.KarateIsereContext|INSERT [dbo].[Competition]([Nom], [DateCompetition], [FinInscription], [Lieu], [IsKata])
VALUES (@0, @1, @2, @3, @4)
SELECT [Id]
FROM [dbo].[Competition]
WHERE @@ROWCOUNT > 0 AND [Id] = scope_identity()
2014-12-13 00:08:08.8517|TRACE|KarateIsere.DataAccess.KarateIsereContext|

2014-12-13 00:08:08.8517|TRACE|KarateIsere.DataAccess.KarateIsereContext|-- @0: 'Test compétition1' (Type = String, Size = 100)

2014-12-13 00:08:08.8647|TRACE|KarateIsere.DataAccess.KarateIsereContext|-- @1: '28/02/2015 00:00:00' (Type = DateTime2)

2014-12-13 00:08:08.8647|TRACE|KarateIsere.DataAccess.KarateIsereContext|-- @2: '01/02/2015 00:00:00' (Type = DateTime2)

2014-12-13 00:08:08.8647|TRACE|KarateIsere.DataAccess.KarateIsereContext|-- @3: 'Saint-Egrève' (Type = String, Size = 100)

2014-12-13 00:08:08.8832|TRACE|KarateIsere.DataAccess.KarateIsereContext|-- @4: 'False' (Type = Boolean)

2014-12-13 00:08:08.8832|TRACE|KarateIsere.DataAccess.KarateIsereContext|-- Executing at 13/12/2014 00:08:08 +01:00

2014-12-13 00:08:09.1502|TRACE|KarateIsere.DataAccess.KarateIsereContext|-- Failed in 256 ms with error: Conversion failed when converting the nvarchar value 'Test compétition1' to data type int.

2014-12-13 00:08:09.1502|TRACE|KarateIsere.DataAccess.KarateIsereContext|

2014-12-13 00:08:09.3083|TRACE|KarateIsere.DataAccess.KarateIsereContext|Closed connection at 13/12/2014 00:08:09 +01:00

2014-12-13 00:11:07.0053|TRACE|KarateIsere.DataAccess.KarateIsereContext|Opened connection at 13/12/2014 00:11:06 +01:00

2014-12-13 00:11:07.0363|TRACE|KarateIsere.DataAccess.KarateIsereContext|
SELECT Count(*)
FROM INFORMATION_SCHEMA.TABLES AS t
WHERE t.TABLE_SCHEMA + '.' + t.TABLE_NAME IN ('dbo.Adherents','dbo.Admin','dbo.Art_Martial','dbo.Categorie','dbo.Competiteur','dbo.Club','dbo.ListeCompetiteur','dbo.Professeurs','dbo.Competition','dbo.Inscriptions','dbo.Creneaux','dbo.Club_Professeur','dbo.CompetitionCategories')
    OR t.TABLE_NAME = 'EdmMetadata'
2014-12-13 00:11:07.0363|TRACE|KarateIsere.DataAccess.KarateIsereContext|

2014-12-13 00:11:07.0363|TRACE|KarateIsere.DataAccess.KarateIsereContext|-- Executing at 13/12/2014 00:11:07 +01:00

2014-12-13 00:11:07.0868|TRACE|KarateIsere.DataAccess.KarateIsereContext|-- Completed in 27 ms with result: 9

2014-12-13 00:11:07.0868|TRACE|KarateIsere.DataAccess.KarateIsereContext|

2014-12-13 00:11:07.0868|TRACE|KarateIsere.DataAccess.KarateIsereContext|Closed connection at 13/12/2014 00:11:07 +01:00

2014-12-13 00:11:07.0998|TRACE|KarateIsere.DataAccess.KarateIsereContext|Opened connection at 13/12/2014 00:11:07 +01:00

2014-12-13 00:11:07.1123|TRACE|KarateIsere.DataAccess.KarateIsereContext|SELECT 
    [GroupBy1].[A1] AS [C1]
    FROM ( SELECT 
        COUNT(1) AS [A1]
        FROM [dbo].[__MigrationHistory] AS [Extent1]
        WHERE [Extent1].[ContextKey] = @p__linq__0
    )  AS [GroupBy1]
2014-12-13 00:11:07.1123|TRACE|KarateIsere.DataAccess.KarateIsereContext|

2014-12-13 00:11:07.1123|TRACE|KarateIsere.DataAccess.KarateIsereContext|-- p__linq__0: 'KarateIsere.DataAccess.KarateIsereContext' (Type = String, Size = 4000)

2014-12-13 00:11:07.1263|TRACE|KarateIsere.DataAccess.KarateIsereContext|-- Executing at 13/12/2014 00:11:07 +01:00

2014-12-13 00:11:07.1628|TRACE|KarateIsere.DataAccess.KarateIsereContext|-- Completed in 32 ms with result: SqlDataReader

2014-12-13 00:11:07.1628|TRACE|KarateIsere.DataAccess.KarateIsereContext|

2014-12-13 00:11:07.1733|TRACE|KarateIsere.DataAccess.KarateIsereContext|Closed connection at 13/12/2014 00:11:07 +01:00

2014-12-13 00:11:07.1733|TRACE|KarateIsere.DataAccess.KarateIsereContext|Opened connection at 13/12/2014 00:11:07 +01:00

2014-12-13 00:11:07.1733|TRACE|KarateIsere.DataAccess.KarateIsereContext|SELECT TOP (1) 
    [Project1].[C1] AS [C1], 
    [Project1].[MigrationId] AS [MigrationId], 
    [Project1].[Model] AS [Model], 
    [Project1].[ProductVersion] AS [ProductVersion]
    FROM ( SELECT 
        [Extent1].[MigrationId] AS [MigrationId], 
        [Extent1].[Model] AS [Model], 
        [Extent1].[ProductVersion] AS [ProductVersion], 
        1 AS [C1]
        FROM [dbo].[__MigrationHistory] AS [Extent1]
        WHERE [Extent1].[ContextKey] = @p__linq__0
    )  AS [Project1]
    ORDER BY [Project1].[MigrationId] DESC
2014-12-13 00:11:07.1913|TRACE|KarateIsere.DataAccess.KarateIsereContext|

2014-12-13 00:11:07.1913|TRACE|KarateIsere.DataAccess.KarateIsereContext|-- p__linq__0: 'KarateIsere.DataAccess.KarateIsereContext' (Type = String, Size = 4000)

2014-12-13 00:11:07.1913|TRACE|KarateIsere.DataAccess.KarateIsereContext|-- Executing at 13/12/2014 00:11:07 +01:00

2014-12-13 00:11:07.2363|TRACE|KarateIsere.DataAccess.KarateIsereContext|-- Completed in 31 ms with result: SqlDataReader

2014-12-13 00:11:07.2363|TRACE|KarateIsere.DataAccess.KarateIsereContext|

2014-12-13 00:11:07.2363|TRACE|KarateIsere.DataAccess.KarateIsereContext|Closed connection at 13/12/2014 00:11:07 +01:00

2014-12-13 00:11:08.0019|TRACE|KarateIsere.DataAccess.KarateIsereContext|Opened connection at 13/12/2014 00:11:08 +01:00

2014-12-13 00:11:08.0900|TRACE|KarateIsere.DataAccess.KarateIsereContext|SELECT 
    [Extent1].[Nom] AS [Nom]
    FROM [dbo].[Categorie] AS [Extent1]
2014-12-13 00:11:08.7560|TRACE|KarateIsere.DataAccess.KarateIsereContext|

2014-12-13 00:11:08.7560|TRACE|KarateIsere.DataAccess.KarateIsereContext|-- Executing at 13/12/2014 00:11:08 +01:00

2014-12-13 00:11:08.7890|TRACE|KarateIsere.DataAccess.KarateIsereContext|-- Completed in 24 ms with result: SqlDataReader

2014-12-13 00:11:08.7890|TRACE|KarateIsere.DataAccess.KarateIsereContext|

2014-12-13 00:11:08.7980|TRACE|KarateIsere.DataAccess.KarateIsereContext|Closed connection at 13/12/2014 00:11:08 +01:00

2014-12-13 00:11:08.9381|TRACE|KarateIsere.DataAccess.KarateIsereContext|Opened connection at 13/12/2014 00:11:08 +01:00

2014-12-13 00:11:08.9671|TRACE|KarateIsere.DataAccess.KarateIsereContext|SELECT 
    [Extent1].[Id] AS [Id], 
    [Extent1].[Nom] AS [Nom], 
    [Extent1].[DateCompetition] AS [DateCompetition], 
    [Extent1].[FinInscription] AS [FinInscription], 
    [Extent1].[Lieu] AS [Lieu], 
    [Extent1].[IsKata] AS [IsKata]
    FROM [dbo].[Competition] AS [Extent1]
2014-12-13 00:11:08.9671|TRACE|KarateIsere.DataAccess.KarateIsereContext|

2014-12-13 00:11:08.9671|TRACE|KarateIsere.DataAccess.KarateIsereContext|-- Executing at 13/12/2014 00:11:08 +01:00

2014-12-13 00:11:09.0066|TRACE|KarateIsere.DataAccess.KarateIsereContext|-- Completed in 26 ms with result: SqlDataReader

2014-12-13 00:11:09.0066|TRACE|KarateIsere.DataAccess.KarateIsereContext|

2014-12-13 00:11:09.0176|TRACE|KarateIsere.DataAccess.KarateIsereContext|Closed connection at 13/12/2014 00:11:09 +01:00

2014-12-13 00:11:32.9416|TRACE|KarateIsere.DataAccess.KarateIsereContext|Opened connection at 13/12/2014 00:11:32 +01:00

2014-12-13 00:11:33.0786|TRACE|KarateIsere.DataAccess.KarateIsereContext|SELECT 
    [Project2].[Id] AS [Id], 
    [Project2].[Nom] AS [Nom], 
    [Project2].[DateCompetition] AS [DateCompetition], 
    [Project2].[FinInscription] AS [FinInscription], 
    [Project2].[Lieu] AS [Lieu], 
    [Project2].[IsKata] AS [IsKata], 
    [Project2].[C1] AS [C1], 
    [Project2].[Competition_Id] AS [Competition_Id]
    FROM ( SELECT 
        [Limit1].[Id] AS [Id], 
        [Limit1].[Nom] AS [Nom], 
        [Limit1].[DateCompetition] AS [DateCompetition], 
        [Limit1].[FinInscription] AS [FinInscription], 
        [Limit1].[Lieu] AS [Lieu], 
        [Limit1].[IsKata] AS [IsKata], 
        [Extent2].[Competition_Id] AS [Competition_Id], 
        CASE WHEN ([Extent2].[Categorie_Nom] IS NULL) THEN CAST(NULL AS int) ELSE 1 END AS [C1]
        FROM   (SELECT TOP (2) 
            [Extent1].[Id] AS [Id], 
            [Extent1].[Nom] AS [Nom], 
            [Extent1].[DateCompetition] AS [DateCompetition], 
            [Extent1].[FinInscription] AS [FinInscription], 
            [Extent1].[Lieu] AS [Lieu], 
            [Extent1].[IsKata] AS [IsKata]
            FROM [dbo].[Competition] AS [Extent1]
            WHERE ((UPPER([Extent1].[Nom])) = @p__linq__0) OR ((UPPER([Extent1].[Nom]) IS NULL) AND (@p__linq__0 IS NULL)) ) AS [Limit1]
        LEFT OUTER JOIN [dbo].[CompetitionCategories] AS [Extent2] ON [Limit1].[Id] = [Extent2].[Categorie_Nom]
    )  AS [Project2]
    ORDER BY [Project2].[Id] ASC, [Project2].[C1] ASC
2014-12-13 00:11:33.0786|TRACE|KarateIsere.DataAccess.KarateIsereContext|

2014-12-13 00:11:33.0891|TRACE|KarateIsere.DataAccess.KarateIsereContext|-- p__linq__0: 'Test compétition1' (Type = String, Size = 4000)

2014-12-13 00:11:33.0891|TRACE|KarateIsere.DataAccess.KarateIsereContext|-- Executing at 13/12/2014 00:11:33 +01:00

2014-12-13 00:11:33.1831|TRACE|KarateIsere.DataAccess.KarateIsereContext|-- Completed in 71 ms with result: SqlDataReader

2014-12-13 00:11:33.1831|TRACE|KarateIsere.DataAccess.KarateIsereContext|

2014-12-13 00:11:33.1951|TRACE|KarateIsere.DataAccess.KarateIsereContext|Closed connection at 13/12/2014 00:11:33 +01:00

2014-12-13 00:11:33.1951|TRACE|KarateIsere.DataAccess.KarateIsereContext|Opened connection at 13/12/2014 00:11:33 +01:00

2014-12-13 00:11:33.2111|TRACE|KarateIsere.DataAccess.KarateIsereContext|SELECT TOP (2) 
    [Extent1].[Nom] AS [Nom]
    FROM [dbo].[Categorie] AS [Extent1]
    WHERE [Extent1].[Nom] = @p__linq__0
2014-12-13 00:11:33.2111|TRACE|KarateIsere.DataAccess.KarateIsereContext|

2014-12-13 00:11:33.2306|TRACE|KarateIsere.DataAccess.KarateIsereContext|-- p__linq__0: 'Benjamin' (Type = AnsiString, Size = 8000)

2014-12-13 00:11:33.2421|TRACE|KarateIsere.DataAccess.KarateIsereContext|-- Executing at 13/12/2014 00:11:33 +01:00

2014-12-13 00:11:33.2762|TRACE|KarateIsere.DataAccess.KarateIsereContext|-- Completed in 29 ms with result: SqlDataReader

2014-12-13 00:11:33.2762|TRACE|KarateIsere.DataAccess.KarateIsereContext|

2014-12-13 00:11:33.2887|TRACE|KarateIsere.DataAccess.KarateIsereContext|Closed connection at 13/12/2014 00:11:33 +01:00

2014-12-13 00:11:38.4048|TRACE|KarateIsere.DataAccess.KarateIsereContext|Opened connection at 13/12/2014 00:11:38 +01:00

2014-12-13 00:11:38.4048|TRACE|KarateIsere.DataAccess.KarateIsereContext|Started transaction at 13/12/2014 00:11:38 +01:00

2014-12-13 00:11:38.6223|TRACE|KarateIsere.DataAccess.KarateIsereContext|INSERT [dbo].[Competition]([Nom], [DateCompetition], [FinInscription], [Lieu], [IsKata])
VALUES (@0, @1, @2, @3, @4)
SELECT [Id]
FROM [dbo].[Competition]
WHERE @@ROWCOUNT > 0 AND [Id] = scope_identity()
2014-12-13 00:11:38.6263|TRACE|KarateIsere.DataAccess.KarateIsereContext|

2014-12-13 00:11:38.6263|TRACE|KarateIsere.DataAccess.KarateIsereContext|-- @0: 'Test compétition1' (Type = String, Size = 100)

2014-12-13 00:11:38.6263|TRACE|KarateIsere.DataAccess.KarateIsereContext|-- @1: '28/03/2015 00:00:00' (Type = DateTime2)

2014-12-13 00:11:38.6408|TRACE|KarateIsere.DataAccess.KarateIsereContext|-- @2: '16/01/2015 00:00:00' (Type = DateTime2)

2014-12-13 00:11:38.6408|TRACE|KarateIsere.DataAccess.KarateIsereContext|-- @3: 'Saint-Egrève' (Type = String, Size = 100)

2014-12-13 00:11:38.6408|TRACE|KarateIsere.DataAccess.KarateIsereContext|-- @4: 'True' (Type = Boolean)

2014-12-13 00:11:38.6578|TRACE|KarateIsere.DataAccess.KarateIsereContext|-- Executing at 13/12/2014 00:11:38 +01:00

2014-12-13 00:11:38.7033|TRACE|KarateIsere.DataAccess.KarateIsereContext|-- Completed in 39 ms with result: SqlDataReader

2014-12-13 00:11:38.7033|TRACE|KarateIsere.DataAccess.KarateIsereContext|

2014-12-13 00:11:38.7198|TRACE|KarateIsere.DataAccess.KarateIsereContext|INSERT [dbo].[CompetitionCategories]([Competition_Id], [Categorie_Nom])
VALUES (@0, @1)

2014-12-13 00:11:38.7198|TRACE|KarateIsere.DataAccess.KarateIsereContext|-- @0: 'Benjamin' (Type = AnsiString, Size = 50)

2014-12-13 00:11:38.7323|TRACE|KarateIsere.DataAccess.KarateIsereContext|-- @1: '1' (Type = Int32)

2014-12-13 00:11:38.7323|TRACE|KarateIsere.DataAccess.KarateIsereContext|-- Executing at 13/12/2014 00:11:38 +01:00

2014-12-13 00:11:39.0064|TRACE|KarateIsere.DataAccess.KarateIsereContext|-- Failed in 263 ms with error: Conversion failed when converting the varchar value 'Benjamin' to data type int.

2014-12-13 00:11:39.0064|TRACE|KarateIsere.DataAccess.KarateIsereContext|

2014-12-13 00:11:39.1394|TRACE|KarateIsere.DataAccess.KarateIsereContext|Closed connection at 13/12/2014 00:11:39 +01:00

2014-12-13 00:20:11.5775|TRACE|KarateIsere.DataAccess.KarateIsereContext|Opened connection at 13/12/2014 00:20:11 +01:00

2014-12-13 00:20:11.6080|TRACE|KarateIsere.DataAccess.KarateIsereContext|
SELECT Count(*)
FROM INFORMATION_SCHEMA.TABLES AS t
WHERE t.TABLE_SCHEMA + '.' + t.TABLE_NAME IN ('dbo.Adherents','dbo.Admin','dbo.Art_Martial','dbo.Categorie','dbo.Competiteur','dbo.Club','dbo.ListeCompetiteur','dbo.Professeurs','dbo.Competition','dbo.Inscriptions','dbo.Creneaux','dbo.Club_Professeur','dbo.CompetitionCategories')
    OR t.TABLE_NAME = 'EdmMetadata'
2014-12-13 00:20:11.6165|TRACE|KarateIsere.DataAccess.KarateIsereContext|

2014-12-13 00:20:11.6165|TRACE|KarateIsere.DataAccess.KarateIsereContext|-- Executing at 13/12/2014 00:20:11 +01:00

2014-12-13 00:20:11.6625|TRACE|KarateIsere.DataAccess.KarateIsereContext|-- Completed in 31 ms with result: 9

2014-12-13 00:20:11.6670|TRACE|KarateIsere.DataAccess.KarateIsereContext|

2014-12-13 00:20:11.6670|TRACE|KarateIsere.DataAccess.KarateIsereContext|Closed connection at 13/12/2014 00:20:11 +01:00

2014-12-13 00:20:11.6820|TRACE|KarateIsere.DataAccess.KarateIsereContext|Opened connection at 13/12/2014 00:20:11 +01:00

2014-12-13 00:20:11.6820|TRACE|KarateIsere.DataAccess.KarateIsereContext|SELECT 
    [GroupBy1].[A1] AS [C1]
    FROM ( SELECT 
        COUNT(1) AS [A1]
        FROM [dbo].[__MigrationHistory] AS [Extent1]
        WHERE [Extent1].[ContextKey] = @p__linq__0
    )  AS [GroupBy1]
2014-12-13 00:20:11.6955|TRACE|KarateIsere.DataAccess.KarateIsereContext|

2014-12-13 00:20:11.6955|TRACE|KarateIsere.DataAccess.KarateIsereContext|-- p__linq__0: 'KarateIsere.DataAccess.KarateIsereContext' (Type = String, Size = 4000)

2014-12-13 00:20:11.6955|TRACE|KarateIsere.DataAccess.KarateIsereContext|-- Executing at 13/12/2014 00:20:11 +01:00

2014-12-13 00:20:11.7465|TRACE|KarateIsere.DataAccess.KarateIsereContext|-- Completed in 31 ms with result: SqlDataReader

2014-12-13 00:20:11.7465|TRACE|KarateIsere.DataAccess.KarateIsereContext|

2014-12-13 00:20:11.7465|TRACE|KarateIsere.DataAccess.KarateIsereContext|Closed connection at 13/12/2014 00:20:11 +01:00

2014-12-13 00:20:11.7605|TRACE|KarateIsere.DataAccess.KarateIsereContext|Opened connection at 13/12/2014 00:20:11 +01:00

2014-12-13 00:20:11.7605|TRACE|KarateIsere.DataAccess.KarateIsereContext|SELECT TOP (1) 
    [Project1].[C1] AS [C1], 
    [Project1].[MigrationId] AS [MigrationId], 
    [Project1].[Model] AS [Model], 
    [Project1].[ProductVersion] AS [ProductVersion]
    FROM ( SELECT 
        [Extent1].[MigrationId] AS [MigrationId], 
        [Extent1].[Model] AS [Model], 
        [Extent1].[ProductVersion] AS [ProductVersion], 
        1 AS [C1]
        FROM [dbo].[__MigrationHistory] AS [Extent1]
        WHERE [Extent1].[ContextKey] = @p__linq__0
    )  AS [Project1]
    ORDER BY [Project1].[MigrationId] DESC
2014-12-13 00:20:11.7770|TRACE|KarateIsere.DataAccess.KarateIsereContext|

2014-12-13 00:20:11.7770|TRACE|KarateIsere.DataAccess.KarateIsereContext|-- p__linq__0: 'KarateIsere.DataAccess.KarateIsereContext' (Type = String, Size = 4000)

2014-12-13 00:20:11.7770|TRACE|KarateIsere.DataAccess.KarateIsereContext|-- Executing at 13/12/2014 00:20:11 +01:00

2014-12-13 00:20:11.8340|TRACE|KarateIsere.DataAccess.KarateIsereContext|-- Completed in 40 ms with result: SqlDataReader

2014-12-13 00:20:11.8385|TRACE|KarateIsere.DataAccess.KarateIsereContext|

2014-12-13 00:20:11.8385|TRACE|KarateIsere.DataAccess.KarateIsereContext|Closed connection at 13/12/2014 00:20:11 +01:00

2014-12-13 00:20:12.8536|TRACE|KarateIsere.DataAccess.KarateIsereContext|Opened connection at 13/12/2014 00:20:12 +01:00

2014-12-13 00:20:12.9821|TRACE|KarateIsere.DataAccess.KarateIsereContext|SELECT 
    [Extent1].[Nom] AS [Nom]
    FROM [dbo].[Categorie] AS [Extent1]
2014-12-13 00:20:12.9821|TRACE|KarateIsere.DataAccess.KarateIsereContext|

2014-12-13 00:20:12.9936|TRACE|KarateIsere.DataAccess.KarateIsereContext|-- Executing at 13/12/2014 00:20:12 +01:00

2014-12-13 00:20:13.0297|TRACE|KarateIsere.DataAccess.KarateIsereContext|-- Completed in 29 ms with result: SqlDataReader

2014-12-13 00:20:13.0297|TRACE|KarateIsere.DataAccess.KarateIsereContext|

2014-12-13 00:20:13.0517|TRACE|KarateIsere.DataAccess.KarateIsereContext|Closed connection at 13/12/2014 00:20:13 +01:00

2014-12-13 00:20:13.2342|TRACE|KarateIsere.DataAccess.KarateIsereContext|Opened connection at 13/12/2014 00:20:13 +01:00

2014-12-13 00:20:13.2692|TRACE|KarateIsere.DataAccess.KarateIsereContext|SELECT 
    [Extent1].[Id] AS [Id], 
    [Extent1].[Nom] AS [Nom], 
    [Extent1].[DateCompetition] AS [DateCompetition], 
    [Extent1].[FinInscription] AS [FinInscription], 
    [Extent1].[Lieu] AS [Lieu], 
    [Extent1].[IsKata] AS [IsKata]
    FROM [dbo].[Competition] AS [Extent1]
2014-12-13 00:20:13.2757|TRACE|KarateIsere.DataAccess.KarateIsereContext|

2014-12-13 00:20:13.2757|TRACE|KarateIsere.DataAccess.KarateIsereContext|-- Executing at 13/12/2014 00:20:13 +01:00

2014-12-13 00:20:13.3127|TRACE|KarateIsere.DataAccess.KarateIsereContext|-- Completed in 26 ms with result: SqlDataReader

2014-12-13 00:20:13.3192|TRACE|KarateIsere.DataAccess.KarateIsereContext|

2014-12-13 00:20:13.3192|TRACE|KarateIsere.DataAccess.KarateIsereContext|Closed connection at 13/12/2014 00:20:13 +01:00

2014-12-13 00:20:35.8220|TRACE|KarateIsere.DataAccess.KarateIsereContext|Opened connection at 13/12/2014 00:20:35 +01:00

2014-12-13 00:20:35.9411|TRACE|KarateIsere.DataAccess.KarateIsereContext|SELECT 
    [Project2].[Id] AS [Id], 
    [Project2].[Nom] AS [Nom], 
    [Project2].[DateCompetition] AS [DateCompetition], 
    [Project2].[FinInscription] AS [FinInscription], 
    [Project2].[Lieu] AS [Lieu], 
    [Project2].[IsKata] AS [IsKata], 
    [Project2].[C1] AS [C1], 
    [Project2].[Categorie_Nom] AS [Categorie_Nom]
    FROM ( SELECT 
        [Limit1].[Id] AS [Id], 
        [Limit1].[Nom] AS [Nom], 
        [Limit1].[DateCompetition] AS [DateCompetition], 
        [Limit1].[FinInscription] AS [FinInscription], 
        [Limit1].[Lieu] AS [Lieu], 
        [Limit1].[IsKata] AS [IsKata], 
        [Extent2].[Categorie_Nom] AS [Categorie_Nom], 
        CASE WHEN ([Extent2].[Competition_Id] IS NULL) THEN CAST(NULL AS int) ELSE 1 END AS [C1]
        FROM   (SELECT TOP (2) 
            [Extent1].[Id] AS [Id], 
            [Extent1].[Nom] AS [Nom], 
            [Extent1].[DateCompetition] AS [DateCompetition], 
            [Extent1].[FinInscription] AS [FinInscription], 
            [Extent1].[Lieu] AS [Lieu], 
            [Extent1].[IsKata] AS [IsKata]
            FROM [dbo].[Competition] AS [Extent1]
            WHERE ((UPPER([Extent1].[Nom])) = @p__linq__0) OR ((UPPER([Extent1].[Nom]) IS NULL) AND (@p__linq__0 IS NULL)) ) AS [Limit1]
        LEFT OUTER JOIN [dbo].[CompetitionCategories] AS [Extent2] ON [Limit1].[Id] = [Extent2].[Competition_Id]
    )  AS [Project2]
    ORDER BY [Project2].[Id] ASC, [Project2].[C1] ASC
2014-12-13 00:20:35.9411|TRACE|KarateIsere.DataAccess.KarateIsereContext|

2014-12-13 00:20:35.9411|TRACE|KarateIsere.DataAccess.KarateIsereContext|-- p__linq__0: 'Test compétition1' (Type = String, Size = 4000)

2014-12-13 00:20:35.9551|TRACE|KarateIsere.DataAccess.KarateIsereContext|-- Executing at 13/12/2014 00:20:35 +01:00

2014-12-13 00:20:36.0071|TRACE|KarateIsere.DataAccess.KarateIsereContext|-- Completed in 45 ms with result: SqlDataReader

2014-12-13 00:20:36.0071|TRACE|KarateIsere.DataAccess.KarateIsereContext|

2014-12-13 00:20:36.0156|TRACE|KarateIsere.DataAccess.KarateIsereContext|Closed connection at 13/12/2014 00:20:36 +01:00

2014-12-13 00:20:36.0156|TRACE|KarateIsere.DataAccess.KarateIsereContext|Opened connection at 13/12/2014 00:20:36 +01:00

2014-12-13 00:20:36.0311|TRACE|KarateIsere.DataAccess.KarateIsereContext|SELECT TOP (2) 
    [Extent1].[Nom] AS [Nom]
    FROM [dbo].[Categorie] AS [Extent1]
    WHERE [Extent1].[Nom] = @p__linq__0
2014-12-13 00:20:36.0311|TRACE|KarateIsere.DataAccess.KarateIsereContext|

2014-12-13 00:20:36.0471|TRACE|KarateIsere.DataAccess.KarateIsereContext|-- p__linq__0: 'Benjamin' (Type = AnsiString, Size = 8000)

2014-12-13 00:20:36.4886|TRACE|KarateIsere.DataAccess.KarateIsereContext|-- Executing at 13/12/2014 00:20:36 +01:00

2014-12-13 00:20:36.5251|TRACE|KarateIsere.DataAccess.KarateIsereContext|-- Completed in 32 ms with result: SqlDataReader

2014-12-13 00:20:36.5311|TRACE|KarateIsere.DataAccess.KarateIsereContext|

2014-12-13 00:20:36.5311|TRACE|KarateIsere.DataAccess.KarateIsereContext|Closed connection at 13/12/2014 00:20:36 +01:00

2014-12-13 00:20:43.6625|TRACE|KarateIsere.DataAccess.KarateIsereContext|Opened connection at 13/12/2014 00:20:43 +01:00

2014-12-13 00:20:43.6790|TRACE|KarateIsere.DataAccess.KarateIsereContext|Started transaction at 13/12/2014 00:20:43 +01:00

2014-12-13 00:20:43.8906|TRACE|KarateIsere.DataAccess.KarateIsereContext|INSERT [dbo].[Competition]([Nom], [DateCompetition], [FinInscription], [Lieu], [IsKata])
VALUES (@0, @1, @2, @3, @4)
SELECT [Id]
FROM [dbo].[Competition]
WHERE @@ROWCOUNT > 0 AND [Id] = scope_identity()
2014-12-13 00:20:43.8956|TRACE|KarateIsere.DataAccess.KarateIsereContext|

2014-12-13 00:20:43.8956|TRACE|KarateIsere.DataAccess.KarateIsereContext|-- @0: 'Test compétition1' (Type = String, Size = 100)

2014-12-13 00:20:43.8956|TRACE|KarateIsere.DataAccess.KarateIsereContext|-- @1: '25/04/2015 00:00:00' (Type = DateTime2)

2014-12-13 00:20:43.9111|TRACE|KarateIsere.DataAccess.KarateIsereContext|-- @2: '21/02/2015 00:00:00' (Type = DateTime2)

2014-12-13 00:20:43.9111|TRACE|KarateIsere.DataAccess.KarateIsereContext|-- @3: 'Saint-Egrève' (Type = String, Size = 100)

2014-12-13 00:20:43.9111|TRACE|KarateIsere.DataAccess.KarateIsereContext|-- @4: 'False' (Type = Boolean)

2014-12-13 00:20:43.9256|TRACE|KarateIsere.DataAccess.KarateIsereContext|-- Executing at 13/12/2014 00:20:43 +01:00

2014-12-13 00:20:43.9706|TRACE|KarateIsere.DataAccess.KarateIsereContext|-- Completed in 39 ms with result: SqlDataReader

2014-12-13 00:20:43.9751|TRACE|KarateIsere.DataAccess.KarateIsereContext|

2014-12-13 00:20:43.9751|TRACE|KarateIsere.DataAccess.KarateIsereContext|INSERT [dbo].[CompetitionCategories]([Categorie_Nom], [Competition_Id])
VALUES (@0, @1)

2014-12-13 00:20:43.9921|TRACE|KarateIsere.DataAccess.KarateIsereContext|-- @0: 'Benjamin' (Type = AnsiString, Size = 50)

2014-12-13 00:20:43.9921|TRACE|KarateIsere.DataAccess.KarateIsereContext|-- @1: '2' (Type = Int32)

2014-12-13 00:20:44.0061|TRACE|KarateIsere.DataAccess.KarateIsereContext|-- Executing at 13/12/2014 00:20:44 +01:00

2014-12-13 00:20:44.0456|TRACE|KarateIsere.DataAccess.KarateIsereContext|-- Completed in 33 ms with result: 1

2014-12-13 00:20:44.4931|TRACE|KarateIsere.DataAccess.KarateIsereContext|

2014-12-13 00:20:44.5242|TRACE|KarateIsere.DataAccess.KarateIsereContext|Committed transaction at 13/12/2014 00:20:44 +01:00

2014-12-13 00:20:44.5242|TRACE|KarateIsere.DataAccess.KarateIsereContext|Closed connection at 13/12/2014 00:20:44 +01:00

2014-12-13 00:20:46.4194|TRACE|KarateIsere.DataAccess.KarateIsereContext|Opened connection at 13/12/2014 00:20:46 +01:00

2014-12-13 00:20:46.4264|TRACE|KarateIsere.DataAccess.KarateIsereContext|SELECT 
    [Extent1].[Nom] AS [Nom]
    FROM [dbo].[Categorie] AS [Extent1]
2014-12-13 00:20:46.4264|TRACE|KarateIsere.DataAccess.KarateIsereContext|

2014-12-13 00:20:46.4384|TRACE|KarateIsere.DataAccess.KarateIsereContext|-- Executing at 13/12/2014 00:20:46 +01:00

2014-12-13 00:20:46.4789|TRACE|KarateIsere.DataAccess.KarateIsereContext|-- Completed in 36 ms with result: SqlDataReader

2014-12-13 00:20:46.4849|TRACE|KarateIsere.DataAccess.KarateIsereContext|

2014-12-13 00:20:46.4849|TRACE|KarateIsere.DataAccess.KarateIsereContext|Closed connection at 13/12/2014 00:20:46 +01:00

2014-12-13 00:20:46.5014|TRACE|KarateIsere.DataAccess.KarateIsereContext|Opened connection at 13/12/2014 00:20:46 +01:00

2014-12-13 00:20:46.5014|TRACE|KarateIsere.DataAccess.KarateIsereContext|SELECT 
    [Extent1].[Id] AS [Id], 
    [Extent1].[Nom] AS [Nom], 
    [Extent1].[DateCompetition] AS [DateCompetition], 
    [Extent1].[FinInscription] AS [FinInscription], 
    [Extent1].[Lieu] AS [Lieu], 
    [Extent1].[IsKata] AS [IsKata]
    FROM [dbo].[Competition] AS [Extent1]
2014-12-13 00:20:46.5139|TRACE|KarateIsere.DataAccess.KarateIsereContext|

2014-12-13 00:20:46.5139|TRACE|KarateIsere.DataAccess.KarateIsereContext|-- Executing at 13/12/2014 00:20:46 +01:00

2014-12-13 00:20:46.5604|TRACE|KarateIsere.DataAccess.KarateIsereContext|-- Completed in 32 ms with result: SqlDataReader

2014-12-13 00:20:46.5709|TRACE|KarateIsere.DataAccess.KarateIsereContext|

2014-12-13 00:20:46.5764|TRACE|KarateIsere.DataAccess.KarateIsereContext|Closed connection at 13/12/2014 00:20:46 +01:00

2014-12-13 00:20:51.1945|TRACE|KarateIsere.DataAccess.KarateIsereContext|Opened connection at 13/12/2014 00:20:51 +01:00

2014-12-13 00:20:51.1945|TRACE|KarateIsere.DataAccess.KarateIsereContext|SELECT 
    [Extent1].[Id] AS [Id], 
    [Extent1].[Nom] AS [Nom], 
    [Extent1].[DateCompetition] AS [DateCompetition], 
    [Extent1].[FinInscription] AS [FinInscription], 
    [Extent1].[Lieu] AS [Lieu], 
    [Extent1].[IsKata] AS [IsKata]
    FROM [dbo].[Competition] AS [Extent1]
    WHERE [Extent1].[FinInscription] <= (SysDateTime())
2014-12-13 00:20:51.2130|TRACE|KarateIsere.DataAccess.KarateIsereContext|

2014-12-13 00:20:51.2130|TRACE|KarateIsere.DataAccess.KarateIsereContext|-- Executing at 13/12/2014 00:20:51 +01:00

2014-12-13 00:20:51.2530|TRACE|KarateIsere.DataAccess.KarateIsereContext|-- Completed in 30 ms with result: SqlDataReader

2014-12-13 00:20:51.2570|TRACE|KarateIsere.DataAccess.KarateIsereContext|

2014-12-13 00:20:51.2570|TRACE|KarateIsere.DataAccess.KarateIsereContext|Closed connection at 13/12/2014 00:20:51 +01:00

2014-12-13 00:20:57.1263|TRACE|KarateIsere.DataAccess.KarateIsereContext|Opened connection at 13/12/2014 00:20:57 +01:00

2014-12-13 00:20:57.1263|TRACE|KarateIsere.DataAccess.KarateIsereContext|SELECT 
    [Extent1].[Id] AS [Id], 
    [Extent1].[Nom] AS [Nom], 
    [Extent1].[DateCompetition] AS [DateCompetition], 
    [Extent1].[FinInscription] AS [FinInscription], 
    [Extent1].[Lieu] AS [Lieu], 
    [Extent1].[IsKata] AS [IsKata]
    FROM [dbo].[Competition] AS [Extent1]
    WHERE [Extent1].[FinInscription] <= (SysDateTime())
2014-12-13 00:20:57.1393|TRACE|KarateIsere.DataAccess.KarateIsereContext|

2014-12-13 00:20:57.1393|TRACE|KarateIsere.DataAccess.KarateIsereContext|-- Executing at 13/12/2014 00:20:57 +01:00

2014-12-13 00:20:57.1883|TRACE|KarateIsere.DataAccess.KarateIsereContext|-- Completed in 39 ms with result: SqlDataReader

2014-12-13 00:20:57.1883|TRACE|KarateIsere.DataAccess.KarateIsereContext|

2014-12-13 00:20:57.1883|TRACE|KarateIsere.DataAccess.KarateIsereContext|Closed connection at 13/12/2014 00:20:57 +01:00

2014-12-13 00:22:09.0284|TRACE|KarateIsere.DataAccess.KarateIsereContext|Opened connection at 13/12/2014 00:22:09 +01:00

2014-12-13 00:22:09.0599|TRACE|KarateIsere.DataAccess.KarateIsereContext|
SELECT Count(*)
FROM INFORMATION_SCHEMA.TABLES AS t
WHERE t.TABLE_SCHEMA + '.' + t.TABLE_NAME IN ('dbo.Adherents','dbo.Admin','dbo.Art_Martial','dbo.Categorie','dbo.Competiteur','dbo.Club','dbo.ListeCompetiteur','dbo.Professeurs','dbo.Competition','dbo.Inscriptions','dbo.Creneaux','dbo.Club_Professeur','dbo.CompetitionCategories')
    OR t.TABLE_NAME = 'EdmMetadata'
2014-12-13 00:22:09.0599|TRACE|KarateIsere.DataAccess.KarateIsereContext|

2014-12-13 00:22:09.0709|TRACE|KarateIsere.DataAccess.KarateIsereContext|-- Executing at 13/12/2014 00:22:09 +01:00

2014-12-13 00:22:09.1084|TRACE|KarateIsere.DataAccess.KarateIsereContext|-- Completed in 31 ms with result: 9

2014-12-13 00:22:09.1084|TRACE|KarateIsere.DataAccess.KarateIsereContext|

2014-12-13 00:22:09.1189|TRACE|KarateIsere.DataAccess.KarateIsereContext|Closed connection at 13/12/2014 00:22:09 +01:00

2014-12-13 00:22:09.1189|TRACE|KarateIsere.DataAccess.KarateIsereContext|Opened connection at 13/12/2014 00:22:09 +01:00

2014-12-13 00:22:09.1339|TRACE|KarateIsere.DataAccess.KarateIsereContext|SELECT 
    [GroupBy1].[A1] AS [C1]
    FROM ( SELECT 
        COUNT(1) AS [A1]
        FROM [dbo].[__MigrationHistory] AS [Extent1]
        WHERE [Extent1].[ContextKey] = @p__linq__0
    )  AS [GroupBy1]
2014-12-13 00:22:09.1339|TRACE|KarateIsere.DataAccess.KarateIsereContext|

2014-12-13 00:22:09.1339|TRACE|KarateIsere.DataAccess.KarateIsereContext|-- p__linq__0: 'KarateIsere.DataAccess.KarateIsereContext' (Type = String, Size = 4000)

2014-12-13 00:22:09.1509|TRACE|KarateIsere.DataAccess.KarateIsereContext|-- Executing at 13/12/2014 00:22:09 +01:00

2014-12-13 00:22:09.1864|TRACE|KarateIsere.DataAccess.KarateIsereContext|-- Completed in 30 ms with result: SqlDataReader

2014-12-13 00:22:09.1864|TRACE|KarateIsere.DataAccess.KarateIsereContext|

2014-12-13 00:22:09.1979|TRACE|KarateIsere.DataAccess.KarateIsereContext|Closed connection at 13/12/2014 00:22:09 +01:00

2014-12-13 00:22:09.1979|TRACE|KarateIsere.DataAccess.KarateIsereContext|Opened connection at 13/12/2014 00:22:09 +01:00

2014-12-13 00:22:09.1979|TRACE|KarateIsere.DataAccess.KarateIsereContext|SELECT TOP (1) 
    [Project1].[C1] AS [C1], 
    [Project1].[MigrationId] AS [MigrationId], 
    [Project1].[Model] AS [Model], 
    [Project1].[ProductVersion] AS [ProductVersion]
    FROM ( SELECT 
        [Extent1].[MigrationId] AS [MigrationId], 
        [Extent1].[Model] AS [Model], 
        [Extent1].[ProductVersion] AS [ProductVersion], 
        1 AS [C1]
        FROM [dbo].[__MigrationHistory] AS [Extent1]
        WHERE [Extent1].[ContextKey] = @p__linq__0
    )  AS [Project1]
    ORDER BY [Project1].[MigrationId] DESC
2014-12-13 00:22:09.2159|TRACE|KarateIsere.DataAccess.KarateIsereContext|

2014-12-13 00:22:09.2159|TRACE|KarateIsere.DataAccess.KarateIsereContext|-- p__linq__0: 'KarateIsere.DataAccess.KarateIsereContext' (Type = String, Size = 4000)

2014-12-13 00:22:09.2264|TRACE|KarateIsere.DataAccess.KarateIsereContext|-- Executing at 13/12/2014 00:22:09 +01:00

2014-12-13 00:22:09.2609|TRACE|KarateIsere.DataAccess.KarateIsereContext|-- Completed in 30 ms with result: SqlDataReader

2014-12-13 00:22:09.2609|TRACE|KarateIsere.DataAccess.KarateIsereContext|

2014-12-13 00:22:09.2609|TRACE|KarateIsere.DataAccess.KarateIsereContext|Closed connection at 13/12/2014 00:22:09 +01:00

2014-12-13 00:22:10.0160|TRACE|KarateIsere.DataAccess.KarateIsereContext|Opened connection at 13/12/2014 00:22:10 +01:00

2014-12-13 00:22:10.1415|TRACE|KarateIsere.DataAccess.KarateIsereContext|SELECT 
    [Extent1].[Id] AS [Id], 
    [Extent1].[Nom] AS [Nom], 
    [Extent1].[DateCompetition] AS [DateCompetition], 
    [Extent1].[FinInscription] AS [FinInscription], 
    [Extent1].[Lieu] AS [Lieu], 
    [Extent1].[IsKata] AS [IsKata]
    FROM [dbo].[Competition] AS [Extent1]
    WHERE [Extent1].[FinInscription] <= (SysDateTime())
2014-12-13 00:22:10.1415|TRACE|KarateIsere.DataAccess.KarateIsereContext|

2014-12-13 00:22:10.1505|TRACE|KarateIsere.DataAccess.KarateIsereContext|-- Executing at 13/12/2014 00:22:10 +01:00

2014-12-13 00:22:10.1845|TRACE|KarateIsere.DataAccess.KarateIsereContext|-- Completed in 29 ms with result: SqlDataReader

2014-12-13 00:22:10.1845|TRACE|KarateIsere.DataAccess.KarateIsereContext|

2014-12-13 00:22:10.1945|TRACE|KarateIsere.DataAccess.KarateIsereContext|Closed connection at 13/12/2014 00:22:10 +01:00

2014-12-13 00:22:16.9204|TRACE|KarateIsere.DataAccess.KarateIsereContext|Opened connection at 13/12/2014 00:22:16 +01:00

2014-12-13 00:22:16.9324|TRACE|KarateIsere.DataAccess.KarateIsereContext|SELECT 
    [Extent1].[Id] AS [Id], 
    [Extent1].[Nom] AS [Nom], 
    [Extent1].[DateCompetition] AS [DateCompetition], 
    [Extent1].[FinInscription] AS [FinInscription], 
    [Extent1].[Lieu] AS [Lieu], 
    [Extent1].[IsKata] AS [IsKata]
    FROM [dbo].[Competition] AS [Extent1]
    WHERE [Extent1].[FinInscription] <= (SysDateTime())
2014-12-13 00:22:16.9544|TRACE|KarateIsere.DataAccess.KarateIsereContext|

2014-12-13 00:22:16.9544|TRACE|KarateIsere.DataAccess.KarateIsereContext|-- Executing at 13/12/2014 00:22:16 +01:00

2014-12-13 00:22:17.0004|TRACE|KarateIsere.DataAccess.KarateIsereContext|-- Completed in 31 ms with result: SqlDataReader

2014-12-13 00:22:17.0004|TRACE|KarateIsere.DataAccess.KarateIsereContext|

2014-12-13 00:22:17.0104|TRACE|KarateIsere.DataAccess.KarateIsereContext|Closed connection at 13/12/2014 00:22:17 +01:00

2014-12-13 00:22:51.9848|TRACE|KarateIsere.DataAccess.KarateIsereContext|Opened connection at 13/12/2014 00:22:51 +01:00

2014-12-13 00:22:51.9908|TRACE|KarateIsere.DataAccess.KarateIsereContext|SELECT 
    [Extent1].[Id] AS [Id], 
    [Extent1].[Nom] AS [Nom], 
    [Extent1].[DateCompetition] AS [DateCompetition], 
    [Extent1].[FinInscription] AS [FinInscription], 
    [Extent1].[Lieu] AS [Lieu], 
    [Extent1].[IsKata] AS [IsKata]
    FROM [dbo].[Competition] AS [Extent1]
    WHERE [Extent1].[FinInscription] <= (SysDateTime())
2014-12-13 00:22:51.9908|TRACE|KarateIsere.DataAccess.KarateIsereContext|

2014-12-13 00:22:52.0023|TRACE|KarateIsere.DataAccess.KarateIsereContext|-- Executing at 13/12/2014 00:22:52 +01:00

2014-12-13 00:22:52.0313|TRACE|KarateIsere.DataAccess.KarateIsereContext|-- Completed in 24 ms with result: SqlDataReader

2014-12-13 00:22:52.0368|TRACE|KarateIsere.DataAccess.KarateIsereContext|

2014-12-13 00:22:52.0368|TRACE|KarateIsere.DataAccess.KarateIsereContext|Closed connection at 13/12/2014 00:22:52 +01:00

2014-12-13 00:23:52.0935|TRACE|KarateIsere.DataAccess.KarateIsereContext|Opened connection at 13/12/2014 00:23:52 +01:00

2014-12-13 00:23:52.0935|TRACE|KarateIsere.DataAccess.KarateIsereContext|SELECT 
    [Extent1].[Id] AS [Id], 
    [Extent1].[Nom] AS [Nom], 
    [Extent1].[DateCompetition] AS [DateCompetition], 
    [Extent1].[FinInscription] AS [FinInscription], 
    [Extent1].[Lieu] AS [Lieu], 
    [Extent1].[IsKata] AS [IsKata]
    FROM [dbo].[Competition] AS [Extent1]
    WHERE [Extent1].[FinInscription] <= (SysDateTime())
2014-12-13 00:23:52.0935|TRACE|KarateIsere.DataAccess.KarateIsereContext|

2014-12-13 00:23:52.1105|TRACE|KarateIsere.DataAccess.KarateIsereContext|-- Executing at 13/12/2014 00:23:52 +01:00

2014-12-13 00:23:52.1415|TRACE|KarateIsere.DataAccess.KarateIsereContext|-- Completed in 26 ms with result: SqlDataReader

2014-12-13 00:23:52.1415|TRACE|KarateIsere.DataAccess.KarateIsereContext|

2014-12-13 00:23:52.1415|TRACE|KarateIsere.DataAccess.KarateIsereContext|Closed connection at 13/12/2014 00:23:52 +01:00

2014-12-13 00:25:44.8173|TRACE|KarateIsere.DataAccess.KarateIsereContext|Opened connection at 13/12/2014 00:25:44 +01:00

2014-12-13 00:25:44.8428|TRACE|KarateIsere.DataAccess.KarateIsereContext|
SELECT Count(*)
FROM INFORMATION_SCHEMA.TABLES AS t
WHERE t.TABLE_SCHEMA + '.' + t.TABLE_NAME IN ('dbo.Adherents','dbo.Admin','dbo.Art_Martial','dbo.Categorie','dbo.Competiteur','dbo.Club','dbo.ListeCompetiteur','dbo.Professeurs','dbo.Competition','dbo.Inscriptions','dbo.Creneaux','dbo.Club_Professeur','dbo.CompetitionCategories')
    OR t.TABLE_NAME = 'EdmMetadata'
2014-12-13 00:25:44.8428|TRACE|KarateIsere.DataAccess.KarateIsereContext|

2014-12-13 00:25:44.8568|TRACE|KarateIsere.DataAccess.KarateIsereContext|-- Executing at 13/12/2014 00:25:44 +01:00

2014-12-13 00:25:44.8923|TRACE|KarateIsere.DataAccess.KarateIsereContext|-- Completed in 26 ms with result: 9

2014-12-13 00:25:44.8973|TRACE|KarateIsere.DataAccess.KarateIsereContext|

2014-12-13 00:25:44.8973|TRACE|KarateIsere.DataAccess.KarateIsereContext|Closed connection at 13/12/2014 00:25:44 +01:00

2014-12-13 00:25:44.8973|TRACE|KarateIsere.DataAccess.KarateIsereContext|Opened connection at 13/12/2014 00:25:44 +01:00

2014-12-13 00:25:44.9153|TRACE|KarateIsere.DataAccess.KarateIsereContext|SELECT 
    [GroupBy1].[A1] AS [C1]
    FROM ( SELECT 
        COUNT(1) AS [A1]
        FROM [dbo].[__MigrationHistory] AS [Extent1]
        WHERE [Extent1].[ContextKey] = @p__linq__0
    )  AS [GroupBy1]
2014-12-13 00:25:44.9153|TRACE|KarateIsere.DataAccess.KarateIsereContext|

2014-12-13 00:25:44.9313|TRACE|KarateIsere.DataAccess.KarateIsereContext|-- p__linq__0: 'KarateIsere.DataAccess.KarateIsereContext' (Type = String, Size = 4000)

2014-12-13 00:25:44.9313|TRACE|KarateIsere.DataAccess.KarateIsereContext|-- Executing at 13/12/2014 00:25:44 +01:00

2014-12-13 00:25:44.9798|TRACE|KarateIsere.DataAccess.KarateIsereContext|-- Completed in 36 ms with result: SqlDataReader

2014-12-13 00:25:44.9798|TRACE|KarateIsere.DataAccess.KarateIsereContext|

2014-12-13 00:25:44.9798|TRACE|KarateIsere.DataAccess.KarateIsereContext|Closed connection at 13/12/2014 00:25:44 +01:00

2014-12-13 00:25:44.9933|TRACE|KarateIsere.DataAccess.KarateIsereContext|Opened connection at 13/12/2014 00:25:44 +01:00

2014-12-13 00:25:44.9933|TRACE|KarateIsere.DataAccess.KarateIsereContext|SELECT TOP (1) 
    [Project1].[C1] AS [C1], 
    [Project1].[MigrationId] AS [MigrationId], 
    [Project1].[Model] AS [Model], 
    [Project1].[ProductVersion] AS [ProductVersion]
    FROM ( SELECT 
        [Extent1].[MigrationId] AS [MigrationId], 
        [Extent1].[Model] AS [Model], 
        [Extent1].[ProductVersion] AS [ProductVersion], 
        1 AS [C1]
        FROM [dbo].[__MigrationHistory] AS [Extent1]
        WHERE [Extent1].[ContextKey] = @p__linq__0
    )  AS [Project1]
    ORDER BY [Project1].[MigrationId] DESC
2014-12-13 00:25:45.0073|TRACE|KarateIsere.DataAccess.KarateIsereContext|

2014-12-13 00:25:45.0073|TRACE|KarateIsere.DataAccess.KarateIsereContext|-- p__linq__0: 'KarateIsere.DataAccess.KarateIsereContext' (Type = String, Size = 4000)

2014-12-13 00:25:45.0073|TRACE|KarateIsere.DataAccess.KarateIsereContext|-- Executing at 13/12/2014 00:25:45 +01:00

2014-12-13 00:25:45.0618|TRACE|KarateIsere.DataAccess.KarateIsereContext|-- Completed in 32 ms with result: SqlDataReader

2014-12-13 00:25:45.0618|TRACE|KarateIsere.DataAccess.KarateIsereContext|

2014-12-13 00:25:45.0713|TRACE|KarateIsere.DataAccess.KarateIsereContext|Closed connection at 13/12/2014 00:25:45 +01:00

2014-12-13 00:25:45.7679|TRACE|KarateIsere.DataAccess.KarateIsereContext|Opened connection at 13/12/2014 00:25:45 +01:00

2014-12-13 00:25:45.8489|TRACE|KarateIsere.DataAccess.KarateIsereContext|SELECT 
    [Extent1].[Id] AS [Id], 
    [Extent1].[Nom] AS [Nom], 
    [Extent1].[DateCompetition] AS [DateCompetition], 
    [Extent1].[FinInscription] AS [FinInscription], 
    [Extent1].[Lieu] AS [Lieu], 
    [Extent1].[IsKata] AS [IsKata]
    FROM [dbo].[Competition] AS [Extent1]
    WHERE [Extent1].[FinInscription] >= (SysDateTime())
2014-12-13 00:25:45.8489|TRACE|KarateIsere.DataAccess.KarateIsereContext|

2014-12-13 00:25:45.8489|TRACE|KarateIsere.DataAccess.KarateIsereContext|-- Executing at 13/12/2014 00:25:45 +01:00

2014-12-13 00:25:45.8919|TRACE|KarateIsere.DataAccess.KarateIsereContext|-- Completed in 27 ms with result: SqlDataReader

2014-12-13 00:25:45.8964|TRACE|KarateIsere.DataAccess.KarateIsereContext|

2014-12-13 00:25:45.8964|TRACE|KarateIsere.DataAccess.KarateIsereContext|Closed connection at 13/12/2014 00:25:45 +01:00

2014-12-13 00:25:55.6267|TRACE|KarateIsere.DataAccess.KarateIsereContext|Opened connection at 13/12/2014 00:25:55 +01:00

2014-12-13 00:25:55.6312|TRACE|KarateIsere.DataAccess.KarateIsereContext|SELECT 
    [Extent1].[Id] AS [Id], 
    [Extent1].[Nom] AS [Nom], 
    [Extent1].[DateCompetition] AS [DateCompetition], 
    [Extent1].[FinInscription] AS [FinInscription], 
    [Extent1].[Lieu] AS [Lieu], 
    [Extent1].[IsKata] AS [IsKata]
    FROM [dbo].[Competition] AS [Extent1]
    WHERE [Extent1].[FinInscription] >= (SysDateTime())
2014-12-13 00:25:55.6312|TRACE|KarateIsere.DataAccess.KarateIsereContext|

2014-12-13 00:25:55.6312|TRACE|KarateIsere.DataAccess.KarateIsereContext|-- Executing at 13/12/2014 00:25:55 +01:00

2014-12-13 00:25:55.6727|TRACE|KarateIsere.DataAccess.KarateIsereContext|-- Completed in 23 ms with result: SqlDataReader

2014-12-13 00:25:55.6767|TRACE|KarateIsere.DataAccess.KarateIsereContext|

2014-12-13 00:25:55.6767|TRACE|KarateIsere.DataAccess.KarateIsereContext|Closed connection at 13/12/2014 00:25:55 +01:00

2014-12-13 09:22:15.8780|TRACE|KarateIsere.DataAccess.KarateIsereContext|Opened connection at 13/12/2014 09:22:15 +01:00

2014-12-13 09:22:15.8945|TRACE|KarateIsere.DataAccess.KarateIsereContext|
SELECT Count(*)
FROM INFORMATION_SCHEMA.TABLES AS t
WHERE t.TABLE_SCHEMA + '.' + t.TABLE_NAME IN ('dbo.Adherents','dbo.Admin','dbo.Art_Martial','dbo.Categorie','dbo.Competiteur','dbo.Club','dbo.ListeCompetiteur','dbo.Professeurs','dbo.Competition','dbo.Inscriptions','dbo.Creneaux','dbo.Club_Professeur','dbo.CompetitionCategories')
    OR t.TABLE_NAME = 'EdmMetadata'
2014-12-13 09:22:15.9110|TRACE|KarateIsere.DataAccess.KarateIsereContext|

2014-12-13 09:22:15.9110|TRACE|KarateIsere.DataAccess.KarateIsereContext|-- Executing at 13/12/2014 09:22:15 +01:00

2014-12-13 09:22:15.9470|TRACE|KarateIsere.DataAccess.KarateIsereContext|-- Completed in 24 ms with result: 9

2014-12-13 09:22:15.9470|TRACE|KarateIsere.DataAccess.KarateIsereContext|

2014-12-13 09:22:15.9565|TRACE|KarateIsere.DataAccess.KarateIsereContext|Closed connection at 13/12/2014 09:22:15 +01:00

2014-12-13 09:22:15.9565|TRACE|KarateIsere.DataAccess.KarateIsereContext|Opened connection at 13/12/2014 09:22:15 +01:00

2014-12-13 09:22:15.9695|TRACE|KarateIsere.DataAccess.KarateIsereContext|SELECT 
    [GroupBy1].[A1] AS [C1]
    FROM ( SELECT 
        COUNT(1) AS [A1]
        FROM [dbo].[__MigrationHistory] AS [Extent1]
        WHERE [Extent1].[ContextKey] = @p__linq__0
    )  AS [GroupBy1]
2014-12-13 09:22:15.9695|TRACE|KarateIsere.DataAccess.KarateIsereContext|

2014-12-13 09:22:15.9695|TRACE|KarateIsere.DataAccess.KarateIsereContext|-- p__linq__0: 'KarateIsere.DataAccess.KarateIsereContext' (Type = String, Size = 4000)

2014-12-13 09:22:15.9850|TRACE|KarateIsere.DataAccess.KarateIsereContext|-- Executing at 13/12/2014 09:22:15 +01:00

2014-12-13 09:22:16.0185|TRACE|KarateIsere.DataAccess.KarateIsereContext|-- Completed in 29 ms with result: SqlDataReader

2014-12-13 09:22:16.0185|TRACE|KarateIsere.DataAccess.KarateIsereContext|

2014-12-13 09:22:16.0185|TRACE|KarateIsere.DataAccess.KarateIsereContext|Closed connection at 13/12/2014 09:22:16 +01:00

2014-12-13 09:22:16.0321|TRACE|KarateIsere.DataAccess.KarateIsereContext|Opened connection at 13/12/2014 09:22:16 +01:00

2014-12-13 09:22:16.0321|TRACE|KarateIsere.DataAccess.KarateIsereContext|SELECT TOP (1) 
    [Project1].[C1] AS [C1], 
    [Project1].[MigrationId] AS [MigrationId], 
    [Project1].[Model] AS [Model], 
    [Project1].[ProductVersion] AS [ProductVersion]
    FROM ( SELECT 
        [Extent1].[MigrationId] AS [MigrationId], 
        [Extent1].[Model] AS [Model], 
        [Extent1].[ProductVersion] AS [ProductVersion], 
        1 AS [C1]
        FROM [dbo].[__MigrationHistory] AS [Extent1]
        WHERE [Extent1].[ContextKey] = @p__linq__0
    )  AS [Project1]
    ORDER BY [Project1].[MigrationId] DESC
2014-12-13 09:22:16.0321|TRACE|KarateIsere.DataAccess.KarateIsereContext|

2014-12-13 09:22:16.0501|TRACE|KarateIsere.DataAccess.KarateIsereContext|-- p__linq__0: 'KarateIsere.DataAccess.KarateIsereContext' (Type = String, Size = 4000)

2014-12-13 09:22:16.0501|TRACE|KarateIsere.DataAccess.KarateIsereContext|-- Executing at 13/12/2014 09:22:16 +01:00

2014-12-13 09:22:16.0951|TRACE|KarateIsere.DataAccess.KarateIsereContext|-- Completed in 37 ms with result: SqlDataReader

2014-12-13 09:22:16.0951|TRACE|KarateIsere.DataAccess.KarateIsereContext|

2014-12-13 09:22:16.0951|TRACE|KarateIsere.DataAccess.KarateIsereContext|Closed connection at 13/12/2014 09:22:16 +01:00

2014-12-13 09:22:16.7631|TRACE|KarateIsere.DataAccess.KarateIsereContext|Opened connection at 13/12/2014 09:22:16 +01:00

2014-12-13 09:22:16.8457|TRACE|KarateIsere.DataAccess.KarateIsereContext|SELECT 
    [Extent1].[Id] AS [Id], 
    [Extent1].[Nom] AS [Nom], 
    [Extent1].[DateCompetition] AS [DateCompetition], 
    [Extent1].[FinInscription] AS [FinInscription], 
    [Extent1].[Lieu] AS [Lieu], 
    [Extent1].[IsKata] AS [IsKata]
    FROM [dbo].[Competition] AS [Extent1]
    WHERE [Extent1].[FinInscription] >= (SysDateTime())
2014-12-13 09:22:16.8457|TRACE|KarateIsere.DataAccess.KarateIsereContext|

2014-12-13 09:22:16.8457|TRACE|KarateIsere.DataAccess.KarateIsereContext|-- Executing at 13/12/2014 09:22:16 +01:00

2014-12-13 09:22:16.8807|TRACE|KarateIsere.DataAccess.KarateIsereContext|-- Completed in 22 ms with result: SqlDataReader

2014-12-13 09:22:16.8807|TRACE|KarateIsere.DataAccess.KarateIsereContext|

2014-12-13 09:22:16.8892|TRACE|KarateIsere.DataAccess.KarateIsereContext|Closed connection at 13/12/2014 09:22:16 +01:00

2014-12-13 09:23:25.3038|TRACE|KarateIsere.DataAccess.KarateIsereContext|Opened connection at 13/12/2014 09:23:25 +01:00

2014-12-13 09:23:25.3299|TRACE|KarateIsere.DataAccess.KarateIsereContext|
SELECT Count(*)
FROM INFORMATION_SCHEMA.TABLES AS t
WHERE t.TABLE_SCHEMA + '.' + t.TABLE_NAME IN ('dbo.Adherents','dbo.Admin','dbo.Art_Martial','dbo.Categorie','dbo.Competiteur','dbo.Club','dbo.ListeCompetiteur','dbo.Professeurs','dbo.Competition','dbo.Inscriptions','dbo.Creneaux','dbo.Club_Professeur','dbo.CompetitionCategories')
    OR t.TABLE_NAME = 'EdmMetadata'
2014-12-13 09:23:25.3299|TRACE|KarateIsere.DataAccess.KarateIsereContext|

2014-12-13 09:23:25.3299|TRACE|KarateIsere.DataAccess.KarateIsereContext|-- Executing at 13/12/2014 09:23:25 +01:00

2014-12-13 09:23:25.3739|TRACE|KarateIsere.DataAccess.KarateIsereContext|-- Completed in 25 ms with result: 9

2014-12-13 09:23:25.3739|TRACE|KarateIsere.DataAccess.KarateIsereContext|

2014-12-13 09:23:25.3739|TRACE|KarateIsere.DataAccess.KarateIsereContext|Closed connection at 13/12/2014 09:23:25 +01:00

2014-12-13 09:23:25.3894|TRACE|KarateIsere.DataAccess.KarateIsereContext|Opened connection at 13/12/2014 09:23:25 +01:00

2014-12-13 09:23:25.3894|TRACE|KarateIsere.DataAccess.KarateIsereContext|SELECT 
    [GroupBy1].[A1] AS [C1]
    FROM ( SELECT 
        COUNT(1) AS [A1]
        FROM [dbo].[__MigrationHistory] AS [Extent1]
        WHERE [Extent1].[ContextKey] = @p__linq__0
    )  AS [GroupBy1]
2014-12-13 09:23:25.4049|TRACE|KarateIsere.DataAccess.KarateIsereContext|

2014-12-13 09:23:25.4049|TRACE|KarateIsere.DataAccess.KarateIsereContext|-- p__linq__0: 'KarateIsere.DataAccess.KarateIsereContext' (Type = String, Size = 4000)

2014-12-13 09:23:25.4049|TRACE|KarateIsere.DataAccess.KarateIsereContext|-- Executing at 13/12/2014 09:23:25 +01:00

2014-12-13 09:23:25.4489|TRACE|KarateIsere.DataAccess.KarateIsereContext|-- Completed in 28 ms with result: SqlDataReader

2014-12-13 09:23:25.4534|TRACE|KarateIsere.DataAccess.KarateIsereContext|

2014-12-13 09:23:25.4534|TRACE|KarateIsere.DataAccess.KarateIsereContext|Closed connection at 13/12/2014 09:23:25 +01:00

2014-12-13 09:23:25.4534|TRACE|KarateIsere.DataAccess.KarateIsereContext|Opened connection at 13/12/2014 09:23:25 +01:00

2014-12-13 09:23:25.4684|TRACE|KarateIsere.DataAccess.KarateIsereContext|SELECT TOP (1) 
    [Project1].[C1] AS [C1], 
    [Project1].[MigrationId] AS [MigrationId], 
    [Project1].[Model] AS [Model], 
    [Project1].[ProductVersion] AS [ProductVersion]
    FROM ( SELECT 
        [Extent1].[MigrationId] AS [MigrationId], 
        [Extent1].[Model] AS [Model], 
        [Extent1].[ProductVersion] AS [ProductVersion], 
        1 AS [C1]
        FROM [dbo].[__MigrationHistory] AS [Extent1]
        WHERE [Extent1].[ContextKey] = @p__linq__0
    )  AS [Project1]
    ORDER BY [Project1].[MigrationId] DESC
2014-12-13 09:23:25.4684|TRACE|KarateIsere.DataAccess.KarateIsereContext|

2014-12-13 09:23:25.4684|TRACE|KarateIsere.DataAccess.KarateIsereContext|-- p__linq__0: 'KarateIsere.DataAccess.KarateIsereContext' (Type = String, Size = 4000)

2014-12-13 09:23:25.4849|TRACE|KarateIsere.DataAccess.KarateIsereContext|-- Executing at 13/12/2014 09:23:25 +01:00

2014-12-13 09:23:25.5174|TRACE|KarateIsere.DataAccess.KarateIsereContext|-- Completed in 28 ms with result: SqlDataReader

2014-12-13 09:23:25.5174|TRACE|KarateIsere.DataAccess.KarateIsereContext|

2014-12-13 09:23:25.5174|TRACE|KarateIsere.DataAccess.KarateIsereContext|Closed connection at 13/12/2014 09:23:25 +01:00

2014-12-13 09:23:26.2510|TRACE|KarateIsere.DataAccess.KarateIsereContext|Opened connection at 13/12/2014 09:23:26 +01:00

2014-12-13 09:23:26.3375|TRACE|KarateIsere.DataAccess.KarateIsereContext|SELECT 
    [Extent1].[Id] AS [Id], 
    [Extent1].[Nom] AS [Nom], 
    [Extent1].[DateCompetition] AS [DateCompetition], 
    [Extent1].[FinInscription] AS [FinInscription], 
    [Extent1].[Lieu] AS [Lieu], 
    [Extent1].[IsKata] AS [IsKata]
    FROM [dbo].[Competition] AS [Extent1]
    WHERE [Extent1].[FinInscription] >= (SysDateTime())
2014-12-13 09:23:26.3420|TRACE|KarateIsere.DataAccess.KarateIsereContext|

2014-12-13 09:23:26.3420|TRACE|KarateIsere.DataAccess.KarateIsereContext|-- Executing at 13/12/2014 09:23:26 +01:00

2014-12-13 09:23:26.3750|TRACE|KarateIsere.DataAccess.KarateIsereContext|-- Completed in 24 ms with result: SqlDataReader

2014-12-13 09:23:26.3750|TRACE|KarateIsere.DataAccess.KarateIsereContext|

2014-12-13 09:23:26.3905|TRACE|KarateIsere.DataAccess.KarateIsereContext|Closed connection at 13/12/2014 09:23:26 +01:00

2014-12-13 09:38:44.2680|TRACE|KarateIsere.DataAccess.KarateIsereContext|Opened connection at 13/12/2014 09:38:44 +01:00

2014-12-13 09:38:44.3030|TRACE|KarateIsere.DataAccess.KarateIsereContext|
SELECT Count(*)
FROM INFORMATION_SCHEMA.TABLES AS t
WHERE t.TABLE_SCHEMA + '.' + t.TABLE_NAME IN ('dbo.Adherents','dbo.Admin','dbo.Art_Martial','dbo.Categorie','dbo.Competiteur','dbo.Club','dbo.ListeCompetiteur','dbo.Professeurs','dbo.Competition','dbo.Inscriptions','dbo.Creneaux','dbo.Club_Professeur','dbo.CompetitionCategories')
    OR t.TABLE_NAME = 'EdmMetadata'
2014-12-13 09:38:44.3030|TRACE|KarateIsere.DataAccess.KarateIsereContext|

2014-12-13 09:38:44.3210|TRACE|KarateIsere.DataAccess.KarateIsereContext|-- Executing at 13/12/2014 09:38:44 +01:00

2014-12-13 09:38:44.3556|TRACE|KarateIsere.DataAccess.KarateIsereContext|-- Completed in 27 ms with result: 9

2014-12-13 09:38:44.3601|TRACE|KarateIsere.DataAccess.KarateIsereContext|

2014-12-13 09:38:44.3601|TRACE|KarateIsere.DataAccess.KarateIsereContext|Closed connection at 13/12/2014 09:38:44 +01:00

2014-12-13 09:38:44.3826|TRACE|KarateIsere.DataAccess.KarateIsereContext|Opened connection at 13/12/2014 09:38:44 +01:00

2014-12-13 09:38:44.3911|TRACE|KarateIsere.DataAccess.KarateIsereContext|SELECT 
    [GroupBy1].[A1] AS [C1]
    FROM ( SELECT 
        COUNT(1) AS [A1]
        FROM [dbo].[__MigrationHistory] AS [Extent1]
        WHERE [Extent1].[ContextKey] = @p__linq__0
    )  AS [GroupBy1]
2014-12-13 09:38:44.3911|TRACE|KarateIsere.DataAccess.KarateIsereContext|

2014-12-13 09:38:44.4076|TRACE|KarateIsere.DataAccess.KarateIsereContext|-- p__linq__0: 'KarateIsere.DataAccess.KarateIsereContext' (Type = String, Size = 4000)

2014-12-13 09:38:44.4076|TRACE|KarateIsere.DataAccess.KarateIsereContext|-- Executing at 13/12/2014 09:38:44 +01:00

2014-12-13 09:38:44.4561|TRACE|KarateIsere.DataAccess.KarateIsereContext|-- Completed in 32 ms with result: SqlDataReader

2014-12-13 09:38:44.4561|TRACE|KarateIsere.DataAccess.KarateIsereContext|

2014-12-13 09:38:44.4561|TRACE|KarateIsere.DataAccess.KarateIsereContext|Closed connection at 13/12/2014 09:38:44 +01:00

2014-12-13 09:38:44.4846|TRACE|KarateIsere.DataAccess.KarateIsereContext|Opened connection at 13/12/2014 09:38:44 +01:00

2014-12-13 09:38:44.4846|TRACE|KarateIsere.DataAccess.KarateIsereContext|SELECT TOP (1) 
    [Project1].[C1] AS [C1], 
    [Project1].[MigrationId] AS [MigrationId], 
    [Project1].[Model] AS [Model], 
    [Project1].[ProductVersion] AS [ProductVersion]
    FROM ( SELECT 
        [Extent1].[MigrationId] AS [MigrationId], 
        [Extent1].[Model] AS [Model], 
        [Extent1].[ProductVersion] AS [ProductVersion], 
        1 AS [C1]
        FROM [dbo].[__MigrationHistory] AS [Extent1]
        WHERE [Extent1].[ContextKey] = @p__linq__0
    )  AS [Project1]
    ORDER BY [Project1].[MigrationId] DESC
2014-12-13 09:38:44.4846|TRACE|KarateIsere.DataAccess.KarateIsereContext|

2014-12-13 09:38:44.5026|TRACE|KarateIsere.DataAccess.KarateIsereContext|-- p__linq__0: 'KarateIsere.DataAccess.KarateIsereContext' (Type = String, Size = 4000)

2014-12-13 09:38:44.5026|TRACE|KarateIsere.DataAccess.KarateIsereContext|-- Executing at 13/12/2014 09:38:44 +01:00

2014-12-13 09:38:44.5486|TRACE|KarateIsere.DataAccess.KarateIsereContext|-- Completed in 30 ms with result: SqlDataReader

2014-12-13 09:38:44.5486|TRACE|KarateIsere.DataAccess.KarateIsereContext|

2014-12-13 09:38:44.5486|TRACE|KarateIsere.DataAccess.KarateIsereContext|Closed connection at 13/12/2014 09:38:44 +01:00

2014-12-13 09:38:45.4537|TRACE|KarateIsere.DataAccess.KarateIsereContext|Opened connection at 13/12/2014 09:38:45 +01:00

2014-12-13 09:38:45.5677|TRACE|KarateIsere.DataAccess.KarateIsereContext|SELECT 
    [Extent1].[Id] AS [Id], 
    [Extent1].[Nom] AS [Nom], 
    [Extent1].[DateCompetition] AS [DateCompetition], 
    [Extent1].[FinInscription] AS [FinInscription], 
    [Extent1].[Lieu] AS [Lieu], 
    [Extent1].[IsKata] AS [IsKata]
    FROM [dbo].[Competition] AS [Extent1]
    WHERE [Extent1].[FinInscription] >= (SysDateTime())
2014-12-13 09:38:45.5772|TRACE|KarateIsere.DataAccess.KarateIsereContext|

2014-12-13 09:38:45.5772|TRACE|KarateIsere.DataAccess.KarateIsereContext|-- Executing at 13/12/2014 09:38:45 +01:00

2014-12-13 09:38:45.6622|TRACE|KarateIsere.DataAccess.KarateIsereContext|-- Completed in 73 ms with result: SqlDataReader

2014-12-13 09:38:45.6727|TRACE|KarateIsere.DataAccess.KarateIsereContext|

2014-12-13 09:38:45.6727|TRACE|KarateIsere.DataAccess.KarateIsereContext|Closed connection at 13/12/2014 09:38:45 +01:00

2014-12-13 09:39:52.5697|TRACE|KarateIsere.DataAccess.KarateIsereContext|Opened connection at 13/12/2014 09:39:52 +01:00

2014-12-13 09:39:52.6217|TRACE|KarateIsere.DataAccess.KarateIsereContext|
SELECT Count(*)
FROM INFORMATION_SCHEMA.TABLES AS t
WHERE t.TABLE_SCHEMA + '.' + t.TABLE_NAME IN ('dbo.Adherents','dbo.Admin','dbo.Art_Martial','dbo.Categorie','dbo.Competiteur','dbo.Club','dbo.ListeCompetiteur','dbo.Professeurs','dbo.Competition','dbo.Inscriptions','dbo.Creneaux','dbo.Club_Professeur','dbo.CompetitionCategories')
    OR t.TABLE_NAME = 'EdmMetadata'
2014-12-13 09:39:52.6492|TRACE|KarateIsere.DataAccess.KarateIsereContext|

2014-12-13 09:39:52.6607|TRACE|KarateIsere.DataAccess.KarateIsereContext|-- Executing at 13/12/2014 09:39:52 +01:00

2014-12-13 09:39:52.7417|TRACE|KarateIsere.DataAccess.KarateIsereContext|-- Completed in 71 ms with result: 9

2014-12-13 09:39:52.7417|TRACE|KarateIsere.DataAccess.KarateIsereContext|

2014-12-13 09:39:52.7507|TRACE|KarateIsere.DataAccess.KarateIsereContext|Closed connection at 13/12/2014 09:39:52 +01:00

2014-12-13 09:39:52.7507|TRACE|KarateIsere.DataAccess.KarateIsereContext|Opened connection at 13/12/2014 09:39:52 +01:00

2014-12-13 09:39:52.7507|TRACE|KarateIsere.DataAccess.KarateIsereContext|SELECT 
    [GroupBy1].[A1] AS [C1]
    FROM ( SELECT 
        COUNT(1) AS [A1]
        FROM [dbo].[__MigrationHistory] AS [Extent1]
        WHERE [Extent1].[ContextKey] = @p__linq__0
    )  AS [GroupBy1]
2014-12-13 09:39:52.7707|TRACE|KarateIsere.DataAccess.KarateIsereContext|

2014-12-13 09:39:52.7707|TRACE|KarateIsere.DataAccess.KarateIsereContext|-- p__linq__0: 'KarateIsere.DataAccess.KarateIsereContext' (Type = String, Size = 4000)

2014-12-13 09:39:52.7817|TRACE|KarateIsere.DataAccess.KarateIsereContext|-- Executing at 13/12/2014 09:39:52 +01:00

2014-12-13 09:39:52.8177|TRACE|KarateIsere.DataAccess.KarateIsereContext|-- Completed in 31 ms with result: SqlDataReader

2014-12-13 09:39:52.8177|TRACE|KarateIsere.DataAccess.KarateIsereContext|

2014-12-13 09:39:52.8287|TRACE|KarateIsere.DataAccess.KarateIsereContext|Closed connection at 13/12/2014 09:39:52 +01:00

2014-12-13 09:39:52.8287|TRACE|KarateIsere.DataAccess.KarateIsereContext|Opened connection at 13/12/2014 09:39:52 +01:00

2014-12-13 09:39:52.8452|TRACE|KarateIsere.DataAccess.KarateIsereContext|SELECT TOP (1) 
    [Project1].[C1] AS [C1], 
    [Project1].[MigrationId] AS [MigrationId], 
    [Project1].[Model] AS [Model], 
    [Project1].[ProductVersion] AS [ProductVersion]
    FROM ( SELECT 
        [Extent1].[MigrationId] AS [MigrationId], 
        [Extent1].[Model] AS [Model], 
        [Extent1].[ProductVersion] AS [ProductVersion], 
        1 AS [C1]
        FROM [dbo].[__MigrationHistory] AS [Extent1]
        WHERE [Extent1].[ContextKey] = @p__linq__0
    )  AS [Project1]
    ORDER BY [Project1].[MigrationId] DESC
2014-12-13 09:39:52.8452|TRACE|KarateIsere.DataAccess.KarateIsereContext|

2014-12-13 09:39:52.8452|TRACE|KarateIsere.DataAccess.KarateIsereContext|-- p__linq__0: 'KarateIsere.DataAccess.KarateIsereContext' (Type = String, Size = 4000)

2014-12-13 09:39:52.8603|TRACE|KarateIsere.DataAccess.KarateIsereContext|-- Executing at 13/12/2014 09:39:52 +01:00

2014-12-13 09:39:52.8988|TRACE|KarateIsere.DataAccess.KarateIsereContext|-- Completed in 33 ms with result: SqlDataReader

2014-12-13 09:39:52.8988|TRACE|KarateIsere.DataAccess.KarateIsereContext|

2014-12-13 09:39:52.9098|TRACE|KarateIsere.DataAccess.KarateIsereContext|Closed connection at 13/12/2014 09:39:52 +01:00

2014-12-13 09:39:53.8054|TRACE|KarateIsere.DataAccess.KarateIsereContext|Opened connection at 13/12/2014 09:39:53 +01:00

2014-12-13 09:39:53.8899|TRACE|KarateIsere.DataAccess.KarateIsereContext|SELECT 
    [Extent1].[Id] AS [Id], 
    [Extent1].[Nom] AS [Nom], 
    [Extent1].[DateCompetition] AS [DateCompetition], 
    [Extent1].[FinInscription] AS [FinInscription], 
    [Extent1].[Lieu] AS [Lieu], 
    [Extent1].[IsKata] AS [IsKata]
    FROM [dbo].[Competition] AS [Extent1]
    WHERE [Extent1].[FinInscription] >= (SysDateTime())
2014-12-13 09:39:53.8899|TRACE|KarateIsere.DataAccess.KarateIsereContext|

2014-12-13 09:39:53.8899|TRACE|KarateIsere.DataAccess.KarateIsereContext|-- Executing at 13/12/2014 09:39:53 +01:00

2014-12-13 09:39:53.9334|TRACE|KarateIsere.DataAccess.KarateIsereContext|-- Completed in 27 ms with result: SqlDataReader

2014-12-13 09:39:53.9384|TRACE|KarateIsere.DataAccess.KarateIsereContext|

2014-12-13 09:39:53.9384|TRACE|KarateIsere.DataAccess.KarateIsereContext|Closed connection at 13/12/2014 09:39:53 +01:00

2014-12-13 09:40:11.1231|TRACE|KarateIsere.DataAccess.KarateIsereContext|Opened connection at 13/12/2014 09:40:11 +01:00

2014-12-13 09:40:11.1276|TRACE|KarateIsere.DataAccess.KarateIsereContext|SELECT 
    [Extent1].[Id] AS [Id], 
    [Extent1].[Nom] AS [Nom], 
    [Extent1].[DateCompetition] AS [DateCompetition], 
    [Extent1].[FinInscription] AS [FinInscription], 
    [Extent1].[Lieu] AS [Lieu], 
    [Extent1].[IsKata] AS [IsKata]
    FROM [dbo].[Competition] AS [Extent1]
    WHERE [Extent1].[FinInscription] >= (SysDateTime())
2014-12-13 09:40:11.1276|TRACE|KarateIsere.DataAccess.KarateIsereContext|

2014-12-13 09:40:11.1276|TRACE|KarateIsere.DataAccess.KarateIsereContext|-- Executing at 13/12/2014 09:40:11 +01:00

2014-12-13 09:40:11.1686|TRACE|KarateIsere.DataAccess.KarateIsereContext|-- Completed in 27 ms with result: SqlDataReader

2014-12-13 09:40:11.1686|TRACE|KarateIsere.DataAccess.KarateIsereContext|

2014-12-13 09:40:11.1771|TRACE|KarateIsere.DataAccess.KarateIsereContext|Closed connection at 13/12/2014 09:40:11 +01:00

