2015-04-25 00:13:48.0995|TRACE|KarateIsere.DataAccess.KarateIsereContext|Connexion ouverte à 25/04/2015 00:13:48 +02:00

2015-04-25 00:13:48.1161|TRACE|KarateIsere.DataAccess.KarateIsereContext|
SELECT Count(*)
FROM INFORMATION_SCHEMA.TABLES AS t
WHERE t.TABLE_SCHEMA + '.' + t.TABLE_NAME IN ('dbo.Adherents','dbo.Admin','dbo.Art_Martial','dbo.Categorie','dbo.Competiteur','dbo.Club','dbo.ListeCompetiteur','dbo.Professeurs','dbo.Competition','dbo.Inscriptions','dbo.Creneaux','dbo.Club_Professeur','dbo.CompetitionCategories')
    OR t.TABLE_NAME = 'EdmMetadata'
2015-04-25 00:13:48.1161|TRACE|KarateIsere.DataAccess.KarateIsereContext|

2015-04-25 00:13:48.1161|TRACE|KarateIsere.DataAccess.KarateIsereContext|-- Exécution à 25/04/2015 00:13:48 +02:00

2015-04-25 00:13:48.1474|TRACE|KarateIsere.DataAccess.KarateIsereContext|-- Terminé dans 22 ms avec le résultat : 9

2015-04-25 00:13:48.1474|TRACE|KarateIsere.DataAccess.KarateIsereContext|

2015-04-25 00:13:48.1474|TRACE|KarateIsere.DataAccess.KarateIsereContext|Connexion fermée à 25/04/2015 00:13:48 +02:00

2015-04-25 00:13:48.1474|TRACE|KarateIsere.DataAccess.KarateIsereContext|Connexion ouverte à 25/04/2015 00:13:48 +02:00

2015-04-25 00:13:48.1474|TRACE|KarateIsere.DataAccess.KarateIsereContext|SELECT 
    [GroupBy1].[A1] AS [C1]
    FROM ( SELECT 
        COUNT(1) AS [A1]
        FROM [dbo].[__MigrationHistory] AS [Extent1]
        WHERE [Extent1].[ContextKey] = @p__linq__0
    )  AS [GroupBy1]
2015-04-25 00:13:48.1630|TRACE|KarateIsere.DataAccess.KarateIsereContext|

2015-04-25 00:13:48.1630|TRACE|KarateIsere.DataAccess.KarateIsereContext|-- p__linq__0: 'KarateIsere.DataAccess.Migrations.Configuration' (Type = String, Size = 4000)

2015-04-25 00:13:48.1630|TRACE|KarateIsere.DataAccess.KarateIsereContext|-- Exécution à 25/04/2015 00:13:48 +02:00

2015-04-25 00:13:48.3028|TRACE|KarateIsere.DataAccess.KarateIsereContext|-- Échec dans 132 ms avec l'erreur : Invalid object name 'dbo.__MigrationHistory'.

2015-04-25 00:13:48.3057|TRACE|KarateIsere.DataAccess.KarateIsereContext|

2015-04-25 00:13:48.4044|TRACE|KarateIsere.DataAccess.KarateIsereContext|Connexion fermée à 25/04/2015 00:13:48 +02:00

2015-04-25 00:13:48.4709|TRACE|KarateIsere.DataAccess.KarateIsereContext|Connexion ouverte à 25/04/2015 00:13:48 +02:00

2015-04-25 00:13:48.4709|TRACE|KarateIsere.DataAccess.KarateIsereContext|SELECT 
    [GroupBy1].[A1] AS [C1]
    FROM ( SELECT 
        COUNT(1) AS [A1]
        FROM [dbo].[__MigrationHistory] AS [Extent1]
    )  AS [GroupBy1]
2015-04-25 00:13:48.4768|TRACE|KarateIsere.DataAccess.KarateIsereContext|

2015-04-25 00:13:48.4768|TRACE|KarateIsere.DataAccess.KarateIsereContext|-- Exécution à 25/04/2015 00:13:48 +02:00

2015-04-25 00:13:48.6185|TRACE|KarateIsere.DataAccess.KarateIsereContext|-- Échec dans 138 ms avec l'erreur : Invalid object name 'dbo.__MigrationHistory'.

2015-04-25 00:13:48.6185|TRACE|KarateIsere.DataAccess.KarateIsereContext|

2015-04-25 00:13:48.7269|TRACE|KarateIsere.DataAccess.KarateIsereContext|Connexion fermée à 25/04/2015 00:13:48 +02:00

2015-04-25 00:13:49.1169|TRACE|KarateIsere.DataAccess.KarateIsereContext|Connexion ouverte à 25/04/2015 00:13:49 +02:00

2015-04-25 00:13:49.1794|TRACE|KarateIsere.DataAccess.KarateIsereContext|SELECT 
    [Extent1].[Nom] AS [Nom]
    FROM [dbo].[Categorie] AS [Extent1]
2015-04-25 00:13:49.1794|TRACE|KarateIsere.DataAccess.KarateIsereContext|

2015-04-25 00:13:49.1794|TRACE|KarateIsere.DataAccess.KarateIsereContext|-- Exécution à 25/04/2015 00:13:49 +02:00

2015-04-25 00:13:49.2166|TRACE|KarateIsere.DataAccess.KarateIsereContext|-- Terminé dans 30 ms avec le résultat : SqlDataReader

2015-04-25 00:13:49.2166|TRACE|KarateIsere.DataAccess.KarateIsereContext|

2015-04-25 00:13:49.2166|TRACE|KarateIsere.DataAccess.KarateIsereContext|Connexion fermée à 25/04/2015 00:13:49 +02:00

2015-04-25 00:38:19.5211|TRACE|KarateIsere.DataAccess.KarateIsereContext|Connexion ouverte à 25/04/2015 00:38:19 +02:00

2015-04-25 00:38:19.5299|TRACE|KarateIsere.DataAccess.KarateIsereContext|
SELECT Count(*)
FROM INFORMATION_SCHEMA.TABLES AS t
WHERE t.TABLE_SCHEMA + '.' + t.TABLE_NAME IN ('dbo.Adherents','dbo.Admin','dbo.Art_Martial','dbo.Categorie','dbo.Competiteur','dbo.Club','dbo.ListeCompetiteur','dbo.Professeurs','dbo.Competition','dbo.Inscriptions','dbo.Creneaux','dbo.Club_Professeur','dbo.CompetitionCategories')
    OR t.TABLE_NAME = 'EdmMetadata'
2015-04-25 00:38:19.5377|TRACE|KarateIsere.DataAccess.KarateIsereContext|

2015-04-25 00:38:19.5377|TRACE|KarateIsere.DataAccess.KarateIsereContext|-- Exécution à 25/04/2015 00:38:19 +02:00

2015-04-25 00:38:19.5553|TRACE|KarateIsere.DataAccess.KarateIsereContext|-- Terminé dans 12 ms avec le résultat : 9

2015-04-25 00:38:19.5553|TRACE|KarateIsere.DataAccess.KarateIsereContext|

2015-04-25 00:38:19.5553|TRACE|KarateIsere.DataAccess.KarateIsereContext|Connexion fermée à 25/04/2015 00:38:19 +02:00

2015-04-25 00:38:19.5553|TRACE|KarateIsere.DataAccess.KarateIsereContext|Connexion ouverte à 25/04/2015 00:38:19 +02:00

2015-04-25 00:38:19.5553|TRACE|KarateIsere.DataAccess.KarateIsereContext|SELECT 
    [GroupBy1].[A1] AS [C1]
    FROM ( SELECT 
        COUNT(1) AS [A1]
        FROM [dbo].[__MigrationHistory] AS [Extent1]
        WHERE [Extent1].[ContextKey] = @p__linq__0
    )  AS [GroupBy1]
2015-04-25 00:38:19.5690|TRACE|KarateIsere.DataAccess.KarateIsereContext|

2015-04-25 00:38:19.5690|TRACE|KarateIsere.DataAccess.KarateIsereContext|-- p__linq__0: 'KarateIsere.DataAccess.Migrations.Configuration' (Type = String, Size = 4000)

2015-04-25 00:38:19.5690|TRACE|KarateIsere.DataAccess.KarateIsereContext|-- Exécution à 25/04/2015 00:38:19 +02:00

2015-04-25 00:38:19.7058|TRACE|KarateIsere.DataAccess.KarateIsereContext|-- Échec dans 129 ms avec l'erreur : Invalid object name 'dbo.__MigrationHistory'.

2015-04-25 00:38:19.7058|TRACE|KarateIsere.DataAccess.KarateIsereContext|

2015-04-25 00:38:19.8094|TRACE|KarateIsere.DataAccess.KarateIsereContext|Connexion fermée à 25/04/2015 00:38:19 +02:00

2015-04-25 00:38:19.8739|TRACE|KarateIsere.DataAccess.KarateIsereContext|Connexion ouverte à 25/04/2015 00:38:19 +02:00

2015-04-25 00:38:19.8739|TRACE|KarateIsere.DataAccess.KarateIsereContext|SELECT 
    [GroupBy1].[A1] AS [C1]
    FROM ( SELECT 
        COUNT(1) AS [A1]
        FROM [dbo].[__MigrationHistory] AS [Extent1]
    )  AS [GroupBy1]
2015-04-25 00:38:19.8739|TRACE|KarateIsere.DataAccess.KarateIsereContext|

2015-04-25 00:38:19.8739|TRACE|KarateIsere.DataAccess.KarateIsereContext|-- Exécution à 25/04/2015 00:38:19 +02:00

2015-04-25 00:38:20.0137|TRACE|KarateIsere.DataAccess.KarateIsereContext|-- Échec dans 130 ms avec l'erreur : Invalid object name 'dbo.__MigrationHistory'.

2015-04-25 00:38:20.0137|TRACE|KarateIsere.DataAccess.KarateIsereContext|

2015-04-25 00:38:20.1270|TRACE|KarateIsere.DataAccess.KarateIsereContext|Connexion fermée à 25/04/2015 00:38:20 +02:00

2015-04-25 00:38:20.5326|TRACE|KarateIsere.DataAccess.KarateIsereContext|Connexion ouverte à 25/04/2015 00:38:20 +02:00

2015-04-25 00:38:20.5727|TRACE|KarateIsere.DataAccess.KarateIsereContext|SELECT 
    [Extent1].[NumAffiliation] AS [NumAffiliation], 
    [Extent1].[NomClub] AS [NomClub], 
    [Extent1].[Correspondant] AS [Correspondant], 
    [Extent1].[Telephone] AS [Telephone], 
    [Extent1].[Adr_Administrative] AS [Adr_Administrative], 
    [Extent1].[Adr_Dojo] AS [Adr_Dojo], 
    [Extent1].[Code_Postal] AS [Code_Postal], 
    [Extent1].[Ville] AS [Ville], 
    [Extent1].[Site_Web] AS [Site_Web], 
    [Extent1].[Facebook] AS [Facebook], 
    [Extent1].[President_Tel] AS [President_Tel], 
    [Extent1].[President_Nom] AS [President_Nom], 
    [Extent1].[President_Prenom] AS [President_Prenom], 
    [Extent1].[President_Email] AS [President_Email], 
    [Extent1].[President_Mobile] AS [President_Mobile], 
    [Extent1].[Tresorier_Tel] AS [Tresorier_Tel], 
    [Extent1].[Tresorier_Nom] AS [Tresorier_Nom], 
    [Extent1].[Tresorier_Prenom] AS [Tresorier_Prenom], 
    [Extent1].[Tresorier_Email] AS [Tresorier_Email], 
    [Extent1].[Tresorier_Mobile] AS [Tresorier_Mobile], 
    [Extent1].[Secretaire_Tel] AS [Secretaire_Tel], 
    [Extent1].[Secretaire_Nom] AS [Secretaire_Nom], 
    [Extent1].[Secretaire_Prenom] AS [Secretaire_Prenom], 
    [Extent1].[Secretaire_Email] AS [Secretaire_Email], 
    [Extent1].[Secretaire_Mobile] AS [Secretaire_Mobile], 
    [Extent1].[ArtMartialName] AS [ArtMartialName], 
    [Extent1].[Longitude] AS [Longitude], 
    [Extent1].[Latitude] AS [Latitude]
    FROM [dbo].[Club] AS [Extent1]
2015-04-25 00:38:20.5727|TRACE|KarateIsere.DataAccess.KarateIsereContext|

2015-04-25 00:38:20.5727|TRACE|KarateIsere.DataAccess.KarateIsereContext|-- Exécution à 25/04/2015 00:38:20 +02:00

2015-04-25 00:38:20.5912|TRACE|KarateIsere.DataAccess.KarateIsereContext|-- Terminé dans 11 ms avec le résultat : SqlDataReader

2015-04-25 00:38:20.5912|TRACE|KarateIsere.DataAccess.KarateIsereContext|

2015-04-25 00:38:20.6049|TRACE|KarateIsere.DataAccess.KarateIsereContext|Connexion fermée à 25/04/2015 00:38:20 +02:00

2015-04-25 00:43:19.0771|TRACE|KarateIsere.DataAccess.KarateIsereContext|Connexion ouverte à 25/04/2015 00:43:19 +02:00

2015-04-25 00:43:19.0849|TRACE|KarateIsere.DataAccess.KarateIsereContext|
SELECT Count(*)
FROM INFORMATION_SCHEMA.TABLES AS t
WHERE t.TABLE_SCHEMA + '.' + t.TABLE_NAME IN ('dbo.Adherents','dbo.Admin','dbo.Art_Martial','dbo.Categorie','dbo.Competiteur','dbo.Club','dbo.ListeCompetiteur','dbo.Professeurs','dbo.Competition','dbo.Inscriptions','dbo.Creneaux','dbo.Club_Professeur','dbo.CompetitionCategories')
    OR t.TABLE_NAME = 'EdmMetadata'
2015-04-25 00:43:19.0849|TRACE|KarateIsere.DataAccess.KarateIsereContext|

2015-04-25 00:43:19.0849|TRACE|KarateIsere.DataAccess.KarateIsereContext|-- Exécution à 25/04/2015 00:43:19 +02:00

2015-04-25 00:43:19.1103|TRACE|KarateIsere.DataAccess.KarateIsereContext|-- Terminé dans 12 ms avec le résultat : 9

2015-04-25 00:43:19.1103|TRACE|KarateIsere.DataAccess.KarateIsereContext|

2015-04-25 00:43:19.1162|TRACE|KarateIsere.DataAccess.KarateIsereContext|Connexion fermée à 25/04/2015 00:43:19 +02:00

2015-04-25 00:43:19.1162|TRACE|KarateIsere.DataAccess.KarateIsereContext|Connexion ouverte à 25/04/2015 00:43:19 +02:00

2015-04-25 00:43:19.1162|TRACE|KarateIsere.DataAccess.KarateIsereContext|SELECT 
    [GroupBy1].[A1] AS [C1]
    FROM ( SELECT 
        COUNT(1) AS [A1]
        FROM [dbo].[__MigrationHistory] AS [Extent1]
        WHERE [Extent1].[ContextKey] = @p__linq__0
    )  AS [GroupBy1]
2015-04-25 00:43:19.1162|TRACE|KarateIsere.DataAccess.KarateIsereContext|

2015-04-25 00:43:19.1162|TRACE|KarateIsere.DataAccess.KarateIsereContext|-- p__linq__0: 'KarateIsere.DataAccess.Migrations.Configuration' (Type = String, Size = 4000)

2015-04-25 00:43:19.1318|TRACE|KarateIsere.DataAccess.KarateIsereContext|-- Exécution à 25/04/2015 00:43:19 +02:00

2015-04-25 00:43:19.2647|TRACE|KarateIsere.DataAccess.KarateIsereContext|-- Échec dans 130 ms avec l'erreur : Invalid object name 'dbo.__MigrationHistory'.

2015-04-25 00:43:19.2647|TRACE|KarateIsere.DataAccess.KarateIsereContext|

2015-04-25 00:43:19.3879|TRACE|KarateIsere.DataAccess.KarateIsereContext|Connexion fermée à 25/04/2015 00:43:19 +02:00

2015-04-25 00:43:19.4573|TRACE|KarateIsere.DataAccess.KarateIsereContext|Connexion ouverte à 25/04/2015 00:43:19 +02:00

2015-04-25 00:43:19.4602|TRACE|KarateIsere.DataAccess.KarateIsereContext|SELECT 
    [GroupBy1].[A1] AS [C1]
    FROM ( SELECT 
        COUNT(1) AS [A1]
        FROM [dbo].[__MigrationHistory] AS [Extent1]
    )  AS [GroupBy1]
2015-04-25 00:43:19.4602|TRACE|KarateIsere.DataAccess.KarateIsereContext|

2015-04-25 00:43:19.4602|TRACE|KarateIsere.DataAccess.KarateIsereContext|-- Exécution à 25/04/2015 00:43:19 +02:00

2015-04-25 00:43:19.5980|TRACE|KarateIsere.DataAccess.KarateIsereContext|-- Échec dans 128 ms avec l'erreur : Invalid object name 'dbo.__MigrationHistory'.

2015-04-25 00:43:19.6000|TRACE|KarateIsere.DataAccess.KarateIsereContext|

2015-04-25 00:43:19.7133|TRACE|KarateIsere.DataAccess.KarateIsereContext|Connexion fermée à 25/04/2015 00:43:19 +02:00

2015-04-25 00:43:20.0798|TRACE|KarateIsere.DataAccess.KarateIsereContext|Connexion ouverte à 25/04/2015 00:43:20 +02:00

2015-04-25 00:43:20.1375|TRACE|KarateIsere.DataAccess.KarateIsereContext|SELECT 
    [Project2].[C1] AS [C1], 
    [Project2].[NumAffiliation] AS [NumAffiliation], 
    [Project2].[NomClub] AS [NomClub], 
    [Project2].[Correspondant] AS [Correspondant], 
    [Project2].[Telephone] AS [Telephone], 
    [Project2].[Adr_Administrative] AS [Adr_Administrative], 
    [Project2].[Adr_Dojo] AS [Adr_Dojo], 
    [Project2].[Code_Postal] AS [Code_Postal], 
    [Project2].[Ville] AS [Ville], 
    [Project2].[Site_Web] AS [Site_Web], 
    [Project2].[Facebook] AS [Facebook], 
    [Project2].[President_Tel] AS [President_Tel], 
    [Project2].[President_Nom] AS [President_Nom], 
    [Project2].[President_Prenom] AS [President_Prenom], 
    [Project2].[President_Email] AS [President_Email], 
    [Project2].[President_Mobile] AS [President_Mobile], 
    [Project2].[Tresorier_Tel] AS [Tresorier_Tel], 
    [Project2].[Tresorier_Nom] AS [Tresorier_Nom], 
    [Project2].[Tresorier_Prenom] AS [Tresorier_Prenom], 
    [Project2].[Tresorier_Email] AS [Tresorier_Email], 
    [Project2].[Tresorier_Mobile] AS [Tresorier_Mobile], 
    [Project2].[Secretaire_Tel] AS [Secretaire_Tel], 
    [Project2].[Secretaire_Nom] AS [Secretaire_Nom], 
    [Project2].[Secretaire_Prenom] AS [Secretaire_Prenom], 
    [Project2].[Secretaire_Email] AS [Secretaire_Email], 
    [Project2].[Secretaire_Mobile] AS [Secretaire_Mobile], 
    [Project2].[ArtMartialName] AS [ArtMartialName], 
    [Project2].[Longitude] AS [Longitude], 
    [Project2].[Latitude] AS [Latitude], 
    [Project2].[C2] AS [C2], 
    [Project2].[NumLicence] AS [NumLicence], 
    [Project2].[Nom] AS [Nom], 
    [Project2].[Prenom] AS [Prenom], 
    [Project2].[CategorieName] AS [CategorieName], 
    [Project2].[Poids] AS [Poids], 
    [Project2].[isHomme] AS [isHomme], 
    [Project2].[NumAffiliationClub] AS [NumAffiliationClub]
    FROM ( SELECT 
        [Limit1].[NumAffiliation] AS [NumAffiliation], 
        [Limit1].[NomClub] AS [NomClub], 
        [Limit1].[Correspondant] AS [Correspondant], 
        [Limit1].[Telephone] AS [Telephone], 
        [Limit1].[Adr_Administrative] AS [Adr_Administrative], 
        [Limit1].[Adr_Dojo] AS [Adr_Dojo], 
        [Limit1].[Code_Postal] AS [Code_Postal], 
        [Limit1].[Ville] AS [Ville], 
        [Limit1].[Site_Web] AS [Site_Web], 
        [Limit1].[Facebook] AS [Facebook], 
        [Limit1].[President_Tel] AS [President_Tel], 
        [Limit1].[President_Nom] AS [President_Nom], 
        [Limit1].[President_Prenom] AS [President_Prenom], 
        [Limit1].[President_Email] AS [President_Email], 
        [Limit1].[President_Mobile] AS [President_Mobile], 
        [Limit1].[Tresorier_Tel] AS [Tresorier_Tel], 
        [Limit1].[Tresorier_Nom] AS [Tresorier_Nom], 
        [Limit1].[Tresorier_Prenom] AS [Tresorier_Prenom], 
        [Limit1].[Tresorier_Email] AS [Tresorier_Email], 
        [Limit1].[Tresorier_Mobile] AS [Tresorier_Mobile], 
        [Limit1].[Secretaire_Tel] AS [Secretaire_Tel], 
        [Limit1].[Secretaire_Nom] AS [Secretaire_Nom], 
        [Limit1].[Secretaire_Prenom] AS [Secretaire_Prenom], 
        [Limit1].[Secretaire_Email] AS [Secretaire_Email], 
        [Limit1].[Secretaire_Mobile] AS [Secretaire_Mobile], 
        [Limit1].[ArtMartialName] AS [ArtMartialName], 
        [Limit1].[Longitude] AS [Longitude], 
        [Limit1].[Latitude] AS [Latitude], 
        [Limit1].[C1] AS [C1], 
        [Extent2].[NumLicence] AS [NumLicence], 
        [Extent2].[Nom] AS [Nom], 
        [Extent2].[Prenom] AS [Prenom], 
        [Extent2].[CategorieName] AS [CategorieName], 
        [Extent2].[Poids] AS [Poids], 
        [Extent2].[isHomme] AS [isHomme], 
        [Extent2].[NumAffiliationClub] AS [NumAffiliationClub], 
        CASE WHEN ([Extent2].[NumLicence] IS NULL) THEN CAST(NULL AS int) ELSE 1 END AS [C2]
        FROM   (SELECT TOP (2) 
            [Extent1].[NumAffiliation] AS [NumAffiliation], 
            [Extent1].[NomClub] AS [NomClub], 
            [Extent1].[Correspondant] AS [Correspondant], 
            [Extent1].[Telephone] AS [Telephone], 
            [Extent1].[Adr_Administrative] AS [Adr_Administrative], 
            [Extent1].[Adr_Dojo] AS [Adr_Dojo], 
            [Extent1].[Code_Postal] AS [Code_Postal], 
            [Extent1].[Ville] AS [Ville], 
            [Extent1].[Site_Web] AS [Site_Web], 
            [Extent1].[Facebook] AS [Facebook], 
            [Extent1].[President_Tel] AS [President_Tel], 
            [Extent1].[President_Nom] AS [President_Nom], 
            [Extent1].[President_Prenom] AS [President_Prenom], 
            [Extent1].[President_Email] AS [President_Email], 
            [Extent1].[President_Mobile] AS [President_Mobile], 
            [Extent1].[Tresorier_Tel] AS [Tresorier_Tel], 
            [Extent1].[Tresorier_Nom] AS [Tresorier_Nom], 
            [Extent1].[Tresorier_Prenom] AS [Tresorier_Prenom], 
            [Extent1].[Tresorier_Email] AS [Tresorier_Email], 
            [Extent1].[Tresorier_Mobile] AS [Tresorier_Mobile], 
            [Extent1].[Secretaire_Tel] AS [Secretaire_Tel], 
            [Extent1].[Secretaire_Nom] AS [Secretaire_Nom], 
            [Extent1].[Secretaire_Prenom] AS [Secretaire_Prenom], 
            [Extent1].[Secretaire_Email] AS [Secretaire_Email], 
            [Extent1].[Secretaire_Mobile] AS [Secretaire_Mobile], 
            [Extent1].[ArtMartialName] AS [ArtMartialName], 
            [Extent1].[Longitude] AS [Longitude], 
            [Extent1].[Latitude] AS [Latitude], 
            1 AS [C1]
            FROM [dbo].[Club] AS [Extent1]
            WHERE [Extent1].[NumAffiliation] = @p__linq__0 ) AS [Limit1]
        LEFT OUTER JOIN [dbo].[Competiteur] AS [Extent2] ON [Limit1].[NumAffiliation] = [Extent2].[NumAffiliationClub]
    )  AS [Project2]
    ORDER BY [Project2].[NumAffiliation] ASC, [Project2].[C2] ASC
2015-04-25 00:43:20.1375|TRACE|KarateIsere.DataAccess.KarateIsereContext|

2015-04-25 00:43:20.1375|TRACE|KarateIsere.DataAccess.KarateIsereContext|-- p__linq__0: 'T4566' (Type = AnsiString, Size = 8000)

2015-04-25 00:43:20.1375|TRACE|KarateIsere.DataAccess.KarateIsereContext|-- Exécution à 25/04/2015 00:43:20 +02:00

2015-04-25 00:43:20.1863|TRACE|KarateIsere.DataAccess.KarateIsereContext|-- Terminé dans 38 ms avec le résultat : SqlDataReader

2015-04-25 00:43:20.1863|TRACE|KarateIsere.DataAccess.KarateIsereContext|

2015-04-25 00:43:20.2020|TRACE|KarateIsere.DataAccess.KarateIsereContext|Connexion fermée à 25/04/2015 00:43:20 +02:00

2015-04-25 00:43:20.2020|TRACE|KarateIsere.DataAccess.Tool.Mapper|Map parameters
2015-04-25 00:43:20.2117|TRACE|KarateIsere.DataAccess.Tool.Mapper|Destination object :KarateIsere.Models.ClubViewModel
2015-04-25 00:43:20.2117|TRACE|KarateIsere.DataAccess.Tool.Mapper|Source object : KarateIsere.DataAccess.Club
2015-04-25 00:43:20.2117|TRACE|KarateIsere.DataAccess.Tool.Mapper|FirstCommonType parameters
2015-04-25 00:43:20.2117|TRACE|KarateIsere.DataAccess.Tool.Mapper|Source type :KarateIsere.DataAccess.Club
2015-04-25 00:43:20.2117|TRACE|KarateIsere.DataAccess.Tool.Mapper|Destination type :KarateIsere.Models.ClubViewModel
2015-04-25 00:43:20.2117|TRACE|KarateIsere.DataAccess.Tool.Mapper|Map parameters
2015-04-25 00:43:20.2274|TRACE|KarateIsere.DataAccess.Tool.Mapper|Destination object :KarateIsere.Models.ClubViewModel
2015-04-25 00:43:20.2274|TRACE|KarateIsere.DataAccess.Tool.Mapper|Source object : KarateIsere.DataAccess.Club
2015-04-25 00:43:20.2274|TRACE|KarateIsere.DataAccess.Tool.Mapper|Common type :KarateIsere.DataAccess.Club
2015-04-25 00:43:20.7277|TRACE|KarateIsere.DataAccess.KarateIsereContext|Connexion ouverte à 25/04/2015 00:43:20 +02:00

2015-04-25 00:43:20.7277|TRACE|KarateIsere.DataAccess.KarateIsereContext|SELECT 
    [Extent1].[Name] AS [Name]
    FROM [dbo].[Art_Martial] AS [Extent1]
2015-04-25 00:43:20.7277|TRACE|KarateIsere.DataAccess.KarateIsereContext|

2015-04-25 00:43:20.7277|TRACE|KarateIsere.DataAccess.KarateIsereContext|-- Exécution à 25/04/2015 00:43:20 +02:00

2015-04-25 00:43:20.7522|TRACE|KarateIsere.DataAccess.KarateIsereContext|-- Terminé dans 11 ms avec le résultat : SqlDataReader

2015-04-25 00:43:20.7522|TRACE|KarateIsere.DataAccess.KarateIsereContext|

2015-04-25 00:43:20.7571|TRACE|KarateIsere.DataAccess.KarateIsereContext|Connexion fermée à 25/04/2015 00:43:20 +02:00

