2014-09-27 23:07:28.8627|TRACE|KarateIsere.DataAccess.KarateIsereContext|Opened connection at 27/09/2014 23:07:28 +02:00

2014-09-27 23:07:28.8907|TRACE|KarateIsere.DataAccess.KarateIsereContext|
SELECT Count(*)
FROM INFORMATION_SCHEMA.TABLES AS t
WHERE t.TABLE_SCHEMA + '.' + t.TABLE_NAME IN ('dbo.Adherents','dbo.Admin','dbo.Art_Martial','dbo.Categorie','dbo.Competiteur','dbo.Club','dbo.ListeCompetiteur','dbo.Professeurs','dbo.Competition','dbo.Inscriptions','dbo.Creneaux','dbo.Club_Professeur','dbo.CompetitionCategories')
    OR t.TABLE_NAME = 'EdmMetadata'
2014-09-27 23:07:28.8907|TRACE|KarateIsere.DataAccess.KarateIsereContext|

2014-09-27 23:07:28.8907|TRACE|KarateIsere.DataAccess.KarateIsereContext|-- Executing at 27/09/2014 23:07:28 +02:00

2014-09-27 23:07:28.9337|TRACE|KarateIsere.DataAccess.KarateIsereContext|-- Completed in 27 ms with result: 9

2014-09-27 23:07:28.9337|TRACE|KarateIsere.DataAccess.KarateIsereContext|

2014-09-27 23:07:28.9337|TRACE|KarateIsere.DataAccess.KarateIsereContext|Closed connection at 27/09/2014 23:07:28 +02:00

2014-09-27 23:07:28.9337|TRACE|KarateIsere.DataAccess.KarateIsereContext|Opened connection at 27/09/2014 23:07:28 +02:00

2014-09-27 23:07:28.9512|TRACE|KarateIsere.DataAccess.KarateIsereContext|SELECT 
    [GroupBy1].[A1] AS [C1]
    FROM ( SELECT 
        COUNT(1) AS [A1]
        FROM [dbo].[__MigrationHistory] AS [Extent1]
        WHERE [Extent1].[ContextKey] = @p__linq__0
    )  AS [GroupBy1]
2014-09-27 23:07:28.9512|TRACE|KarateIsere.DataAccess.KarateIsereContext|

2014-09-27 23:07:28.9512|TRACE|KarateIsere.DataAccess.KarateIsereContext|-- p__linq__0: 'KarateIsere.DataAccess.KarateIsereContext' (Type = String, Size = 4000)

2014-09-27 23:07:28.9647|TRACE|KarateIsere.DataAccess.KarateIsereContext|-- Executing at 27/09/2014 23:07:28 +02:00

2014-09-27 23:07:29.0002|TRACE|KarateIsere.DataAccess.KarateIsereContext|-- Completed in 32 ms with result: SqlDataReader

2014-09-27 23:07:29.0002|TRACE|KarateIsere.DataAccess.KarateIsereContext|

2014-09-27 23:07:29.0002|TRACE|KarateIsere.DataAccess.KarateIsereContext|Closed connection at 27/09/2014 23:07:29 +02:00

2014-09-27 23:07:29.0117|TRACE|KarateIsere.DataAccess.KarateIsereContext|Opened connection at 27/09/2014 23:07:29 +02:00

2014-09-27 23:07:29.0117|TRACE|KarateIsere.DataAccess.KarateIsereContext|SELECT TOP (1) 
    [Project1].[C1] AS [C1], 
    [Project1].[MigrationId] AS [MigrationId], 
    [Project1].[Model] AS [Model], 
    [Project1].[ProductVersion] AS [ProductVersion]
    FROM ( SELECT 
        [Extent1].[MigrationId] AS [MigrationId], 
        [Extent1].[Model] AS [Model], 
        [Extent1].[ProductVersion] AS [ProductVersion], 
        1 AS [C1]
        FROM [dbo].[__MigrationHistory] AS [Extent1]
        WHERE [Extent1].[ContextKey] = @p__linq__0
    )  AS [Project1]
    ORDER BY [Project1].[MigrationId] DESC
2014-09-27 23:07:29.0117|TRACE|KarateIsere.DataAccess.KarateIsereContext|

2014-09-27 23:07:29.0117|TRACE|KarateIsere.DataAccess.KarateIsereContext|-- p__linq__0: 'KarateIsere.DataAccess.KarateIsereContext' (Type = String, Size = 4000)

2014-09-27 23:07:29.0287|TRACE|KarateIsere.DataAccess.KarateIsereContext|-- Executing at 27/09/2014 23:07:29 +02:00

2014-09-27 23:07:29.0647|TRACE|KarateIsere.DataAccess.KarateIsereContext|-- Completed in 32 ms with result: SqlDataReader

2014-09-27 23:07:29.0647|TRACE|KarateIsere.DataAccess.KarateIsereContext|

2014-09-27 23:07:29.0647|TRACE|KarateIsere.DataAccess.KarateIsereContext|Closed connection at 27/09/2014 23:07:29 +02:00

2014-09-27 23:07:29.8103|TRACE|KarateIsere.DataAccess.KarateIsereContext|Opened connection at 27/09/2014 23:07:29 +02:00

2014-09-27 23:07:29.9773|TRACE|KarateIsere.DataAccess.KarateIsereContext|SELECT 
    [Project1].[C1] AS [C1], 
    [Project1].[Competition] AS [Competition], 
    [Project1].[DateCompetition] AS [DateCompetition], 
    [Project1].[FinInscription] AS [FinInscription], 
    [Project1].[Lieu] AS [Lieu], 
    [Project1].[IsKata] AS [IsKata], 
    [Project1].[C2] AS [C2], 
    [Project1].[Categorie_Nom] AS [Categorie_Nom]
    FROM ( SELECT 
        [Extent1].[Competition] AS [Competition], 
        [Extent1].[DateCompetition] AS [DateCompetition], 
        [Extent1].[FinInscription] AS [FinInscription], 
        [Extent1].[Lieu] AS [Lieu], 
        [Extent1].[IsKata] AS [IsKata], 
        1 AS [C1], 
        [Extent2].[Categorie_Nom] AS [Categorie_Nom], 
        CASE WHEN ([Extent2].[Categorie_Nom] IS NULL) THEN CAST(NULL AS int) ELSE 1 END AS [C2]
        FROM  [dbo].[Competition] AS [Extent1]
        LEFT OUTER JOIN [dbo].[CompetitionCategories] AS [Extent2] ON [Extent1].[Competition] = [Extent2].[Competition_Nom]
    )  AS [Project1]
    ORDER BY [Project1].[Competition] ASC, [Project1].[C2] ASC
2014-09-27 23:07:29.9818|TRACE|KarateIsere.DataAccess.KarateIsereContext|

2014-09-27 23:07:29.9818|TRACE|KarateIsere.DataAccess.KarateIsereContext|-- Executing at 27/09/2014 23:07:29 +02:00

2014-09-27 23:07:30.0148|TRACE|KarateIsere.DataAccess.KarateIsereContext|-- Completed in 25 ms with result: SqlDataReader

2014-09-27 23:07:30.0148|TRACE|KarateIsere.DataAccess.KarateIsereContext|

2014-09-27 23:07:30.0588|TRACE|KarateIsere.DataAccess.KarateIsereContext|Closed connection at 27/09/2014 23:07:30 +02:00

2014-09-27 23:07:30.0588|TRACE|KarateIsere.DataAccess.Tool.Mapper|Map parameters
2014-09-27 23:07:30.0748|TRACE|KarateIsere.DataAccess.Tool.Mapper|Destination object :KarateIsere.Models.CompetitionViewModel
2014-09-27 23:07:30.0748|TRACE|KarateIsere.DataAccess.Tool.Mapper|Source object : KarateIsere.DataAccess.Competition
2014-09-27 23:07:30.0748|TRACE|KarateIsere.DataAccess.Tool.Mapper|FirstCommonType parameters
2014-09-27 23:07:30.0748|TRACE|KarateIsere.DataAccess.Tool.Mapper|Source type :KarateIsere.DataAccess.Competition
2014-09-27 23:07:30.0898|TRACE|KarateIsere.DataAccess.Tool.Mapper|Destination type :KarateIsere.Models.CompetitionViewModel
2014-09-27 23:07:30.0898|TRACE|KarateIsere.DataAccess.Tool.Mapper|Map parameters
2014-09-27 23:07:30.0898|TRACE|KarateIsere.DataAccess.Tool.Mapper|Destination object :KarateIsere.Models.CompetitionViewModel
2014-09-27 23:07:30.0898|TRACE|KarateIsere.DataAccess.Tool.Mapper|Source object : KarateIsere.DataAccess.Competition
2014-09-27 23:07:30.1048|TRACE|KarateIsere.DataAccess.Tool.Mapper|Common type :KarateIsere.DataAccess.Competition
2014-09-27 23:07:31.2745|TRACE|KarateIsere.DataAccess.KarateIsereContext|Opened connection at 27/09/2014 23:07:31 +02:00

2014-09-27 23:07:31.2895|TRACE|KarateIsere.DataAccess.KarateIsereContext|SELECT 
    [Extent1].[Nom] AS [Nom]
    FROM [dbo].[Categorie] AS [Extent1]
2014-09-27 23:07:31.2895|TRACE|KarateIsere.DataAccess.KarateIsereContext|

2014-09-27 23:07:31.2895|TRACE|KarateIsere.DataAccess.KarateIsereContext|-- Executing at 27/09/2014 23:07:31 +02:00

2014-09-27 23:07:31.3505|TRACE|KarateIsere.DataAccess.KarateIsereContext|-- Completed in 48 ms with result: SqlDataReader

2014-09-27 23:07:31.3550|TRACE|KarateIsere.DataAccess.KarateIsereContext|

2014-09-27 23:07:31.3550|TRACE|KarateIsere.DataAccess.KarateIsereContext|Closed connection at 27/09/2014 23:07:31 +02:00

2014-09-27 23:07:36.5301|TRACE|KarateIsere.DataAccess.KarateIsereContext|Opened connection at 27/09/2014 23:07:36 +02:00

2014-09-27 23:07:36.5301|TRACE|KarateIsere.DataAccess.KarateIsereContext|SELECT 
    [Project2].[C1] AS [C1], 
    [Project2].[Competition] AS [Competition], 
    [Project2].[DateCompetition] AS [DateCompetition], 
    [Project2].[FinInscription] AS [FinInscription], 
    [Project2].[Lieu] AS [Lieu], 
    [Project2].[IsKata] AS [IsKata], 
    [Project2].[C2] AS [C2], 
    [Project2].[Categorie_Nom] AS [Categorie_Nom]
    FROM ( SELECT 
        [Limit1].[Competition] AS [Competition], 
        [Limit1].[DateCompetition] AS [DateCompetition], 
        [Limit1].[FinInscription] AS [FinInscription], 
        [Limit1].[Lieu] AS [Lieu], 
        [Limit1].[IsKata] AS [IsKata], 
        [Limit1].[C1] AS [C1], 
        [Extent2].[Categorie_Nom] AS [Categorie_Nom], 
        CASE WHEN ([Extent2].[Categorie_Nom] IS NULL) THEN CAST(NULL AS int) ELSE 1 END AS [C2]
        FROM   (SELECT TOP (2) 
            [Extent1].[Competition] AS [Competition], 
            [Extent1].[DateCompetition] AS [DateCompetition], 
            [Extent1].[FinInscription] AS [FinInscription], 
            [Extent1].[Lieu] AS [Lieu], 
            [Extent1].[IsKata] AS [IsKata], 
            1 AS [C1]
            FROM [dbo].[Competition] AS [Extent1]
            WHERE [Extent1].[Competition] = @p__linq__0 ) AS [Limit1]
        LEFT OUTER JOIN [dbo].[CompetitionCategories] AS [Extent2] ON [Limit1].[Competition] = [Extent2].[Competition_Nom]
    )  AS [Project2]
    ORDER BY [Project2].[Competition] ASC, [Project2].[C2] ASC
2014-09-27 23:07:36.5491|TRACE|KarateIsere.DataAccess.KarateIsereContext|

2014-09-27 23:07:36.5491|TRACE|KarateIsere.DataAccess.KarateIsereContext|-- p__linq__0: 'Compet 1' (Type = AnsiString, Size = 8000)

2014-09-27 23:07:36.5491|TRACE|KarateIsere.DataAccess.KarateIsereContext|-- Executing at 27/09/2014 23:07:36 +02:00

2014-09-27 23:07:36.5951|TRACE|KarateIsere.DataAccess.KarateIsereContext|-- Completed in 32 ms with result: SqlDataReader

2014-09-27 23:07:36.5951|TRACE|KarateIsere.DataAccess.KarateIsereContext|

2014-09-27 23:07:36.5951|TRACE|KarateIsere.DataAccess.KarateIsereContext|Closed connection at 27/09/2014 23:07:36 +02:00

2014-09-27 23:07:36.6086|TRACE|KarateIsere.DataAccess.Tool.Mapper|Map parameters
2014-09-27 23:07:36.6086|TRACE|KarateIsere.DataAccess.Tool.Mapper|Destination object :KarateIsere.Models.CompetitionViewModel
2014-09-27 23:07:36.6086|TRACE|KarateIsere.DataAccess.Tool.Mapper|Source object : KarateIsere.DataAccess.Competition
2014-09-27 23:07:36.6086|TRACE|KarateIsere.DataAccess.Tool.Mapper|FirstCommonType parameters
2014-09-27 23:07:36.6246|TRACE|KarateIsere.DataAccess.Tool.Mapper|Source type :KarateIsere.DataAccess.Competition
2014-09-27 23:07:36.6781|TRACE|KarateIsere.DataAccess.Tool.Mapper|Destination type :KarateIsere.Models.CompetitionViewModel
2014-09-27 23:07:36.6781|TRACE|KarateIsere.DataAccess.Tool.Mapper|Map parameters
2014-09-27 23:07:36.6781|TRACE|KarateIsere.DataAccess.Tool.Mapper|Destination object :KarateIsere.Models.CompetitionViewModel
2014-09-27 23:07:36.6891|TRACE|KarateIsere.DataAccess.Tool.Mapper|Source object : KarateIsere.DataAccess.Competition
2014-09-27 23:07:36.6891|TRACE|KarateIsere.DataAccess.Tool.Mapper|Common type :KarateIsere.DataAccess.Competition
2014-09-27 23:07:36.8432|TRACE|KarateIsere.DataAccess.KarateIsereContext|Opened connection at 27/09/2014 23:07:36 +02:00

2014-09-27 23:07:36.8432|TRACE|KarateIsere.DataAccess.KarateIsereContext|SELECT 
    [Extent1].[Nom] AS [Nom]
    FROM [dbo].[Categorie] AS [Extent1]
2014-09-27 23:07:36.8432|TRACE|KarateIsere.DataAccess.KarateIsereContext|

2014-09-27 23:07:36.8432|TRACE|KarateIsere.DataAccess.KarateIsereContext|-- Executing at 27/09/2014 23:07:36 +02:00

2014-09-27 23:07:36.8862|TRACE|KarateIsere.DataAccess.KarateIsereContext|-- Completed in 26 ms with result: SqlDataReader

2014-09-27 23:07:36.8902|TRACE|KarateIsere.DataAccess.KarateIsereContext|

2014-09-27 23:07:36.8902|TRACE|KarateIsere.DataAccess.KarateIsereContext|Closed connection at 27/09/2014 23:07:36 +02:00

2014-09-27 23:21:04.6192|TRACE|KarateIsere.DataAccess.KarateIsereContext|Opened connection at 27/09/2014 23:21:04 +02:00

2014-09-27 23:21:04.6482|TRACE|KarateIsere.DataAccess.KarateIsereContext|
SELECT Count(*)
FROM INFORMATION_SCHEMA.TABLES AS t
WHERE t.TABLE_SCHEMA + '.' + t.TABLE_NAME IN ('dbo.Adherents','dbo.Admin','dbo.Art_Martial','dbo.Categorie','dbo.Competiteur','dbo.Club','dbo.ListeCompetiteur','dbo.Professeurs','dbo.Competition','dbo.Inscriptions','dbo.Creneaux','dbo.Club_Professeur','dbo.CompetitionCategories')
    OR t.TABLE_NAME = 'EdmMetadata'
2014-09-27 23:21:04.6482|TRACE|KarateIsere.DataAccess.KarateIsereContext|

2014-09-27 23:21:04.6482|TRACE|KarateIsere.DataAccess.KarateIsereContext|-- Executing at 27/09/2014 23:21:04 +02:00

2014-09-27 23:21:04.7003|TRACE|KarateIsere.DataAccess.KarateIsereContext|-- Completed in 37 ms with result: 9

2014-09-27 23:21:04.7003|TRACE|KarateIsere.DataAccess.KarateIsereContext|

2014-09-27 23:21:04.7003|TRACE|KarateIsere.DataAccess.KarateIsereContext|Closed connection at 27/09/2014 23:21:04 +02:00

2014-09-27 23:21:04.9603|TRACE|KarateIsere.DataAccess.KarateIsereContext|Opened connection at 27/09/2014 23:21:04 +02:00

2014-09-27 23:21:06.3390|TRACE|KarateIsere.DataAccess.KarateIsereContext|SELECT 
    [GroupBy1].[A1] AS [C1]
    FROM ( SELECT 
        COUNT(1) AS [A1]
        FROM [dbo].[__MigrationHistory] AS [Extent1]
        WHERE [Extent1].[ContextKey] = @p__linq__0
    )  AS [GroupBy1]
2014-09-27 23:21:06.3390|TRACE|KarateIsere.DataAccess.KarateIsereContext|

2014-09-27 23:21:06.3470|TRACE|KarateIsere.DataAccess.KarateIsereContext|-- p__linq__0: 'KarateIsere.DataAccess.KarateIsereContext' (Type = String, Size = 4000)

2014-09-27 23:21:06.3470|TRACE|KarateIsere.DataAccess.KarateIsereContext|-- Executing at 27/09/2014 23:21:06 +02:00

2014-09-27 23:21:06.4085|TRACE|KarateIsere.DataAccess.KarateIsereContext|-- Completed in 52 ms with result: SqlDataReader

2014-09-27 23:21:06.4125|TRACE|KarateIsere.DataAccess.KarateIsereContext|

2014-09-27 23:21:06.4290|TRACE|KarateIsere.DataAccess.KarateIsereContext|Closed connection at 27/09/2014 23:21:06 +02:00

2014-09-27 23:21:06.4495|TRACE|KarateIsere.DataAccess.KarateIsereContext|Opened connection at 27/09/2014 23:21:06 +02:00

2014-09-27 23:21:06.5400|TRACE|KarateIsere.DataAccess.KarateIsereContext|SELECT TOP (1) 
    [Project1].[C1] AS [C1], 
    [Project1].[MigrationId] AS [MigrationId], 
    [Project1].[Model] AS [Model], 
    [Project1].[ProductVersion] AS [ProductVersion]
    FROM ( SELECT 
        [Extent1].[MigrationId] AS [MigrationId], 
        [Extent1].[Model] AS [Model], 
        [Extent1].[ProductVersion] AS [ProductVersion], 
        1 AS [C1]
        FROM [dbo].[__MigrationHistory] AS [Extent1]
        WHERE [Extent1].[ContextKey] = @p__linq__0
    )  AS [Project1]
    ORDER BY [Project1].[MigrationId] DESC
2014-09-27 23:21:06.5400|TRACE|KarateIsere.DataAccess.KarateIsereContext|

2014-09-27 23:21:06.5505|TRACE|KarateIsere.DataAccess.KarateIsereContext|-- p__linq__0: 'KarateIsere.DataAccess.KarateIsereContext' (Type = String, Size = 4000)

2014-09-27 23:21:06.5505|TRACE|KarateIsere.DataAccess.KarateIsereContext|-- Executing at 27/09/2014 23:21:06 +02:00

2014-09-27 23:21:06.6055|TRACE|KarateIsere.DataAccess.KarateIsereContext|-- Completed in 47 ms with result: SqlDataReader

2014-09-27 23:21:06.6055|TRACE|KarateIsere.DataAccess.KarateIsereContext|

2014-09-27 23:21:06.6135|TRACE|KarateIsere.DataAccess.KarateIsereContext|Closed connection at 27/09/2014 23:21:06 +02:00

2014-09-27 23:21:07.5836|TRACE|KarateIsere.DataAccess.KarateIsereContext|Opened connection at 27/09/2014 23:21:07 +02:00

2014-09-27 23:21:08.0317|TRACE|KarateIsere.DataAccess.KarateIsereContext|SELECT 
    [Project1].[C1] AS [C1], 
    [Project1].[Competition] AS [Competition], 
    [Project1].[DateCompetition] AS [DateCompetition], 
    [Project1].[FinInscription] AS [FinInscription], 
    [Project1].[Lieu] AS [Lieu], 
    [Project1].[IsKata] AS [IsKata], 
    [Project1].[C2] AS [C2], 
    [Project1].[Categorie_Nom] AS [Categorie_Nom]
    FROM ( SELECT 
        [Extent1].[Competition] AS [Competition], 
        [Extent1].[DateCompetition] AS [DateCompetition], 
        [Extent1].[FinInscription] AS [FinInscription], 
        [Extent1].[Lieu] AS [Lieu], 
        [Extent1].[IsKata] AS [IsKata], 
        1 AS [C1], 
        [Extent2].[Categorie_Nom] AS [Categorie_Nom], 
        CASE WHEN ([Extent2].[Categorie_Nom] IS NULL) THEN CAST(NULL AS int) ELSE 1 END AS [C2]
        FROM  [dbo].[Competition] AS [Extent1]
        LEFT OUTER JOIN [dbo].[CompetitionCategories] AS [Extent2] ON [Extent1].[Competition] = [Extent2].[Competition_Nom]
    )  AS [Project1]
    ORDER BY [Project1].[Competition] ASC, [Project1].[C2] ASC
2014-09-27 23:21:08.0362|TRACE|KarateIsere.DataAccess.KarateIsereContext|

2014-09-27 23:21:08.0362|TRACE|KarateIsere.DataAccess.KarateIsereContext|-- Executing at 27/09/2014 23:21:08 +02:00

2014-09-27 23:21:08.0722|TRACE|KarateIsere.DataAccess.KarateIsereContext|-- Completed in 28 ms with result: SqlDataReader

2014-09-27 23:21:08.0722|TRACE|KarateIsere.DataAccess.KarateIsereContext|

2014-09-27 23:21:08.2147|TRACE|KarateIsere.DataAccess.KarateIsereContext|Closed connection at 27/09/2014 23:21:08 +02:00

2014-09-27 23:21:08.2257|TRACE|KarateIsere.DataAccess.Tool.Mapper|Map parameters
2014-09-27 23:21:08.2257|TRACE|KarateIsere.DataAccess.Tool.Mapper|Destination object :KarateIsere.Models.CompetitionViewModel
2014-09-27 23:21:08.2257|TRACE|KarateIsere.DataAccess.Tool.Mapper|Source object : KarateIsere.DataAccess.Competition
2014-09-27 23:21:08.2377|TRACE|KarateIsere.DataAccess.Tool.Mapper|FirstCommonType parameters
2014-09-27 23:21:08.2377|TRACE|KarateIsere.DataAccess.Tool.Mapper|Source type :KarateIsere.DataAccess.Competition
2014-09-27 23:21:08.2377|TRACE|KarateIsere.DataAccess.Tool.Mapper|Destination type :KarateIsere.Models.CompetitionViewModel
2014-09-27 23:21:08.2507|TRACE|KarateIsere.DataAccess.Tool.Mapper|Map parameters
2014-09-27 23:21:08.2507|TRACE|KarateIsere.DataAccess.Tool.Mapper|Destination object :KarateIsere.Models.CompetitionViewModel
2014-09-27 23:21:08.2507|TRACE|KarateIsere.DataAccess.Tool.Mapper|Source object : KarateIsere.DataAccess.Competition
2014-09-27 23:21:08.2507|TRACE|KarateIsere.DataAccess.Tool.Mapper|Common type :KarateIsere.DataAccess.Competition
2014-09-27 23:21:09.3408|TRACE|KarateIsere.DataAccess.KarateIsereContext|Opened connection at 27/09/2014 23:21:09 +02:00

2014-09-27 23:21:09.3448|TRACE|KarateIsere.DataAccess.KarateIsereContext|SELECT 
    [Extent1].[Nom] AS [Nom]
    FROM [dbo].[Categorie] AS [Extent1]
2014-09-27 23:21:09.3603|TRACE|KarateIsere.DataAccess.KarateIsereContext|

2014-09-27 23:21:09.3603|TRACE|KarateIsere.DataAccess.KarateIsereContext|-- Executing at 27/09/2014 23:21:09 +02:00

2014-09-27 23:21:09.4214|TRACE|KarateIsere.DataAccess.KarateIsereContext|-- Completed in 51 ms with result: SqlDataReader

2014-09-27 23:21:09.4214|TRACE|KarateIsere.DataAccess.KarateIsereContext|

2014-09-27 23:21:09.4214|TRACE|KarateIsere.DataAccess.KarateIsereContext|Closed connection at 27/09/2014 23:21:09 +02:00

2014-09-27 23:22:18.9282|TRACE|KarateIsere.DataAccess.KarateIsereContext|Opened connection at 27/09/2014 23:22:18 +02:00

2014-09-27 23:22:18.9472|TRACE|KarateIsere.DataAccess.KarateIsereContext|SELECT 
    [Project2].[C1] AS [C1], 
    [Project2].[Competition] AS [Competition], 
    [Project2].[DateCompetition] AS [DateCompetition], 
    [Project2].[FinInscription] AS [FinInscription], 
    [Project2].[Lieu] AS [Lieu], 
    [Project2].[IsKata] AS [IsKata], 
    [Project2].[C2] AS [C2], 
    [Project2].[Categorie_Nom] AS [Categorie_Nom]
    FROM ( SELECT 
        [Limit1].[Competition] AS [Competition], 
        [Limit1].[DateCompetition] AS [DateCompetition], 
        [Limit1].[FinInscription] AS [FinInscription], 
        [Limit1].[Lieu] AS [Lieu], 
        [Limit1].[IsKata] AS [IsKata], 
        [Limit1].[C1] AS [C1], 
        [Extent2].[Categorie_Nom] AS [Categorie_Nom], 
        CASE WHEN ([Extent2].[Categorie_Nom] IS NULL) THEN CAST(NULL AS int) ELSE 1 END AS [C2]
        FROM   (SELECT TOP (2) 
            [Extent1].[Competition] AS [Competition], 
            [Extent1].[DateCompetition] AS [DateCompetition], 
            [Extent1].[FinInscription] AS [FinInscription], 
            [Extent1].[Lieu] AS [Lieu], 
            [Extent1].[IsKata] AS [IsKata], 
            1 AS [C1]
            FROM [dbo].[Competition] AS [Extent1]
            WHERE [Extent1].[Competition] = @p__linq__0 ) AS [Limit1]
        LEFT OUTER JOIN [dbo].[CompetitionCategories] AS [Extent2] ON [Limit1].[Competition] = [Extent2].[Competition_Nom]
    )  AS [Project2]
    ORDER BY [Project2].[Competition] ASC, [Project2].[C2] ASC
2014-09-27 23:22:18.9522|TRACE|KarateIsere.DataAccess.KarateIsereContext|

2014-09-27 23:22:18.9522|TRACE|KarateIsere.DataAccess.KarateIsereContext|-- p__linq__0: 'Compet 2' (Type = AnsiString, Size = 8000)

2014-09-27 23:22:18.9522|TRACE|KarateIsere.DataAccess.KarateIsereContext|-- Executing at 27/09/2014 23:22:18 +02:00

2014-09-27 23:22:18.9962|TRACE|KarateIsere.DataAccess.KarateIsereContext|-- Completed in 31 ms with result: SqlDataReader

2014-09-27 23:22:19.0007|TRACE|KarateIsere.DataAccess.KarateIsereContext|

2014-09-27 23:22:19.0007|TRACE|KarateIsere.DataAccess.KarateIsereContext|Closed connection at 27/09/2014 23:22:19 +02:00

2014-09-27 23:41:00.5046|TRACE|KarateIsere.DataAccess.KarateIsereContext|Opened connection at 27/09/2014 23:41:00 +02:00

2014-09-27 23:41:00.5216|TRACE|KarateIsere.DataAccess.KarateIsereContext|
SELECT Count(*)
FROM INFORMATION_SCHEMA.TABLES AS t
WHERE t.TABLE_SCHEMA + '.' + t.TABLE_NAME IN ('dbo.Adherents','dbo.Admin','dbo.Art_Martial','dbo.Categorie','dbo.Competiteur','dbo.Club','dbo.ListeCompetiteur','dbo.Professeurs','dbo.Competition','dbo.Inscriptions','dbo.Creneaux','dbo.Club_Professeur','dbo.CompetitionCategories')
    OR t.TABLE_NAME = 'EdmMetadata'
2014-09-27 23:41:00.5371|TRACE|KarateIsere.DataAccess.KarateIsereContext|

2014-09-27 23:41:00.5371|TRACE|KarateIsere.DataAccess.KarateIsereContext|-- Executing at 27/09/2014 23:41:00 +02:00

2014-09-27 23:41:00.5736|TRACE|KarateIsere.DataAccess.KarateIsereContext|-- Completed in 26 ms with result: 9

2014-09-27 23:41:00.5736|TRACE|KarateIsere.DataAccess.KarateIsereContext|

2014-09-27 23:41:00.5816|TRACE|KarateIsere.DataAccess.KarateIsereContext|Closed connection at 27/09/2014 23:41:00 +02:00

2014-09-27 23:41:00.5816|TRACE|KarateIsere.DataAccess.KarateIsereContext|Opened connection at 27/09/2014 23:41:00 +02:00

2014-09-27 23:41:00.5816|TRACE|KarateIsere.DataAccess.KarateIsereContext|SELECT 
    [GroupBy1].[A1] AS [C1]
    FROM ( SELECT 
        COUNT(1) AS [A1]
        FROM [dbo].[__MigrationHistory] AS [Extent1]
        WHERE [Extent1].[ContextKey] = @p__linq__0
    )  AS [GroupBy1]
2014-09-27 23:41:00.6011|TRACE|KarateIsere.DataAccess.KarateIsereContext|

2014-09-27 23:41:00.6011|TRACE|KarateIsere.DataAccess.KarateIsereContext|-- p__linq__0: 'KarateIsere.DataAccess.KarateIsereContext' (Type = String, Size = 4000)

2014-09-27 23:41:00.6136|TRACE|KarateIsere.DataAccess.KarateIsereContext|-- Executing at 27/09/2014 23:41:00 +02:00

2014-09-27 23:41:00.6561|TRACE|KarateIsere.DataAccess.KarateIsereContext|-- Completed in 37 ms with result: SqlDataReader

2014-09-27 23:41:00.6601|TRACE|KarateIsere.DataAccess.KarateIsereContext|

2014-09-27 23:41:00.6601|TRACE|KarateIsere.DataAccess.KarateIsereContext|Closed connection at 27/09/2014 23:41:00 +02:00

2014-09-27 23:41:00.6601|TRACE|KarateIsere.DataAccess.KarateIsereContext|Opened connection at 27/09/2014 23:41:00 +02:00

2014-09-27 23:41:00.6756|TRACE|KarateIsere.DataAccess.KarateIsereContext|SELECT TOP (1) 
    [Project1].[C1] AS [C1], 
    [Project1].[MigrationId] AS [MigrationId], 
    [Project1].[Model] AS [Model], 
    [Project1].[ProductVersion] AS [ProductVersion]
    FROM ( SELECT 
        [Extent1].[MigrationId] AS [MigrationId], 
        [Extent1].[Model] AS [Model], 
        [Extent1].[ProductVersion] AS [ProductVersion], 
        1 AS [C1]
        FROM [dbo].[__MigrationHistory] AS [Extent1]
        WHERE [Extent1].[ContextKey] = @p__linq__0
    )  AS [Project1]
    ORDER BY [Project1].[MigrationId] DESC
2014-09-27 23:41:00.6756|TRACE|KarateIsere.DataAccess.KarateIsereContext|

2014-09-27 23:41:00.6756|TRACE|KarateIsere.DataAccess.KarateIsereContext|-- p__linq__0: 'KarateIsere.DataAccess.KarateIsereContext' (Type = String, Size = 4000)

2014-09-27 23:41:00.6756|TRACE|KarateIsere.DataAccess.KarateIsereContext|-- Executing at 27/09/2014 23:41:00 +02:00

2014-09-27 23:41:00.7266|TRACE|KarateIsere.DataAccess.KarateIsereContext|-- Completed in 32 ms with result: SqlDataReader

2014-09-27 23:41:00.7266|TRACE|KarateIsere.DataAccess.KarateIsereContext|

2014-09-27 23:41:00.7266|TRACE|KarateIsere.DataAccess.KarateIsereContext|Closed connection at 27/09/2014 23:41:00 +02:00

2014-09-27 23:41:01.4782|TRACE|KarateIsere.DataAccess.KarateIsereContext|Opened connection at 27/09/2014 23:41:01 +02:00

2014-09-27 23:41:01.6432|TRACE|KarateIsere.DataAccess.KarateIsereContext|SELECT 
    [Project1].[C1] AS [C1], 
    [Project1].[Competition] AS [Competition], 
    [Project1].[DateCompetition] AS [DateCompetition], 
    [Project1].[FinInscription] AS [FinInscription], 
    [Project1].[Lieu] AS [Lieu], 
    [Project1].[IsKata] AS [IsKata], 
    [Project1].[C2] AS [C2], 
    [Project1].[Categorie_Nom] AS [Categorie_Nom]
    FROM ( SELECT 
        [Extent1].[Competition] AS [Competition], 
        [Extent1].[DateCompetition] AS [DateCompetition], 
        [Extent1].[FinInscription] AS [FinInscription], 
        [Extent1].[Lieu] AS [Lieu], 
        [Extent1].[IsKata] AS [IsKata], 
        1 AS [C1], 
        [Extent2].[Categorie_Nom] AS [Categorie_Nom], 
        CASE WHEN ([Extent2].[Categorie_Nom] IS NULL) THEN CAST(NULL AS int) ELSE 1 END AS [C2]
        FROM  [dbo].[Competition] AS [Extent1]
        LEFT OUTER JOIN [dbo].[CompetitionCategories] AS [Extent2] ON [Extent1].[Competition] = [Extent2].[Competition_Nom]
    )  AS [Project1]
    ORDER BY [Project1].[Competition] ASC, [Project1].[C2] ASC
2014-09-27 23:41:01.6432|TRACE|KarateIsere.DataAccess.KarateIsereContext|

2014-09-27 23:41:01.6432|TRACE|KarateIsere.DataAccess.KarateIsereContext|-- Executing at 27/09/2014 23:41:01 +02:00

2014-09-27 23:41:01.6818|TRACE|KarateIsere.DataAccess.KarateIsereContext|-- Completed in 25 ms with result: SqlDataReader

2014-09-27 23:41:01.6818|TRACE|KarateIsere.DataAccess.KarateIsereContext|

2014-09-27 23:41:01.7273|TRACE|KarateIsere.DataAccess.KarateIsereContext|Closed connection at 27/09/2014 23:41:01 +02:00

2014-09-27 23:41:01.7388|TRACE|KarateIsere.DataAccess.Tool.Mapper|Map parameters
2014-09-27 23:41:01.7388|TRACE|KarateIsere.DataAccess.Tool.Mapper|Destination object :KarateIsere.Models.CompetitionViewModel
2014-09-27 23:41:01.7388|TRACE|KarateIsere.DataAccess.Tool.Mapper|Source object : KarateIsere.DataAccess.Competition
2014-09-27 23:41:01.7388|TRACE|KarateIsere.DataAccess.Tool.Mapper|FirstCommonType parameters
2014-09-27 23:41:01.7548|TRACE|KarateIsere.DataAccess.Tool.Mapper|Source type :KarateIsere.DataAccess.Competition
2014-09-27 23:41:01.7548|TRACE|KarateIsere.DataAccess.Tool.Mapper|Destination type :KarateIsere.Models.CompetitionViewModel
2014-09-27 23:41:01.7548|TRACE|KarateIsere.DataAccess.Tool.Mapper|Map parameters
2014-09-27 23:41:01.7548|TRACE|KarateIsere.DataAccess.Tool.Mapper|Destination object :KarateIsere.Models.CompetitionViewModel
2014-09-27 23:41:01.7708|TRACE|KarateIsere.DataAccess.Tool.Mapper|Source object : KarateIsere.DataAccess.Competition
2014-09-27 23:41:01.7708|TRACE|KarateIsere.DataAccess.Tool.Mapper|Common type :KarateIsere.DataAccess.Competition
2014-09-27 23:41:02.8559|TRACE|KarateIsere.DataAccess.KarateIsereContext|Opened connection at 27/09/2014 23:41:02 +02:00

2014-09-27 23:41:02.8599|TRACE|KarateIsere.DataAccess.KarateIsereContext|SELECT 
    [Extent1].[Nom] AS [Nom]
    FROM [dbo].[Categorie] AS [Extent1]
2014-09-27 23:41:02.8769|TRACE|KarateIsere.DataAccess.KarateIsereContext|

2014-09-27 23:41:02.8769|TRACE|KarateIsere.DataAccess.KarateIsereContext|-- Executing at 27/09/2014 23:41:02 +02:00

2014-09-27 23:41:02.9369|TRACE|KarateIsere.DataAccess.KarateIsereContext|-- Completed in 52 ms with result: SqlDataReader

2014-09-27 23:41:02.9409|TRACE|KarateIsere.DataAccess.KarateIsereContext|

2014-09-27 23:41:02.9409|TRACE|KarateIsere.DataAccess.KarateIsereContext|Closed connection at 27/09/2014 23:41:02 +02:00

2014-09-27 23:41:48.5832|TRACE|KarateIsere.DataAccess.KarateIsereContext|Opened connection at 27/09/2014 23:41:48 +02:00

2014-09-27 23:41:48.5987|TRACE|KarateIsere.DataAccess.KarateIsereContext|SELECT 
    [Project2].[C1] AS [C1], 
    [Project2].[Competition] AS [Competition], 
    [Project2].[DateCompetition] AS [DateCompetition], 
    [Project2].[FinInscription] AS [FinInscription], 
    [Project2].[Lieu] AS [Lieu], 
    [Project2].[IsKata] AS [IsKata], 
    [Project2].[C2] AS [C2], 
    [Project2].[Categorie_Nom] AS [Categorie_Nom]
    FROM ( SELECT 
        [Limit1].[Competition] AS [Competition], 
        [Limit1].[DateCompetition] AS [DateCompetition], 
        [Limit1].[FinInscription] AS [FinInscription], 
        [Limit1].[Lieu] AS [Lieu], 
        [Limit1].[IsKata] AS [IsKata], 
        [Limit1].[C1] AS [C1], 
        [Extent2].[Categorie_Nom] AS [Categorie_Nom], 
        CASE WHEN ([Extent2].[Categorie_Nom] IS NULL) THEN CAST(NULL AS int) ELSE 1 END AS [C2]
        FROM   (SELECT TOP (2) 
            [Extent1].[Competition] AS [Competition], 
            [Extent1].[DateCompetition] AS [DateCompetition], 
            [Extent1].[FinInscription] AS [FinInscription], 
            [Extent1].[Lieu] AS [Lieu], 
            [Extent1].[IsKata] AS [IsKata], 
            1 AS [C1]
            FROM [dbo].[Competition] AS [Extent1]
            WHERE [Extent1].[Competition] = @p__linq__0 ) AS [Limit1]
        LEFT OUTER JOIN [dbo].[CompetitionCategories] AS [Extent2] ON [Limit1].[Competition] = [Extent2].[Competition_Nom]
    )  AS [Project2]
    ORDER BY [Project2].[Competition] ASC, [Project2].[C2] ASC
2014-09-27 23:41:48.5987|TRACE|KarateIsere.DataAccess.KarateIsereContext|

2014-09-27 23:41:48.5987|TRACE|KarateIsere.DataAccess.KarateIsereContext|-- p__linq__0: 'Compet 2' (Type = AnsiString, Size = 8000)

2014-09-27 23:41:48.5987|TRACE|KarateIsere.DataAccess.KarateIsereContext|-- Executing at 27/09/2014 23:41:48 +02:00

2014-09-27 23:41:48.6652|TRACE|KarateIsere.DataAccess.KarateIsereContext|-- Completed in 50 ms with result: SqlDataReader

2014-09-27 23:41:48.6652|TRACE|KarateIsere.DataAccess.KarateIsereContext|

2014-09-27 23:41:48.6652|TRACE|KarateIsere.DataAccess.KarateIsereContext|Closed connection at 27/09/2014 23:41:48 +02:00

2014-09-27 23:53:31.6070|TRACE|KarateIsere.DataAccess.KarateIsereContext|Opened connection at 27/09/2014 23:53:31 +02:00

2014-09-27 23:53:31.6355|TRACE|KarateIsere.DataAccess.KarateIsereContext|
SELECT Count(*)
FROM INFORMATION_SCHEMA.TABLES AS t
WHERE t.TABLE_SCHEMA + '.' + t.TABLE_NAME IN ('dbo.Adherents','dbo.Admin','dbo.Art_Martial','dbo.Categorie','dbo.Competiteur','dbo.Club','dbo.ListeCompetiteur','dbo.Professeurs','dbo.Competition','dbo.Inscriptions','dbo.Creneaux','dbo.Club_Professeur','dbo.CompetitionCategories')
    OR t.TABLE_NAME = 'EdmMetadata'
2014-09-27 23:53:31.6355|TRACE|KarateIsere.DataAccess.KarateIsereContext|

2014-09-27 23:53:31.6355|TRACE|KarateIsere.DataAccess.KarateIsereContext|-- Executing at 27/09/2014 23:53:31 +02:00

2014-09-27 23:53:31.6910|TRACE|KarateIsere.DataAccess.KarateIsereContext|-- Completed in 40 ms with result: 9

2014-09-27 23:53:31.6910|TRACE|KarateIsere.DataAccess.KarateIsereContext|

2014-09-27 23:53:31.6985|TRACE|KarateIsere.DataAccess.KarateIsereContext|Closed connection at 27/09/2014 23:53:31 +02:00

2014-09-27 23:53:31.9605|TRACE|KarateIsere.DataAccess.KarateIsereContext|Opened connection at 27/09/2014 23:53:31 +02:00

2014-09-27 23:53:33.3087|TRACE|KarateIsere.DataAccess.KarateIsereContext|SELECT 
    [GroupBy1].[A1] AS [C1]
    FROM ( SELECT 
        COUNT(1) AS [A1]
        FROM [dbo].[__MigrationHistory] AS [Extent1]
        WHERE [Extent1].[ContextKey] = @p__linq__0
    )  AS [GroupBy1]
2014-09-27 23:53:33.3087|TRACE|KarateIsere.DataAccess.KarateIsereContext|

2014-09-27 23:53:33.3182|TRACE|KarateIsere.DataAccess.KarateIsereContext|-- p__linq__0: 'KarateIsere.DataAccess.KarateIsereContext' (Type = String, Size = 4000)

2014-09-27 23:53:33.3182|TRACE|KarateIsere.DataAccess.KarateIsereContext|-- Executing at 27/09/2014 23:53:33 +02:00

2014-09-27 23:53:33.3772|TRACE|KarateIsere.DataAccess.KarateIsereContext|-- Completed in 51 ms with result: SqlDataReader

2014-09-27 23:53:33.3812|TRACE|KarateIsere.DataAccess.KarateIsereContext|

2014-09-27 23:53:33.3982|TRACE|KarateIsere.DataAccess.KarateIsereContext|Closed connection at 27/09/2014 23:53:33 +02:00

2014-09-27 23:53:33.4187|TRACE|KarateIsere.DataAccess.KarateIsereContext|Opened connection at 27/09/2014 23:53:33 +02:00

2014-09-27 23:53:33.5112|TRACE|KarateIsere.DataAccess.KarateIsereContext|SELECT TOP (1) 
    [Project1].[C1] AS [C1], 
    [Project1].[MigrationId] AS [MigrationId], 
    [Project1].[Model] AS [Model], 
    [Project1].[ProductVersion] AS [ProductVersion]
    FROM ( SELECT 
        [Extent1].[MigrationId] AS [MigrationId], 
        [Extent1].[Model] AS [Model], 
        [Extent1].[ProductVersion] AS [ProductVersion], 
        1 AS [C1]
        FROM [dbo].[__MigrationHistory] AS [Extent1]
        WHERE [Extent1].[ContextKey] = @p__linq__0
    )  AS [Project1]
    ORDER BY [Project1].[MigrationId] DESC
2014-09-27 23:53:33.5112|TRACE|KarateIsere.DataAccess.KarateIsereContext|

2014-09-27 23:53:33.5112|TRACE|KarateIsere.DataAccess.KarateIsereContext|-- p__linq__0: 'KarateIsere.DataAccess.KarateIsereContext' (Type = String, Size = 4000)

2014-09-27 23:53:33.5227|TRACE|KarateIsere.DataAccess.KarateIsereContext|-- Executing at 27/09/2014 23:53:33 +02:00

2014-09-27 23:53:33.5782|TRACE|KarateIsere.DataAccess.KarateIsereContext|-- Completed in 50 ms with result: SqlDataReader

2014-09-27 23:53:33.5782|TRACE|KarateIsere.DataAccess.KarateIsereContext|

2014-09-27 23:53:33.5857|TRACE|KarateIsere.DataAccess.KarateIsereContext|Closed connection at 27/09/2014 23:53:33 +02:00

2014-09-27 23:53:34.3728|TRACE|KarateIsere.DataAccess.KarateIsereContext|Opened connection at 27/09/2014 23:53:34 +02:00

2014-09-27 23:53:34.8254|TRACE|KarateIsere.DataAccess.KarateIsereContext|SELECT 
    [Project1].[C1] AS [C1], 
    [Project1].[Competition] AS [Competition], 
    [Project1].[DateCompetition] AS [DateCompetition], 
    [Project1].[FinInscription] AS [FinInscription], 
    [Project1].[Lieu] AS [Lieu], 
    [Project1].[IsKata] AS [IsKata], 
    [Project1].[C2] AS [C2], 
    [Project1].[Categorie_Nom] AS [Categorie_Nom]
    FROM ( SELECT 
        [Extent1].[Competition] AS [Competition], 
        [Extent1].[DateCompetition] AS [DateCompetition], 
        [Extent1].[FinInscription] AS [FinInscription], 
        [Extent1].[Lieu] AS [Lieu], 
        [Extent1].[IsKata] AS [IsKata], 
        1 AS [C1], 
        [Extent2].[Categorie_Nom] AS [Categorie_Nom], 
        CASE WHEN ([Extent2].[Categorie_Nom] IS NULL) THEN CAST(NULL AS int) ELSE 1 END AS [C2]
        FROM  [dbo].[Competition] AS [Extent1]
        LEFT OUTER JOIN [dbo].[CompetitionCategories] AS [Extent2] ON [Extent1].[Competition] = [Extent2].[Competition_Nom]
    )  AS [Project1]
    ORDER BY [Project1].[Competition] ASC, [Project1].[C2] ASC
2014-09-27 23:53:34.8254|TRACE|KarateIsere.DataAccess.KarateIsereContext|

2014-09-27 23:53:34.8339|TRACE|KarateIsere.DataAccess.KarateIsereContext|-- Executing at 27/09/2014 23:53:34 +02:00

2014-09-27 23:53:34.8659|TRACE|KarateIsere.DataAccess.KarateIsereContext|-- Completed in 28 ms with result: SqlDataReader

2014-09-27 23:53:34.8659|TRACE|KarateIsere.DataAccess.KarateIsereContext|

2014-09-27 23:53:35.0099|TRACE|KarateIsere.DataAccess.KarateIsereContext|Closed connection at 27/09/2014 23:53:35 +02:00

2014-09-27 23:53:35.0214|TRACE|KarateIsere.DataAccess.Tool.Mapper|Map parameters
2014-09-27 23:53:35.0214|TRACE|KarateIsere.DataAccess.Tool.Mapper|Destination object :KarateIsere.Models.CompetitionViewModel
2014-09-27 23:53:35.0214|TRACE|KarateIsere.DataAccess.Tool.Mapper|Source object : KarateIsere.DataAccess.Competition
2014-09-27 23:53:35.0334|TRACE|KarateIsere.DataAccess.Tool.Mapper|FirstCommonType parameters
2014-09-27 23:53:35.0334|TRACE|KarateIsere.DataAccess.Tool.Mapper|Source type :KarateIsere.DataAccess.Competition
2014-09-27 23:53:35.0334|TRACE|KarateIsere.DataAccess.Tool.Mapper|Destination type :KarateIsere.Models.CompetitionViewModel
2014-09-27 23:53:35.0334|TRACE|KarateIsere.DataAccess.Tool.Mapper|Map parameters
2014-09-27 23:53:35.0499|TRACE|KarateIsere.DataAccess.Tool.Mapper|Destination object :KarateIsere.Models.CompetitionViewModel
2014-09-27 23:53:35.0499|TRACE|KarateIsere.DataAccess.Tool.Mapper|Source object : KarateIsere.DataAccess.Competition
2014-09-27 23:53:35.0499|TRACE|KarateIsere.DataAccess.Tool.Mapper|Common type :KarateIsere.DataAccess.Competition
2014-09-27 23:53:36.1366|TRACE|KarateIsere.DataAccess.KarateIsereContext|Opened connection at 27/09/2014 23:53:36 +02:00

2014-09-27 23:53:36.1531|TRACE|KarateIsere.DataAccess.KarateIsereContext|SELECT 
    [Extent1].[Nom] AS [Nom]
    FROM [dbo].[Categorie] AS [Extent1]
2014-09-27 23:53:36.1571|TRACE|KarateIsere.DataAccess.KarateIsereContext|

2014-09-27 23:53:36.1571|TRACE|KarateIsere.DataAccess.KarateIsereContext|-- Executing at 27/09/2014 23:53:36 +02:00

2014-09-27 23:53:36.2136|TRACE|KarateIsere.DataAccess.KarateIsereContext|-- Completed in 47 ms with result: SqlDataReader

2014-09-27 23:53:36.2136|TRACE|KarateIsere.DataAccess.KarateIsereContext|

2014-09-27 23:53:36.2211|TRACE|KarateIsere.DataAccess.KarateIsereContext|Closed connection at 27/09/2014 23:53:36 +02:00

2014-09-27 23:54:07.1195|TRACE|KarateIsere.DataAccess.KarateIsereContext|Opened connection at 27/09/2014 23:54:07 +02:00

2014-09-27 23:54:07.1240|TRACE|KarateIsere.DataAccess.KarateIsereContext|SELECT 
    [Project2].[C1] AS [C1], 
    [Project2].[Competition] AS [Competition], 
    [Project2].[DateCompetition] AS [DateCompetition], 
    [Project2].[FinInscription] AS [FinInscription], 
    [Project2].[Lieu] AS [Lieu], 
    [Project2].[IsKata] AS [IsKata], 
    [Project2].[C2] AS [C2], 
    [Project2].[Categorie_Nom] AS [Categorie_Nom]
    FROM ( SELECT 
        [Limit1].[Competition] AS [Competition], 
        [Limit1].[DateCompetition] AS [DateCompetition], 
        [Limit1].[FinInscription] AS [FinInscription], 
        [Limit1].[Lieu] AS [Lieu], 
        [Limit1].[IsKata] AS [IsKata], 
        [Limit1].[C1] AS [C1], 
        [Extent2].[Categorie_Nom] AS [Categorie_Nom], 
        CASE WHEN ([Extent2].[Categorie_Nom] IS NULL) THEN CAST(NULL AS int) ELSE 1 END AS [C2]
        FROM   (SELECT TOP (2) 
            [Extent1].[Competition] AS [Competition], 
            [Extent1].[DateCompetition] AS [DateCompetition], 
            [Extent1].[FinInscription] AS [FinInscription], 
            [Extent1].[Lieu] AS [Lieu], 
            [Extent1].[IsKata] AS [IsKata], 
            1 AS [C1]
            FROM [dbo].[Competition] AS [Extent1]
            WHERE [Extent1].[Competition] = @p__linq__0 ) AS [Limit1]
        LEFT OUTER JOIN [dbo].[CompetitionCategories] AS [Extent2] ON [Limit1].[Competition] = [Extent2].[Competition_Nom]
    )  AS [Project2]
    ORDER BY [Project2].[Competition] ASC, [Project2].[C2] ASC
2014-09-27 23:54:07.1420|TRACE|KarateIsere.DataAccess.KarateIsereContext|

2014-09-27 23:54:07.1420|TRACE|KarateIsere.DataAccess.KarateIsereContext|-- p__linq__0: 'Compet 2' (Type = AnsiString, Size = 8000)

2014-09-27 23:54:07.1420|TRACE|KarateIsere.DataAccess.KarateIsereContext|-- Executing at 27/09/2014 23:54:07 +02:00

2014-09-27 23:54:07.1845|TRACE|KarateIsere.DataAccess.KarateIsereContext|-- Completed in 30 ms with result: SqlDataReader

2014-09-27 23:54:07.1890|TRACE|KarateIsere.DataAccess.KarateIsereContext|

2014-09-27 23:54:07.1890|TRACE|KarateIsere.DataAccess.KarateIsereContext|Closed connection at 27/09/2014 23:54:07 +02:00

2014-09-27 23:54:07.3675|TRACE|KarateIsere.DataAccess.KarateIsereContext|Opened connection at 27/09/2014 23:54:07 +02:00

2014-09-27 23:54:07.3780|TRACE|KarateIsere.DataAccess.KarateIsereContext|Started transaction at 27/09/2014 23:54:07 +02:00

2014-09-27 23:54:07.5690|TRACE|KarateIsere.DataAccess.KarateIsereContext|INSERT [dbo].[Competition]([Competition], [DateCompetition], [FinInscription], [Lieu], [IsKata])
VALUES (@0, @1, @2, @3, @4)

2014-09-27 23:54:07.5690|TRACE|KarateIsere.DataAccess.KarateIsereContext|-- @0: 'Compet 2' (Type = AnsiString, Size = 100)

2014-09-27 23:54:07.5785|TRACE|KarateIsere.DataAccess.KarateIsereContext|-- @1: '27/09/2014 00:00:00' (Type = DateTime2)

2014-09-27 23:54:07.5785|TRACE|KarateIsere.DataAccess.KarateIsereContext|-- @2: '13/09/2014 00:00:00' (Type = DateTime2)

2014-09-27 23:54:07.5785|TRACE|KarateIsere.DataAccess.KarateIsereContext|-- @3: 'Somewhere' (Type = AnsiString, Size = 100)

2014-09-27 23:54:07.5920|TRACE|KarateIsere.DataAccess.KarateIsereContext|-- @4: 'True' (Type = Boolean)

2014-09-27 23:54:07.5920|TRACE|KarateIsere.DataAccess.KarateIsereContext|-- Executing at 27/09/2014 23:54:07 +02:00

2014-09-27 23:54:07.6421|TRACE|KarateIsere.DataAccess.KarateIsereContext|-- Completed in 40 ms with result: 1

2014-09-27 23:54:07.6421|TRACE|KarateIsere.DataAccess.KarateIsereContext|

2014-09-27 23:54:07.6421|TRACE|KarateIsere.DataAccess.KarateIsereContext|INSERT [dbo].[CompetitionCategories]([Categorie_Nom], [Competition_Nom])
VALUES (@0, @1)

2014-09-27 23:54:07.6551|TRACE|KarateIsere.DataAccess.KarateIsereContext|-- @0: 'Benjamin' (Type = AnsiString, Size = 50)

2014-09-27 23:54:07.6551|TRACE|KarateIsere.DataAccess.KarateIsereContext|-- @1: 'Compet 2' (Type = AnsiString, Size = 100)

2014-09-27 23:54:07.6551|TRACE|KarateIsere.DataAccess.KarateIsereContext|-- Executing at 27/09/2014 23:54:07 +02:00

2014-09-27 23:54:07.7041|TRACE|KarateIsere.DataAccess.KarateIsereContext|-- Completed in 36 ms with result: 1

2014-09-27 23:54:07.7041|TRACE|KarateIsere.DataAccess.KarateIsereContext|

2014-09-27 23:54:07.7041|TRACE|KarateIsere.DataAccess.KarateIsereContext|INSERT [dbo].[CompetitionCategories]([Categorie_Nom], [Competition_Nom])
VALUES (@0, @1)

2014-09-27 23:54:07.7171|TRACE|KarateIsere.DataAccess.KarateIsereContext|-- @0: 'Cadet' (Type = AnsiString, Size = 50)

2014-09-27 23:54:07.7171|TRACE|KarateIsere.DataAccess.KarateIsereContext|-- @1: 'Compet 2' (Type = AnsiString, Size = 100)

2014-09-27 23:54:07.7171|TRACE|KarateIsere.DataAccess.KarateIsereContext|-- Executing at 27/09/2014 23:54:07 +02:00

2014-09-27 23:54:07.7536|TRACE|KarateIsere.DataAccess.KarateIsereContext|-- Completed in 25 ms with result: 1

2014-09-27 23:54:07.7536|TRACE|KarateIsere.DataAccess.KarateIsereContext|

2014-09-27 23:54:07.7686|TRACE|KarateIsere.DataAccess.KarateIsereContext|Committed transaction at 27/09/2014 23:54:07 +02:00

2014-09-27 23:54:07.7686|TRACE|KarateIsere.DataAccess.KarateIsereContext|Closed connection at 27/09/2014 23:54:07 +02:00

2014-09-27 23:54:12.1101|TRACE|KarateIsere.DataAccess.KarateIsereContext|Opened connection at 27/09/2014 23:54:12 +02:00

2014-09-27 23:54:12.1151|TRACE|KarateIsere.DataAccess.KarateIsereContext|SELECT 
    [Project1].[C1] AS [C1], 
    [Project1].[Competition] AS [Competition], 
    [Project1].[DateCompetition] AS [DateCompetition], 
    [Project1].[FinInscription] AS [FinInscription], 
    [Project1].[Lieu] AS [Lieu], 
    [Project1].[IsKata] AS [IsKata], 
    [Project1].[C2] AS [C2], 
    [Project1].[Categorie_Nom] AS [Categorie_Nom]
    FROM ( SELECT 
        [Extent1].[Competition] AS [Competition], 
        [Extent1].[DateCompetition] AS [DateCompetition], 
        [Extent1].[FinInscription] AS [FinInscription], 
        [Extent1].[Lieu] AS [Lieu], 
        [Extent1].[IsKata] AS [IsKata], 
        1 AS [C1], 
        [Extent2].[Categorie_Nom] AS [Categorie_Nom], 
        CASE WHEN ([Extent2].[Categorie_Nom] IS NULL) THEN CAST(NULL AS int) ELSE 1 END AS [C2]
        FROM  [dbo].[Competition] AS [Extent1]
        LEFT OUTER JOIN [dbo].[CompetitionCategories] AS [Extent2] ON [Extent1].[Competition] = [Extent2].[Competition_Nom]
    )  AS [Project1]
    ORDER BY [Project1].[Competition] ASC, [Project1].[C2] ASC
2014-09-27 23:54:12.1151|TRACE|KarateIsere.DataAccess.KarateIsereContext|

2014-09-27 23:54:12.1151|TRACE|KarateIsere.DataAccess.KarateIsereContext|-- Executing at 27/09/2014 23:54:12 +02:00

2014-09-27 23:54:12.1526|TRACE|KarateIsere.DataAccess.KarateIsereContext|-- Completed in 25 ms with result: SqlDataReader

2014-09-27 23:54:12.1526|TRACE|KarateIsere.DataAccess.KarateIsereContext|

2014-09-27 23:54:12.1651|TRACE|KarateIsere.DataAccess.KarateIsereContext|Closed connection at 27/09/2014 23:54:12 +02:00

2014-09-27 23:54:12.1651|TRACE|KarateIsere.DataAccess.Tool.Mapper|Map parameters
2014-09-27 23:54:12.1651|TRACE|KarateIsere.DataAccess.Tool.Mapper|Destination object :KarateIsere.Models.CompetitionViewModel
2014-09-27 23:54:12.1791|TRACE|KarateIsere.DataAccess.Tool.Mapper|Source object : KarateIsere.DataAccess.Competition
2014-09-27 23:54:12.1791|TRACE|KarateIsere.DataAccess.Tool.Mapper|FirstCommonType parameters
2014-09-27 23:54:12.1791|TRACE|KarateIsere.DataAccess.Tool.Mapper|Source type :KarateIsere.DataAccess.Competition
2014-09-27 23:54:12.1791|TRACE|KarateIsere.DataAccess.Tool.Mapper|Destination type :KarateIsere.Models.CompetitionViewModel
2014-09-27 23:54:12.1946|TRACE|KarateIsere.DataAccess.Tool.Mapper|Map parameters
2014-09-27 23:54:12.1946|TRACE|KarateIsere.DataAccess.Tool.Mapper|Destination object :KarateIsere.Models.CompetitionViewModel
2014-09-27 23:54:12.1946|TRACE|KarateIsere.DataAccess.Tool.Mapper|Source object : KarateIsere.DataAccess.Competition
2014-09-27 23:54:12.1946|TRACE|KarateIsere.DataAccess.Tool.Mapper|Common type :KarateIsere.DataAccess.Competition
2014-09-27 23:54:12.2101|TRACE|KarateIsere.DataAccess.Tool.Mapper|Map parameters
2014-09-27 23:54:12.2101|TRACE|KarateIsere.DataAccess.Tool.Mapper|Destination object :KarateIsere.Models.CompetitionViewModel
2014-09-27 23:54:12.2101|TRACE|KarateIsere.DataAccess.Tool.Mapper|Source object : KarateIsere.DataAccess.Competition
2014-09-27 23:54:12.2101|TRACE|KarateIsere.DataAccess.Tool.Mapper|FirstCommonType parameters
2014-09-27 23:54:12.2276|TRACE|KarateIsere.DataAccess.Tool.Mapper|Source type :KarateIsere.DataAccess.Competition
2014-09-27 23:54:12.2276|TRACE|KarateIsere.DataAccess.Tool.Mapper|Destination type :KarateIsere.Models.CompetitionViewModel
2014-09-27 23:54:12.2276|TRACE|KarateIsere.DataAccess.Tool.Mapper|Map parameters
2014-09-27 23:54:12.2276|TRACE|KarateIsere.DataAccess.Tool.Mapper|Destination object :KarateIsere.Models.CompetitionViewModel
2014-09-27 23:54:12.2471|TRACE|KarateIsere.DataAccess.Tool.Mapper|Source object : KarateIsere.DataAccess.Competition
2014-09-27 23:54:12.2471|TRACE|KarateIsere.DataAccess.Tool.Mapper|Common type :KarateIsere.DataAccess.Competition
2014-09-27 23:54:12.2556|TRACE|KarateIsere.DataAccess.KarateIsereContext|Opened connection at 27/09/2014 23:54:12 +02:00

2014-09-27 23:54:12.2556|TRACE|KarateIsere.DataAccess.KarateIsereContext|SELECT 
    [Extent1].[Nom] AS [Nom]
    FROM [dbo].[Categorie] AS [Extent1]
2014-09-27 23:54:12.2726|TRACE|KarateIsere.DataAccess.KarateIsereContext|

2014-09-27 23:54:12.2726|TRACE|KarateIsere.DataAccess.KarateIsereContext|-- Executing at 27/09/2014 23:54:12 +02:00

2014-09-27 23:54:12.3076|TRACE|KarateIsere.DataAccess.KarateIsereContext|-- Completed in 26 ms with result: SqlDataReader

2014-09-27 23:54:12.3076|TRACE|KarateIsere.DataAccess.KarateIsereContext|

2014-09-27 23:54:12.3196|TRACE|KarateIsere.DataAccess.KarateIsereContext|Closed connection at 27/09/2014 23:54:12 +02:00

2014-09-27 23:54:22.2329|TRACE|KarateIsere.DataAccess.KarateIsereContext|Opened connection at 27/09/2014 23:54:22 +02:00

2014-09-27 23:54:22.2329|TRACE|KarateIsere.DataAccess.KarateIsereContext|SELECT 
    [Project2].[C1] AS [C1], 
    [Project2].[Competition] AS [Competition], 
    [Project2].[DateCompetition] AS [DateCompetition], 
    [Project2].[FinInscription] AS [FinInscription], 
    [Project2].[Lieu] AS [Lieu], 
    [Project2].[IsKata] AS [IsKata], 
    [Project2].[C2] AS [C2], 
    [Project2].[Categorie_Nom] AS [Categorie_Nom]
    FROM ( SELECT 
        [Limit1].[Competition] AS [Competition], 
        [Limit1].[DateCompetition] AS [DateCompetition], 
        [Limit1].[FinInscription] AS [FinInscription], 
        [Limit1].[Lieu] AS [Lieu], 
        [Limit1].[IsKata] AS [IsKata], 
        [Limit1].[C1] AS [C1], 
        [Extent2].[Categorie_Nom] AS [Categorie_Nom], 
        CASE WHEN ([Extent2].[Categorie_Nom] IS NULL) THEN CAST(NULL AS int) ELSE 1 END AS [C2]
        FROM   (SELECT TOP (2) 
            [Extent1].[Competition] AS [Competition], 
            [Extent1].[DateCompetition] AS [DateCompetition], 
            [Extent1].[FinInscription] AS [FinInscription], 
            [Extent1].[Lieu] AS [Lieu], 
            [Extent1].[IsKata] AS [IsKata], 
            1 AS [C1]
            FROM [dbo].[Competition] AS [Extent1]
            WHERE [Extent1].[Competition] = @p__linq__0 ) AS [Limit1]
        LEFT OUTER JOIN [dbo].[CompetitionCategories] AS [Extent2] ON [Limit1].[Competition] = [Extent2].[Competition_Nom]
    )  AS [Project2]
    ORDER BY [Project2].[Competition] ASC, [Project2].[C2] ASC
2014-09-27 23:54:22.2424|TRACE|KarateIsere.DataAccess.KarateIsereContext|

2014-09-27 23:54:22.2424|TRACE|KarateIsere.DataAccess.KarateIsereContext|-- p__linq__0: 'Compet 2' (Type = AnsiString, Size = 8000)

2014-09-27 23:54:22.2424|TRACE|KarateIsere.DataAccess.KarateIsereContext|-- Executing at 27/09/2014 23:54:22 +02:00

2014-09-27 23:54:22.2824|TRACE|KarateIsere.DataAccess.KarateIsereContext|-- Completed in 27 ms with result: SqlDataReader

2014-09-27 23:54:22.2869|TRACE|KarateIsere.DataAccess.KarateIsereContext|

2014-09-27 23:54:22.2869|TRACE|KarateIsere.DataAccess.KarateIsereContext|Closed connection at 27/09/2014 23:54:22 +02:00

2014-09-27 23:54:22.2869|TRACE|KarateIsere.DataAccess.Tool.Mapper|Map parameters
2014-09-27 23:54:22.2869|TRACE|KarateIsere.DataAccess.Tool.Mapper|Destination object :KarateIsere.Models.CompetitionViewModel
2014-09-27 23:54:22.3054|TRACE|KarateIsere.DataAccess.Tool.Mapper|Source object : KarateIsere.DataAccess.Competition
2014-09-27 23:54:22.3054|TRACE|KarateIsere.DataAccess.Tool.Mapper|FirstCommonType parameters
2014-09-27 23:54:22.3054|TRACE|KarateIsere.DataAccess.Tool.Mapper|Source type :KarateIsere.DataAccess.Competition
2014-09-27 23:54:22.3054|TRACE|KarateIsere.DataAccess.Tool.Mapper|Destination type :KarateIsere.Models.CompetitionViewModel
2014-09-27 23:54:22.3204|TRACE|KarateIsere.DataAccess.Tool.Mapper|Map parameters
2014-09-27 23:54:22.3204|TRACE|KarateIsere.DataAccess.Tool.Mapper|Destination object :KarateIsere.Models.CompetitionViewModel
2014-09-27 23:54:22.3204|TRACE|KarateIsere.DataAccess.Tool.Mapper|Source object : KarateIsere.DataAccess.Competition
2014-09-27 23:54:22.3204|TRACE|KarateIsere.DataAccess.Tool.Mapper|Common type :KarateIsere.DataAccess.Competition
2014-09-27 23:54:22.4849|TRACE|KarateIsere.DataAccess.KarateIsereContext|Opened connection at 27/09/2014 23:54:22 +02:00

2014-09-27 23:54:22.4899|TRACE|KarateIsere.DataAccess.KarateIsereContext|SELECT 
    [Extent1].[Nom] AS [Nom]
    FROM [dbo].[Categorie] AS [Extent1]
2014-09-27 23:54:22.4899|TRACE|KarateIsere.DataAccess.KarateIsereContext|

2014-09-27 23:54:22.4899|TRACE|KarateIsere.DataAccess.KarateIsereContext|-- Executing at 27/09/2014 23:54:22 +02:00

2014-09-27 23:54:22.5314|TRACE|KarateIsere.DataAccess.KarateIsereContext|-- Completed in 27 ms with result: SqlDataReader

2014-09-27 23:54:22.5359|TRACE|KarateIsere.DataAccess.KarateIsereContext|

2014-09-27 23:54:22.5359|TRACE|KarateIsere.DataAccess.KarateIsereContext|Closed connection at 27/09/2014 23:54:22 +02:00

2014-09-27 23:55:16.3123|TRACE|KarateIsere.DataAccess.KarateIsereContext|Opened connection at 27/09/2014 23:55:16 +02:00

2014-09-27 23:55:16.3123|TRACE|KarateIsere.DataAccess.KarateIsereContext|SELECT 
    [Project2].[C1] AS [C1], 
    [Project2].[Competition] AS [Competition], 
    [Project2].[DateCompetition] AS [DateCompetition], 
    [Project2].[FinInscription] AS [FinInscription], 
    [Project2].[Lieu] AS [Lieu], 
    [Project2].[IsKata] AS [IsKata], 
    [Project2].[C2] AS [C2], 
    [Project2].[Categorie_Nom] AS [Categorie_Nom]
    FROM ( SELECT 
        [Limit1].[Competition] AS [Competition], 
        [Limit1].[DateCompetition] AS [DateCompetition], 
        [Limit1].[FinInscription] AS [FinInscription], 
        [Limit1].[Lieu] AS [Lieu], 
        [Limit1].[IsKata] AS [IsKata], 
        [Limit1].[C1] AS [C1], 
        [Extent2].[Categorie_Nom] AS [Categorie_Nom], 
        CASE WHEN ([Extent2].[Categorie_Nom] IS NULL) THEN CAST(NULL AS int) ELSE 1 END AS [C2]
        FROM   (SELECT TOP (2) 
            [Extent1].[Competition] AS [Competition], 
            [Extent1].[DateCompetition] AS [DateCompetition], 
            [Extent1].[FinInscription] AS [FinInscription], 
            [Extent1].[Lieu] AS [Lieu], 
            [Extent1].[IsKata] AS [IsKata], 
            1 AS [C1]
            FROM [dbo].[Competition] AS [Extent1]
            WHERE [Extent1].[Competition] = @p__linq__0 ) AS [Limit1]
        LEFT OUTER JOIN [dbo].[CompetitionCategories] AS [Extent2] ON [Limit1].[Competition] = [Extent2].[Competition_Nom]
    )  AS [Project2]
    ORDER BY [Project2].[Competition] ASC, [Project2].[C2] ASC
2014-09-27 23:55:16.3123|TRACE|KarateIsere.DataAccess.KarateIsereContext|

2014-09-27 23:55:16.3273|TRACE|KarateIsere.DataAccess.KarateIsereContext|-- p__linq__0: 'Compet 2' (Type = AnsiString, Size = 8000)

2014-09-27 23:55:16.3273|TRACE|KarateIsere.DataAccess.KarateIsereContext|-- Executing at 27/09/2014 23:55:16 +02:00

2014-09-27 23:55:16.3728|TRACE|KarateIsere.DataAccess.KarateIsereContext|-- Completed in 37 ms with result: SqlDataReader

2014-09-27 23:55:16.3728|TRACE|KarateIsere.DataAccess.KarateIsereContext|

2014-09-27 23:55:16.3728|TRACE|KarateIsere.DataAccess.KarateIsereContext|Closed connection at 27/09/2014 23:55:16 +02:00

2014-09-27 23:55:16.3873|TRACE|KarateIsere.DataAccess.Tool.Mapper|Map parameters
2014-09-27 23:55:16.3873|TRACE|KarateIsere.DataAccess.Tool.Mapper|Destination object :KarateIsere.Models.CompetitionViewModel
2014-09-27 23:55:16.3873|TRACE|KarateIsere.DataAccess.Tool.Mapper|Source object : KarateIsere.DataAccess.Competition
2014-09-27 23:55:16.3873|TRACE|KarateIsere.DataAccess.Tool.Mapper|FirstCommonType parameters
2014-09-27 23:55:16.4038|TRACE|KarateIsere.DataAccess.Tool.Mapper|Source type :KarateIsere.DataAccess.Competition
2014-09-27 23:55:16.4038|TRACE|KarateIsere.DataAccess.Tool.Mapper|Destination type :KarateIsere.Models.CompetitionViewModel
2014-09-27 23:55:16.4038|TRACE|KarateIsere.DataAccess.Tool.Mapper|Map parameters
2014-09-27 23:55:16.4038|TRACE|KarateIsere.DataAccess.Tool.Mapper|Destination object :KarateIsere.Models.CompetitionViewModel
2014-09-27 23:55:16.4188|TRACE|KarateIsere.DataAccess.Tool.Mapper|Source object : KarateIsere.DataAccess.Competition
2014-09-27 23:55:16.4188|TRACE|KarateIsere.DataAccess.Tool.Mapper|Common type :KarateIsere.DataAccess.Competition
2014-09-27 23:55:18.0555|TRACE|KarateIsere.DataAccess.KarateIsereContext|Opened connection at 27/09/2014 23:55:18 +02:00

2014-09-27 23:55:18.0595|TRACE|KarateIsere.DataAccess.KarateIsereContext|SELECT 
    [Extent1].[Nom] AS [Nom]
    FROM [dbo].[Categorie] AS [Extent1]
2014-09-27 23:55:18.0595|TRACE|KarateIsere.DataAccess.KarateIsereContext|

2014-09-27 23:55:18.0595|TRACE|KarateIsere.DataAccess.KarateIsereContext|-- Executing at 27/09/2014 23:55:18 +02:00

2014-09-27 23:55:18.1180|TRACE|KarateIsere.DataAccess.KarateIsereContext|-- Completed in 45 ms with result: SqlDataReader

2014-09-27 23:55:18.1230|TRACE|KarateIsere.DataAccess.KarateIsereContext|

2014-09-27 23:55:18.1230|TRACE|KarateIsere.DataAccess.KarateIsereContext|Closed connection at 27/09/2014 23:55:18 +02:00

