2015-02-02 23:03:05.7568|TRACE|KarateIsere.DataAccess.KarateIsereContext|Opened connection at 02/02/2015 23:03:05 +01:00

2015-02-02 23:03:05.8153|TRACE|KarateIsere.DataAccess.KarateIsereContext|
SELECT Count(*)
FROM INFORMATION_SCHEMA.TABLES AS t
WHERE t.TABLE_SCHEMA + '.' + t.TABLE_NAME IN ('dbo.Adherents','dbo.Admin','dbo.Art_Martial','dbo.Categorie','dbo.Competiteur','dbo.Club','dbo.ListeCompetiteur','dbo.Professeurs','dbo.Competition','dbo.Inscriptions','dbo.Creneaux','dbo.Club_Professeur','dbo.CompetitionCategories')
    OR t.TABLE_NAME = 'EdmMetadata'
2015-02-02 23:03:05.8153|TRACE|KarateIsere.DataAccess.KarateIsereContext|

2015-02-02 23:03:05.8153|TRACE|KarateIsere.DataAccess.KarateIsereContext|-- Executing at 02/02/2015 23:03:05 +01:00

2015-02-02 23:03:05.8528|TRACE|KarateIsere.DataAccess.KarateIsereContext|-- Completed in 24 ms with result: 9

2015-02-02 23:03:05.8528|TRACE|KarateIsere.DataAccess.KarateIsereContext|

2015-02-02 23:03:05.8603|TRACE|KarateIsere.DataAccess.KarateIsereContext|Closed connection at 02/02/2015 23:03:05 +01:00

2015-02-02 23:03:05.8603|TRACE|KarateIsere.DataAccess.KarateIsereContext|Opened connection at 02/02/2015 23:03:05 +01:00

2015-02-02 23:03:05.8603|TRACE|KarateIsere.DataAccess.KarateIsereContext|SELECT 
    [GroupBy1].[A1] AS [C1]
    FROM ( SELECT 
        COUNT(1) AS [A1]
        FROM [dbo].[__MigrationHistory] AS [Extent1]
        WHERE [Extent1].[ContextKey] = @p__linq__0
    )  AS [GroupBy1]
2015-02-02 23:03:05.8763|TRACE|KarateIsere.DataAccess.KarateIsereContext|

2015-02-02 23:03:05.8763|TRACE|KarateIsere.DataAccess.KarateIsereContext|-- p__linq__0: 'KarateIsere.DataAccess.Migrations.Configuration' (Type = String, Size = 4000)

2015-02-02 23:03:05.8763|TRACE|KarateIsere.DataAccess.KarateIsereContext|-- Executing at 02/02/2015 23:03:05 +01:00

2015-02-02 23:03:06.1698|TRACE|KarateIsere.DataAccess.KarateIsereContext|-- Failed in 281 ms with error: Invalid object name 'dbo.__MigrationHistory'.

2015-02-02 23:03:06.1758|TRACE|KarateIsere.DataAccess.KarateIsereContext|

2015-02-02 23:03:06.4328|TRACE|KarateIsere.DataAccess.KarateIsereContext|Closed connection at 02/02/2015 23:03:06 +01:00

2015-02-02 23:03:06.5769|TRACE|KarateIsere.DataAccess.KarateIsereContext|Opened connection at 02/02/2015 23:03:06 +01:00

2015-02-02 23:03:06.8974|TRACE|KarateIsere.DataAccess.KarateIsereContext|SELECT 
    [GroupBy1].[A1] AS [C1]
    FROM ( SELECT 
        COUNT(1) AS [A1]
        FROM [dbo].[__MigrationHistory] AS [Extent1]
    )  AS [GroupBy1]
2015-02-02 23:03:06.8974|TRACE|KarateIsere.DataAccess.KarateIsereContext|

2015-02-02 23:03:06.9044|TRACE|KarateIsere.DataAccess.KarateIsereContext|-- Executing at 02/02/2015 23:03:06 +01:00

2015-02-02 23:03:07.1854|TRACE|KarateIsere.DataAccess.KarateIsereContext|-- Failed in 276 ms with error: Invalid object name 'dbo.__MigrationHistory'.

2015-02-02 23:03:07.1854|TRACE|KarateIsere.DataAccess.KarateIsereContext|

2015-02-02 23:03:07.3985|TRACE|KarateIsere.DataAccess.KarateIsereContext|Closed connection at 02/02/2015 23:03:07 +01:00

2015-02-02 23:03:08.1776|TRACE|KarateIsere.DataAccess.KarateIsereContext|Opened connection at 02/02/2015 23:03:08 +01:00

2015-02-02 23:03:08.2571|TRACE|KarateIsere.DataAccess.KarateIsereContext|SELECT 
    [Extent1].[Id] AS [Id], 
    [Extent1].[Nom] AS [Nom], 
    [Extent1].[DateCompetition] AS [DateCompetition], 
    [Extent1].[FinInscription] AS [FinInscription], 
    [Extent1].[Lieu] AS [Lieu], 
    [Extent1].[IsKata] AS [IsKata]
    FROM [dbo].[Competition] AS [Extent1]
    WHERE [Extent1].[FinInscription] >= (SysDateTime())
2015-02-02 23:03:08.2646|TRACE|KarateIsere.DataAccess.KarateIsereContext|

2015-02-02 23:03:08.2646|TRACE|KarateIsere.DataAccess.KarateIsereContext|-- Executing at 02/02/2015 23:03:08 +01:00

2015-02-02 23:03:08.2981|TRACE|KarateIsere.DataAccess.KarateIsereContext|-- Completed in 24 ms with result: SqlDataReader

2015-02-02 23:03:08.2981|TRACE|KarateIsere.DataAccess.KarateIsereContext|

2015-02-02 23:03:08.3121|TRACE|KarateIsere.DataAccess.KarateIsereContext|Closed connection at 02/02/2015 23:03:08 +01:00

2015-02-02 23:03:08.4486|TRACE|KarateIsere.DataAccess.KarateIsereContext|Opened connection at 02/02/2015 23:03:08 +01:00

2015-02-02 23:03:08.5291|TRACE|KarateIsere.DataAccess.KarateIsereContext|SELECT 
    [Extent1].[InscriptionId] AS [InscriptionId], 
    [Extent1].[NumLicence] AS [NumLicence], 
    [Extent1].[CompetitionId] AS [CompetitionId], 
    [Extent1].[Classement] AS [Classement]
    FROM  [dbo].[Inscriptions] AS [Extent1]
    INNER JOIN [dbo].[Competiteur] AS [Extent2] ON [Extent1].[NumLicence] = [Extent2].[NumLicence]
    WHERE ([Extent1].[CompetitionId] = @p__linq__0) AND ([Extent2].[NumAffiliationClub] = @p__linq__1)
2015-02-02 23:03:08.5291|TRACE|KarateIsere.DataAccess.KarateIsereContext|

2015-02-02 23:03:08.5291|TRACE|KarateIsere.DataAccess.KarateIsereContext|-- p__linq__0: '2' (Type = Int32, IsNullable = false)

2015-02-02 23:03:08.5291|TRACE|KarateIsere.DataAccess.KarateIsereContext|-- p__linq__1: '123456' (Type = AnsiString, Size = 8000)

2015-02-02 23:03:08.5436|TRACE|KarateIsere.DataAccess.KarateIsereContext|-- Executing at 02/02/2015 23:03:08 +01:00

2015-02-02 23:03:08.5736|TRACE|KarateIsere.DataAccess.KarateIsereContext|-- Completed in 26 ms with result: SqlDataReader

2015-02-02 23:03:08.5736|TRACE|KarateIsere.DataAccess.KarateIsereContext|

2015-02-02 23:03:08.5736|TRACE|KarateIsere.DataAccess.KarateIsereContext|Closed connection at 02/02/2015 23:03:08 +01:00

2015-02-02 23:03:08.5911|TRACE|KarateIsere.DataAccess.KarateIsereContext|Opened connection at 02/02/2015 23:03:08 +01:00

2015-02-02 23:03:08.7106|TRACE|KarateIsere.DataAccess.KarateIsereContext|SELECT 
    [Limit1].[C1] AS [C1], 
    [Limit1].[NumLicence] AS [NumLicence], 
    [Limit1].[Nom] AS [Nom], 
    [Limit1].[Prenom] AS [Prenom], 
    [Limit1].[CategorieName] AS [CategorieName], 
    [Limit1].[Poids] AS [Poids], 
    [Limit1].[isHomme] AS [isHomme], 
    [Limit1].[NumAffiliationClub] AS [NumAffiliationClub], 
    [Limit1].[NumAffiliation] AS [NumAffiliation], 
    [Limit1].[NomClub] AS [NomClub], 
    [Limit1].[Correspondant] AS [Correspondant], 
    [Limit1].[Telephone] AS [Telephone], 
    [Limit1].[Adr_Administrative] AS [Adr_Administrative], 
    [Limit1].[Adr_Dojo] AS [Adr_Dojo], 
    [Limit1].[Code_Postal] AS [Code_Postal], 
    [Limit1].[Ville] AS [Ville], 
    [Limit1].[Site_Web] AS [Site_Web], 
    [Limit1].[Facebook] AS [Facebook], 
    [Limit1].[President_Tel] AS [President_Tel], 
    [Limit1].[President_Nom] AS [President_Nom], 
    [Limit1].[President_Prenom] AS [President_Prenom], 
    [Limit1].[President_Email] AS [President_Email], 
    [Limit1].[President_Mobile] AS [President_Mobile], 
    [Limit1].[Tresorier_Tel] AS [Tresorier_Tel], 
    [Limit1].[Tresorier_Nom] AS [Tresorier_Nom], 
    [Limit1].[Tresorier_Prenom] AS [Tresorier_Prenom], 
    [Limit1].[Tresorier_Email] AS [Tresorier_Email], 
    [Limit1].[Tresorier_Mobile] AS [Tresorier_Mobile], 
    [Limit1].[Secretaire_Tel] AS [Secretaire_Tel], 
    [Limit1].[Secretaire_Nom] AS [Secretaire_Nom], 
    [Limit1].[Secretaire_Prenom] AS [Secretaire_Prenom], 
    [Limit1].[Secretaire_Email] AS [Secretaire_Email], 
    [Limit1].[Secretaire_Mobile] AS [Secretaire_Mobile], 
    [Limit1].[ArtMartialName] AS [ArtMartialName], 
    [Limit1].[Longitude] AS [Longitude], 
    [Limit1].[Latitude] AS [Latitude]
    FROM ( SELECT TOP (2) 
        [Extent1].[NumLicence] AS [NumLicence], 
        [Extent1].[Nom] AS [Nom], 
        [Extent1].[Prenom] AS [Prenom], 
        [Extent1].[CategorieName] AS [CategorieName], 
        [Extent1].[Poids] AS [Poids], 
        [Extent1].[isHomme] AS [isHomme], 
        [Extent1].[NumAffiliationClub] AS [NumAffiliationClub], 
        [Extent2].[NumAffiliation] AS [NumAffiliation], 
        [Extent2].[NomClub] AS [NomClub], 
        [Extent2].[Correspondant] AS [Correspondant], 
        [Extent2].[Telephone] AS [Telephone], 
        [Extent2].[Adr_Administrative] AS [Adr_Administrative], 
        [Extent2].[Adr_Dojo] AS [Adr_Dojo], 
        [Extent2].[Code_Postal] AS [Code_Postal], 
        [Extent2].[Ville] AS [Ville], 
        [Extent2].[Site_Web] AS [Site_Web], 
        [Extent2].[Facebook] AS [Facebook], 
        [Extent2].[President_Tel] AS [President_Tel], 
        [Extent2].[President_Nom] AS [President_Nom], 
        [Extent2].[President_Prenom] AS [President_Prenom], 
        [Extent2].[President_Email] AS [President_Email], 
        [Extent2].[President_Mobile] AS [President_Mobile], 
        [Extent2].[Tresorier_Tel] AS [Tresorier_Tel], 
        [Extent2].[Tresorier_Nom] AS [Tresorier_Nom], 
        [Extent2].[Tresorier_Prenom] AS [Tresorier_Prenom], 
        [Extent2].[Tresorier_Email] AS [Tresorier_Email], 
        [Extent2].[Tresorier_Mobile] AS [Tresorier_Mobile], 
        [Extent2].[Secretaire_Tel] AS [Secretaire_Tel], 
        [Extent2].[Secretaire_Nom] AS [Secretaire_Nom], 
        [Extent2].[Secretaire_Prenom] AS [Secretaire_Prenom], 
        [Extent2].[Secretaire_Email] AS [Secretaire_Email], 
        [Extent2].[Secretaire_Mobile] AS [Secretaire_Mobile], 
        [Extent2].[ArtMartialName] AS [ArtMartialName], 
        [Extent2].[Longitude] AS [Longitude], 
        [Extent2].[Latitude] AS [Latitude], 
        1 AS [C1]
        FROM  [dbo].[Competiteur] AS [Extent1]
        INNER JOIN [dbo].[Club] AS [Extent2] ON [Extent1].[NumAffiliationClub] = [Extent2].[NumAffiliation]
        WHERE ((UPPER([Extent1].[NumLicence])) = (UPPER(@p__linq__0))) OR ((UPPER([Extent1].[NumLicence]) IS NULL) AND (UPPER(@p__linq__0) IS NULL))
    )  AS [Limit1]
2015-02-02 23:03:08.7151|TRACE|KarateIsere.DataAccess.KarateIsereContext|

2015-02-02 23:03:08.7151|TRACE|KarateIsere.DataAccess.KarateIsereContext|-- p__linq__0: 'asdf654' (Type = String, Size = 4000)

2015-02-02 23:03:08.7151|TRACE|KarateIsere.DataAccess.KarateIsereContext|-- Executing at 02/02/2015 23:03:08 +01:00

2015-02-02 23:03:08.7566|TRACE|KarateIsere.DataAccess.KarateIsereContext|-- Completed in 29 ms with result: SqlDataReader

2015-02-02 23:03:08.7611|TRACE|KarateIsere.DataAccess.KarateIsereContext|

2015-02-02 23:03:08.7986|TRACE|KarateIsere.DataAccess.KarateIsereContext|Closed connection at 02/02/2015 23:03:08 +01:00

2015-02-02 23:03:08.7986|TRACE|KarateIsere.DataAccess.KarateIsereContext|Opened connection at 02/02/2015 23:03:08 +01:00

2015-02-02 23:03:08.8091|TRACE|KarateIsere.DataAccess.KarateIsereContext|SELECT 
    [Limit1].[C1] AS [C1], 
    [Limit1].[NumLicence] AS [NumLicence], 
    [Limit1].[Nom] AS [Nom], 
    [Limit1].[Prenom] AS [Prenom], 
    [Limit1].[CategorieName] AS [CategorieName], 
    [Limit1].[Poids] AS [Poids], 
    [Limit1].[isHomme] AS [isHomme], 
    [Limit1].[NumAffiliationClub] AS [NumAffiliationClub], 
    [Limit1].[NumAffiliation] AS [NumAffiliation], 
    [Limit1].[NomClub] AS [NomClub], 
    [Limit1].[Correspondant] AS [Correspondant], 
    [Limit1].[Telephone] AS [Telephone], 
    [Limit1].[Adr_Administrative] AS [Adr_Administrative], 
    [Limit1].[Adr_Dojo] AS [Adr_Dojo], 
    [Limit1].[Code_Postal] AS [Code_Postal], 
    [Limit1].[Ville] AS [Ville], 
    [Limit1].[Site_Web] AS [Site_Web], 
    [Limit1].[Facebook] AS [Facebook], 
    [Limit1].[President_Tel] AS [President_Tel], 
    [Limit1].[President_Nom] AS [President_Nom], 
    [Limit1].[President_Prenom] AS [President_Prenom], 
    [Limit1].[President_Email] AS [President_Email], 
    [Limit1].[President_Mobile] AS [President_Mobile], 
    [Limit1].[Tresorier_Tel] AS [Tresorier_Tel], 
    [Limit1].[Tresorier_Nom] AS [Tresorier_Nom], 
    [Limit1].[Tresorier_Prenom] AS [Tresorier_Prenom], 
    [Limit1].[Tresorier_Email] AS [Tresorier_Email], 
    [Limit1].[Tresorier_Mobile] AS [Tresorier_Mobile], 
    [Limit1].[Secretaire_Tel] AS [Secretaire_Tel], 
    [Limit1].[Secretaire_Nom] AS [Secretaire_Nom], 
    [Limit1].[Secretaire_Prenom] AS [Secretaire_Prenom], 
    [Limit1].[Secretaire_Email] AS [Secretaire_Email], 
    [Limit1].[Secretaire_Mobile] AS [Secretaire_Mobile], 
    [Limit1].[ArtMartialName] AS [ArtMartialName], 
    [Limit1].[Longitude] AS [Longitude], 
    [Limit1].[Latitude] AS [Latitude]
    FROM ( SELECT TOP (2) 
        [Extent1].[NumLicence] AS [NumLicence], 
        [Extent1].[Nom] AS [Nom], 
        [Extent1].[Prenom] AS [Prenom], 
        [Extent1].[CategorieName] AS [CategorieName], 
        [Extent1].[Poids] AS [Poids], 
        [Extent1].[isHomme] AS [isHomme], 
        [Extent1].[NumAffiliationClub] AS [NumAffiliationClub], 
        [Extent2].[NumAffiliation] AS [NumAffiliation], 
        [Extent2].[NomClub] AS [NomClub], 
        [Extent2].[Correspondant] AS [Correspondant], 
        [Extent2].[Telephone] AS [Telephone], 
        [Extent2].[Adr_Administrative] AS [Adr_Administrative], 
        [Extent2].[Adr_Dojo] AS [Adr_Dojo], 
        [Extent2].[Code_Postal] AS [Code_Postal], 
        [Extent2].[Ville] AS [Ville], 
        [Extent2].[Site_Web] AS [Site_Web], 
        [Extent2].[Facebook] AS [Facebook], 
        [Extent2].[President_Tel] AS [President_Tel], 
        [Extent2].[President_Nom] AS [President_Nom], 
        [Extent2].[President_Prenom] AS [President_Prenom], 
        [Extent2].[President_Email] AS [President_Email], 
        [Extent2].[President_Mobile] AS [President_Mobile], 
        [Extent2].[Tresorier_Tel] AS [Tresorier_Tel], 
        [Extent2].[Tresorier_Nom] AS [Tresorier_Nom], 
        [Extent2].[Tresorier_Prenom] AS [Tresorier_Prenom], 
        [Extent2].[Tresorier_Email] AS [Tresorier_Email], 
        [Extent2].[Tresorier_Mobile] AS [Tresorier_Mobile], 
        [Extent2].[Secretaire_Tel] AS [Secretaire_Tel], 
        [Extent2].[Secretaire_Nom] AS [Secretaire_Nom], 
        [Extent2].[Secretaire_Prenom] AS [Secretaire_Prenom], 
        [Extent2].[Secretaire_Email] AS [Secretaire_Email], 
        [Extent2].[Secretaire_Mobile] AS [Secretaire_Mobile], 
        [Extent2].[ArtMartialName] AS [ArtMartialName], 
        [Extent2].[Longitude] AS [Longitude], 
        [Extent2].[Latitude] AS [Latitude], 
        1 AS [C1]
        FROM  [dbo].[Competiteur] AS [Extent1]
        INNER JOIN [dbo].[Club] AS [Extent2] ON [Extent1].[NumAffiliationClub] = [Extent2].[NumAffiliation]
        WHERE ((UPPER([Extent1].[NumLicence])) = (UPPER(@p__linq__0))) OR ((UPPER([Extent1].[NumLicence]) IS NULL) AND (UPPER(@p__linq__0) IS NULL))
    )  AS [Limit1]
2015-02-02 23:03:08.8091|TRACE|KarateIsere.DataAccess.KarateIsereContext|

2015-02-02 23:03:08.8091|TRACE|KarateIsere.DataAccess.KarateIsereContext|-- p__linq__0: '65464' (Type = String, Size = 4000)

2015-02-02 23:03:08.8091|TRACE|KarateIsere.DataAccess.KarateIsereContext|-- Executing at 02/02/2015 23:03:08 +01:00

2015-02-02 23:03:08.8501|TRACE|KarateIsere.DataAccess.KarateIsereContext|-- Completed in 25 ms with result: SqlDataReader

2015-02-02 23:03:08.8546|TRACE|KarateIsere.DataAccess.KarateIsereContext|

2015-02-02 23:03:08.8546|TRACE|KarateIsere.DataAccess.KarateIsereContext|Closed connection at 02/02/2015 23:03:08 +01:00

2015-02-02 23:03:08.8546|TRACE|KarateIsere.DataAccess.KarateIsereContext|Opened connection at 02/02/2015 23:03:08 +01:00

2015-02-02 23:03:08.8892|TRACE|KarateIsere.DataAccess.KarateIsereContext|SELECT 
    [Extent1].[NumLicence] AS [NumLicence], 
    [Extent1].[Nom] AS [Nom], 
    [Extent1].[Prenom] AS [Prenom], 
    [Extent1].[CategorieName] AS [CategorieName], 
    [Extent1].[Poids] AS [Poids], 
    [Extent1].[isHomme] AS [isHomme], 
    [Extent1].[NumAffiliationClub] AS [NumAffiliationClub]
    FROM [dbo].[Competiteur] AS [Extent1]
    WHERE [Extent1].[NumAffiliationClub] = @p__linq__0
2015-02-02 23:03:08.8892|TRACE|KarateIsere.DataAccess.KarateIsereContext|

2015-02-02 23:03:08.8892|TRACE|KarateIsere.DataAccess.KarateIsereContext|-- p__linq__0: '123456' (Type = AnsiString, Size = 8000)

2015-02-02 23:03:08.8892|TRACE|KarateIsere.DataAccess.KarateIsereContext|-- Executing at 02/02/2015 23:03:08 +01:00

2015-02-02 23:03:08.9397|TRACE|KarateIsere.DataAccess.KarateIsereContext|-- Completed in 34 ms with result: SqlDataReader

2015-02-02 23:03:08.9397|TRACE|KarateIsere.DataAccess.KarateIsereContext|

2015-02-02 23:03:08.9502|TRACE|KarateIsere.DataAccess.KarateIsereContext|Closed connection at 02/02/2015 23:03:08 +01:00

2015-02-02 23:03:13.8368|TRACE|KarateIsere.DataAccess.KarateIsereContext|Opened connection at 02/02/2015 23:03:13 +01:00

2015-02-02 23:03:13.8538|TRACE|KarateIsere.DataAccess.KarateIsereContext|SELECT 
    [Extent1].[Nom] AS [Nom]
    FROM [dbo].[Categorie] AS [Extent1]
2015-02-02 23:03:13.8538|TRACE|KarateIsere.DataAccess.KarateIsereContext|

2015-02-02 23:03:13.8618|TRACE|KarateIsere.DataAccess.KarateIsereContext|-- Executing at 02/02/2015 23:03:13 +01:00

2015-02-02 23:03:13.8923|TRACE|KarateIsere.DataAccess.KarateIsereContext|-- Completed in 26 ms with result: SqlDataReader

2015-02-02 23:03:13.8963|TRACE|KarateIsere.DataAccess.KarateIsereContext|

2015-02-02 23:03:13.8963|TRACE|KarateIsere.DataAccess.KarateIsereContext|Closed connection at 02/02/2015 23:03:13 +01:00

2015-02-02 23:03:43.5271|TRACE|KarateIsere.DataAccess.KarateIsereContext|Opened connection at 02/02/2015 23:03:43 +01:00

2015-02-02 23:03:43.5271|TRACE|KarateIsere.DataAccess.KarateIsereContext|SELECT 
    [Extent1].[Nom] AS [Nom]
    FROM [dbo].[Categorie] AS [Extent1]
2015-02-02 23:03:43.5351|TRACE|KarateIsere.DataAccess.KarateIsereContext|

2015-02-02 23:03:43.5351|TRACE|KarateIsere.DataAccess.KarateIsereContext|-- Executing at 02/02/2015 23:03:43 +01:00

2015-02-02 23:03:43.5771|TRACE|KarateIsere.DataAccess.KarateIsereContext|-- Completed in 34 ms with result: SqlDataReader

2015-02-02 23:03:43.5806|TRACE|KarateIsere.DataAccess.KarateIsereContext|

2015-02-02 23:03:43.5806|TRACE|KarateIsere.DataAccess.KarateIsereContext|Closed connection at 02/02/2015 23:03:43 +01:00

2015-02-02 23:03:43.7036|TRACE|KarateIsere.DataAccess.KarateIsereContext|Opened connection at 02/02/2015 23:03:43 +01:00

2015-02-02 23:03:43.7076|TRACE|KarateIsere.DataAccess.KarateIsereContext|SELECT 
    [Extent1].[Id] AS [Id], 
    [Extent1].[Nom] AS [Nom], 
    [Extent1].[DateCompetition] AS [DateCompetition], 
    [Extent1].[FinInscription] AS [FinInscription], 
    [Extent1].[Lieu] AS [Lieu], 
    [Extent1].[IsKata] AS [IsKata]
    FROM [dbo].[Competition] AS [Extent1]
2015-02-02 23:03:43.7076|TRACE|KarateIsere.DataAccess.KarateIsereContext|

2015-02-02 23:03:43.7076|TRACE|KarateIsere.DataAccess.KarateIsereContext|-- Executing at 02/02/2015 23:03:43 +01:00

2015-02-02 23:03:43.7556|TRACE|KarateIsere.DataAccess.KarateIsereContext|-- Completed in 34 ms with result: SqlDataReader

2015-02-02 23:03:43.7556|TRACE|KarateIsere.DataAccess.KarateIsereContext|

2015-02-02 23:03:43.7556|TRACE|KarateIsere.DataAccess.KarateIsereContext|Closed connection at 02/02/2015 23:03:43 +01:00

2015-02-02 23:03:56.4452|TRACE|KarateIsere.DataAccess.KarateIsereContext|Opened connection at 02/02/2015 23:03:56 +01:00

2015-02-02 23:03:56.4507|TRACE|KarateIsere.DataAccess.KarateIsereContext|SELECT 
    [Extent1].[Id] AS [Id], 
    [Extent1].[Nom] AS [Nom], 
    [Extent1].[DateCompetition] AS [DateCompetition], 
    [Extent1].[FinInscription] AS [FinInscription], 
    [Extent1].[Lieu] AS [Lieu], 
    [Extent1].[IsKata] AS [IsKata]
    FROM [dbo].[Competition] AS [Extent1]
    WHERE [Extent1].[FinInscription] >= (SysDateTime())
2015-02-02 23:03:56.4507|TRACE|KarateIsere.DataAccess.KarateIsereContext|

2015-02-02 23:03:56.4507|TRACE|KarateIsere.DataAccess.KarateIsereContext|-- Executing at 02/02/2015 23:03:56 +01:00

2015-02-02 23:03:56.4887|TRACE|KarateIsere.DataAccess.KarateIsereContext|-- Completed in 23 ms with result: SqlDataReader

2015-02-02 23:03:56.4887|TRACE|KarateIsere.DataAccess.KarateIsereContext|

2015-02-02 23:03:56.4992|TRACE|KarateIsere.DataAccess.KarateIsereContext|Closed connection at 02/02/2015 23:03:56 +01:00

2015-02-02 23:03:56.4992|TRACE|KarateIsere.DataAccess.KarateIsereContext|Opened connection at 02/02/2015 23:03:56 +01:00

2015-02-02 23:03:56.5147|TRACE|KarateIsere.DataAccess.KarateIsereContext|SELECT 
    [Extent1].[InscriptionId] AS [InscriptionId], 
    [Extent1].[NumLicence] AS [NumLicence], 
    [Extent1].[CompetitionId] AS [CompetitionId], 
    [Extent1].[Classement] AS [Classement]
    FROM  [dbo].[Inscriptions] AS [Extent1]
    INNER JOIN [dbo].[Competiteur] AS [Extent2] ON [Extent1].[NumLicence] = [Extent2].[NumLicence]
    WHERE ([Extent1].[CompetitionId] = @p__linq__0) AND ([Extent2].[NumAffiliationClub] = @p__linq__1)
2015-02-02 23:03:56.5147|TRACE|KarateIsere.DataAccess.KarateIsereContext|

2015-02-02 23:03:56.5297|TRACE|KarateIsere.DataAccess.KarateIsereContext|-- p__linq__0: '2' (Type = Int32, IsNullable = false)

2015-02-02 23:03:56.5297|TRACE|KarateIsere.DataAccess.KarateIsereContext|-- p__linq__1: '123456' (Type = AnsiString, Size = 8000)

2015-02-02 23:03:56.5297|TRACE|KarateIsere.DataAccess.KarateIsereContext|-- Executing at 02/02/2015 23:03:56 +01:00

2015-02-02 23:03:56.5687|TRACE|KarateIsere.DataAccess.KarateIsereContext|-- Completed in 24 ms with result: SqlDataReader

2015-02-02 23:03:56.5687|TRACE|KarateIsere.DataAccess.KarateIsereContext|

2015-02-02 23:03:56.5802|TRACE|KarateIsere.DataAccess.KarateIsereContext|Closed connection at 02/02/2015 23:03:56 +01:00

2015-02-02 23:03:56.5802|TRACE|KarateIsere.DataAccess.KarateIsereContext|Opened connection at 02/02/2015 23:03:56 +01:00

2015-02-02 23:03:56.5927|TRACE|KarateIsere.DataAccess.KarateIsereContext|SELECT 
    [Limit1].[C1] AS [C1], 
    [Limit1].[NumLicence] AS [NumLicence], 
    [Limit1].[Nom] AS [Nom], 
    [Limit1].[Prenom] AS [Prenom], 
    [Limit1].[CategorieName] AS [CategorieName], 
    [Limit1].[Poids] AS [Poids], 
    [Limit1].[isHomme] AS [isHomme], 
    [Limit1].[NumAffiliationClub] AS [NumAffiliationClub], 
    [Limit1].[NumAffiliation] AS [NumAffiliation], 
    [Limit1].[NomClub] AS [NomClub], 
    [Limit1].[Correspondant] AS [Correspondant], 
    [Limit1].[Telephone] AS [Telephone], 
    [Limit1].[Adr_Administrative] AS [Adr_Administrative], 
    [Limit1].[Adr_Dojo] AS [Adr_Dojo], 
    [Limit1].[Code_Postal] AS [Code_Postal], 
    [Limit1].[Ville] AS [Ville], 
    [Limit1].[Site_Web] AS [Site_Web], 
    [Limit1].[Facebook] AS [Facebook], 
    [Limit1].[President_Tel] AS [President_Tel], 
    [Limit1].[President_Nom] AS [President_Nom], 
    [Limit1].[President_Prenom] AS [President_Prenom], 
    [Limit1].[President_Email] AS [President_Email], 
    [Limit1].[President_Mobile] AS [President_Mobile], 
    [Limit1].[Tresorier_Tel] AS [Tresorier_Tel], 
    [Limit1].[Tresorier_Nom] AS [Tresorier_Nom], 
    [Limit1].[Tresorier_Prenom] AS [Tresorier_Prenom], 
    [Limit1].[Tresorier_Email] AS [Tresorier_Email], 
    [Limit1].[Tresorier_Mobile] AS [Tresorier_Mobile], 
    [Limit1].[Secretaire_Tel] AS [Secretaire_Tel], 
    [Limit1].[Secretaire_Nom] AS [Secretaire_Nom], 
    [Limit1].[Secretaire_Prenom] AS [Secretaire_Prenom], 
    [Limit1].[Secretaire_Email] AS [Secretaire_Email], 
    [Limit1].[Secretaire_Mobile] AS [Secretaire_Mobile], 
    [Limit1].[ArtMartialName] AS [ArtMartialName], 
    [Limit1].[Longitude] AS [Longitude], 
    [Limit1].[Latitude] AS [Latitude]
    FROM ( SELECT TOP (2) 
        [Extent1].[NumLicence] AS [NumLicence], 
        [Extent1].[Nom] AS [Nom], 
        [Extent1].[Prenom] AS [Prenom], 
        [Extent1].[CategorieName] AS [CategorieName], 
        [Extent1].[Poids] AS [Poids], 
        [Extent1].[isHomme] AS [isHomme], 
        [Extent1].[NumAffiliationClub] AS [NumAffiliationClub], 
        [Extent2].[NumAffiliation] AS [NumAffiliation], 
        [Extent2].[NomClub] AS [NomClub], 
        [Extent2].[Correspondant] AS [Correspondant], 
        [Extent2].[Telephone] AS [Telephone], 
        [Extent2].[Adr_Administrative] AS [Adr_Administrative], 
        [Extent2].[Adr_Dojo] AS [Adr_Dojo], 
        [Extent2].[Code_Postal] AS [Code_Postal], 
        [Extent2].[Ville] AS [Ville], 
        [Extent2].[Site_Web] AS [Site_Web], 
        [Extent2].[Facebook] AS [Facebook], 
        [Extent2].[President_Tel] AS [President_Tel], 
        [Extent2].[President_Nom] AS [President_Nom], 
        [Extent2].[President_Prenom] AS [President_Prenom], 
        [Extent2].[President_Email] AS [President_Email], 
        [Extent2].[President_Mobile] AS [President_Mobile], 
        [Extent2].[Tresorier_Tel] AS [Tresorier_Tel], 
        [Extent2].[Tresorier_Nom] AS [Tresorier_Nom], 
        [Extent2].[Tresorier_Prenom] AS [Tresorier_Prenom], 
        [Extent2].[Tresorier_Email] AS [Tresorier_Email], 
        [Extent2].[Tresorier_Mobile] AS [Tresorier_Mobile], 
        [Extent2].[Secretaire_Tel] AS [Secretaire_Tel], 
        [Extent2].[Secretaire_Nom] AS [Secretaire_Nom], 
        [Extent2].[Secretaire_Prenom] AS [Secretaire_Prenom], 
        [Extent2].[Secretaire_Email] AS [Secretaire_Email], 
        [Extent2].[Secretaire_Mobile] AS [Secretaire_Mobile], 
        [Extent2].[ArtMartialName] AS [ArtMartialName], 
        [Extent2].[Longitude] AS [Longitude], 
        [Extent2].[Latitude] AS [Latitude], 
        1 AS [C1]
        FROM  [dbo].[Competiteur] AS [Extent1]
        INNER JOIN [dbo].[Club] AS [Extent2] ON [Extent1].[NumAffiliationClub] = [Extent2].[NumAffiliation]
        WHERE ((UPPER([Extent1].[NumLicence])) = (UPPER(@p__linq__0))) OR ((UPPER([Extent1].[NumLicence]) IS NULL) AND (UPPER(@p__linq__0) IS NULL))
    )  AS [Limit1]
2015-02-02 23:03:56.5927|TRACE|KarateIsere.DataAccess.KarateIsereContext|

2015-02-02 23:03:56.5927|TRACE|KarateIsere.DataAccess.KarateIsereContext|-- p__linq__0: 'asdf654' (Type = String, Size = 4000)

2015-02-02 23:03:56.6092|TRACE|KarateIsere.DataAccess.KarateIsereContext|-- Executing at 02/02/2015 23:03:56 +01:00

2015-02-02 23:03:56.6567|TRACE|KarateIsere.DataAccess.KarateIsereContext|-- Completed in 39 ms with result: SqlDataReader

2015-02-02 23:03:56.6567|TRACE|KarateIsere.DataAccess.KarateIsereContext|

2015-02-02 23:03:56.6687|TRACE|KarateIsere.DataAccess.KarateIsereContext|Closed connection at 02/02/2015 23:03:56 +01:00

2015-02-02 23:03:56.6687|TRACE|KarateIsere.DataAccess.KarateIsereContext|Opened connection at 02/02/2015 23:03:56 +01:00

2015-02-02 23:03:56.6687|TRACE|KarateIsere.DataAccess.KarateIsereContext|SELECT 
    [Limit1].[C1] AS [C1], 
    [Limit1].[NumLicence] AS [NumLicence], 
    [Limit1].[Nom] AS [Nom], 
    [Limit1].[Prenom] AS [Prenom], 
    [Limit1].[CategorieName] AS [CategorieName], 
    [Limit1].[Poids] AS [Poids], 
    [Limit1].[isHomme] AS [isHomme], 
    [Limit1].[NumAffiliationClub] AS [NumAffiliationClub], 
    [Limit1].[NumAffiliation] AS [NumAffiliation], 
    [Limit1].[NomClub] AS [NomClub], 
    [Limit1].[Correspondant] AS [Correspondant], 
    [Limit1].[Telephone] AS [Telephone], 
    [Limit1].[Adr_Administrative] AS [Adr_Administrative], 
    [Limit1].[Adr_Dojo] AS [Adr_Dojo], 
    [Limit1].[Code_Postal] AS [Code_Postal], 
    [Limit1].[Ville] AS [Ville], 
    [Limit1].[Site_Web] AS [Site_Web], 
    [Limit1].[Facebook] AS [Facebook], 
    [Limit1].[President_Tel] AS [President_Tel], 
    [Limit1].[President_Nom] AS [President_Nom], 
    [Limit1].[President_Prenom] AS [President_Prenom], 
    [Limit1].[President_Email] AS [President_Email], 
    [Limit1].[President_Mobile] AS [President_Mobile], 
    [Limit1].[Tresorier_Tel] AS [Tresorier_Tel], 
    [Limit1].[Tresorier_Nom] AS [Tresorier_Nom], 
    [Limit1].[Tresorier_Prenom] AS [Tresorier_Prenom], 
    [Limit1].[Tresorier_Email] AS [Tresorier_Email], 
    [Limit1].[Tresorier_Mobile] AS [Tresorier_Mobile], 
    [Limit1].[Secretaire_Tel] AS [Secretaire_Tel], 
    [Limit1].[Secretaire_Nom] AS [Secretaire_Nom], 
    [Limit1].[Secretaire_Prenom] AS [Secretaire_Prenom], 
    [Limit1].[Secretaire_Email] AS [Secretaire_Email], 
    [Limit1].[Secretaire_Mobile] AS [Secretaire_Mobile], 
    [Limit1].[ArtMartialName] AS [ArtMartialName], 
    [Limit1].[Longitude] AS [Longitude], 
    [Limit1].[Latitude] AS [Latitude]
    FROM ( SELECT TOP (2) 
        [Extent1].[NumLicence] AS [NumLicence], 
        [Extent1].[Nom] AS [Nom], 
        [Extent1].[Prenom] AS [Prenom], 
        [Extent1].[CategorieName] AS [CategorieName], 
        [Extent1].[Poids] AS [Poids], 
        [Extent1].[isHomme] AS [isHomme], 
        [Extent1].[NumAffiliationClub] AS [NumAffiliationClub], 
        [Extent2].[NumAffiliation] AS [NumAffiliation], 
        [Extent2].[NomClub] AS [NomClub], 
        [Extent2].[Correspondant] AS [Correspondant], 
        [Extent2].[Telephone] AS [Telephone], 
        [Extent2].[Adr_Administrative] AS [Adr_Administrative], 
        [Extent2].[Adr_Dojo] AS [Adr_Dojo], 
        [Extent2].[Code_Postal] AS [Code_Postal], 
        [Extent2].[Ville] AS [Ville], 
        [Extent2].[Site_Web] AS [Site_Web], 
        [Extent2].[Facebook] AS [Facebook], 
        [Extent2].[President_Tel] AS [President_Tel], 
        [Extent2].[President_Nom] AS [President_Nom], 
        [Extent2].[President_Prenom] AS [President_Prenom], 
        [Extent2].[President_Email] AS [President_Email], 
        [Extent2].[President_Mobile] AS [President_Mobile], 
        [Extent2].[Tresorier_Tel] AS [Tresorier_Tel], 
        [Extent2].[Tresorier_Nom] AS [Tresorier_Nom], 
        [Extent2].[Tresorier_Prenom] AS [Tresorier_Prenom], 
        [Extent2].[Tresorier_Email] AS [Tresorier_Email], 
        [Extent2].[Tresorier_Mobile] AS [Tresorier_Mobile], 
        [Extent2].[Secretaire_Tel] AS [Secretaire_Tel], 
        [Extent2].[Secretaire_Nom] AS [Secretaire_Nom], 
        [Extent2].[Secretaire_Prenom] AS [Secretaire_Prenom], 
        [Extent2].[Secretaire_Email] AS [Secretaire_Email], 
        [Extent2].[Secretaire_Mobile] AS [Secretaire_Mobile], 
        [Extent2].[ArtMartialName] AS [ArtMartialName], 
        [Extent2].[Longitude] AS [Longitude], 
        [Extent2].[Latitude] AS [Latitude], 
        1 AS [C1]
        FROM  [dbo].[Competiteur] AS [Extent1]
        INNER JOIN [dbo].[Club] AS [Extent2] ON [Extent1].[NumAffiliationClub] = [Extent2].[NumAffiliation]
        WHERE ((UPPER([Extent1].[NumLicence])) = (UPPER(@p__linq__0))) OR ((UPPER([Extent1].[NumLicence]) IS NULL) AND (UPPER(@p__linq__0) IS NULL))
    )  AS [Limit1]
2015-02-02 23:03:56.6867|TRACE|KarateIsere.DataAccess.KarateIsereContext|

2015-02-02 23:03:56.6867|TRACE|KarateIsere.DataAccess.KarateIsereContext|-- p__linq__0: '65464' (Type = String, Size = 4000)

2015-02-02 23:03:56.6867|TRACE|KarateIsere.DataAccess.KarateIsereContext|-- Executing at 02/02/2015 23:03:56 +01:00

2015-02-02 23:03:56.7287|TRACE|KarateIsere.DataAccess.KarateIsereContext|-- Completed in 27 ms with result: SqlDataReader

2015-02-02 23:03:56.7352|TRACE|KarateIsere.DataAccess.KarateIsereContext|

2015-02-02 23:03:56.7352|TRACE|KarateIsere.DataAccess.KarateIsereContext|Closed connection at 02/02/2015 23:03:56 +01:00

2015-02-02 23:03:56.7472|TRACE|KarateIsere.DataAccess.KarateIsereContext|Opened connection at 02/02/2015 23:03:56 +01:00

2015-02-02 23:03:56.7472|TRACE|KarateIsere.DataAccess.KarateIsereContext|SELECT 
    [Extent1].[NumLicence] AS [NumLicence], 
    [Extent1].[Nom] AS [Nom], 
    [Extent1].[Prenom] AS [Prenom], 
    [Extent1].[CategorieName] AS [CategorieName], 
    [Extent1].[Poids] AS [Poids], 
    [Extent1].[isHomme] AS [isHomme], 
    [Extent1].[NumAffiliationClub] AS [NumAffiliationClub]
    FROM [dbo].[Competiteur] AS [Extent1]
    WHERE [Extent1].[NumAffiliationClub] = @p__linq__0
2015-02-02 23:03:56.7472|TRACE|KarateIsere.DataAccess.KarateIsereContext|

2015-02-02 23:03:56.7472|TRACE|KarateIsere.DataAccess.KarateIsereContext|-- p__linq__0: '123456' (Type = AnsiString, Size = 8000)

2015-02-02 23:03:56.7632|TRACE|KarateIsere.DataAccess.KarateIsereContext|-- Executing at 02/02/2015 23:03:56 +01:00

2015-02-02 23:03:56.7907|TRACE|KarateIsere.DataAccess.KarateIsereContext|-- Completed in 23 ms with result: SqlDataReader

2015-02-02 23:03:56.7957|TRACE|KarateIsere.DataAccess.KarateIsereContext|

2015-02-02 23:03:56.7957|TRACE|KarateIsere.DataAccess.KarateIsereContext|Closed connection at 02/02/2015 23:03:56 +01:00

