2015-03-30 23:05:20.2091|TRACE|KarateIsere.DataAccess.KarateIsereContext|Opened connection at 30/03/2015 23:05:20 +02:00

2015-03-30 23:05:20.6767|TRACE|KarateIsere.DataAccess.KarateIsereContext|
SELECT Count(*)
FROM INFORMATION_SCHEMA.TABLES AS t
WHERE t.TABLE_SCHEMA + '.' + t.TABLE_NAME IN ('dbo.Adherents','dbo.Admin','dbo.Art_Martial','dbo.Categorie','dbo.Competiteur','dbo.Club','dbo.ListeCompetiteur','dbo.Professeurs','dbo.Competition','dbo.Inscriptions','dbo.Creneaux','dbo.Club_Professeur','dbo.CompetitionCategories')
    OR t.TABLE_NAME = 'EdmMetadata'
2015-03-30 23:05:20.6827|TRACE|KarateIsere.DataAccess.KarateIsereContext|

2015-03-30 23:05:20.6827|TRACE|KarateIsere.DataAccess.KarateIsereContext|-- Executing at 30/03/2015 23:05:20 +02:00

2015-03-30 23:05:20.7332|TRACE|KarateIsere.DataAccess.KarateIsereContext|-- Completed in 40 ms with result: 9

2015-03-30 23:05:20.7332|TRACE|KarateIsere.DataAccess.KarateIsereContext|

2015-03-30 23:05:20.7332|TRACE|KarateIsere.DataAccess.KarateIsereContext|Closed connection at 30/03/2015 23:05:20 +02:00

2015-03-30 23:05:20.7462|TRACE|KarateIsere.DataAccess.KarateIsereContext|Opened connection at 30/03/2015 23:05:20 +02:00

2015-03-30 23:05:20.7462|TRACE|KarateIsere.DataAccess.KarateIsereContext|SELECT 
    [GroupBy1].[A1] AS [C1]
    FROM ( SELECT 
        COUNT(1) AS [A1]
        FROM [dbo].[__MigrationHistory] AS [Extent1]
        WHERE [Extent1].[ContextKey] = @p__linq__0
    )  AS [GroupBy1]
2015-03-30 23:05:20.7462|TRACE|KarateIsere.DataAccess.KarateIsereContext|

2015-03-30 23:05:20.7617|TRACE|KarateIsere.DataAccess.KarateIsereContext|-- p__linq__0: 'KarateIsere.DataAccess.Migrations.Configuration' (Type = String, Size = 4000)

2015-03-30 23:05:20.7617|TRACE|KarateIsere.DataAccess.KarateIsereContext|-- Executing at 30/03/2015 23:05:20 +02:00

2015-03-30 23:05:21.0262|TRACE|KarateIsere.DataAccess.KarateIsereContext|-- Failed in 254 ms with error: Invalid object name 'dbo.__MigrationHistory'.

2015-03-30 23:05:21.0262|TRACE|KarateIsere.DataAccess.KarateIsereContext|

2015-03-30 23:05:21.2352|TRACE|KarateIsere.DataAccess.KarateIsereContext|Closed connection at 30/03/2015 23:05:21 +02:00

2015-03-30 23:05:21.3678|TRACE|KarateIsere.DataAccess.KarateIsereContext|Opened connection at 30/03/2015 23:05:21 +02:00

2015-03-30 23:05:21.3678|TRACE|KarateIsere.DataAccess.KarateIsereContext|SELECT 
    [GroupBy1].[A1] AS [C1]
    FROM ( SELECT 
        COUNT(1) AS [A1]
        FROM [dbo].[__MigrationHistory] AS [Extent1]
    )  AS [GroupBy1]
2015-03-30 23:05:21.3678|TRACE|KarateIsere.DataAccess.KarateIsereContext|

2015-03-30 23:05:21.3678|TRACE|KarateIsere.DataAccess.KarateIsereContext|-- Executing at 30/03/2015 23:05:21 +02:00

2015-03-30 23:05:21.6378|TRACE|KarateIsere.DataAccess.KarateIsereContext|-- Failed in 254 ms with error: Invalid object name 'dbo.__MigrationHistory'.

2015-03-30 23:05:21.6378|TRACE|KarateIsere.DataAccess.KarateIsereContext|

2015-03-30 23:05:21.8458|TRACE|KarateIsere.DataAccess.KarateIsereContext|Closed connection at 30/03/2015 23:05:21 +02:00

2015-03-30 23:05:22.5714|TRACE|KarateIsere.DataAccess.KarateIsereContext|Opened connection at 30/03/2015 23:05:22 +02:00

2015-03-30 23:05:22.6949|TRACE|KarateIsere.DataAccess.KarateIsereContext|SELECT 
    [Project2].[C1] AS [C1], 
    [Project2].[NumAffiliation] AS [NumAffiliation], 
    [Project2].[NomClub] AS [NomClub], 
    [Project2].[Correspondant] AS [Correspondant], 
    [Project2].[Telephone] AS [Telephone], 
    [Project2].[Adr_Administrative] AS [Adr_Administrative], 
    [Project2].[Adr_Dojo] AS [Adr_Dojo], 
    [Project2].[Code_Postal] AS [Code_Postal], 
    [Project2].[Ville] AS [Ville], 
    [Project2].[Site_Web] AS [Site_Web], 
    [Project2].[Facebook] AS [Facebook], 
    [Project2].[President_Tel] AS [President_Tel], 
    [Project2].[President_Nom] AS [President_Nom], 
    [Project2].[President_Prenom] AS [President_Prenom], 
    [Project2].[President_Email] AS [President_Email], 
    [Project2].[President_Mobile] AS [President_Mobile], 
    [Project2].[Tresorier_Tel] AS [Tresorier_Tel], 
    [Project2].[Tresorier_Nom] AS [Tresorier_Nom], 
    [Project2].[Tresorier_Prenom] AS [Tresorier_Prenom], 
    [Project2].[Tresorier_Email] AS [Tresorier_Email], 
    [Project2].[Tresorier_Mobile] AS [Tresorier_Mobile], 
    [Project2].[Secretaire_Tel] AS [Secretaire_Tel], 
    [Project2].[Secretaire_Nom] AS [Secretaire_Nom], 
    [Project2].[Secretaire_Prenom] AS [Secretaire_Prenom], 
    [Project2].[Secretaire_Email] AS [Secretaire_Email], 
    [Project2].[Secretaire_Mobile] AS [Secretaire_Mobile], 
    [Project2].[ArtMartialName] AS [ArtMartialName], 
    [Project2].[Longitude] AS [Longitude], 
    [Project2].[Latitude] AS [Latitude], 
    [Project2].[C2] AS [C2], 
    [Project2].[NumLicence] AS [NumLicence], 
    [Project2].[Nom] AS [Nom], 
    [Project2].[Prenom] AS [Prenom], 
    [Project2].[CategorieName] AS [CategorieName], 
    [Project2].[Poids] AS [Poids], 
    [Project2].[isHomme] AS [isHomme], 
    [Project2].[NumAffiliationClub] AS [NumAffiliationClub]
    FROM ( SELECT 
        [Limit1].[NumAffiliation] AS [NumAffiliation], 
        [Limit1].[NomClub] AS [NomClub], 
        [Limit1].[Correspondant] AS [Correspondant], 
        [Limit1].[Telephone] AS [Telephone], 
        [Limit1].[Adr_Administrative] AS [Adr_Administrative], 
        [Limit1].[Adr_Dojo] AS [Adr_Dojo], 
        [Limit1].[Code_Postal] AS [Code_Postal], 
        [Limit1].[Ville] AS [Ville], 
        [Limit1].[Site_Web] AS [Site_Web], 
        [Limit1].[Facebook] AS [Facebook], 
        [Limit1].[President_Tel] AS [President_Tel], 
        [Limit1].[President_Nom] AS [President_Nom], 
        [Limit1].[President_Prenom] AS [President_Prenom], 
        [Limit1].[President_Email] AS [President_Email], 
        [Limit1].[President_Mobile] AS [President_Mobile], 
        [Limit1].[Tresorier_Tel] AS [Tresorier_Tel], 
        [Limit1].[Tresorier_Nom] AS [Tresorier_Nom], 
        [Limit1].[Tresorier_Prenom] AS [Tresorier_Prenom], 
        [Limit1].[Tresorier_Email] AS [Tresorier_Email], 
        [Limit1].[Tresorier_Mobile] AS [Tresorier_Mobile], 
        [Limit1].[Secretaire_Tel] AS [Secretaire_Tel], 
        [Limit1].[Secretaire_Nom] AS [Secretaire_Nom], 
        [Limit1].[Secretaire_Prenom] AS [Secretaire_Prenom], 
        [Limit1].[Secretaire_Email] AS [Secretaire_Email], 
        [Limit1].[Secretaire_Mobile] AS [Secretaire_Mobile], 
        [Limit1].[ArtMartialName] AS [ArtMartialName], 
        [Limit1].[Longitude] AS [Longitude], 
        [Limit1].[Latitude] AS [Latitude], 
        [Limit1].[C1] AS [C1], 
        [Extent2].[NumLicence] AS [NumLicence], 
        [Extent2].[Nom] AS [Nom], 
        [Extent2].[Prenom] AS [Prenom], 
        [Extent2].[CategorieName] AS [CategorieName], 
        [Extent2].[Poids] AS [Poids], 
        [Extent2].[isHomme] AS [isHomme], 
        [Extent2].[NumAffiliationClub] AS [NumAffiliationClub], 
        CASE WHEN ([Extent2].[NumLicence] IS NULL) THEN CAST(NULL AS int) ELSE 1 END AS [C2]
        FROM   (SELECT TOP (2) 
            [Extent1].[NumAffiliation] AS [NumAffiliation], 
            [Extent1].[NomClub] AS [NomClub], 
            [Extent1].[Correspondant] AS [Correspondant], 
            [Extent1].[Telephone] AS [Telephone], 
            [Extent1].[Adr_Administrative] AS [Adr_Administrative], 
            [Extent1].[Adr_Dojo] AS [Adr_Dojo], 
            [Extent1].[Code_Postal] AS [Code_Postal], 
            [Extent1].[Ville] AS [Ville], 
            [Extent1].[Site_Web] AS [Site_Web], 
            [Extent1].[Facebook] AS [Facebook], 
            [Extent1].[President_Tel] AS [President_Tel], 
            [Extent1].[President_Nom] AS [President_Nom], 
            [Extent1].[President_Prenom] AS [President_Prenom], 
            [Extent1].[President_Email] AS [President_Email], 
            [Extent1].[President_Mobile] AS [President_Mobile], 
            [Extent1].[Tresorier_Tel] AS [Tresorier_Tel], 
            [Extent1].[Tresorier_Nom] AS [Tresorier_Nom], 
            [Extent1].[Tresorier_Prenom] AS [Tresorier_Prenom], 
            [Extent1].[Tresorier_Email] AS [Tresorier_Email], 
            [Extent1].[Tresorier_Mobile] AS [Tresorier_Mobile], 
            [Extent1].[Secretaire_Tel] AS [Secretaire_Tel], 
            [Extent1].[Secretaire_Nom] AS [Secretaire_Nom], 
            [Extent1].[Secretaire_Prenom] AS [Secretaire_Prenom], 
            [Extent1].[Secretaire_Email] AS [Secretaire_Email], 
            [Extent1].[Secretaire_Mobile] AS [Secretaire_Mobile], 
            [Extent1].[ArtMartialName] AS [ArtMartialName], 
            [Extent1].[Longitude] AS [Longitude], 
            [Extent1].[Latitude] AS [Latitude], 
            1 AS [C1]
            FROM [dbo].[Club] AS [Extent1]
            WHERE [Extent1].[NumAffiliation] = @p__linq__0 ) AS [Limit1]
        LEFT OUTER JOIN [dbo].[Competiteur] AS [Extent2] ON [Limit1].[NumAffiliation] = [Extent2].[NumAffiliationClub]
    )  AS [Project2]
    ORDER BY [Project2].[NumAffiliation] ASC, [Project2].[C2] ASC
2015-03-30 23:05:22.6949|TRACE|KarateIsere.DataAccess.KarateIsereContext|

2015-03-30 23:05:22.6949|TRACE|KarateIsere.DataAccess.KarateIsereContext|-- p__linq__0: 'T4566' (Type = AnsiString, Size = 8000)

2015-03-30 23:05:22.6949|TRACE|KarateIsere.DataAccess.KarateIsereContext|-- Executing at 30/03/2015 23:05:22 +02:00

2015-03-30 23:05:22.7464|TRACE|KarateIsere.DataAccess.KarateIsereContext|-- Completed in 34 ms with result: SqlDataReader

2015-03-30 23:05:22.7464|TRACE|KarateIsere.DataAccess.KarateIsereContext|

2015-03-30 23:05:22.7554|TRACE|KarateIsere.DataAccess.KarateIsereContext|Closed connection at 30/03/2015 23:05:22 +02:00

2015-03-30 23:05:22.7724|TRACE|KarateIsere.DataAccess.Tool.Mapper|Map parameters
2015-03-30 23:05:22.7724|TRACE|KarateIsere.DataAccess.Tool.Mapper|Destination object :KarateIsere.Models.ClubViewModel
2015-03-30 23:05:22.7874|TRACE|KarateIsere.DataAccess.Tool.Mapper|Source object : KarateIsere.DataAccess.Club
2015-03-30 23:05:22.7874|TRACE|KarateIsere.DataAccess.Tool.Mapper|FirstCommonType parameters
2015-03-30 23:05:22.7874|TRACE|KarateIsere.DataAccess.Tool.Mapper|Source type :KarateIsere.DataAccess.Club
2015-03-30 23:05:22.7874|TRACE|KarateIsere.DataAccess.Tool.Mapper|Destination type :KarateIsere.Models.ClubViewModel
2015-03-30 23:05:22.8049|TRACE|KarateIsere.DataAccess.Tool.Mapper|Map parameters
2015-03-30 23:05:22.8049|TRACE|KarateIsere.DataAccess.Tool.Mapper|Destination object :KarateIsere.Models.ClubViewModel
2015-03-30 23:05:22.8049|TRACE|KarateIsere.DataAccess.Tool.Mapper|Source object : KarateIsere.DataAccess.Club
2015-03-30 23:05:22.8179|TRACE|KarateIsere.DataAccess.Tool.Mapper|Common type :KarateIsere.DataAccess.Club
2015-03-30 23:05:23.7906|TRACE|KarateIsere.DataAccess.KarateIsereContext|Opened connection at 30/03/2015 23:05:23 +02:00

2015-03-30 23:05:23.8046|TRACE|KarateIsere.DataAccess.KarateIsereContext|SELECT 
    [Extent1].[Name] AS [Name]
    FROM [dbo].[Art_Martial] AS [Extent1]
2015-03-30 23:05:23.8046|TRACE|KarateIsere.DataAccess.KarateIsereContext|

2015-03-30 23:05:23.8046|TRACE|KarateIsere.DataAccess.KarateIsereContext|-- Executing at 30/03/2015 23:05:23 +02:00

2015-03-30 23:05:23.8641|TRACE|KarateIsere.DataAccess.KarateIsereContext|-- Completed in 46 ms with result: SqlDataReader

2015-03-30 23:05:23.8641|TRACE|KarateIsere.DataAccess.KarateIsereContext|

2015-03-30 23:05:23.8641|TRACE|KarateIsere.DataAccess.KarateIsereContext|Closed connection at 30/03/2015 23:05:23 +02:00

