2014-11-30 23:22:56.6033|TRACE|KarateIsere.DataAccess.Tool.Mapper|Map parameters
2014-11-30 23:22:56.6293|TRACE|KarateIsere.DataAccess.Tool.Mapper|Destination object :KarateIsere.Models.ClubViewModel
2014-11-30 23:22:56.6293|TRACE|KarateIsere.DataAccess.Tool.Mapper|Source object : System.Data.Entity.DynamicProxies.Club_CF242DCCD57FB31DC30860E555658BEA6D1F55DCDEDE5830E45A04499B351646
2014-11-30 23:22:56.6293|TRACE|KarateIsere.DataAccess.Tool.Mapper|FirstCommonType parameters
2014-11-30 23:22:56.6293|TRACE|KarateIsere.DataAccess.Tool.Mapper|Source type :System.Data.Entity.DynamicProxies.Club_CF242DCCD57FB31DC30860E555658BEA6D1F55DCDEDE5830E45A04499B351646
2014-11-30 23:22:56.6428|TRACE|KarateIsere.DataAccess.Tool.Mapper|Destination type :KarateIsere.Models.ClubViewModel
2014-11-30 23:22:56.6428|TRACE|KarateIsere.DataAccess.Tool.Mapper|Map parameters
2014-11-30 23:22:56.6428|TRACE|KarateIsere.DataAccess.Tool.Mapper|Destination object :KarateIsere.Models.ClubViewModel
2014-11-30 23:22:56.6428|TRACE|KarateIsere.DataAccess.Tool.Mapper|Source object : System.Data.Entity.DynamicProxies.Club_CF242DCCD57FB31DC30860E555658BEA6D1F55DCDEDE5830E45A04499B351646
2014-11-30 23:22:56.6558|TRACE|KarateIsere.DataAccess.Tool.Mapper|Common type :KarateIsere.DataAccess.Club
2014-11-30 23:23:23.0567|TRACE|KarateIsere.DataAccess.Tool.Mapper|Map parameters
2014-11-30 23:23:23.0567|TRACE|KarateIsere.DataAccess.Tool.Mapper|Destination object :KarateIsere.Models.ClubViewModel
2014-11-30 23:23:23.0567|TRACE|KarateIsere.DataAccess.Tool.Mapper|Source object : System.Data.Entity.DynamicProxies.Club_CF242DCCD57FB31DC30860E555658BEA6D1F55DCDEDE5830E45A04499B351646
2014-11-30 23:23:23.0672|TRACE|KarateIsere.DataAccess.Tool.Mapper|FirstCommonType parameters
2014-11-30 23:23:23.0672|TRACE|KarateIsere.DataAccess.Tool.Mapper|Source type :System.Data.Entity.DynamicProxies.Club_CF242DCCD57FB31DC30860E555658BEA6D1F55DCDEDE5830E45A04499B351646
2014-11-30 23:23:23.0672|TRACE|KarateIsere.DataAccess.Tool.Mapper|Destination type :KarateIsere.Models.ClubViewModel
2014-11-30 23:23:23.0672|TRACE|KarateIsere.DataAccess.Tool.Mapper|Map parameters
2014-11-30 23:23:23.0672|TRACE|KarateIsere.DataAccess.Tool.Mapper|Destination object :KarateIsere.Models.ClubViewModel
2014-11-30 23:23:23.0837|TRACE|KarateIsere.DataAccess.Tool.Mapper|Source object : System.Data.Entity.DynamicProxies.Club_CF242DCCD57FB31DC30860E555658BEA6D1F55DCDEDE5830E45A04499B351646
2014-11-30 23:23:23.0837|TRACE|KarateIsere.DataAccess.Tool.Mapper|Common type :KarateIsere.DataAccess.Club
2014-11-30 23:26:04.8467|TRACE|KarateIsere.DataAccess.Tool.Mapper|Map parameters
2014-11-30 23:26:04.8467|TRACE|KarateIsere.DataAccess.Tool.Mapper|Destination object :KarateIsere.Models.ClubViewModel
2014-11-30 23:26:04.8467|TRACE|KarateIsere.DataAccess.Tool.Mapper|Source object : System.Data.Entity.DynamicProxies.Club_CF242DCCD57FB31DC30860E555658BEA6D1F55DCDEDE5830E45A04499B351646
2014-11-30 23:26:04.8582|TRACE|KarateIsere.DataAccess.Tool.Mapper|FirstCommonType parameters
2014-11-30 23:26:04.8582|TRACE|KarateIsere.DataAccess.Tool.Mapper|Source type :System.Data.Entity.DynamicProxies.Club_CF242DCCD57FB31DC30860E555658BEA6D1F55DCDEDE5830E45A04499B351646
2014-11-30 23:26:04.8582|TRACE|KarateIsere.DataAccess.Tool.Mapper|Destination type :KarateIsere.Models.ClubViewModel
2014-11-30 23:26:04.8582|TRACE|KarateIsere.DataAccess.Tool.Mapper|Map parameters
2014-11-30 23:26:04.8737|TRACE|KarateIsere.DataAccess.Tool.Mapper|Destination object :KarateIsere.Models.ClubViewModel
2014-11-30 23:26:04.8737|TRACE|KarateIsere.DataAccess.Tool.Mapper|Source object : System.Data.Entity.DynamicProxies.Club_CF242DCCD57FB31DC30860E555658BEA6D1F55DCDEDE5830E45A04499B351646
2014-11-30 23:26:04.8737|TRACE|KarateIsere.DataAccess.Tool.Mapper|Common type :KarateIsere.DataAccess.Club
2014-11-30 23:29:48.4481|TRACE|KarateIsere.DataAccess.Tool.Mapper|Map parameters
2014-11-30 23:29:48.4731|TRACE|KarateIsere.DataAccess.Tool.Mapper|Destination object :KarateIsere.Models.ClubViewModel
2014-11-30 23:29:48.4731|TRACE|KarateIsere.DataAccess.Tool.Mapper|Source object : System.Data.Entity.DynamicProxies.Club_CF242DCCD57FB31DC30860E555658BEA6D1F55DCDEDE5830E45A04499B351646
2014-11-30 23:29:48.4731|TRACE|KarateIsere.DataAccess.Tool.Mapper|FirstCommonType parameters
2014-11-30 23:29:48.4871|TRACE|KarateIsere.DataAccess.Tool.Mapper|Source type :System.Data.Entity.DynamicProxies.Club_CF242DCCD57FB31DC30860E555658BEA6D1F55DCDEDE5830E45A04499B351646
2014-11-30 23:29:48.4871|TRACE|KarateIsere.DataAccess.Tool.Mapper|Destination type :KarateIsere.Models.ClubViewModel
2014-11-30 23:29:48.4871|TRACE|KarateIsere.DataAccess.Tool.Mapper|Map parameters
2014-11-30 23:29:48.4986|TRACE|KarateIsere.DataAccess.Tool.Mapper|Destination object :KarateIsere.Models.ClubViewModel
2014-11-30 23:29:48.4986|TRACE|KarateIsere.DataAccess.Tool.Mapper|Source object : System.Data.Entity.DynamicProxies.Club_CF242DCCD57FB31DC30860E555658BEA6D1F55DCDEDE5830E45A04499B351646
2014-11-30 23:29:48.4986|TRACE|KarateIsere.DataAccess.Tool.Mapper|Common type :KarateIsere.DataAccess.Club
2014-11-30 23:31:17.0249|TRACE|KarateIsere.DataAccess.Tool.Mapper|Map parameters
2014-11-30 23:31:17.0294|TRACE|KarateIsere.DataAccess.Tool.Mapper|Destination object :KarateIsere.Models.ClubViewModel
2014-11-30 23:31:17.0294|TRACE|KarateIsere.DataAccess.Tool.Mapper|Source object : System.Data.Entity.DynamicProxies.Club_CF242DCCD57FB31DC30860E555658BEA6D1F55DCDEDE5830E45A04499B351646
2014-11-30 23:31:17.0294|TRACE|KarateIsere.DataAccess.Tool.Mapper|FirstCommonType parameters
2014-11-30 23:31:17.0294|TRACE|KarateIsere.DataAccess.Tool.Mapper|Source type :System.Data.Entity.DynamicProxies.Club_CF242DCCD57FB31DC30860E555658BEA6D1F55DCDEDE5830E45A04499B351646
2014-11-30 23:31:17.0294|TRACE|KarateIsere.DataAccess.Tool.Mapper|Destination type :KarateIsere.Models.ClubViewModel
2014-11-30 23:31:17.0489|TRACE|KarateIsere.DataAccess.Tool.Mapper|Map parameters
2014-11-30 23:31:17.0489|TRACE|KarateIsere.DataAccess.Tool.Mapper|Destination object :KarateIsere.Models.ClubViewModel
2014-11-30 23:31:17.0489|TRACE|KarateIsere.DataAccess.Tool.Mapper|Source object : System.Data.Entity.DynamicProxies.Club_CF242DCCD57FB31DC30860E555658BEA6D1F55DCDEDE5830E45A04499B351646
2014-11-30 23:31:17.0609|TRACE|KarateIsere.DataAccess.Tool.Mapper|Common type :KarateIsere.DataAccess.Club
2014-11-30 23:33:43.6525|TRACE|KarateIsere.DataAccess.Tool.Mapper|Map parameters
2014-11-30 23:33:43.6580|TRACE|KarateIsere.DataAccess.Tool.Mapper|Destination object :KarateIsere.Models.ClubViewModel
2014-11-30 23:33:43.6580|TRACE|KarateIsere.DataAccess.Tool.Mapper|Source object : System.Data.Entity.DynamicProxies.Club_CF242DCCD57FB31DC30860E555658BEA6D1F55DCDEDE5830E45A04499B351646
2014-11-30 23:33:43.6580|TRACE|KarateIsere.DataAccess.Tool.Mapper|FirstCommonType parameters
2014-11-30 23:33:43.6725|TRACE|KarateIsere.DataAccess.Tool.Mapper|Source type :System.Data.Entity.DynamicProxies.Club_CF242DCCD57FB31DC30860E555658BEA6D1F55DCDEDE5830E45A04499B351646
2014-11-30 23:33:44.1226|TRACE|KarateIsere.DataAccess.Tool.Mapper|Destination type :KarateIsere.Models.ClubViewModel
2014-11-30 23:33:44.1226|TRACE|KarateIsere.DataAccess.Tool.Mapper|Map parameters
2014-11-30 23:33:44.1226|TRACE|KarateIsere.DataAccess.Tool.Mapper|Destination object :KarateIsere.Models.ClubViewModel
2014-11-30 23:33:44.1226|TRACE|KarateIsere.DataAccess.Tool.Mapper|Source object : System.Data.Entity.DynamicProxies.Club_CF242DCCD57FB31DC30860E555658BEA6D1F55DCDEDE5830E45A04499B351646
2014-11-30 23:33:44.1386|TRACE|KarateIsere.DataAccess.Tool.Mapper|Common type :KarateIsere.DataAccess.Club
2014-11-30 23:37:48.8456|TRACE|KarateIsere.DataAccess.Tool.Mapper|Map parameters
2014-11-30 23:37:48.8726|TRACE|KarateIsere.DataAccess.Tool.Mapper|Destination object :KarateIsere.Models.ClubViewModel
2014-11-30 23:37:48.8726|TRACE|KarateIsere.DataAccess.Tool.Mapper|Source object : System.Data.Entity.DynamicProxies.Club_CF242DCCD57FB31DC30860E555658BEA6D1F55DCDEDE5830E45A04499B351646
2014-11-30 23:37:48.8726|TRACE|KarateIsere.DataAccess.Tool.Mapper|FirstCommonType parameters
2014-11-30 23:37:48.8726|TRACE|KarateIsere.DataAccess.Tool.Mapper|Source type :System.Data.Entity.DynamicProxies.Club_CF242DCCD57FB31DC30860E555658BEA6D1F55DCDEDE5830E45A04499B351646
2014-11-30 23:37:48.8906|TRACE|KarateIsere.DataAccess.Tool.Mapper|Destination type :KarateIsere.Models.ClubViewModel
2014-11-30 23:37:48.8906|TRACE|KarateIsere.DataAccess.Tool.Mapper|Map parameters
2014-11-30 23:37:48.8906|TRACE|KarateIsere.DataAccess.Tool.Mapper|Destination object :KarateIsere.Models.ClubViewModel
2014-11-30 23:37:48.9036|TRACE|KarateIsere.DataAccess.Tool.Mapper|Source object : System.Data.Entity.DynamicProxies.Club_CF242DCCD57FB31DC30860E555658BEA6D1F55DCDEDE5830E45A04499B351646
2014-11-30 23:37:48.9036|TRACE|KarateIsere.DataAccess.Tool.Mapper|Common type :KarateIsere.DataAccess.Club
2014-11-30 23:49:28.6300|TRACE|KarateIsere.DataAccess.KarateIsereContext|Opened connection at 30/11/2014 23:49:28 +01:00

2014-11-30 23:49:28.6470|TRACE|KarateIsere.DataAccess.KarateIsereContext|
SELECT Count(*)
FROM INFORMATION_SCHEMA.TABLES AS t
WHERE t.TABLE_SCHEMA + '.' + t.TABLE_NAME IN ('dbo.Adherents','dbo.Admin','dbo.Art_Martial','dbo.Categorie','dbo.Competiteur','dbo.Club','dbo.ListeCompetiteur','dbo.Professeurs','dbo.Competition','dbo.Inscriptions','dbo.Creneaux','dbo.Club_Professeur','dbo.CompetitionCategories')
    OR t.TABLE_NAME = 'EdmMetadata'
2014-11-30 23:49:28.6625|TRACE|KarateIsere.DataAccess.KarateIsereContext|

2014-11-30 23:49:28.6625|TRACE|KarateIsere.DataAccess.KarateIsereContext|-- Executing at 30/11/2014 23:49:28 +01:00

2014-11-30 23:49:28.7115|TRACE|KarateIsere.DataAccess.KarateIsereContext|-- Completed in 38 ms with result: 9

2014-11-30 23:49:28.7115|TRACE|KarateIsere.DataAccess.KarateIsereContext|

2014-11-30 23:49:28.7115|TRACE|KarateIsere.DataAccess.KarateIsereContext|Closed connection at 30/11/2014 23:49:28 +01:00

2014-11-30 23:49:28.7240|TRACE|KarateIsere.DataAccess.KarateIsereContext|Opened connection at 30/11/2014 23:49:28 +01:00

2014-11-30 23:49:28.7240|TRACE|KarateIsere.DataAccess.KarateIsereContext|SELECT 
    [GroupBy1].[A1] AS [C1]
    FROM ( SELECT 
        COUNT(1) AS [A1]
        FROM [dbo].[__MigrationHistory] AS [Extent1]
        WHERE [Extent1].[ContextKey] = @p__linq__0
    )  AS [GroupBy1]
2014-11-30 23:49:28.7240|TRACE|KarateIsere.DataAccess.KarateIsereContext|

2014-11-30 23:49:28.7425|TRACE|KarateIsere.DataAccess.KarateIsereContext|-- p__linq__0: 'KarateIsere.DataAccess.KarateIsereContext' (Type = String, Size = 4000)

2014-11-30 23:49:28.7425|TRACE|KarateIsere.DataAccess.KarateIsereContext|-- Executing at 30/11/2014 23:49:28 +01:00

2014-11-30 23:49:28.7840|TRACE|KarateIsere.DataAccess.KarateIsereContext|-- Completed in 31 ms with result: SqlDataReader

2014-11-30 23:49:28.7890|TRACE|KarateIsere.DataAccess.KarateIsereContext|

2014-11-30 23:49:28.7890|TRACE|KarateIsere.DataAccess.KarateIsereContext|Closed connection at 30/11/2014 23:49:28 +01:00

2014-11-30 23:49:28.7890|TRACE|KarateIsere.DataAccess.KarateIsereContext|Opened connection at 30/11/2014 23:49:28 +01:00

2014-11-30 23:49:28.8035|TRACE|KarateIsere.DataAccess.KarateIsereContext|SELECT TOP (1) 
    [Project1].[C1] AS [C1], 
    [Project1].[MigrationId] AS [MigrationId], 
    [Project1].[Model] AS [Model], 
    [Project1].[ProductVersion] AS [ProductVersion]
    FROM ( SELECT 
        [Extent1].[MigrationId] AS [MigrationId], 
        [Extent1].[Model] AS [Model], 
        [Extent1].[ProductVersion] AS [ProductVersion], 
        1 AS [C1]
        FROM [dbo].[__MigrationHistory] AS [Extent1]
        WHERE [Extent1].[ContextKey] = @p__linq__0
    )  AS [Project1]
    ORDER BY [Project1].[MigrationId] DESC
2014-11-30 23:49:28.8035|TRACE|KarateIsere.DataAccess.KarateIsereContext|

2014-11-30 23:49:28.8035|TRACE|KarateIsere.DataAccess.KarateIsereContext|-- p__linq__0: 'KarateIsere.DataAccess.KarateIsereContext' (Type = String, Size = 4000)

2014-11-30 23:49:28.8200|TRACE|KarateIsere.DataAccess.KarateIsereContext|-- Executing at 30/11/2014 23:49:28 +01:00

2014-11-30 23:49:28.8630|TRACE|KarateIsere.DataAccess.KarateIsereContext|-- Completed in 38 ms with result: SqlDataReader

2014-11-30 23:49:28.8680|TRACE|KarateIsere.DataAccess.KarateIsereContext|

2014-11-30 23:49:28.8680|TRACE|KarateIsere.DataAccess.KarateIsereContext|Closed connection at 30/11/2014 23:49:28 +01:00

2014-11-30 23:49:29.6871|TRACE|KarateIsere.DataAccess.KarateIsereContext|Opened connection at 30/11/2014 23:49:29 +01:00

2014-11-30 23:49:29.9887|TRACE|KarateIsere.DataAccess.KarateIsereContext|SELECT 
    [Project2].[C1] AS [C1], 
    [Project2].[NumAffiliation] AS [NumAffiliation], 
    [Project2].[NomClub] AS [NomClub], 
    [Project2].[Correspondant] AS [Correspondant], 
    [Project2].[Telephone] AS [Telephone], 
    [Project2].[Adr_Administrative] AS [Adr_Administrative], 
    [Project2].[Adr_Dojo] AS [Adr_Dojo], 
    [Project2].[Code_Postal] AS [Code_Postal], 
    [Project2].[Ville] AS [Ville], 
    [Project2].[Site_Web] AS [Site_Web], 
    [Project2].[Facebook] AS [Facebook], 
    [Project2].[President_Tel] AS [President_Tel], 
    [Project2].[President_Nom] AS [President_Nom], 
    [Project2].[President_Prenom] AS [President_Prenom], 
    [Project2].[President_Email] AS [President_Email], 
    [Project2].[President_Mobile] AS [President_Mobile], 
    [Project2].[Tresorier_Tel] AS [Tresorier_Tel], 
    [Project2].[Tresorier_Nom] AS [Tresorier_Nom], 
    [Project2].[Tresorier_Prenom] AS [Tresorier_Prenom], 
    [Project2].[Tresorier_Email] AS [Tresorier_Email], 
    [Project2].[Tresorier_Mobile] AS [Tresorier_Mobile], 
    [Project2].[Secretaire_Tel] AS [Secretaire_Tel], 
    [Project2].[Secretaire_Nom] AS [Secretaire_Nom], 
    [Project2].[Secretaire_Prenom] AS [Secretaire_Prenom], 
    [Project2].[Secretaire_Email] AS [Secretaire_Email], 
    [Project2].[Secretaire_Mobile] AS [Secretaire_Mobile], 
    [Project2].[ArtMartialName] AS [ArtMartialName], 
    [Project2].[Longitude] AS [Longitude], 
    [Project2].[Latitude] AS [Latitude], 
    [Project2].[C2] AS [C2], 
    [Project2].[NumLicence] AS [NumLicence], 
    [Project2].[Nom] AS [Nom], 
    [Project2].[Prenom] AS [Prenom], 
    [Project2].[CategorieName] AS [CategorieName], 
    [Project2].[Poids] AS [Poids], 
    [Project2].[isHomme] AS [isHomme], 
    [Project2].[NumAffiliationClub] AS [NumAffiliationClub]
    FROM ( SELECT 
        [Limit1].[NumAffiliation] AS [NumAffiliation], 
        [Limit1].[NomClub] AS [NomClub], 
        [Limit1].[Correspondant] AS [Correspondant], 
        [Limit1].[Telephone] AS [Telephone], 
        [Limit1].[Adr_Administrative] AS [Adr_Administrative], 
        [Limit1].[Adr_Dojo] AS [Adr_Dojo], 
        [Limit1].[Code_Postal] AS [Code_Postal], 
        [Limit1].[Ville] AS [Ville], 
        [Limit1].[Site_Web] AS [Site_Web], 
        [Limit1].[Facebook] AS [Facebook], 
        [Limit1].[President_Tel] AS [President_Tel], 
        [Limit1].[President_Nom] AS [President_Nom], 
        [Limit1].[President_Prenom] AS [President_Prenom], 
        [Limit1].[President_Email] AS [President_Email], 
        [Limit1].[President_Mobile] AS [President_Mobile], 
        [Limit1].[Tresorier_Tel] AS [Tresorier_Tel], 
        [Limit1].[Tresorier_Nom] AS [Tresorier_Nom], 
        [Limit1].[Tresorier_Prenom] AS [Tresorier_Prenom], 
        [Limit1].[Tresorier_Email] AS [Tresorier_Email], 
        [Limit1].[Tresorier_Mobile] AS [Tresorier_Mobile], 
        [Limit1].[Secretaire_Tel] AS [Secretaire_Tel], 
        [Limit1].[Secretaire_Nom] AS [Secretaire_Nom], 
        [Limit1].[Secretaire_Prenom] AS [Secretaire_Prenom], 
        [Limit1].[Secretaire_Email] AS [Secretaire_Email], 
        [Limit1].[Secretaire_Mobile] AS [Secretaire_Mobile], 
        [Limit1].[ArtMartialName] AS [ArtMartialName], 
        [Limit1].[Longitude] AS [Longitude], 
        [Limit1].[Latitude] AS [Latitude], 
        [Limit1].[C1] AS [C1], 
        [Extent2].[NumLicence] AS [NumLicence], 
        [Extent2].[Nom] AS [Nom], 
        [Extent2].[Prenom] AS [Prenom], 
        [Extent2].[CategorieName] AS [CategorieName], 
        [Extent2].[Poids] AS [Poids], 
        [Extent2].[isHomme] AS [isHomme], 
        [Extent2].[NumAffiliationClub] AS [NumAffiliationClub], 
        CASE WHEN ([Extent2].[NumLicence] IS NULL) THEN CAST(NULL AS int) ELSE 1 END AS [C2]
        FROM   (SELECT TOP (2) 
            [Extent1].[NumAffiliation] AS [NumAffiliation], 
            [Extent1].[NomClub] AS [NomClub], 
            [Extent1].[Correspondant] AS [Correspondant], 
            [Extent1].[Telephone] AS [Telephone], 
            [Extent1].[Adr_Administrative] AS [Adr_Administrative], 
            [Extent1].[Adr_Dojo] AS [Adr_Dojo], 
            [Extent1].[Code_Postal] AS [Code_Postal], 
            [Extent1].[Ville] AS [Ville], 
            [Extent1].[Site_Web] AS [Site_Web], 
            [Extent1].[Facebook] AS [Facebook], 
            [Extent1].[President_Tel] AS [President_Tel], 
            [Extent1].[President_Nom] AS [President_Nom], 
            [Extent1].[President_Prenom] AS [President_Prenom], 
            [Extent1].[President_Email] AS [President_Email], 
            [Extent1].[President_Mobile] AS [President_Mobile], 
            [Extent1].[Tresorier_Tel] AS [Tresorier_Tel], 
            [Extent1].[Tresorier_Nom] AS [Tresorier_Nom], 
            [Extent1].[Tresorier_Prenom] AS [Tresorier_Prenom], 
            [Extent1].[Tresorier_Email] AS [Tresorier_Email], 
            [Extent1].[Tresorier_Mobile] AS [Tresorier_Mobile], 
            [Extent1].[Secretaire_Tel] AS [Secretaire_Tel], 
            [Extent1].[Secretaire_Nom] AS [Secretaire_Nom], 
            [Extent1].[Secretaire_Prenom] AS [Secretaire_Prenom], 
            [Extent1].[Secretaire_Email] AS [Secretaire_Email], 
            [Extent1].[Secretaire_Mobile] AS [Secretaire_Mobile], 
            [Extent1].[ArtMartialName] AS [ArtMartialName], 
            [Extent1].[Longitude] AS [Longitude], 
            [Extent1].[Latitude] AS [Latitude], 
            1 AS [C1]
            FROM [dbo].[Club] AS [Extent1]
            WHERE [Extent1].[NumAffiliation] = @p__linq__0 ) AS [Limit1]
        LEFT OUTER JOIN [dbo].[Competiteur] AS [Extent2] ON [Limit1].[NumAffiliation] = [Extent2].[NumAffiliationClub]
    )  AS [Project2]
    ORDER BY [Project2].[NumAffiliation] ASC, [Project2].[C2] ASC
2014-11-30 23:49:29.9887|TRACE|KarateIsere.DataAccess.KarateIsereContext|

2014-11-30 23:49:29.9887|TRACE|KarateIsere.DataAccess.KarateIsereContext|-- p__linq__0: '123456' (Type = AnsiString, Size = 8000)

2014-11-30 23:49:29.9887|TRACE|KarateIsere.DataAccess.KarateIsereContext|-- Executing at 30/11/2014 23:49:30 +01:00

2014-11-30 23:49:30.2397|TRACE|KarateIsere.DataAccess.KarateIsereContext|-- Failed in 233 ms with error: Invalid column name 'Nom'.

2014-11-30 23:49:30.2397|TRACE|KarateIsere.DataAccess.KarateIsereContext|

2014-11-30 23:49:30.4217|TRACE|KarateIsere.DataAccess.KarateIsereContext|Closed connection at 30/11/2014 23:49:30 +01:00

2014-11-30 23:51:35.4171|TRACE|KarateIsere.DataAccess.KarateIsereContext|Opened connection at 30/11/2014 23:51:35 +01:00

2014-11-30 23:51:35.4171|TRACE|KarateIsere.DataAccess.KarateIsereContext|SELECT 
    [Project2].[C1] AS [C1], 
    [Project2].[NumAffiliation] AS [NumAffiliation], 
    [Project2].[NomClub] AS [NomClub], 
    [Project2].[Correspondant] AS [Correspondant], 
    [Project2].[Telephone] AS [Telephone], 
    [Project2].[Adr_Administrative] AS [Adr_Administrative], 
    [Project2].[Adr_Dojo] AS [Adr_Dojo], 
    [Project2].[Code_Postal] AS [Code_Postal], 
    [Project2].[Ville] AS [Ville], 
    [Project2].[Site_Web] AS [Site_Web], 
    [Project2].[Facebook] AS [Facebook], 
    [Project2].[President_Tel] AS [President_Tel], 
    [Project2].[President_Nom] AS [President_Nom], 
    [Project2].[President_Prenom] AS [President_Prenom], 
    [Project2].[President_Email] AS [President_Email], 
    [Project2].[President_Mobile] AS [President_Mobile], 
    [Project2].[Tresorier_Tel] AS [Tresorier_Tel], 
    [Project2].[Tresorier_Nom] AS [Tresorier_Nom], 
    [Project2].[Tresorier_Prenom] AS [Tresorier_Prenom], 
    [Project2].[Tresorier_Email] AS [Tresorier_Email], 
    [Project2].[Tresorier_Mobile] AS [Tresorier_Mobile], 
    [Project2].[Secretaire_Tel] AS [Secretaire_Tel], 
    [Project2].[Secretaire_Nom] AS [Secretaire_Nom], 
    [Project2].[Secretaire_Prenom] AS [Secretaire_Prenom], 
    [Project2].[Secretaire_Email] AS [Secretaire_Email], 
    [Project2].[Secretaire_Mobile] AS [Secretaire_Mobile], 
    [Project2].[ArtMartialName] AS [ArtMartialName], 
    [Project2].[Longitude] AS [Longitude], 
    [Project2].[Latitude] AS [Latitude], 
    [Project2].[C2] AS [C2], 
    [Project2].[NumLicence] AS [NumLicence], 
    [Project2].[Nom] AS [Nom], 
    [Project2].[Prenom] AS [Prenom], 
    [Project2].[CategorieName] AS [CategorieName], 
    [Project2].[Poids] AS [Poids], 
    [Project2].[isHomme] AS [isHomme], 
    [Project2].[NumAffiliationClub] AS [NumAffiliationClub]
    FROM ( SELECT 
        [Limit1].[NumAffiliation] AS [NumAffiliation], 
        [Limit1].[NomClub] AS [NomClub], 
        [Limit1].[Correspondant] AS [Correspondant], 
        [Limit1].[Telephone] AS [Telephone], 
        [Limit1].[Adr_Administrative] AS [Adr_Administrative], 
        [Limit1].[Adr_Dojo] AS [Adr_Dojo], 
        [Limit1].[Code_Postal] AS [Code_Postal], 
        [Limit1].[Ville] AS [Ville], 
        [Limit1].[Site_Web] AS [Site_Web], 
        [Limit1].[Facebook] AS [Facebook], 
        [Limit1].[President_Tel] AS [President_Tel], 
        [Limit1].[President_Nom] AS [President_Nom], 
        [Limit1].[President_Prenom] AS [President_Prenom], 
        [Limit1].[President_Email] AS [President_Email], 
        [Limit1].[President_Mobile] AS [President_Mobile], 
        [Limit1].[Tresorier_Tel] AS [Tresorier_Tel], 
        [Limit1].[Tresorier_Nom] AS [Tresorier_Nom], 
        [Limit1].[Tresorier_Prenom] AS [Tresorier_Prenom], 
        [Limit1].[Tresorier_Email] AS [Tresorier_Email], 
        [Limit1].[Tresorier_Mobile] AS [Tresorier_Mobile], 
        [Limit1].[Secretaire_Tel] AS [Secretaire_Tel], 
        [Limit1].[Secretaire_Nom] AS [Secretaire_Nom], 
        [Limit1].[Secretaire_Prenom] AS [Secretaire_Prenom], 
        [Limit1].[Secretaire_Email] AS [Secretaire_Email], 
        [Limit1].[Secretaire_Mobile] AS [Secretaire_Mobile], 
        [Limit1].[ArtMartialName] AS [ArtMartialName], 
        [Limit1].[Longitude] AS [Longitude], 
        [Limit1].[Latitude] AS [Latitude], 
        [Limit1].[C1] AS [C1], 
        [Extent2].[NumLicence] AS [NumLicence], 
        [Extent2].[Nom] AS [Nom], 
        [Extent2].[Prenom] AS [Prenom], 
        [Extent2].[CategorieName] AS [CategorieName], 
        [Extent2].[Poids] AS [Poids], 
        [Extent2].[isHomme] AS [isHomme], 
        [Extent2].[NumAffiliationClub] AS [NumAffiliationClub], 
        CASE WHEN ([Extent2].[NumLicence] IS NULL) THEN CAST(NULL AS int) ELSE 1 END AS [C2]
        FROM   (SELECT TOP (2) 
            [Extent1].[NumAffiliation] AS [NumAffiliation], 
            [Extent1].[NomClub] AS [NomClub], 
            [Extent1].[Correspondant] AS [Correspondant], 
            [Extent1].[Telephone] AS [Telephone], 
            [Extent1].[Adr_Administrative] AS [Adr_Administrative], 
            [Extent1].[Adr_Dojo] AS [Adr_Dojo], 
            [Extent1].[Code_Postal] AS [Code_Postal], 
            [Extent1].[Ville] AS [Ville], 
            [Extent1].[Site_Web] AS [Site_Web], 
            [Extent1].[Facebook] AS [Facebook], 
            [Extent1].[President_Tel] AS [President_Tel], 
            [Extent1].[President_Nom] AS [President_Nom], 
            [Extent1].[President_Prenom] AS [President_Prenom], 
            [Extent1].[President_Email] AS [President_Email], 
            [Extent1].[President_Mobile] AS [President_Mobile], 
            [Extent1].[Tresorier_Tel] AS [Tresorier_Tel], 
            [Extent1].[Tresorier_Nom] AS [Tresorier_Nom], 
            [Extent1].[Tresorier_Prenom] AS [Tresorier_Prenom], 
            [Extent1].[Tresorier_Email] AS [Tresorier_Email], 
            [Extent1].[Tresorier_Mobile] AS [Tresorier_Mobile], 
            [Extent1].[Secretaire_Tel] AS [Secretaire_Tel], 
            [Extent1].[Secretaire_Nom] AS [Secretaire_Nom], 
            [Extent1].[Secretaire_Prenom] AS [Secretaire_Prenom], 
            [Extent1].[Secretaire_Email] AS [Secretaire_Email], 
            [Extent1].[Secretaire_Mobile] AS [Secretaire_Mobile], 
            [Extent1].[ArtMartialName] AS [ArtMartialName], 
            [Extent1].[Longitude] AS [Longitude], 
            [Extent1].[Latitude] AS [Latitude], 
            1 AS [C1]
            FROM [dbo].[Club] AS [Extent1]
            WHERE [Extent1].[NumAffiliation] = @p__linq__0 ) AS [Limit1]
        LEFT OUTER JOIN [dbo].[Competiteur] AS [Extent2] ON [Limit1].[NumAffiliation] = [Extent2].[NumAffiliationClub]
    )  AS [Project2]
    ORDER BY [Project2].[NumAffiliation] ASC, [Project2].[C2] ASC
2014-11-30 23:51:35.4171|TRACE|KarateIsere.DataAccess.KarateIsereContext|

2014-11-30 23:51:35.4306|TRACE|KarateIsere.DataAccess.KarateIsereContext|-- p__linq__0: '123456' (Type = AnsiString, Size = 8000)

2014-11-30 23:51:35.4306|TRACE|KarateIsere.DataAccess.KarateIsereContext|-- Executing at 30/11/2014 23:51:35 +01:00

2014-11-30 23:51:35.4706|TRACE|KarateIsere.DataAccess.KarateIsereContext|-- Completed in 31 ms with result: SqlDataReader

2014-11-30 23:51:35.4706|TRACE|KarateIsere.DataAccess.KarateIsereContext|

2014-11-30 23:51:35.5186|TRACE|KarateIsere.DataAccess.KarateIsereContext|Closed connection at 30/11/2014 23:51:35 +01:00

2014-11-30 23:51:50.5035|TRACE|KarateIsere.DataAccess.Tool.Mapper|Map parameters
2014-11-30 23:51:50.5035|TRACE|KarateIsere.DataAccess.Tool.Mapper|Destination object :KarateIsere.Models.ClubViewModel
2014-11-30 23:51:50.5035|TRACE|KarateIsere.DataAccess.Tool.Mapper|Source object : KarateIsere.DataAccess.Club
2014-11-30 23:51:50.5175|TRACE|KarateIsere.DataAccess.Tool.Mapper|FirstCommonType parameters
2014-11-30 23:51:50.5175|TRACE|KarateIsere.DataAccess.Tool.Mapper|Source type :KarateIsere.DataAccess.Club
2014-11-30 23:51:50.5175|TRACE|KarateIsere.DataAccess.Tool.Mapper|Destination type :KarateIsere.Models.ClubViewModel
2014-11-30 23:51:50.5305|TRACE|KarateIsere.DataAccess.Tool.Mapper|Map parameters
2014-11-30 23:51:50.5305|TRACE|KarateIsere.DataAccess.Tool.Mapper|Destination object :KarateIsere.Models.ClubViewModel
2014-11-30 23:51:50.5305|TRACE|KarateIsere.DataAccess.Tool.Mapper|Source object : KarateIsere.DataAccess.Club
2014-11-30 23:51:50.5305|TRACE|KarateIsere.DataAccess.Tool.Mapper|Common type :KarateIsere.DataAccess.Club
2014-11-30 23:52:16.5208|TRACE|KarateIsere.DataAccess.KarateIsereContext|Opened connection at 30/11/2014 23:52:16 +01:00

2014-11-30 23:52:16.5358|TRACE|KarateIsere.DataAccess.KarateIsereContext|SELECT 
    [Extent1].[Name] AS [Name]
    FROM [dbo].[Art_Martial] AS [Extent1]
2014-11-30 23:52:16.5358|TRACE|KarateIsere.DataAccess.KarateIsereContext|

2014-11-30 23:52:16.5358|TRACE|KarateIsere.DataAccess.KarateIsereContext|-- Executing at 30/11/2014 23:52:16 +01:00

2014-11-30 23:52:16.5928|TRACE|KarateIsere.DataAccess.KarateIsereContext|-- Completed in 45 ms with result: SqlDataReader

2014-11-30 23:52:16.5978|TRACE|KarateIsere.DataAccess.KarateIsereContext|

2014-11-30 23:52:16.5978|TRACE|KarateIsere.DataAccess.KarateIsereContext|Closed connection at 30/11/2014 23:52:16 +01:00

2014-11-30 23:53:17.0630|TRACE|KarateIsere.DataAccess.KarateIsereContext|Opened connection at 30/11/2014 23:53:17 +01:00

2014-11-30 23:53:17.0800|TRACE|KarateIsere.DataAccess.KarateIsereContext|
SELECT Count(*)
FROM INFORMATION_SCHEMA.TABLES AS t
WHERE t.TABLE_SCHEMA + '.' + t.TABLE_NAME IN ('dbo.Adherents','dbo.Admin','dbo.Art_Martial','dbo.Categorie','dbo.Competiteur','dbo.Club','dbo.ListeCompetiteur','dbo.Professeurs','dbo.Competition','dbo.Inscriptions','dbo.Creneaux','dbo.Club_Professeur','dbo.CompetitionCategories')
    OR t.TABLE_NAME = 'EdmMetadata'
2014-11-30 23:53:17.0950|TRACE|KarateIsere.DataAccess.KarateIsereContext|

2014-11-30 23:53:17.0950|TRACE|KarateIsere.DataAccess.KarateIsereContext|-- Executing at 30/11/2014 23:53:17 +01:00

2014-11-30 23:53:17.1315|TRACE|KarateIsere.DataAccess.KarateIsereContext|-- Completed in 25 ms with result: 9

2014-11-30 23:53:17.1315|TRACE|KarateIsere.DataAccess.KarateIsereContext|

2014-11-30 23:53:17.1405|TRACE|KarateIsere.DataAccess.KarateIsereContext|Closed connection at 30/11/2014 23:53:17 +01:00

2014-11-30 23:53:17.1405|TRACE|KarateIsere.DataAccess.KarateIsereContext|Opened connection at 30/11/2014 23:53:17 +01:00

2014-11-30 23:53:17.1405|TRACE|KarateIsere.DataAccess.KarateIsereContext|SELECT 
    [GroupBy1].[A1] AS [C1]
    FROM ( SELECT 
        COUNT(1) AS [A1]
        FROM [dbo].[__MigrationHistory] AS [Extent1]
        WHERE [Extent1].[ContextKey] = @p__linq__0
    )  AS [GroupBy1]
2014-11-30 23:53:17.1585|TRACE|KarateIsere.DataAccess.KarateIsereContext|

2014-11-30 23:53:17.1585|TRACE|KarateIsere.DataAccess.KarateIsereContext|-- p__linq__0: 'KarateIsere.DataAccess.KarateIsereContext' (Type = String, Size = 4000)

2014-11-30 23:53:17.1585|TRACE|KarateIsere.DataAccess.KarateIsereContext|-- Executing at 30/11/2014 23:53:17 +01:00

2014-11-30 23:53:17.2050|TRACE|KarateIsere.DataAccess.KarateIsereContext|-- Completed in 31 ms with result: SqlDataReader

2014-11-30 23:53:17.2050|TRACE|KarateIsere.DataAccess.KarateIsereContext|

2014-11-30 23:53:17.2050|TRACE|KarateIsere.DataAccess.KarateIsereContext|Closed connection at 30/11/2014 23:53:17 +01:00

2014-11-30 23:53:17.2185|TRACE|KarateIsere.DataAccess.KarateIsereContext|Opened connection at 30/11/2014 23:53:17 +01:00

2014-11-30 23:53:17.2185|TRACE|KarateIsere.DataAccess.KarateIsereContext|SELECT TOP (1) 
    [Project1].[C1] AS [C1], 
    [Project1].[MigrationId] AS [MigrationId], 
    [Project1].[Model] AS [Model], 
    [Project1].[ProductVersion] AS [ProductVersion]
    FROM ( SELECT 
        [Extent1].[MigrationId] AS [MigrationId], 
        [Extent1].[Model] AS [Model], 
        [Extent1].[ProductVersion] AS [ProductVersion], 
        1 AS [C1]
        FROM [dbo].[__MigrationHistory] AS [Extent1]
        WHERE [Extent1].[ContextKey] = @p__linq__0
    )  AS [Project1]
    ORDER BY [Project1].[MigrationId] DESC
2014-11-30 23:53:17.2185|TRACE|KarateIsere.DataAccess.KarateIsereContext|

2014-11-30 23:53:17.2185|TRACE|KarateIsere.DataAccess.KarateIsereContext|-- p__linq__0: 'KarateIsere.DataAccess.KarateIsereContext' (Type = String, Size = 4000)

2014-11-30 23:53:17.2370|TRACE|KarateIsere.DataAccess.KarateIsereContext|-- Executing at 30/11/2014 23:53:17 +01:00

2014-11-30 23:53:17.2715|TRACE|KarateIsere.DataAccess.KarateIsereContext|-- Completed in 30 ms with result: SqlDataReader

2014-11-30 23:53:17.2715|TRACE|KarateIsere.DataAccess.KarateIsereContext|

2014-11-30 23:53:17.2715|TRACE|KarateIsere.DataAccess.KarateIsereContext|Closed connection at 30/11/2014 23:53:17 +01:00

2014-11-30 23:53:18.0181|TRACE|KarateIsere.DataAccess.KarateIsereContext|Opened connection at 30/11/2014 23:53:18 +01:00

2014-11-30 23:53:18.2537|TRACE|KarateIsere.DataAccess.KarateIsereContext|SELECT 
    [Project2].[C1] AS [C1], 
    [Project2].[NumAffiliation] AS [NumAffiliation], 
    [Project2].[NomClub] AS [NomClub], 
    [Project2].[Correspondant] AS [Correspondant], 
    [Project2].[Telephone] AS [Telephone], 
    [Project2].[Adr_Administrative] AS [Adr_Administrative], 
    [Project2].[Adr_Dojo] AS [Adr_Dojo], 
    [Project2].[Code_Postal] AS [Code_Postal], 
    [Project2].[Ville] AS [Ville], 
    [Project2].[Site_Web] AS [Site_Web], 
    [Project2].[Facebook] AS [Facebook], 
    [Project2].[President_Tel] AS [President_Tel], 
    [Project2].[President_Nom] AS [President_Nom], 
    [Project2].[President_Prenom] AS [President_Prenom], 
    [Project2].[President_Email] AS [President_Email], 
    [Project2].[President_Mobile] AS [President_Mobile], 
    [Project2].[Tresorier_Tel] AS [Tresorier_Tel], 
    [Project2].[Tresorier_Nom] AS [Tresorier_Nom], 
    [Project2].[Tresorier_Prenom] AS [Tresorier_Prenom], 
    [Project2].[Tresorier_Email] AS [Tresorier_Email], 
    [Project2].[Tresorier_Mobile] AS [Tresorier_Mobile], 
    [Project2].[Secretaire_Tel] AS [Secretaire_Tel], 
    [Project2].[Secretaire_Nom] AS [Secretaire_Nom], 
    [Project2].[Secretaire_Prenom] AS [Secretaire_Prenom], 
    [Project2].[Secretaire_Email] AS [Secretaire_Email], 
    [Project2].[Secretaire_Mobile] AS [Secretaire_Mobile], 
    [Project2].[ArtMartialName] AS [ArtMartialName], 
    [Project2].[Longitude] AS [Longitude], 
    [Project2].[Latitude] AS [Latitude], 
    [Project2].[C2] AS [C2], 
    [Project2].[NumLicence] AS [NumLicence], 
    [Project2].[Nom] AS [Nom], 
    [Project2].[Prenom] AS [Prenom], 
    [Project2].[CategorieName] AS [CategorieName], 
    [Project2].[Poids] AS [Poids], 
    [Project2].[isHomme] AS [isHomme], 
    [Project2].[NumAffiliationClub] AS [NumAffiliationClub]
    FROM ( SELECT 
        [Limit1].[NumAffiliation] AS [NumAffiliation], 
        [Limit1].[NomClub] AS [NomClub], 
        [Limit1].[Correspondant] AS [Correspondant], 
        [Limit1].[Telephone] AS [Telephone], 
        [Limit1].[Adr_Administrative] AS [Adr_Administrative], 
        [Limit1].[Adr_Dojo] AS [Adr_Dojo], 
        [Limit1].[Code_Postal] AS [Code_Postal], 
        [Limit1].[Ville] AS [Ville], 
        [Limit1].[Site_Web] AS [Site_Web], 
        [Limit1].[Facebook] AS [Facebook], 
        [Limit1].[President_Tel] AS [President_Tel], 
        [Limit1].[President_Nom] AS [President_Nom], 
        [Limit1].[President_Prenom] AS [President_Prenom], 
        [Limit1].[President_Email] AS [President_Email], 
        [Limit1].[President_Mobile] AS [President_Mobile], 
        [Limit1].[Tresorier_Tel] AS [Tresorier_Tel], 
        [Limit1].[Tresorier_Nom] AS [Tresorier_Nom], 
        [Limit1].[Tresorier_Prenom] AS [Tresorier_Prenom], 
        [Limit1].[Tresorier_Email] AS [Tresorier_Email], 
        [Limit1].[Tresorier_Mobile] AS [Tresorier_Mobile], 
        [Limit1].[Secretaire_Tel] AS [Secretaire_Tel], 
        [Limit1].[Secretaire_Nom] AS [Secretaire_Nom], 
        [Limit1].[Secretaire_Prenom] AS [Secretaire_Prenom], 
        [Limit1].[Secretaire_Email] AS [Secretaire_Email], 
        [Limit1].[Secretaire_Mobile] AS [Secretaire_Mobile], 
        [Limit1].[ArtMartialName] AS [ArtMartialName], 
        [Limit1].[Longitude] AS [Longitude], 
        [Limit1].[Latitude] AS [Latitude], 
        [Limit1].[C1] AS [C1], 
        [Extent2].[NumLicence] AS [NumLicence], 
        [Extent2].[Nom] AS [Nom], 
        [Extent2].[Prenom] AS [Prenom], 
        [Extent2].[CategorieName] AS [CategorieName], 
        [Extent2].[Poids] AS [Poids], 
        [Extent2].[isHomme] AS [isHomme], 
        [Extent2].[NumAffiliationClub] AS [NumAffiliationClub], 
        CASE WHEN ([Extent2].[NumLicence] IS NULL) THEN CAST(NULL AS int) ELSE 1 END AS [C2]
        FROM   (SELECT TOP (2) 
            [Extent1].[NumAffiliation] AS [NumAffiliation], 
            [Extent1].[NomClub] AS [NomClub], 
            [Extent1].[Correspondant] AS [Correspondant], 
            [Extent1].[Telephone] AS [Telephone], 
            [Extent1].[Adr_Administrative] AS [Adr_Administrative], 
            [Extent1].[Adr_Dojo] AS [Adr_Dojo], 
            [Extent1].[Code_Postal] AS [Code_Postal], 
            [Extent1].[Ville] AS [Ville], 
            [Extent1].[Site_Web] AS [Site_Web], 
            [Extent1].[Facebook] AS [Facebook], 
            [Extent1].[President_Tel] AS [President_Tel], 
            [Extent1].[President_Nom] AS [President_Nom], 
            [Extent1].[President_Prenom] AS [President_Prenom], 
            [Extent1].[President_Email] AS [President_Email], 
            [Extent1].[President_Mobile] AS [President_Mobile], 
            [Extent1].[Tresorier_Tel] AS [Tresorier_Tel], 
            [Extent1].[Tresorier_Nom] AS [Tresorier_Nom], 
            [Extent1].[Tresorier_Prenom] AS [Tresorier_Prenom], 
            [Extent1].[Tresorier_Email] AS [Tresorier_Email], 
            [Extent1].[Tresorier_Mobile] AS [Tresorier_Mobile], 
            [Extent1].[Secretaire_Tel] AS [Secretaire_Tel], 
            [Extent1].[Secretaire_Nom] AS [Secretaire_Nom], 
            [Extent1].[Secretaire_Prenom] AS [Secretaire_Prenom], 
            [Extent1].[Secretaire_Email] AS [Secretaire_Email], 
            [Extent1].[Secretaire_Mobile] AS [Secretaire_Mobile], 
            [Extent1].[ArtMartialName] AS [ArtMartialName], 
            [Extent1].[Longitude] AS [Longitude], 
            [Extent1].[Latitude] AS [Latitude], 
            1 AS [C1]
            FROM [dbo].[Club] AS [Extent1]
            WHERE [Extent1].[NumAffiliation] = @p__linq__0 ) AS [Limit1]
        LEFT OUTER JOIN [dbo].[Competiteur] AS [Extent2] ON [Limit1].[NumAffiliation] = [Extent2].[NumAffiliationClub]
    )  AS [Project2]
    ORDER BY [Project2].[NumAffiliation] ASC, [Project2].[C2] ASC
2014-11-30 23:53:18.2537|TRACE|KarateIsere.DataAccess.KarateIsereContext|

2014-11-30 23:53:18.2537|TRACE|KarateIsere.DataAccess.KarateIsereContext|-- p__linq__0: '123456' (Type = AnsiString, Size = 8000)

2014-11-30 23:53:18.2667|TRACE|KarateIsere.DataAccess.KarateIsereContext|-- Executing at 30/11/2014 23:53:18 +01:00

2014-11-30 23:53:18.3002|TRACE|KarateIsere.DataAccess.KarateIsereContext|-- Completed in 29 ms with result: SqlDataReader

2014-11-30 23:53:18.3002|TRACE|KarateIsere.DataAccess.KarateIsereContext|

2014-11-30 23:53:18.3477|TRACE|KarateIsere.DataAccess.KarateIsereContext|Closed connection at 30/11/2014 23:53:18 +01:00

2014-11-30 23:54:49.4947|TRACE|KarateIsere.DataAccess.KarateIsereContext|Opened connection at 30/11/2014 23:54:49 +01:00

2014-11-30 23:54:49.5112|TRACE|KarateIsere.DataAccess.KarateIsereContext|
SELECT Count(*)
FROM INFORMATION_SCHEMA.TABLES AS t
WHERE t.TABLE_SCHEMA + '.' + t.TABLE_NAME IN ('dbo.Adherents','dbo.Admin','dbo.Art_Martial','dbo.Categorie','dbo.Competiteur','dbo.Club','dbo.ListeCompetiteur','dbo.Professeurs','dbo.Competition','dbo.Inscriptions','dbo.Creneaux','dbo.Club_Professeur','dbo.CompetitionCategories')
    OR t.TABLE_NAME = 'EdmMetadata'
2014-11-30 23:54:49.5267|TRACE|KarateIsere.DataAccess.KarateIsereContext|

2014-11-30 23:54:49.5267|TRACE|KarateIsere.DataAccess.KarateIsereContext|-- Executing at 30/11/2014 23:54:49 +01:00

2014-11-30 23:54:49.5632|TRACE|KarateIsere.DataAccess.KarateIsereContext|-- Completed in 25 ms with result: 9

2014-11-30 23:54:49.5632|TRACE|KarateIsere.DataAccess.KarateIsereContext|

2014-11-30 23:54:49.5717|TRACE|KarateIsere.DataAccess.KarateIsereContext|Closed connection at 30/11/2014 23:54:49 +01:00

2014-11-30 23:54:49.5717|TRACE|KarateIsere.DataAccess.KarateIsereContext|Opened connection at 30/11/2014 23:54:49 +01:00

2014-11-30 23:54:49.5717|TRACE|KarateIsere.DataAccess.KarateIsereContext|SELECT 
    [GroupBy1].[A1] AS [C1]
    FROM ( SELECT 
        COUNT(1) AS [A1]
        FROM [dbo].[__MigrationHistory] AS [Extent1]
        WHERE [Extent1].[ContextKey] = @p__linq__0
    )  AS [GroupBy1]
2014-11-30 23:54:49.5907|TRACE|KarateIsere.DataAccess.KarateIsereContext|

2014-11-30 23:54:49.5907|TRACE|KarateIsere.DataAccess.KarateIsereContext|-- p__linq__0: 'KarateIsere.DataAccess.KarateIsereContext' (Type = String, Size = 4000)

2014-11-30 23:54:49.5907|TRACE|KarateIsere.DataAccess.KarateIsereContext|-- Executing at 30/11/2014 23:54:49 +01:00

2014-11-30 23:54:49.6363|TRACE|KarateIsere.DataAccess.KarateIsereContext|-- Completed in 31 ms with result: SqlDataReader

2014-11-30 23:54:49.6363|TRACE|KarateIsere.DataAccess.KarateIsereContext|

2014-11-30 23:54:49.6363|TRACE|KarateIsere.DataAccess.KarateIsereContext|Closed connection at 30/11/2014 23:54:49 +01:00

2014-11-30 23:54:49.6498|TRACE|KarateIsere.DataAccess.KarateIsereContext|Opened connection at 30/11/2014 23:54:49 +01:00

2014-11-30 23:54:49.6498|TRACE|KarateIsere.DataAccess.KarateIsereContext|SELECT TOP (1) 
    [Project1].[C1] AS [C1], 
    [Project1].[MigrationId] AS [MigrationId], 
    [Project1].[Model] AS [Model], 
    [Project1].[ProductVersion] AS [ProductVersion]
    FROM ( SELECT 
        [Extent1].[MigrationId] AS [MigrationId], 
        [Extent1].[Model] AS [Model], 
        [Extent1].[ProductVersion] AS [ProductVersion], 
        1 AS [C1]
        FROM [dbo].[__MigrationHistory] AS [Extent1]
        WHERE [Extent1].[ContextKey] = @p__linq__0
    )  AS [Project1]
    ORDER BY [Project1].[MigrationId] DESC
2014-11-30 23:54:49.6498|TRACE|KarateIsere.DataAccess.KarateIsereContext|

2014-11-30 23:54:49.6498|TRACE|KarateIsere.DataAccess.KarateIsereContext|-- p__linq__0: 'KarateIsere.DataAccess.KarateIsereContext' (Type = String, Size = 4000)

2014-11-30 23:54:49.6688|TRACE|KarateIsere.DataAccess.KarateIsereContext|-- Executing at 30/11/2014 23:54:49 +01:00

2014-11-30 23:54:49.7038|TRACE|KarateIsere.DataAccess.KarateIsereContext|-- Completed in 31 ms with result: SqlDataReader

2014-11-30 23:54:49.7038|TRACE|KarateIsere.DataAccess.KarateIsereContext|

2014-11-30 23:54:49.7123|TRACE|KarateIsere.DataAccess.KarateIsereContext|Closed connection at 30/11/2014 23:54:49 +01:00

2014-11-30 23:54:50.4159|TRACE|KarateIsere.DataAccess.KarateIsereContext|Opened connection at 30/11/2014 23:54:50 +01:00

2014-11-30 23:54:50.6499|TRACE|KarateIsere.DataAccess.KarateIsereContext|SELECT 
    [Project2].[C1] AS [C1], 
    [Project2].[NumAffiliation] AS [NumAffiliation], 
    [Project2].[NomClub] AS [NomClub], 
    [Project2].[Correspondant] AS [Correspondant], 
    [Project2].[Telephone] AS [Telephone], 
    [Project2].[Adr_Administrative] AS [Adr_Administrative], 
    [Project2].[Adr_Dojo] AS [Adr_Dojo], 
    [Project2].[Code_Postal] AS [Code_Postal], 
    [Project2].[Ville] AS [Ville], 
    [Project2].[Site_Web] AS [Site_Web], 
    [Project2].[Facebook] AS [Facebook], 
    [Project2].[President_Tel] AS [President_Tel], 
    [Project2].[President_Nom] AS [President_Nom], 
    [Project2].[President_Prenom] AS [President_Prenom], 
    [Project2].[President_Email] AS [President_Email], 
    [Project2].[President_Mobile] AS [President_Mobile], 
    [Project2].[Tresorier_Tel] AS [Tresorier_Tel], 
    [Project2].[Tresorier_Nom] AS [Tresorier_Nom], 
    [Project2].[Tresorier_Prenom] AS [Tresorier_Prenom], 
    [Project2].[Tresorier_Email] AS [Tresorier_Email], 
    [Project2].[Tresorier_Mobile] AS [Tresorier_Mobile], 
    [Project2].[Secretaire_Tel] AS [Secretaire_Tel], 
    [Project2].[Secretaire_Nom] AS [Secretaire_Nom], 
    [Project2].[Secretaire_Prenom] AS [Secretaire_Prenom], 
    [Project2].[Secretaire_Email] AS [Secretaire_Email], 
    [Project2].[Secretaire_Mobile] AS [Secretaire_Mobile], 
    [Project2].[ArtMartialName] AS [ArtMartialName], 
    [Project2].[Longitude] AS [Longitude], 
    [Project2].[Latitude] AS [Latitude], 
    [Project2].[C2] AS [C2], 
    [Project2].[NumLicence] AS [NumLicence], 
    [Project2].[Nom] AS [Nom], 
    [Project2].[Prenom] AS [Prenom], 
    [Project2].[CategorieName] AS [CategorieName], 
    [Project2].[Poids] AS [Poids], 
    [Project2].[isHomme] AS [isHomme], 
    [Project2].[NumAffiliationClub] AS [NumAffiliationClub]
    FROM ( SELECT 
        [Limit1].[NumAffiliation] AS [NumAffiliation], 
        [Limit1].[NomClub] AS [NomClub], 
        [Limit1].[Correspondant] AS [Correspondant], 
        [Limit1].[Telephone] AS [Telephone], 
        [Limit1].[Adr_Administrative] AS [Adr_Administrative], 
        [Limit1].[Adr_Dojo] AS [Adr_Dojo], 
        [Limit1].[Code_Postal] AS [Code_Postal], 
        [Limit1].[Ville] AS [Ville], 
        [Limit1].[Site_Web] AS [Site_Web], 
        [Limit1].[Facebook] AS [Facebook], 
        [Limit1].[President_Tel] AS [President_Tel], 
        [Limit1].[President_Nom] AS [President_Nom], 
        [Limit1].[President_Prenom] AS [President_Prenom], 
        [Limit1].[President_Email] AS [President_Email], 
        [Limit1].[President_Mobile] AS [President_Mobile], 
        [Limit1].[Tresorier_Tel] AS [Tresorier_Tel], 
        [Limit1].[Tresorier_Nom] AS [Tresorier_Nom], 
        [Limit1].[Tresorier_Prenom] AS [Tresorier_Prenom], 
        [Limit1].[Tresorier_Email] AS [Tresorier_Email], 
        [Limit1].[Tresorier_Mobile] AS [Tresorier_Mobile], 
        [Limit1].[Secretaire_Tel] AS [Secretaire_Tel], 
        [Limit1].[Secretaire_Nom] AS [Secretaire_Nom], 
        [Limit1].[Secretaire_Prenom] AS [Secretaire_Prenom], 
        [Limit1].[Secretaire_Email] AS [Secretaire_Email], 
        [Limit1].[Secretaire_Mobile] AS [Secretaire_Mobile], 
        [Limit1].[ArtMartialName] AS [ArtMartialName], 
        [Limit1].[Longitude] AS [Longitude], 
        [Limit1].[Latitude] AS [Latitude], 
        [Limit1].[C1] AS [C1], 
        [Extent2].[NumLicence] AS [NumLicence], 
        [Extent2].[Nom] AS [Nom], 
        [Extent2].[Prenom] AS [Prenom], 
        [Extent2].[CategorieName] AS [CategorieName], 
        [Extent2].[Poids] AS [Poids], 
        [Extent2].[isHomme] AS [isHomme], 
        [Extent2].[NumAffiliationClub] AS [NumAffiliationClub], 
        CASE WHEN ([Extent2].[NumLicence] IS NULL) THEN CAST(NULL AS int) ELSE 1 END AS [C2]
        FROM   (SELECT TOP (2) 
            [Extent1].[NumAffiliation] AS [NumAffiliation], 
            [Extent1].[NomClub] AS [NomClub], 
            [Extent1].[Correspondant] AS [Correspondant], 
            [Extent1].[Telephone] AS [Telephone], 
            [Extent1].[Adr_Administrative] AS [Adr_Administrative], 
            [Extent1].[Adr_Dojo] AS [Adr_Dojo], 
            [Extent1].[Code_Postal] AS [Code_Postal], 
            [Extent1].[Ville] AS [Ville], 
            [Extent1].[Site_Web] AS [Site_Web], 
            [Extent1].[Facebook] AS [Facebook], 
            [Extent1].[President_Tel] AS [President_Tel], 
            [Extent1].[President_Nom] AS [President_Nom], 
            [Extent1].[President_Prenom] AS [President_Prenom], 
            [Extent1].[President_Email] AS [President_Email], 
            [Extent1].[President_Mobile] AS [President_Mobile], 
            [Extent1].[Tresorier_Tel] AS [Tresorier_Tel], 
            [Extent1].[Tresorier_Nom] AS [Tresorier_Nom], 
            [Extent1].[Tresorier_Prenom] AS [Tresorier_Prenom], 
            [Extent1].[Tresorier_Email] AS [Tresorier_Email], 
            [Extent1].[Tresorier_Mobile] AS [Tresorier_Mobile], 
            [Extent1].[Secretaire_Tel] AS [Secretaire_Tel], 
            [Extent1].[Secretaire_Nom] AS [Secretaire_Nom], 
            [Extent1].[Secretaire_Prenom] AS [Secretaire_Prenom], 
            [Extent1].[Secretaire_Email] AS [Secretaire_Email], 
            [Extent1].[Secretaire_Mobile] AS [Secretaire_Mobile], 
            [Extent1].[ArtMartialName] AS [ArtMartialName], 
            [Extent1].[Longitude] AS [Longitude], 
            [Extent1].[Latitude] AS [Latitude], 
            1 AS [C1]
            FROM [dbo].[Club] AS [Extent1]
            WHERE [Extent1].[NumAffiliation] = @p__linq__0 ) AS [Limit1]
        LEFT OUTER JOIN [dbo].[Competiteur] AS [Extent2] ON [Limit1].[NumAffiliation] = [Extent2].[NumAffiliationClub]
    )  AS [Project2]
    ORDER BY [Project2].[NumAffiliation] ASC, [Project2].[C2] ASC
2014-11-30 23:54:50.6499|TRACE|KarateIsere.DataAccess.KarateIsereContext|

2014-11-30 23:54:50.6499|TRACE|KarateIsere.DataAccess.KarateIsereContext|-- p__linq__0: '123456' (Type = AnsiString, Size = 8000)

2014-11-30 23:54:50.6499|TRACE|KarateIsere.DataAccess.KarateIsereContext|-- Executing at 30/11/2014 23:54:50 +01:00

2014-11-30 23:54:50.6959|TRACE|KarateIsere.DataAccess.KarateIsereContext|-- Completed in 28 ms with result: SqlDataReader

2014-11-30 23:54:50.6959|TRACE|KarateIsere.DataAccess.KarateIsereContext|

2014-11-30 23:54:50.7439|TRACE|KarateIsere.DataAccess.KarateIsereContext|Closed connection at 30/11/2014 23:54:50 +01:00

2014-11-30 23:54:50.7439|TRACE|KarateIsere.DataAccess.Tool.Mapper|Map parameters
2014-11-30 23:54:50.7594|TRACE|KarateIsere.DataAccess.Tool.Mapper|Destination object :KarateIsere.Models.ClubViewModel
2014-11-30 23:54:50.7594|TRACE|KarateIsere.DataAccess.Tool.Mapper|Source object : KarateIsere.DataAccess.Club
2014-11-30 23:54:50.7594|TRACE|KarateIsere.DataAccess.Tool.Mapper|FirstCommonType parameters
2014-11-30 23:54:50.7724|TRACE|KarateIsere.DataAccess.Tool.Mapper|Source type :KarateIsere.DataAccess.Club
2014-11-30 23:54:50.7724|TRACE|KarateIsere.DataAccess.Tool.Mapper|Destination type :KarateIsere.Models.ClubViewModel
2014-11-30 23:54:50.7724|TRACE|KarateIsere.DataAccess.Tool.Mapper|Map parameters
2014-11-30 23:54:50.7724|TRACE|KarateIsere.DataAccess.Tool.Mapper|Destination object :KarateIsere.Models.ClubViewModel
2014-11-30 23:54:50.7899|TRACE|KarateIsere.DataAccess.Tool.Mapper|Source object : KarateIsere.DataAccess.Club
2014-11-30 23:54:50.7899|TRACE|KarateIsere.DataAccess.Tool.Mapper|Common type :KarateIsere.DataAccess.Club
2014-11-30 23:54:51.9836|TRACE|KarateIsere.DataAccess.KarateIsereContext|Opened connection at 30/11/2014 23:54:51 +01:00

2014-11-30 23:54:51.9991|TRACE|KarateIsere.DataAccess.KarateIsereContext|SELECT 
    [Extent1].[Name] AS [Name]
    FROM [dbo].[Art_Martial] AS [Extent1]
2014-11-30 23:54:51.9991|TRACE|KarateIsere.DataAccess.KarateIsereContext|

2014-11-30 23:54:52.0076|TRACE|KarateIsere.DataAccess.KarateIsereContext|-- Executing at 30/11/2014 23:54:52 +01:00

2014-11-30 23:54:52.0396|TRACE|KarateIsere.DataAccess.KarateIsereContext|-- Completed in 27 ms with result: SqlDataReader

2014-11-30 23:54:52.0396|TRACE|KarateIsere.DataAccess.KarateIsereContext|

2014-11-30 23:54:52.0396|TRACE|KarateIsere.DataAccess.KarateIsereContext|Closed connection at 30/11/2014 23:54:52 +01:00

2014-11-30 23:56:25.7920|TRACE|KarateIsere.DataAccess.Tool.Mapper|Map parameters
2014-11-30 23:56:25.7970|TRACE|KarateIsere.DataAccess.Tool.Mapper|Destination object :KarateIsere.DataAccess.Club
2014-11-30 23:56:25.7970|TRACE|KarateIsere.DataAccess.Tool.Mapper|Source object : KarateIsere.Models.ClubViewModel
2014-11-30 23:56:25.7970|TRACE|KarateIsere.DataAccess.Tool.Mapper|FirstCommonType parameters
2014-11-30 23:56:25.8100|TRACE|KarateIsere.DataAccess.Tool.Mapper|Source type :KarateIsere.Models.ClubViewModel
2014-11-30 23:56:25.8100|TRACE|KarateIsere.DataAccess.Tool.Mapper|Destination type :KarateIsere.DataAccess.Club
2014-11-30 23:56:25.8100|TRACE|KarateIsere.DataAccess.Tool.Mapper|Map parameters
2014-11-30 23:56:25.8100|TRACE|KarateIsere.DataAccess.Tool.Mapper|Destination object :KarateIsere.DataAccess.Club
2014-11-30 23:56:25.8265|TRACE|KarateIsere.DataAccess.Tool.Mapper|Source object : KarateIsere.Models.ClubViewModel
2014-11-30 23:56:25.8265|TRACE|KarateIsere.DataAccess.Tool.Mapper|Common type :KarateIsere.DataAccess.Club
2014-11-30 23:56:34.0225|TRACE|KarateIsere.DataAccess.KarateIsereContext|Opened connection at 30/11/2014 23:56:34 +01:00

2014-11-30 23:56:34.0225|TRACE|KarateIsere.DataAccess.KarateIsereContext|SELECT 
    [Project2].[C1] AS [C1], 
    [Project2].[NumAffiliation] AS [NumAffiliation], 
    [Project2].[NomClub] AS [NomClub], 
    [Project2].[Correspondant] AS [Correspondant], 
    [Project2].[Telephone] AS [Telephone], 
    [Project2].[Adr_Administrative] AS [Adr_Administrative], 
    [Project2].[Adr_Dojo] AS [Adr_Dojo], 
    [Project2].[Code_Postal] AS [Code_Postal], 
    [Project2].[Ville] AS [Ville], 
    [Project2].[Site_Web] AS [Site_Web], 
    [Project2].[Facebook] AS [Facebook], 
    [Project2].[President_Tel] AS [President_Tel], 
    [Project2].[President_Nom] AS [President_Nom], 
    [Project2].[President_Prenom] AS [President_Prenom], 
    [Project2].[President_Email] AS [President_Email], 
    [Project2].[President_Mobile] AS [President_Mobile], 
    [Project2].[Tresorier_Tel] AS [Tresorier_Tel], 
    [Project2].[Tresorier_Nom] AS [Tresorier_Nom], 
    [Project2].[Tresorier_Prenom] AS [Tresorier_Prenom], 
    [Project2].[Tresorier_Email] AS [Tresorier_Email], 
    [Project2].[Tresorier_Mobile] AS [Tresorier_Mobile], 
    [Project2].[Secretaire_Tel] AS [Secretaire_Tel], 
    [Project2].[Secretaire_Nom] AS [Secretaire_Nom], 
    [Project2].[Secretaire_Prenom] AS [Secretaire_Prenom], 
    [Project2].[Secretaire_Email] AS [Secretaire_Email], 
    [Project2].[Secretaire_Mobile] AS [Secretaire_Mobile], 
    [Project2].[ArtMartialName] AS [ArtMartialName], 
    [Project2].[Longitude] AS [Longitude], 
    [Project2].[Latitude] AS [Latitude], 
    [Project2].[C2] AS [C2], 
    [Project2].[NumLicence] AS [NumLicence], 
    [Project2].[Nom] AS [Nom], 
    [Project2].[Prenom] AS [Prenom], 
    [Project2].[CategorieName] AS [CategorieName], 
    [Project2].[Poids] AS [Poids], 
    [Project2].[isHomme] AS [isHomme], 
    [Project2].[NumAffiliationClub] AS [NumAffiliationClub]
    FROM ( SELECT 
        [Limit1].[NumAffiliation] AS [NumAffiliation], 
        [Limit1].[NomClub] AS [NomClub], 
        [Limit1].[Correspondant] AS [Correspondant], 
        [Limit1].[Telephone] AS [Telephone], 
        [Limit1].[Adr_Administrative] AS [Adr_Administrative], 
        [Limit1].[Adr_Dojo] AS [Adr_Dojo], 
        [Limit1].[Code_Postal] AS [Code_Postal], 
        [Limit1].[Ville] AS [Ville], 
        [Limit1].[Site_Web] AS [Site_Web], 
        [Limit1].[Facebook] AS [Facebook], 
        [Limit1].[President_Tel] AS [President_Tel], 
        [Limit1].[President_Nom] AS [President_Nom], 
        [Limit1].[President_Prenom] AS [President_Prenom], 
        [Limit1].[President_Email] AS [President_Email], 
        [Limit1].[President_Mobile] AS [President_Mobile], 
        [Limit1].[Tresorier_Tel] AS [Tresorier_Tel], 
        [Limit1].[Tresorier_Nom] AS [Tresorier_Nom], 
        [Limit1].[Tresorier_Prenom] AS [Tresorier_Prenom], 
        [Limit1].[Tresorier_Email] AS [Tresorier_Email], 
        [Limit1].[Tresorier_Mobile] AS [Tresorier_Mobile], 
        [Limit1].[Secretaire_Tel] AS [Secretaire_Tel], 
        [Limit1].[Secretaire_Nom] AS [Secretaire_Nom], 
        [Limit1].[Secretaire_Prenom] AS [Secretaire_Prenom], 
        [Limit1].[Secretaire_Email] AS [Secretaire_Email], 
        [Limit1].[Secretaire_Mobile] AS [Secretaire_Mobile], 
        [Limit1].[ArtMartialName] AS [ArtMartialName], 
        [Limit1].[Longitude] AS [Longitude], 
        [Limit1].[Latitude] AS [Latitude], 
        [Limit1].[C1] AS [C1], 
        [Extent2].[NumLicence] AS [NumLicence], 
        [Extent2].[Nom] AS [Nom], 
        [Extent2].[Prenom] AS [Prenom], 
        [Extent2].[CategorieName] AS [CategorieName], 
        [Extent2].[Poids] AS [Poids], 
        [Extent2].[isHomme] AS [isHomme], 
        [Extent2].[NumAffiliationClub] AS [NumAffiliationClub], 
        CASE WHEN ([Extent2].[NumLicence] IS NULL) THEN CAST(NULL AS int) ELSE 1 END AS [C2]
        FROM   (SELECT TOP (2) 
            [Extent1].[NumAffiliation] AS [NumAffiliation], 
            [Extent1].[NomClub] AS [NomClub], 
            [Extent1].[Correspondant] AS [Correspondant], 
            [Extent1].[Telephone] AS [Telephone], 
            [Extent1].[Adr_Administrative] AS [Adr_Administrative], 
            [Extent1].[Adr_Dojo] AS [Adr_Dojo], 
            [Extent1].[Code_Postal] AS [Code_Postal], 
            [Extent1].[Ville] AS [Ville], 
            [Extent1].[Site_Web] AS [Site_Web], 
            [Extent1].[Facebook] AS [Facebook], 
            [Extent1].[President_Tel] AS [President_Tel], 
            [Extent1].[President_Nom] AS [President_Nom], 
            [Extent1].[President_Prenom] AS [President_Prenom], 
            [Extent1].[President_Email] AS [President_Email], 
            [Extent1].[President_Mobile] AS [President_Mobile], 
            [Extent1].[Tresorier_Tel] AS [Tresorier_Tel], 
            [Extent1].[Tresorier_Nom] AS [Tresorier_Nom], 
            [Extent1].[Tresorier_Prenom] AS [Tresorier_Prenom], 
            [Extent1].[Tresorier_Email] AS [Tresorier_Email], 
            [Extent1].[Tresorier_Mobile] AS [Tresorier_Mobile], 
            [Extent1].[Secretaire_Tel] AS [Secretaire_Tel], 
            [Extent1].[Secretaire_Nom] AS [Secretaire_Nom], 
            [Extent1].[Secretaire_Prenom] AS [Secretaire_Prenom], 
            [Extent1].[Secretaire_Email] AS [Secretaire_Email], 
            [Extent1].[Secretaire_Mobile] AS [Secretaire_Mobile], 
            [Extent1].[ArtMartialName] AS [ArtMartialName], 
            [Extent1].[Longitude] AS [Longitude], 
            [Extent1].[Latitude] AS [Latitude], 
            1 AS [C1]
            FROM [dbo].[Club] AS [Extent1]
            WHERE [Extent1].[NumAffiliation] = @p__linq__0 ) AS [Limit1]
        LEFT OUTER JOIN [dbo].[Competiteur] AS [Extent2] ON [Limit1].[NumAffiliation] = [Extent2].[NumAffiliationClub]
    )  AS [Project2]
    ORDER BY [Project2].[NumAffiliation] ASC, [Project2].[C2] ASC
2014-11-30 23:56:34.0330|TRACE|KarateIsere.DataAccess.KarateIsereContext|

2014-11-30 23:56:34.0330|TRACE|KarateIsere.DataAccess.KarateIsereContext|-- p__linq__0: '123456' (Type = AnsiString, Size = 8000)

2014-11-30 23:56:34.0330|TRACE|KarateIsere.DataAccess.KarateIsereContext|-- Executing at 30/11/2014 23:56:34 +01:00

2014-11-30 23:56:34.0720|TRACE|KarateIsere.DataAccess.KarateIsereContext|-- Completed in 26 ms with result: SqlDataReader

2014-11-30 23:56:34.0720|TRACE|KarateIsere.DataAccess.KarateIsereContext|

2014-11-30 23:56:34.0800|TRACE|KarateIsere.DataAccess.KarateIsereContext|Closed connection at 30/11/2014 23:56:34 +01:00

2014-11-30 23:56:34.2045|TRACE|KarateIsere.DataAccess.KarateIsereContext|Opened connection at 30/11/2014 23:56:34 +01:00

2014-11-30 23:56:34.2045|TRACE|KarateIsere.DataAccess.KarateIsereContext|Started transaction at 30/11/2014 23:56:34 +01:00

2014-11-30 23:56:34.3751|TRACE|KarateIsere.DataAccess.KarateIsereContext|UPDATE [dbo].[Club]
SET [NomClub] = @0, [Correspondant] = @1, [Telephone] = @2, [Adr_Administrative] = @3, [Adr_Dojo] = @4, [Code_Postal] = @5, [Ville] = @6, [Site_Web] = @7, [Facebook] = NULL, [President_Tel] = NULL, [President_Nom] = @8, [President_Prenom] = @9, [President_Email] = @10, [President_Mobile] = NULL, [Tresorier_Tel] = NULL, [Tresorier_Nom] = @11, [Tresorier_Prenom] = @12, [Tresorier_Email] = @13, [Tresorier_Mobile] = NULL, [Secretaire_Tel] = NULL, [Secretaire_Nom] = @14, [Secretaire_Prenom] = @15, [Secretaire_Email] = @16, [Secretaire_Mobile] = NULL, [ArtMartialName] = @17, [Longitude] = NULL, [Latitude] = NULL
WHERE ([NumAffiliation] = @18)

2014-11-30 23:56:34.3751|TRACE|KarateIsere.DataAccess.KarateIsereContext|-- @0: 'FKM' (Type = AnsiString, Size = 100)

2014-11-30 23:56:34.3751|TRACE|KarateIsere.DataAccess.KarateIsereContext|-- @1: 'laurent gil' (Type = AnsiString, Size = 50)

2014-11-30 23:56:34.3886|TRACE|KarateIsere.DataAccess.KarateIsereContext|-- @2: '0670130681' (Type = AnsiString, Size = 50)

2014-11-30 23:56:34.3886|TRACE|KarateIsere.DataAccess.KarateIsereContext|-- @3: '3 rue casimir brenier' (Type = AnsiString, Size = 500)

2014-11-30 23:56:34.3886|TRACE|KarateIsere.DataAccess.KarateIsereContext|-- @4: '11 avenue maquis du grsivaudan' (Type = AnsiString, Size = 500)

2014-11-30 23:56:34.3886|TRACE|KarateIsere.DataAccess.KarateIsereContext|-- @5: '38700' (Type = AnsiString, Size = 50)

2014-11-30 23:56:34.4051|TRACE|KarateIsere.DataAccess.KarateIsereContext|-- @6: 'La Tronche' (Type = AnsiString, Size = 50)

2014-11-30 23:56:34.4051|TRACE|KarateIsere.DataAccess.KarateIsereContext|-- @7: 'http://formekaratemartial.com' (Type = AnsiString, Size = 100)

2014-11-30 23:56:34.4051|TRACE|KarateIsere.DataAccess.KarateIsereContext|-- @8: 'Denat' (Type = AnsiString, Size = 50)

2014-11-30 23:56:34.4051|TRACE|KarateIsere.DataAccess.KarateIsereContext|-- @9: 'Alain' (Type = AnsiString, Size = 50)

2014-11-30 23:56:34.4216|TRACE|KarateIsere.DataAccess.KarateIsereContext|-- @10: 'president@formekaratemartial.com' (Type = AnsiString, Size = 100)

2014-11-30 23:56:34.4216|TRACE|KarateIsere.DataAccess.KarateIsereContext|-- @11: 'Kimpe' (Type = AnsiString, Size = 50)

2014-11-30 23:56:34.4216|TRACE|KarateIsere.DataAccess.KarateIsereContext|-- @12: 'Christine' (Type = AnsiString, Size = 50)

2014-11-30 23:56:34.4216|TRACE|KarateIsere.DataAccess.KarateIsereContext|-- @13: 'tresorier@formekaratemartial.com' (Type = AnsiString, Size = 100)

2014-11-30 23:56:34.4376|TRACE|KarateIsere.DataAccess.KarateIsereContext|-- @14: 'Munos' (Type = AnsiString, Size = 50)

2014-11-30 23:56:34.4376|TRACE|KarateIsere.DataAccess.KarateIsereContext|-- @15: 'Emmanuelle' (Type = AnsiString, Size = 50)

2014-11-30 23:56:34.4376|TRACE|KarateIsere.DataAccess.KarateIsereContext|-- @16: 'secretaire@formekaratemartial.com' (Type = AnsiString, Size = 100)

2014-11-30 23:56:34.4376|TRACE|KarateIsere.DataAccess.KarateIsereContext|-- @17: 'Karat Shotokan' (Type = AnsiString, Size = 50)

2014-11-30 23:56:34.4541|TRACE|KarateIsere.DataAccess.KarateIsereContext|-- @18: '123456' (Type = AnsiString, Size = 50)

2014-11-30 23:56:34.4541|TRACE|KarateIsere.DataAccess.KarateIsereContext|-- Executing at 30/11/2014 23:56:34 +01:00

2014-11-30 23:56:34.5191|TRACE|KarateIsere.DataAccess.KarateIsereContext|-- Completed in 55 ms with result: 1

2014-11-30 23:56:34.5191|TRACE|KarateIsere.DataAccess.KarateIsereContext|

2014-11-30 23:56:34.5346|TRACE|KarateIsere.DataAccess.KarateIsereContext|Committed transaction at 30/11/2014 23:56:34 +01:00

2014-11-30 23:56:34.5346|TRACE|KarateIsere.DataAccess.KarateIsereContext|Closed connection at 30/11/2014 23:56:34 +01:00

2014-11-30 23:56:34.5601|TRACE|KarateIsere.DataAccess.KarateIsereContext|Opened connection at 30/11/2014 23:56:34 +01:00

2014-11-30 23:56:34.5601|TRACE|KarateIsere.DataAccess.KarateIsereContext|SELECT 
    [Extent1].[Name] AS [Name]
    FROM [dbo].[Art_Martial] AS [Extent1]
2014-11-30 23:56:34.5601|TRACE|KarateIsere.DataAccess.KarateIsereContext|

2014-11-30 23:56:34.5601|TRACE|KarateIsere.DataAccess.KarateIsereContext|-- Executing at 30/11/2014 23:56:34 +01:00

2014-11-30 23:56:34.5996|TRACE|KarateIsere.DataAccess.KarateIsereContext|-- Completed in 22 ms with result: SqlDataReader

2014-11-30 23:56:34.5996|TRACE|KarateIsere.DataAccess.KarateIsereContext|

2014-11-30 23:56:34.6081|TRACE|KarateIsere.DataAccess.KarateIsereContext|Closed connection at 30/11/2014 23:56:34 +01:00

2014-11-30 23:56:40.4273|TRACE|KarateIsere.DataAccess.KarateIsereContext|Opened connection at 30/11/2014 23:56:40 +01:00

2014-11-30 23:56:40.4273|TRACE|KarateIsere.DataAccess.KarateIsereContext|SELECT 
    [Project2].[C1] AS [C1], 
    [Project2].[NumAffiliation] AS [NumAffiliation], 
    [Project2].[NomClub] AS [NomClub], 
    [Project2].[Correspondant] AS [Correspondant], 
    [Project2].[Telephone] AS [Telephone], 
    [Project2].[Adr_Administrative] AS [Adr_Administrative], 
    [Project2].[Adr_Dojo] AS [Adr_Dojo], 
    [Project2].[Code_Postal] AS [Code_Postal], 
    [Project2].[Ville] AS [Ville], 
    [Project2].[Site_Web] AS [Site_Web], 
    [Project2].[Facebook] AS [Facebook], 
    [Project2].[President_Tel] AS [President_Tel], 
    [Project2].[President_Nom] AS [President_Nom], 
    [Project2].[President_Prenom] AS [President_Prenom], 
    [Project2].[President_Email] AS [President_Email], 
    [Project2].[President_Mobile] AS [President_Mobile], 
    [Project2].[Tresorier_Tel] AS [Tresorier_Tel], 
    [Project2].[Tresorier_Nom] AS [Tresorier_Nom], 
    [Project2].[Tresorier_Prenom] AS [Tresorier_Prenom], 
    [Project2].[Tresorier_Email] AS [Tresorier_Email], 
    [Project2].[Tresorier_Mobile] AS [Tresorier_Mobile], 
    [Project2].[Secretaire_Tel] AS [Secretaire_Tel], 
    [Project2].[Secretaire_Nom] AS [Secretaire_Nom], 
    [Project2].[Secretaire_Prenom] AS [Secretaire_Prenom], 
    [Project2].[Secretaire_Email] AS [Secretaire_Email], 
    [Project2].[Secretaire_Mobile] AS [Secretaire_Mobile], 
    [Project2].[ArtMartialName] AS [ArtMartialName], 
    [Project2].[Longitude] AS [Longitude], 
    [Project2].[Latitude] AS [Latitude], 
    [Project2].[C2] AS [C2], 
    [Project2].[NumLicence] AS [NumLicence], 
    [Project2].[Nom] AS [Nom], 
    [Project2].[Prenom] AS [Prenom], 
    [Project2].[CategorieName] AS [CategorieName], 
    [Project2].[Poids] AS [Poids], 
    [Project2].[isHomme] AS [isHomme], 
    [Project2].[NumAffiliationClub] AS [NumAffiliationClub]
    FROM ( SELECT 
        [Limit1].[NumAffiliation] AS [NumAffiliation], 
        [Limit1].[NomClub] AS [NomClub], 
        [Limit1].[Correspondant] AS [Correspondant], 
        [Limit1].[Telephone] AS [Telephone], 
        [Limit1].[Adr_Administrative] AS [Adr_Administrative], 
        [Limit1].[Adr_Dojo] AS [Adr_Dojo], 
        [Limit1].[Code_Postal] AS [Code_Postal], 
        [Limit1].[Ville] AS [Ville], 
        [Limit1].[Site_Web] AS [Site_Web], 
        [Limit1].[Facebook] AS [Facebook], 
        [Limit1].[President_Tel] AS [President_Tel], 
        [Limit1].[President_Nom] AS [President_Nom], 
        [Limit1].[President_Prenom] AS [President_Prenom], 
        [Limit1].[President_Email] AS [President_Email], 
        [Limit1].[President_Mobile] AS [President_Mobile], 
        [Limit1].[Tresorier_Tel] AS [Tresorier_Tel], 
        [Limit1].[Tresorier_Nom] AS [Tresorier_Nom], 
        [Limit1].[Tresorier_Prenom] AS [Tresorier_Prenom], 
        [Limit1].[Tresorier_Email] AS [Tresorier_Email], 
        [Limit1].[Tresorier_Mobile] AS [Tresorier_Mobile], 
        [Limit1].[Secretaire_Tel] AS [Secretaire_Tel], 
        [Limit1].[Secretaire_Nom] AS [Secretaire_Nom], 
        [Limit1].[Secretaire_Prenom] AS [Secretaire_Prenom], 
        [Limit1].[Secretaire_Email] AS [Secretaire_Email], 
        [Limit1].[Secretaire_Mobile] AS [Secretaire_Mobile], 
        [Limit1].[ArtMartialName] AS [ArtMartialName], 
        [Limit1].[Longitude] AS [Longitude], 
        [Limit1].[Latitude] AS [Latitude], 
        [Limit1].[C1] AS [C1], 
        [Extent2].[NumLicence] AS [NumLicence], 
        [Extent2].[Nom] AS [Nom], 
        [Extent2].[Prenom] AS [Prenom], 
        [Extent2].[CategorieName] AS [CategorieName], 
        [Extent2].[Poids] AS [Poids], 
        [Extent2].[isHomme] AS [isHomme], 
        [Extent2].[NumAffiliationClub] AS [NumAffiliationClub], 
        CASE WHEN ([Extent2].[NumLicence] IS NULL) THEN CAST(NULL AS int) ELSE 1 END AS [C2]
        FROM   (SELECT TOP (2) 
            [Extent1].[NumAffiliation] AS [NumAffiliation], 
            [Extent1].[NomClub] AS [NomClub], 
            [Extent1].[Correspondant] AS [Correspondant], 
            [Extent1].[Telephone] AS [Telephone], 
            [Extent1].[Adr_Administrative] AS [Adr_Administrative], 
            [Extent1].[Adr_Dojo] AS [Adr_Dojo], 
            [Extent1].[Code_Postal] AS [Code_Postal], 
            [Extent1].[Ville] AS [Ville], 
            [Extent1].[Site_Web] AS [Site_Web], 
            [Extent1].[Facebook] AS [Facebook], 
            [Extent1].[President_Tel] AS [President_Tel], 
            [Extent1].[President_Nom] AS [President_Nom], 
            [Extent1].[President_Prenom] AS [President_Prenom], 
            [Extent1].[President_Email] AS [President_Email], 
            [Extent1].[President_Mobile] AS [President_Mobile], 
            [Extent1].[Tresorier_Tel] AS [Tresorier_Tel], 
            [Extent1].[Tresorier_Nom] AS [Tresorier_Nom], 
            [Extent1].[Tresorier_Prenom] AS [Tresorier_Prenom], 
            [Extent1].[Tresorier_Email] AS [Tresorier_Email], 
            [Extent1].[Tresorier_Mobile] AS [Tresorier_Mobile], 
            [Extent1].[Secretaire_Tel] AS [Secretaire_Tel], 
            [Extent1].[Secretaire_Nom] AS [Secretaire_Nom], 
            [Extent1].[Secretaire_Prenom] AS [Secretaire_Prenom], 
            [Extent1].[Secretaire_Email] AS [Secretaire_Email], 
            [Extent1].[Secretaire_Mobile] AS [Secretaire_Mobile], 
            [Extent1].[ArtMartialName] AS [ArtMartialName], 
            [Extent1].[Longitude] AS [Longitude], 
            [Extent1].[Latitude] AS [Latitude], 
            1 AS [C1]
            FROM [dbo].[Club] AS [Extent1]
            WHERE [Extent1].[NumAffiliation] = @p__linq__0 ) AS [Limit1]
        LEFT OUTER JOIN [dbo].[Competiteur] AS [Extent2] ON [Limit1].[NumAffiliation] = [Extent2].[NumAffiliationClub]
    )  AS [Project2]
    ORDER BY [Project2].[NumAffiliation] ASC, [Project2].[C2] ASC
2014-11-30 23:56:40.4273|TRACE|KarateIsere.DataAccess.KarateIsereContext|

2014-11-30 23:56:40.4273|TRACE|KarateIsere.DataAccess.KarateIsereContext|-- p__linq__0: '123456' (Type = AnsiString, Size = 8000)

2014-11-30 23:56:40.4443|TRACE|KarateIsere.DataAccess.KarateIsereContext|-- Executing at 30/11/2014 23:56:40 +01:00

2014-11-30 23:56:40.4748|TRACE|KarateIsere.DataAccess.KarateIsereContext|-- Completed in 26 ms with result: SqlDataReader

2014-11-30 23:56:40.4748|TRACE|KarateIsere.DataAccess.KarateIsereContext|

2014-11-30 23:56:40.4748|TRACE|KarateIsere.DataAccess.KarateIsereContext|Closed connection at 30/11/2014 23:56:40 +01:00

2014-11-30 23:56:40.4888|TRACE|KarateIsere.DataAccess.Tool.Mapper|Map parameters
2014-11-30 23:56:40.4888|TRACE|KarateIsere.DataAccess.Tool.Mapper|Destination object :KarateIsere.Models.ClubViewModel
2014-11-30 23:56:40.4888|TRACE|KarateIsere.DataAccess.Tool.Mapper|Source object : KarateIsere.DataAccess.Club
2014-11-30 23:56:40.4888|TRACE|KarateIsere.DataAccess.Tool.Mapper|FirstCommonType parameters
2014-11-30 23:56:40.5053|TRACE|KarateIsere.DataAccess.Tool.Mapper|Source type :KarateIsere.DataAccess.Club
2014-11-30 23:56:40.5053|TRACE|KarateIsere.DataAccess.Tool.Mapper|Destination type :KarateIsere.Models.ClubViewModel
2014-11-30 23:56:40.5053|TRACE|KarateIsere.DataAccess.Tool.Mapper|Map parameters
2014-11-30 23:56:40.5053|TRACE|KarateIsere.DataAccess.Tool.Mapper|Destination object :KarateIsere.Models.ClubViewModel
2014-11-30 23:56:40.5223|TRACE|KarateIsere.DataAccess.Tool.Mapper|Source object : KarateIsere.DataAccess.Club
2014-11-30 23:56:40.5223|TRACE|KarateIsere.DataAccess.Tool.Mapper|Common type :KarateIsere.DataAccess.Club
2014-11-30 23:56:40.5353|TRACE|KarateIsere.DataAccess.KarateIsereContext|Opened connection at 30/11/2014 23:56:40 +01:00

2014-11-30 23:56:40.5353|TRACE|KarateIsere.DataAccess.KarateIsereContext|SELECT 
    [Extent1].[Name] AS [Name]
    FROM [dbo].[Art_Martial] AS [Extent1]
2014-11-30 23:56:40.5353|TRACE|KarateIsere.DataAccess.KarateIsereContext|

2014-11-30 23:56:40.5353|TRACE|KarateIsere.DataAccess.KarateIsereContext|-- Executing at 30/11/2014 23:56:40 +01:00

2014-11-30 23:56:40.5748|TRACE|KarateIsere.DataAccess.KarateIsereContext|-- Completed in 22 ms with result: SqlDataReader

2014-11-30 23:56:40.5748|TRACE|KarateIsere.DataAccess.KarateIsereContext|

2014-11-30 23:56:40.5838|TRACE|KarateIsere.DataAccess.KarateIsereContext|Closed connection at 30/11/2014 23:56:40 +01:00

