2015-02-05 00:09:06.2824|TRACE|KarateIsere.DataAccess.KarateIsereContext|Opened connection at 05/02/2015 00:09:06 +01:00

2015-02-05 00:09:06.3319|TRACE|KarateIsere.DataAccess.KarateIsereContext|
SELECT Count(*)
FROM INFORMATION_SCHEMA.TABLES AS t
WHERE t.TABLE_SCHEMA + '.' + t.TABLE_NAME IN ('dbo.Adherents','dbo.Admin','dbo.Art_Martial','dbo.Categorie','dbo.Competiteur','dbo.Club','dbo.ListeCompetiteur','dbo.Professeurs','dbo.Competition','dbo.Inscriptions','dbo.Creneaux','dbo.Club_Professeur','dbo.CompetitionCategories')
    OR t.TABLE_NAME = 'EdmMetadata'
2015-02-05 00:09:06.3319|TRACE|KarateIsere.DataAccess.KarateIsereContext|

2015-02-05 00:09:06.3319|TRACE|KarateIsere.DataAccess.KarateIsereContext|-- Executing at 05/02/2015 00:09:06 +01:00

2015-02-05 00:09:06.3699|TRACE|KarateIsere.DataAccess.KarateIsereContext|-- Completed in 24 ms with result: 9

2015-02-05 00:09:06.3699|TRACE|KarateIsere.DataAccess.KarateIsereContext|

2015-02-05 00:09:06.3699|TRACE|KarateIsere.DataAccess.KarateIsereContext|Closed connection at 05/02/2015 00:09:06 +01:00

2015-02-05 00:09:06.3809|TRACE|KarateIsere.DataAccess.KarateIsereContext|Opened connection at 05/02/2015 00:09:06 +01:00

2015-02-05 00:09:06.3809|TRACE|KarateIsere.DataAccess.KarateIsereContext|SELECT 
    [GroupBy1].[A1] AS [C1]
    FROM ( SELECT 
        COUNT(1) AS [A1]
        FROM [dbo].[__MigrationHistory] AS [Extent1]
        WHERE [Extent1].[ContextKey] = @p__linq__0
    )  AS [GroupBy1]
2015-02-05 00:09:06.3949|TRACE|KarateIsere.DataAccess.KarateIsereContext|

2015-02-05 00:09:06.3949|TRACE|KarateIsere.DataAccess.KarateIsereContext|-- p__linq__0: 'KarateIsere.DataAccess.Migrations.Configuration' (Type = String, Size = 4000)

2015-02-05 00:09:06.3949|TRACE|KarateIsere.DataAccess.KarateIsereContext|-- Executing at 05/02/2015 00:09:06 +01:00

2015-02-05 00:09:06.6774|TRACE|KarateIsere.DataAccess.KarateIsereContext|-- Failed in 269 ms with error: Invalid object name 'dbo.__MigrationHistory'.

2015-02-05 00:09:07.2710|TRACE|KarateIsere.DataAccess.KarateIsereContext|

2015-02-05 00:09:07.4890|TRACE|KarateIsere.DataAccess.KarateIsereContext|Closed connection at 05/02/2015 00:09:07 +01:00

2015-02-05 00:09:07.6386|TRACE|KarateIsere.DataAccess.KarateIsereContext|Opened connection at 05/02/2015 00:09:07 +01:00

2015-02-05 00:09:07.6451|TRACE|KarateIsere.DataAccess.KarateIsereContext|SELECT 
    [GroupBy1].[A1] AS [C1]
    FROM ( SELECT 
        COUNT(1) AS [A1]
        FROM [dbo].[__MigrationHistory] AS [Extent1]
    )  AS [GroupBy1]
2015-02-05 00:09:07.6451|TRACE|KarateIsere.DataAccess.KarateIsereContext|

2015-02-05 00:09:07.6451|TRACE|KarateIsere.DataAccess.KarateIsereContext|-- Executing at 05/02/2015 00:09:07 +01:00

2015-02-05 00:09:07.9456|TRACE|KarateIsere.DataAccess.KarateIsereContext|-- Failed in 284 ms with error: Invalid object name 'dbo.__MigrationHistory'.

2015-02-05 00:09:07.9456|TRACE|KarateIsere.DataAccess.KarateIsereContext|

2015-02-05 00:09:08.1821|TRACE|KarateIsere.DataAccess.KarateIsereContext|Closed connection at 05/02/2015 00:09:08 +01:00

2015-02-05 00:13:11.0910|TRACE|KarateIsere.DataAccess.KarateIsereContext|Opened connection at 05/02/2015 00:13:11 +01:00

2015-02-05 00:13:11.1165|TRACE|KarateIsere.DataAccess.KarateIsereContext|
SELECT Count(*)
FROM INFORMATION_SCHEMA.TABLES AS t
WHERE t.TABLE_SCHEMA + '.' + t.TABLE_NAME IN ('dbo.Adherents','dbo.Admin','dbo.Art_Martial','dbo.Categorie','dbo.Competiteur','dbo.Club','dbo.ListeCompetiteur','dbo.Professeurs','dbo.Competition','dbo.Inscriptions','dbo.Creneaux','dbo.Club_Professeur','dbo.CompetitionCategories')
    OR t.TABLE_NAME = 'EdmMetadata'
2015-02-05 00:13:11.1165|TRACE|KarateIsere.DataAccess.KarateIsereContext|

2015-02-05 00:13:11.1165|TRACE|KarateIsere.DataAccess.KarateIsereContext|-- Executing at 05/02/2015 00:13:11 +01:00

2015-02-05 00:13:11.1595|TRACE|KarateIsere.DataAccess.KarateIsereContext|-- Completed in 26 ms with result: 9

2015-02-05 00:13:11.1595|TRACE|KarateIsere.DataAccess.KarateIsereContext|

2015-02-05 00:13:11.1595|TRACE|KarateIsere.DataAccess.KarateIsereContext|Closed connection at 05/02/2015 00:13:11 +01:00

2015-02-05 00:13:11.1785|TRACE|KarateIsere.DataAccess.KarateIsereContext|Opened connection at 05/02/2015 00:13:11 +01:00

2015-02-05 00:13:11.1785|TRACE|KarateIsere.DataAccess.KarateIsereContext|SELECT 
    [GroupBy1].[A1] AS [C1]
    FROM ( SELECT 
        COUNT(1) AS [A1]
        FROM [dbo].[__MigrationHistory] AS [Extent1]
        WHERE [Extent1].[ContextKey] = @p__linq__0
    )  AS [GroupBy1]
2015-02-05 00:13:11.1785|TRACE|KarateIsere.DataAccess.KarateIsereContext|

2015-02-05 00:13:11.1920|TRACE|KarateIsere.DataAccess.KarateIsereContext|-- p__linq__0: 'KarateIsere.DataAccess.Migrations.Configuration' (Type = String, Size = 4000)

2015-02-05 00:13:11.1920|TRACE|KarateIsere.DataAccess.KarateIsereContext|-- Executing at 05/02/2015 00:13:11 +01:00

2015-02-05 00:13:11.4815|TRACE|KarateIsere.DataAccess.KarateIsereContext|-- Failed in 278 ms with error: Invalid object name 'dbo.__MigrationHistory'.

2015-02-05 00:13:11.4815|TRACE|KarateIsere.DataAccess.KarateIsereContext|

2015-02-05 00:13:11.7010|TRACE|KarateIsere.DataAccess.KarateIsereContext|Closed connection at 05/02/2015 00:13:11 +01:00

2015-02-05 00:13:11.8401|TRACE|KarateIsere.DataAccess.KarateIsereContext|Opened connection at 05/02/2015 00:13:11 +01:00

2015-02-05 00:13:11.8401|TRACE|KarateIsere.DataAccess.KarateIsereContext|SELECT 
    [GroupBy1].[A1] AS [C1]
    FROM ( SELECT 
        COUNT(1) AS [A1]
        FROM [dbo].[__MigrationHistory] AS [Extent1]
    )  AS [GroupBy1]
2015-02-05 00:13:11.8491|TRACE|KarateIsere.DataAccess.KarateIsereContext|

2015-02-05 00:13:11.8491|TRACE|KarateIsere.DataAccess.KarateIsereContext|-- Executing at 05/02/2015 00:13:11 +01:00

2015-02-05 00:13:12.1321|TRACE|KarateIsere.DataAccess.KarateIsereContext|-- Failed in 275 ms with error: Invalid object name 'dbo.__MigrationHistory'.

2015-02-05 00:13:12.1321|TRACE|KarateIsere.DataAccess.KarateIsereContext|

2015-02-05 00:13:12.3781|TRACE|KarateIsere.DataAccess.KarateIsereContext|Closed connection at 05/02/2015 00:13:12 +01:00

2015-02-05 00:13:13.1442|TRACE|KarateIsere.DataAccess.KarateIsereContext|Opened connection at 05/02/2015 00:13:13 +01:00

2015-02-05 00:13:13.3773|TRACE|KarateIsere.DataAccess.KarateIsereContext|SELECT 
    [Extent1].[Nom] AS [Nom]
    FROM [dbo].[Categorie] AS [Extent1]
2015-02-05 00:13:13.3773|TRACE|KarateIsere.DataAccess.KarateIsereContext|

2015-02-05 00:13:13.3773|TRACE|KarateIsere.DataAccess.KarateIsereContext|-- Executing at 05/02/2015 00:13:13 +01:00

2015-02-05 00:13:13.4123|TRACE|KarateIsere.DataAccess.KarateIsereContext|-- Completed in 23 ms with result: SqlDataReader

2015-02-05 00:13:13.4123|TRACE|KarateIsere.DataAccess.KarateIsereContext|

2015-02-05 00:13:13.4258|TRACE|KarateIsere.DataAccess.KarateIsereContext|Closed connection at 05/02/2015 00:13:13 +01:00

2015-02-05 00:18:15.9037|TRACE|KarateIsere.DataAccess.KarateIsereContext|Opened connection at 05/02/2015 00:18:15 +01:00

2015-02-05 00:18:15.9082|TRACE|KarateIsere.DataAccess.KarateIsereContext|SELECT 
    [Extent1].[Nom] AS [Nom]
    FROM [dbo].[Categorie] AS [Extent1]
2015-02-05 00:18:15.9082|TRACE|KarateIsere.DataAccess.KarateIsereContext|

2015-02-05 00:18:15.9082|TRACE|KarateIsere.DataAccess.KarateIsereContext|-- Executing at 05/02/2015 00:18:15 +01:00

2015-02-05 00:18:15.9437|TRACE|KarateIsere.DataAccess.KarateIsereContext|-- Completed in 24 ms with result: SqlDataReader

2015-02-05 00:18:15.9437|TRACE|KarateIsere.DataAccess.KarateIsereContext|

2015-02-05 00:18:15.9557|TRACE|KarateIsere.DataAccess.KarateIsereContext|Closed connection at 05/02/2015 00:18:15 +01:00

2015-02-05 00:18:23.1566|TRACE|KarateIsere.DataAccess.KarateIsereContext|Opened connection at 05/02/2015 00:18:23 +01:00

2015-02-05 00:18:23.1616|TRACE|KarateIsere.DataAccess.KarateIsereContext|SELECT 
    [Extent1].[Nom] AS [Nom]
    FROM [dbo].[Categorie] AS [Extent1]
2015-02-05 00:18:23.1616|TRACE|KarateIsere.DataAccess.KarateIsereContext|

2015-02-05 00:18:23.1616|TRACE|KarateIsere.DataAccess.KarateIsereContext|-- Executing at 05/02/2015 00:18:23 +01:00

2015-02-05 00:18:23.2021|TRACE|KarateIsere.DataAccess.KarateIsereContext|-- Completed in 29 ms with result: SqlDataReader

2015-02-05 00:18:23.2021|TRACE|KarateIsere.DataAccess.KarateIsereContext|

2015-02-05 00:18:23.2106|TRACE|KarateIsere.DataAccess.KarateIsereContext|Closed connection at 05/02/2015 00:18:23 +01:00

2015-02-05 00:18:56.5068|TRACE|KarateIsere.DataAccess.KarateIsereContext|Opened connection at 05/02/2015 00:18:56 +01:00

2015-02-05 00:18:56.5188|TRACE|KarateIsere.DataAccess.KarateIsereContext|SELECT 
    [Extent1].[Nom] AS [Nom]
    FROM [dbo].[Categorie] AS [Extent1]
2015-02-05 00:18:56.5308|TRACE|KarateIsere.DataAccess.KarateIsereContext|

2015-02-05 00:18:56.5308|TRACE|KarateIsere.DataAccess.KarateIsereContext|-- Executing at 05/02/2015 00:18:56 +01:00

2015-02-05 00:18:56.5663|TRACE|KarateIsere.DataAccess.KarateIsereContext|-- Completed in 26 ms with result: SqlDataReader

2015-02-05 00:18:56.5663|TRACE|KarateIsere.DataAccess.KarateIsereContext|

2015-02-05 00:18:56.5768|TRACE|KarateIsere.DataAccess.KarateIsereContext|Closed connection at 05/02/2015 00:18:56 +01:00

2015-02-05 00:23:59.7458|TRACE|KarateIsere.DataAccess.KarateIsereContext|Opened connection at 05/02/2015 00:23:59 +01:00

2015-02-05 00:23:59.7508|TRACE|KarateIsere.DataAccess.KarateIsereContext|SELECT 
    [Extent1].[Nom] AS [Nom]
    FROM [dbo].[Categorie] AS [Extent1]
2015-02-05 00:23:59.7508|TRACE|KarateIsere.DataAccess.KarateIsereContext|

2015-02-05 00:23:59.7508|TRACE|KarateIsere.DataAccess.KarateIsereContext|-- Executing at 05/02/2015 00:23:59 +01:00

2015-02-05 00:23:59.7893|TRACE|KarateIsere.DataAccess.KarateIsereContext|-- Completed in 24 ms with result: SqlDataReader

2015-02-05 00:23:59.7893|TRACE|KarateIsere.DataAccess.KarateIsereContext|

2015-02-05 00:23:59.7983|TRACE|KarateIsere.DataAccess.KarateIsereContext|Closed connection at 05/02/2015 00:23:59 +01:00

