2015-01-22 00:00:56.0473|TRACE|KarateIsere.DataAccess.KarateIsereContext|Opened connection at 22/01/2015 00:00:56 +01:00

2015-01-22 00:00:56.0753|TRACE|KarateIsere.DataAccess.KarateIsereContext|
SELECT Count(*)
FROM INFORMATION_SCHEMA.TABLES AS t
WHERE t.TABLE_SCHEMA + '.' + t.TABLE_NAME IN ('dbo.Adherents','dbo.Admin','dbo.Art_Martial','dbo.Categorie','dbo.Competiteur','dbo.Club','dbo.ListeCompetiteur','dbo.Professeurs','dbo.Competition','dbo.Inscriptions','dbo.Creneaux','dbo.Club_Professeur','dbo.CompetitionCategories')
    OR t.TABLE_NAME = 'EdmMetadata'
2015-01-22 00:00:56.0813|TRACE|KarateIsere.DataAccess.KarateIsereContext|

2015-01-22 00:00:56.0813|TRACE|KarateIsere.DataAccess.KarateIsereContext|-- Executing at 22/01/2015 00:00:56 +01:00

2015-01-22 00:00:56.1138|TRACE|KarateIsere.DataAccess.KarateIsereContext|-- Completed in 24 ms with result: 9

2015-01-22 00:00:56.1138|TRACE|KarateIsere.DataAccess.KarateIsereContext|

2015-01-22 00:00:56.1138|TRACE|KarateIsere.DataAccess.KarateIsereContext|Closed connection at 22/01/2015 00:00:56 +01:00

2015-01-22 00:00:56.1293|TRACE|KarateIsere.DataAccess.KarateIsereContext|Opened connection at 22/01/2015 00:00:56 +01:00

2015-01-22 00:00:56.1293|TRACE|KarateIsere.DataAccess.KarateIsereContext|SELECT 
    [GroupBy1].[A1] AS [C1]
    FROM ( SELECT 
        COUNT(1) AS [A1]
        FROM [dbo].[__MigrationHistory] AS [Extent1]
        WHERE [Extent1].[ContextKey] = @p__linq__0
    )  AS [GroupBy1]
2015-01-22 00:00:56.1293|TRACE|KarateIsere.DataAccess.KarateIsereContext|

2015-01-22 00:00:56.1423|TRACE|KarateIsere.DataAccess.KarateIsereContext|-- p__linq__0: 'KarateIsere.DataAccess.KarateIsereContext' (Type = String, Size = 4000)

2015-01-22 00:00:56.1423|TRACE|KarateIsere.DataAccess.KarateIsereContext|-- Executing at 22/01/2015 00:00:56 +01:00

2015-01-22 00:00:56.1783|TRACE|KarateIsere.DataAccess.KarateIsereContext|-- Completed in 29 ms with result: SqlDataReader

2015-01-22 00:00:56.1783|TRACE|KarateIsere.DataAccess.KarateIsereContext|

2015-01-22 00:00:56.1783|TRACE|KarateIsere.DataAccess.KarateIsereContext|Closed connection at 22/01/2015 00:00:56 +01:00

2015-01-22 00:00:56.1893|TRACE|KarateIsere.DataAccess.KarateIsereContext|Opened connection at 22/01/2015 00:00:56 +01:00

2015-01-22 00:00:56.1893|TRACE|KarateIsere.DataAccess.KarateIsereContext|SELECT TOP (1) 
    [Project1].[C1] AS [C1], 
    [Project1].[MigrationId] AS [MigrationId], 
    [Project1].[Model] AS [Model], 
    [Project1].[ProductVersion] AS [ProductVersion]
    FROM ( SELECT 
        [Extent1].[MigrationId] AS [MigrationId], 
        [Extent1].[Model] AS [Model], 
        [Extent1].[ProductVersion] AS [ProductVersion], 
        1 AS [C1]
        FROM [dbo].[__MigrationHistory] AS [Extent1]
        WHERE [Extent1].[ContextKey] = @p__linq__0
    )  AS [Project1]
    ORDER BY [Project1].[MigrationId] DESC
2015-01-22 00:00:56.1893|TRACE|KarateIsere.DataAccess.KarateIsereContext|

2015-01-22 00:00:56.1893|TRACE|KarateIsere.DataAccess.KarateIsereContext|-- p__linq__0: 'KarateIsere.DataAccess.KarateIsereContext' (Type = String, Size = 4000)

2015-01-22 00:00:56.1893|TRACE|KarateIsere.DataAccess.KarateIsereContext|-- Executing at 22/01/2015 00:00:56 +01:00

2015-01-22 00:00:56.2363|TRACE|KarateIsere.DataAccess.KarateIsereContext|-- Completed in 29 ms with result: SqlDataReader

2015-01-22 00:00:56.2363|TRACE|KarateIsere.DataAccess.KarateIsereContext|

2015-01-22 00:00:56.2363|TRACE|KarateIsere.DataAccess.KarateIsereContext|Closed connection at 22/01/2015 00:00:56 +01:00

2015-01-22 00:00:56.9039|TRACE|KarateIsere.DataAccess.KarateIsereContext|Opened connection at 22/01/2015 00:00:56 +01:00

2015-01-22 00:00:56.9879|TRACE|KarateIsere.DataAccess.KarateIsereContext|SELECT 
    [Extent1].[Id] AS [Id], 
    [Extent1].[Nom] AS [Nom], 
    [Extent1].[DateCompetition] AS [DateCompetition], 
    [Extent1].[FinInscription] AS [FinInscription], 
    [Extent1].[Lieu] AS [Lieu], 
    [Extent1].[IsKata] AS [IsKata]
    FROM [dbo].[Competition] AS [Extent1]
    WHERE [Extent1].[FinInscription] >= (SysDateTime())
2015-01-22 00:00:56.9879|TRACE|KarateIsere.DataAccess.KarateIsereContext|

2015-01-22 00:00:56.9879|TRACE|KarateIsere.DataAccess.KarateIsereContext|-- Executing at 22/01/2015 00:00:56 +01:00

2015-01-22 00:00:57.0239|TRACE|KarateIsere.DataAccess.KarateIsereContext|-- Completed in 25 ms with result: SqlDataReader

2015-01-22 00:00:57.0239|TRACE|KarateIsere.DataAccess.KarateIsereContext|

2015-01-22 00:00:57.0375|TRACE|KarateIsere.DataAccess.KarateIsereContext|Closed connection at 22/01/2015 00:00:57 +01:00

2015-01-22 00:00:57.1645|TRACE|KarateIsere.DataAccess.KarateIsereContext|Opened connection at 22/01/2015 00:00:57 +01:00

2015-01-22 00:00:57.9261|TRACE|KarateIsere.DataAccess.KarateIsereContext|SELECT 
    [Extent1].[NumLicence] AS [NumLicence], 
    [Extent1].[Nom] AS [Nom], 
    [Extent1].[Prenom] AS [Prenom], 
    [Extent1].[CategorieName] AS [CategorieName], 
    [Extent1].[Poids] AS [Poids], 
    [Extent1].[isHomme] AS [isHomme], 
    [Extent1].[NumAffiliationClub] AS [NumAffiliationClub]
    FROM [dbo].[Competiteur] AS [Extent1]
    WHERE [Extent1].[NumAffiliationClub] = @p__linq__0
2015-01-22 00:00:57.9261|TRACE|KarateIsere.DataAccess.KarateIsereContext|

2015-01-22 00:00:57.9261|TRACE|KarateIsere.DataAccess.KarateIsereContext|-- p__linq__0: '123456' (Type = AnsiString, Size = 8000)

2015-01-22 00:00:57.9366|TRACE|KarateIsere.DataAccess.KarateIsereContext|-- Executing at 22/01/2015 00:00:57 +01:00

2015-01-22 00:00:57.9646|TRACE|KarateIsere.DataAccess.KarateIsereContext|-- Completed in 24 ms with result: SqlDataReader

2015-01-22 00:00:57.9681|TRACE|KarateIsere.DataAccess.KarateIsereContext|

2015-01-22 00:00:57.9681|TRACE|KarateIsere.DataAccess.KarateIsereContext|Closed connection at 22/01/2015 00:00:57 +01:00

2015-01-22 00:01:02.2471|TRACE|KarateIsere.DataAccess.KarateIsereContext|Opened connection at 22/01/2015 00:01:02 +01:00

2015-01-22 00:01:02.2806|TRACE|KarateIsere.DataAccess.KarateIsereContext|SELECT 
    CASE WHEN ( EXISTS (SELECT 
        1 AS [C1]
        FROM [dbo].[Inscriptions] AS [Extent1]
        WHERE ([Extent1].[CompetitionId] = @p__linq__0) AND (([Extent1].[NumLicence] = @p__linq__1) OR (([Extent1].[NumLicence] IS NULL) AND (@p__linq__1 IS NULL)))
    )) THEN cast(1 as bit) ELSE cast(0 as bit) END AS [C1]
    FROM  ( SELECT 1 AS X ) AS [SingleRowTable1]
2015-01-22 00:01:02.2806|TRACE|KarateIsere.DataAccess.KarateIsereContext|

2015-01-22 00:01:02.2806|TRACE|KarateIsere.DataAccess.KarateIsereContext|-- p__linq__0: '2' (Type = Int32, IsNullable = false)

2015-01-22 00:01:02.2911|TRACE|KarateIsere.DataAccess.KarateIsereContext|-- p__linq__1: 'asdf654' (Type = AnsiString, Size = 8000)

2015-01-22 00:01:02.2911|TRACE|KarateIsere.DataAccess.KarateIsereContext|-- Executing at 22/01/2015 00:01:02 +01:00

2015-01-22 00:01:02.3351|TRACE|KarateIsere.DataAccess.KarateIsereContext|-- Completed in 37 ms with result: SqlDataReader

2015-01-22 00:01:02.3391|TRACE|KarateIsere.DataAccess.KarateIsereContext|

2015-01-22 00:01:02.3516|TRACE|KarateIsere.DataAccess.KarateIsereContext|Closed connection at 22/01/2015 00:01:02 +01:00

2015-01-22 00:01:02.3516|TRACE|KarateIsere.DataAccess.KarateIsereContext|Opened connection at 22/01/2015 00:01:02 +01:00

2015-01-22 00:01:02.5026|TRACE|KarateIsere.DataAccess.KarateIsereContext|SELECT 
    [Limit1].[C1] AS [C1], 
    [Limit1].[NumLicence] AS [NumLicence], 
    [Limit1].[Nom] AS [Nom], 
    [Limit1].[Prenom] AS [Prenom], 
    [Limit1].[CategorieName] AS [CategorieName], 
    [Limit1].[Poids] AS [Poids], 
    [Limit1].[isHomme] AS [isHomme], 
    [Limit1].[NumAffiliationClub] AS [NumAffiliationClub], 
    [Limit1].[NumAffiliation] AS [NumAffiliation], 
    [Limit1].[NomClub] AS [NomClub], 
    [Limit1].[Correspondant] AS [Correspondant], 
    [Limit1].[Telephone] AS [Telephone], 
    [Limit1].[Adr_Administrative] AS [Adr_Administrative], 
    [Limit1].[Adr_Dojo] AS [Adr_Dojo], 
    [Limit1].[Code_Postal] AS [Code_Postal], 
    [Limit1].[Ville] AS [Ville], 
    [Limit1].[Site_Web] AS [Site_Web], 
    [Limit1].[Facebook] AS [Facebook], 
    [Limit1].[President_Tel] AS [President_Tel], 
    [Limit1].[President_Nom] AS [President_Nom], 
    [Limit1].[President_Prenom] AS [President_Prenom], 
    [Limit1].[President_Email] AS [President_Email], 
    [Limit1].[President_Mobile] AS [President_Mobile], 
    [Limit1].[Tresorier_Tel] AS [Tresorier_Tel], 
    [Limit1].[Tresorier_Nom] AS [Tresorier_Nom], 
    [Limit1].[Tresorier_Prenom] AS [Tresorier_Prenom], 
    [Limit1].[Tresorier_Email] AS [Tresorier_Email], 
    [Limit1].[Tresorier_Mobile] AS [Tresorier_Mobile], 
    [Limit1].[Secretaire_Tel] AS [Secretaire_Tel], 
    [Limit1].[Secretaire_Nom] AS [Secretaire_Nom], 
    [Limit1].[Secretaire_Prenom] AS [Secretaire_Prenom], 
    [Limit1].[Secretaire_Email] AS [Secretaire_Email], 
    [Limit1].[Secretaire_Mobile] AS [Secretaire_Mobile], 
    [Limit1].[ArtMartialName] AS [ArtMartialName], 
    [Limit1].[Longitude] AS [Longitude], 
    [Limit1].[Latitude] AS [Latitude]
    FROM ( SELECT TOP (2) 
        [Extent1].[NumLicence] AS [NumLicence], 
        [Extent1].[Nom] AS [Nom], 
        [Extent1].[Prenom] AS [Prenom], 
        [Extent1].[CategorieName] AS [CategorieName], 
        [Extent1].[Poids] AS [Poids], 
        [Extent1].[isHomme] AS [isHomme], 
        [Extent1].[NumAffiliationClub] AS [NumAffiliationClub], 
        [Extent2].[NumAffiliation] AS [NumAffiliation], 
        [Extent2].[NomClub] AS [NomClub], 
        [Extent2].[Correspondant] AS [Correspondant], 
        [Extent2].[Telephone] AS [Telephone], 
        [Extent2].[Adr_Administrative] AS [Adr_Administrative], 
        [Extent2].[Adr_Dojo] AS [Adr_Dojo], 
        [Extent2].[Code_Postal] AS [Code_Postal], 
        [Extent2].[Ville] AS [Ville], 
        [Extent2].[Site_Web] AS [Site_Web], 
        [Extent2].[Facebook] AS [Facebook], 
        [Extent2].[President_Tel] AS [President_Tel], 
        [Extent2].[President_Nom] AS [President_Nom], 
        [Extent2].[President_Prenom] AS [President_Prenom], 
        [Extent2].[President_Email] AS [President_Email], 
        [Extent2].[President_Mobile] AS [President_Mobile], 
        [Extent2].[Tresorier_Tel] AS [Tresorier_Tel], 
        [Extent2].[Tresorier_Nom] AS [Tresorier_Nom], 
        [Extent2].[Tresorier_Prenom] AS [Tresorier_Prenom], 
        [Extent2].[Tresorier_Email] AS [Tresorier_Email], 
        [Extent2].[Tresorier_Mobile] AS [Tresorier_Mobile], 
        [Extent2].[Secretaire_Tel] AS [Secretaire_Tel], 
        [Extent2].[Secretaire_Nom] AS [Secretaire_Nom], 
        [Extent2].[Secretaire_Prenom] AS [Secretaire_Prenom], 
        [Extent2].[Secretaire_Email] AS [Secretaire_Email], 
        [Extent2].[Secretaire_Mobile] AS [Secretaire_Mobile], 
        [Extent2].[ArtMartialName] AS [ArtMartialName], 
        [Extent2].[Longitude] AS [Longitude], 
        [Extent2].[Latitude] AS [Latitude], 
        1 AS [C1]
        FROM  [dbo].[Competiteur] AS [Extent1]
        INNER JOIN [dbo].[Club] AS [Extent2] ON [Extent1].[NumAffiliationClub] = [Extent2].[NumAffiliation]
        WHERE ((UPPER([Extent1].[NumLicence])) = (UPPER(@p__linq__0))) OR ((UPPER([Extent1].[NumLicence]) IS NULL) AND (UPPER(@p__linq__0) IS NULL))
    )  AS [Limit1]
2015-01-22 00:01:02.5026|TRACE|KarateIsere.DataAccess.KarateIsereContext|

2015-01-22 00:01:02.5106|TRACE|KarateIsere.DataAccess.KarateIsereContext|-- p__linq__0: 'asdf654' (Type = String, Size = 4000)

2015-01-22 00:01:02.5106|TRACE|KarateIsere.DataAccess.KarateIsereContext|-- Executing at 22/01/2015 00:01:02 +01:00

2015-01-22 00:01:02.5517|TRACE|KarateIsere.DataAccess.KarateIsereContext|-- Completed in 33 ms with result: SqlDataReader

2015-01-22 00:01:02.5562|TRACE|KarateIsere.DataAccess.KarateIsereContext|

2015-01-22 00:01:02.6107|TRACE|KarateIsere.DataAccess.KarateIsereContext|Closed connection at 22/01/2015 00:01:02 +01:00

2015-01-22 00:01:02.6182|TRACE|KarateIsere.DataAccess.KarateIsereContext|Opened connection at 22/01/2015 00:01:02 +01:00

2015-01-22 00:01:02.6617|TRACE|KarateIsere.DataAccess.KarateIsereContext|SELECT 
    [Project2].[Id] AS [Id], 
    [Project2].[Nom] AS [Nom], 
    [Project2].[DateCompetition] AS [DateCompetition], 
    [Project2].[FinInscription] AS [FinInscription], 
    [Project2].[Lieu] AS [Lieu], 
    [Project2].[IsKata] AS [IsKata], 
    [Project2].[C1] AS [C1], 
    [Project2].[Categorie_Nom] AS [Categorie_Nom]
    FROM ( SELECT 
        [Limit1].[Id] AS [Id], 
        [Limit1].[Nom] AS [Nom], 
        [Limit1].[DateCompetition] AS [DateCompetition], 
        [Limit1].[FinInscription] AS [FinInscription], 
        [Limit1].[Lieu] AS [Lieu], 
        [Limit1].[IsKata] AS [IsKata], 
        [Extent2].[Categorie_Nom] AS [Categorie_Nom], 
        CASE WHEN ([Extent2].[Competition_Id] IS NULL) THEN CAST(NULL AS int) ELSE 1 END AS [C1]
        FROM   (SELECT TOP (2) 
            [Extent1].[Id] AS [Id], 
            [Extent1].[Nom] AS [Nom], 
            [Extent1].[DateCompetition] AS [DateCompetition], 
            [Extent1].[FinInscription] AS [FinInscription], 
            [Extent1].[Lieu] AS [Lieu], 
            [Extent1].[IsKata] AS [IsKata]
            FROM [dbo].[Competition] AS [Extent1]
            WHERE [Extent1].[Id] = @p__linq__0 ) AS [Limit1]
        LEFT OUTER JOIN [dbo].[CompetitionCategories] AS [Extent2] ON [Limit1].[Id] = [Extent2].[Competition_Id]
    )  AS [Project2]
    ORDER BY [Project2].[Id] ASC, [Project2].[C1] ASC
2015-01-22 00:01:02.6657|TRACE|KarateIsere.DataAccess.KarateIsereContext|

2015-01-22 00:01:02.6657|TRACE|KarateIsere.DataAccess.KarateIsereContext|-- p__linq__0: '2' (Type = Int32, IsNullable = false)

2015-01-22 00:01:02.6657|TRACE|KarateIsere.DataAccess.KarateIsereContext|-- Executing at 22/01/2015 00:01:02 +01:00

2015-01-22 00:01:02.7037|TRACE|KarateIsere.DataAccess.KarateIsereContext|-- Completed in 25 ms with result: SqlDataReader

2015-01-22 00:01:02.7037|TRACE|KarateIsere.DataAccess.KarateIsereContext|

2015-01-22 00:01:02.7282|TRACE|KarateIsere.DataAccess.KarateIsereContext|Closed connection at 22/01/2015 00:01:02 +01:00

2015-01-22 23:51:10.9839|TRACE|KarateIsere.DataAccess.KarateIsereContext|Opened connection at 22/01/2015 23:51:10 +01:00

2015-01-22 23:51:10.9994|TRACE|KarateIsere.DataAccess.KarateIsereContext|
SELECT Count(*)
FROM INFORMATION_SCHEMA.TABLES AS t
WHERE t.TABLE_SCHEMA + '.' + t.TABLE_NAME IN ('dbo.Adherents','dbo.Admin','dbo.Art_Martial','dbo.Categorie','dbo.Competiteur','dbo.Club','dbo.ListeCompetiteur','dbo.Professeurs','dbo.Competition','dbo.Inscriptions','dbo.Creneaux','dbo.Club_Professeur','dbo.CompetitionCategories')
    OR t.TABLE_NAME = 'EdmMetadata'
2015-01-22 23:51:11.0144|TRACE|KarateIsere.DataAccess.KarateIsereContext|

2015-01-22 23:51:11.0144|TRACE|KarateIsere.DataAccess.KarateIsereContext|-- Executing at 22/01/2015 23:51:11 +01:00

2015-01-22 23:51:11.0504|TRACE|KarateIsere.DataAccess.KarateIsereContext|-- Completed in 25 ms with result: 9

2015-01-22 23:51:11.0504|TRACE|KarateIsere.DataAccess.KarateIsereContext|

2015-01-22 23:51:11.0504|TRACE|KarateIsere.DataAccess.KarateIsereContext|Closed connection at 22/01/2015 23:51:11 +01:00

2015-01-22 23:51:11.0619|TRACE|KarateIsere.DataAccess.KarateIsereContext|Opened connection at 22/01/2015 23:51:11 +01:00

2015-01-22 23:51:11.0619|TRACE|KarateIsere.DataAccess.KarateIsereContext|SELECT 
    [GroupBy1].[A1] AS [C1]
    FROM ( SELECT 
        COUNT(1) AS [A1]
        FROM [dbo].[__MigrationHistory] AS [Extent1]
        WHERE [Extent1].[ContextKey] = @p__linq__0
    )  AS [GroupBy1]
2015-01-22 23:51:11.0619|TRACE|KarateIsere.DataAccess.KarateIsereContext|

2015-01-22 23:51:11.0785|TRACE|KarateIsere.DataAccess.KarateIsereContext|-- p__linq__0: 'KarateIsere.DataAccess.KarateIsereContext' (Type = String, Size = 4000)

2015-01-22 23:51:11.0785|TRACE|KarateIsere.DataAccess.KarateIsereContext|-- Executing at 22/01/2015 23:51:11 +01:00

2015-01-22 23:51:11.1210|TRACE|KarateIsere.DataAccess.KarateIsereContext|-- Completed in 33 ms with result: SqlDataReader

2015-01-22 23:51:11.1250|TRACE|KarateIsere.DataAccess.KarateIsereContext|

2015-01-22 23:51:11.1250|TRACE|KarateIsere.DataAccess.KarateIsereContext|Closed connection at 22/01/2015 23:51:11 +01:00

2015-01-22 23:51:11.1250|TRACE|KarateIsere.DataAccess.KarateIsereContext|Opened connection at 22/01/2015 23:51:11 +01:00

2015-01-22 23:51:11.1390|TRACE|KarateIsere.DataAccess.KarateIsereContext|SELECT TOP (1) 
    [Project1].[C1] AS [C1], 
    [Project1].[MigrationId] AS [MigrationId], 
    [Project1].[Model] AS [Model], 
    [Project1].[ProductVersion] AS [ProductVersion]
    FROM ( SELECT 
        [Extent1].[MigrationId] AS [MigrationId], 
        [Extent1].[Model] AS [Model], 
        [Extent1].[ProductVersion] AS [ProductVersion], 
        1 AS [C1]
        FROM [dbo].[__MigrationHistory] AS [Extent1]
        WHERE [Extent1].[ContextKey] = @p__linq__0
    )  AS [Project1]
    ORDER BY [Project1].[MigrationId] DESC
2015-01-22 23:51:11.1390|TRACE|KarateIsere.DataAccess.KarateIsereContext|

2015-01-22 23:51:11.1390|TRACE|KarateIsere.DataAccess.KarateIsereContext|-- p__linq__0: 'KarateIsere.DataAccess.KarateIsereContext' (Type = String, Size = 4000)

2015-01-22 23:51:11.1390|TRACE|KarateIsere.DataAccess.KarateIsereContext|-- Executing at 22/01/2015 23:51:11 +01:00

2015-01-22 23:51:11.1825|TRACE|KarateIsere.DataAccess.KarateIsereContext|-- Completed in 29 ms with result: SqlDataReader

2015-01-22 23:51:11.1865|TRACE|KarateIsere.DataAccess.KarateIsereContext|

2015-01-22 23:51:11.1865|TRACE|KarateIsere.DataAccess.KarateIsereContext|Closed connection at 22/01/2015 23:51:11 +01:00

2015-01-22 23:51:11.8691|TRACE|KarateIsere.DataAccess.KarateIsereContext|Opened connection at 22/01/2015 23:51:11 +01:00

2015-01-22 23:51:11.9481|TRACE|KarateIsere.DataAccess.KarateIsereContext|SELECT 
    [Extent1].[Id] AS [Id], 
    [Extent1].[Nom] AS [Nom], 
    [Extent1].[DateCompetition] AS [DateCompetition], 
    [Extent1].[FinInscription] AS [FinInscription], 
    [Extent1].[Lieu] AS [Lieu], 
    [Extent1].[IsKata] AS [IsKata]
    FROM [dbo].[Competition] AS [Extent1]
    WHERE [Extent1].[FinInscription] >= (SysDateTime())
2015-01-22 23:51:11.9521|TRACE|KarateIsere.DataAccess.KarateIsereContext|

2015-01-22 23:51:11.9521|TRACE|KarateIsere.DataAccess.KarateIsereContext|-- Executing at 22/01/2015 23:51:11 +01:00

2015-01-22 23:51:11.9836|TRACE|KarateIsere.DataAccess.KarateIsereContext|-- Completed in 23 ms with result: SqlDataReader

2015-01-22 23:51:11.9836|TRACE|KarateIsere.DataAccess.KarateIsereContext|

2015-01-22 23:51:11.9996|TRACE|KarateIsere.DataAccess.KarateIsereContext|Closed connection at 22/01/2015 23:51:11 +01:00

2015-01-22 23:51:12.1296|TRACE|KarateIsere.DataAccess.KarateIsereContext|Opened connection at 22/01/2015 23:51:12 +01:00

2015-01-22 23:51:12.1596|TRACE|KarateIsere.DataAccess.KarateIsereContext|SELECT 
    [Extent1].[NumLicence] AS [NumLicence], 
    [Extent1].[Nom] AS [Nom], 
    [Extent1].[Prenom] AS [Prenom], 
    [Extent1].[CategorieName] AS [CategorieName], 
    [Extent1].[Poids] AS [Poids], 
    [Extent1].[isHomme] AS [isHomme], 
    [Extent1].[NumAffiliationClub] AS [NumAffiliationClub]
    FROM [dbo].[Competiteur] AS [Extent1]
    WHERE [Extent1].[NumAffiliationClub] = @p__linq__0
2015-01-22 23:51:12.1596|TRACE|KarateIsere.DataAccess.KarateIsereContext|

2015-01-22 23:51:12.1676|TRACE|KarateIsere.DataAccess.KarateIsereContext|-- p__linq__0: '123456' (Type = AnsiString, Size = 8000)

2015-01-22 23:51:12.1676|TRACE|KarateIsere.DataAccess.KarateIsereContext|-- Executing at 22/01/2015 23:51:12 +01:00

2015-01-22 23:51:12.1996|TRACE|KarateIsere.DataAccess.KarateIsereContext|-- Completed in 24 ms with result: SqlDataReader

2015-01-22 23:51:12.1996|TRACE|KarateIsere.DataAccess.KarateIsereContext|

2015-01-22 23:51:12.2146|TRACE|KarateIsere.DataAccess.KarateIsereContext|Closed connection at 22/01/2015 23:51:12 +01:00

2015-01-22 23:51:57.9639|TRACE|KarateIsere.DataAccess.KarateIsereContext|Opened connection at 22/01/2015 23:51:57 +01:00

2015-01-22 23:51:57.9974|TRACE|KarateIsere.DataAccess.KarateIsereContext|SELECT 
    CASE WHEN ( EXISTS (SELECT 
        1 AS [C1]
        FROM [dbo].[Inscriptions] AS [Extent1]
        WHERE ([Extent1].[CompetitionId] = @p__linq__0) AND (([Extent1].[NumLicence] = @p__linq__1) OR (([Extent1].[NumLicence] IS NULL) AND (@p__linq__1 IS NULL)))
    )) THEN cast(1 as bit) ELSE cast(0 as bit) END AS [C1]
    FROM  ( SELECT 1 AS X ) AS [SingleRowTable1]
2015-01-22 23:51:58.0019|TRACE|KarateIsere.DataAccess.KarateIsereContext|

2015-01-22 23:51:58.0019|TRACE|KarateIsere.DataAccess.KarateIsereContext|-- p__linq__0: '2' (Type = Int32, IsNullable = false)

2015-01-22 23:51:58.0019|TRACE|KarateIsere.DataAccess.KarateIsereContext|-- p__linq__1: 'asdf654' (Type = AnsiString, Size = 8000)

2015-01-22 23:51:58.0019|TRACE|KarateIsere.DataAccess.KarateIsereContext|-- Executing at 22/01/2015 23:51:58 +01:00

2015-01-22 23:51:58.0539|TRACE|KarateIsere.DataAccess.KarateIsereContext|-- Completed in 37 ms with result: SqlDataReader

2015-01-22 23:51:58.0539|TRACE|KarateIsere.DataAccess.KarateIsereContext|

2015-01-22 23:51:58.0684|TRACE|KarateIsere.DataAccess.KarateIsereContext|Closed connection at 22/01/2015 23:51:58 +01:00

2015-01-22 23:51:58.0684|TRACE|KarateIsere.DataAccess.KarateIsereContext|Opened connection at 22/01/2015 23:51:58 +01:00

2015-01-22 23:51:58.2124|TRACE|KarateIsere.DataAccess.KarateIsereContext|SELECT 
    [Limit1].[C1] AS [C1], 
    [Limit1].[NumLicence] AS [NumLicence], 
    [Limit1].[Nom] AS [Nom], 
    [Limit1].[Prenom] AS [Prenom], 
    [Limit1].[CategorieName] AS [CategorieName], 
    [Limit1].[Poids] AS [Poids], 
    [Limit1].[isHomme] AS [isHomme], 
    [Limit1].[NumAffiliationClub] AS [NumAffiliationClub], 
    [Limit1].[NumAffiliation] AS [NumAffiliation], 
    [Limit1].[NomClub] AS [NomClub], 
    [Limit1].[Correspondant] AS [Correspondant], 
    [Limit1].[Telephone] AS [Telephone], 
    [Limit1].[Adr_Administrative] AS [Adr_Administrative], 
    [Limit1].[Adr_Dojo] AS [Adr_Dojo], 
    [Limit1].[Code_Postal] AS [Code_Postal], 
    [Limit1].[Ville] AS [Ville], 
    [Limit1].[Site_Web] AS [Site_Web], 
    [Limit1].[Facebook] AS [Facebook], 
    [Limit1].[President_Tel] AS [President_Tel], 
    [Limit1].[President_Nom] AS [President_Nom], 
    [Limit1].[President_Prenom] AS [President_Prenom], 
    [Limit1].[President_Email] AS [President_Email], 
    [Limit1].[President_Mobile] AS [President_Mobile], 
    [Limit1].[Tresorier_Tel] AS [Tresorier_Tel], 
    [Limit1].[Tresorier_Nom] AS [Tresorier_Nom], 
    [Limit1].[Tresorier_Prenom] AS [Tresorier_Prenom], 
    [Limit1].[Tresorier_Email] AS [Tresorier_Email], 
    [Limit1].[Tresorier_Mobile] AS [Tresorier_Mobile], 
    [Limit1].[Secretaire_Tel] AS [Secretaire_Tel], 
    [Limit1].[Secretaire_Nom] AS [Secretaire_Nom], 
    [Limit1].[Secretaire_Prenom] AS [Secretaire_Prenom], 
    [Limit1].[Secretaire_Email] AS [Secretaire_Email], 
    [Limit1].[Secretaire_Mobile] AS [Secretaire_Mobile], 
    [Limit1].[ArtMartialName] AS [ArtMartialName], 
    [Limit1].[Longitude] AS [Longitude], 
    [Limit1].[Latitude] AS [Latitude]
    FROM ( SELECT TOP (2) 
        [Extent1].[NumLicence] AS [NumLicence], 
        [Extent1].[Nom] AS [Nom], 
        [Extent1].[Prenom] AS [Prenom], 
        [Extent1].[CategorieName] AS [CategorieName], 
        [Extent1].[Poids] AS [Poids], 
        [Extent1].[isHomme] AS [isHomme], 
        [Extent1].[NumAffiliationClub] AS [NumAffiliationClub], 
        [Extent2].[NumAffiliation] AS [NumAffiliation], 
        [Extent2].[NomClub] AS [NomClub], 
        [Extent2].[Correspondant] AS [Correspondant], 
        [Extent2].[Telephone] AS [Telephone], 
        [Extent2].[Adr_Administrative] AS [Adr_Administrative], 
        [Extent2].[Adr_Dojo] AS [Adr_Dojo], 
        [Extent2].[Code_Postal] AS [Code_Postal], 
        [Extent2].[Ville] AS [Ville], 
        [Extent2].[Site_Web] AS [Site_Web], 
        [Extent2].[Facebook] AS [Facebook], 
        [Extent2].[President_Tel] AS [President_Tel], 
        [Extent2].[President_Nom] AS [President_Nom], 
        [Extent2].[President_Prenom] AS [President_Prenom], 
        [Extent2].[President_Email] AS [President_Email], 
        [Extent2].[President_Mobile] AS [President_Mobile], 
        [Extent2].[Tresorier_Tel] AS [Tresorier_Tel], 
        [Extent2].[Tresorier_Nom] AS [Tresorier_Nom], 
        [Extent2].[Tresorier_Prenom] AS [Tresorier_Prenom], 
        [Extent2].[Tresorier_Email] AS [Tresorier_Email], 
        [Extent2].[Tresorier_Mobile] AS [Tresorier_Mobile], 
        [Extent2].[Secretaire_Tel] AS [Secretaire_Tel], 
        [Extent2].[Secretaire_Nom] AS [Secretaire_Nom], 
        [Extent2].[Secretaire_Prenom] AS [Secretaire_Prenom], 
        [Extent2].[Secretaire_Email] AS [Secretaire_Email], 
        [Extent2].[Secretaire_Mobile] AS [Secretaire_Mobile], 
        [Extent2].[ArtMartialName] AS [ArtMartialName], 
        [Extent2].[Longitude] AS [Longitude], 
        [Extent2].[Latitude] AS [Latitude], 
        1 AS [C1]
        FROM  [dbo].[Competiteur] AS [Extent1]
        INNER JOIN [dbo].[Club] AS [Extent2] ON [Extent1].[NumAffiliationClub] = [Extent2].[NumAffiliation]
        WHERE ((UPPER([Extent1].[NumLicence])) = (UPPER(@p__linq__0))) OR ((UPPER([Extent1].[NumLicence]) IS NULL) AND (UPPER(@p__linq__0) IS NULL))
    )  AS [Limit1]
2015-01-22 23:51:58.2124|TRACE|KarateIsere.DataAccess.KarateIsereContext|

2015-01-22 23:51:58.2209|TRACE|KarateIsere.DataAccess.KarateIsereContext|-- p__linq__0: 'asdf654' (Type = String, Size = 4000)

2015-01-22 23:51:58.2209|TRACE|KarateIsere.DataAccess.KarateIsereContext|-- Executing at 22/01/2015 23:51:58 +01:00

2015-01-22 23:51:58.2569|TRACE|KarateIsere.DataAccess.KarateIsereContext|-- Completed in 28 ms with result: SqlDataReader

2015-01-22 23:51:58.2569|TRACE|KarateIsere.DataAccess.KarateIsereContext|

2015-01-22 23:51:58.3174|TRACE|KarateIsere.DataAccess.KarateIsereContext|Closed connection at 22/01/2015 23:51:58 +01:00

2015-01-22 23:56:29.7839|TRACE|KarateIsere.DataAccess.KarateIsereContext|Opened connection at 22/01/2015 23:56:29 +01:00

2015-01-22 23:56:29.9824|TRACE|KarateIsere.DataAccess.KarateIsereContext|
SELECT Count(*)
FROM INFORMATION_SCHEMA.TABLES AS t
WHERE t.TABLE_SCHEMA + '.' + t.TABLE_NAME IN ('dbo.Adherents','dbo.Admin','dbo.Art_Martial','dbo.Categorie','dbo.Competiteur','dbo.Club','dbo.ListeCompetiteur','dbo.Professeurs','dbo.Competition','dbo.Inscriptions','dbo.Creneaux','dbo.Club_Professeur','dbo.CompetitionCategories')
    OR t.TABLE_NAME = 'EdmMetadata'
2015-01-22 23:56:29.9889|TRACE|KarateIsere.DataAccess.KarateIsereContext|

2015-01-22 23:56:29.9889|TRACE|KarateIsere.DataAccess.KarateIsereContext|-- Executing at 22/01/2015 23:56:29 +01:00

2015-01-22 23:56:30.0295|TRACE|KarateIsere.DataAccess.KarateIsereContext|-- Completed in 29 ms with result: 9

2015-01-22 23:56:30.0295|TRACE|KarateIsere.DataAccess.KarateIsereContext|

2015-01-22 23:56:30.0370|TRACE|KarateIsere.DataAccess.KarateIsereContext|Closed connection at 22/01/2015 23:56:30 +01:00

2015-01-22 23:56:30.0370|TRACE|KarateIsere.DataAccess.KarateIsereContext|Opened connection at 22/01/2015 23:56:30 +01:00

2015-01-22 23:56:30.0510|TRACE|KarateIsere.DataAccess.KarateIsereContext|SELECT 
    [GroupBy1].[A1] AS [C1]
    FROM ( SELECT 
        COUNT(1) AS [A1]
        FROM [dbo].[__MigrationHistory] AS [Extent1]
        WHERE [Extent1].[ContextKey] = @p__linq__0
    )  AS [GroupBy1]
2015-01-22 23:56:30.0510|TRACE|KarateIsere.DataAccess.KarateIsereContext|

2015-01-22 23:56:30.0510|TRACE|KarateIsere.DataAccess.KarateIsereContext|-- p__linq__0: 'KarateIsere.DataAccess.KarateIsereContext' (Type = String, Size = 4000)

2015-01-22 23:56:30.0510|TRACE|KarateIsere.DataAccess.KarateIsereContext|-- Executing at 22/01/2015 23:56:30 +01:00

2015-01-22 23:56:30.0990|TRACE|KarateIsere.DataAccess.KarateIsereContext|-- Completed in 30 ms with result: SqlDataReader

2015-01-22 23:56:30.0990|TRACE|KarateIsere.DataAccess.KarateIsereContext|

2015-01-22 23:56:30.0990|TRACE|KarateIsere.DataAccess.KarateIsereContext|Closed connection at 22/01/2015 23:56:30 +01:00

2015-01-22 23:56:30.0990|TRACE|KarateIsere.DataAccess.KarateIsereContext|Opened connection at 22/01/2015 23:56:30 +01:00

2015-01-22 23:56:30.1160|TRACE|KarateIsere.DataAccess.KarateIsereContext|SELECT TOP (1) 
    [Project1].[C1] AS [C1], 
    [Project1].[MigrationId] AS [MigrationId], 
    [Project1].[Model] AS [Model], 
    [Project1].[ProductVersion] AS [ProductVersion]
    FROM ( SELECT 
        [Extent1].[MigrationId] AS [MigrationId], 
        [Extent1].[Model] AS [Model], 
        [Extent1].[ProductVersion] AS [ProductVersion], 
        1 AS [C1]
        FROM [dbo].[__MigrationHistory] AS [Extent1]
        WHERE [Extent1].[ContextKey] = @p__linq__0
    )  AS [Project1]
    ORDER BY [Project1].[MigrationId] DESC
2015-01-22 23:56:30.1160|TRACE|KarateIsere.DataAccess.KarateIsereContext|

2015-01-22 23:56:30.1160|TRACE|KarateIsere.DataAccess.KarateIsereContext|-- p__linq__0: 'KarateIsere.DataAccess.KarateIsereContext' (Type = String, Size = 4000)

2015-01-22 23:56:30.1295|TRACE|KarateIsere.DataAccess.KarateIsereContext|-- Executing at 22/01/2015 23:56:30 +01:00

2015-01-22 23:56:30.1625|TRACE|KarateIsere.DataAccess.KarateIsereContext|-- Completed in 28 ms with result: SqlDataReader

2015-01-22 23:56:30.1625|TRACE|KarateIsere.DataAccess.KarateIsereContext|

2015-01-22 23:56:30.1625|TRACE|KarateIsere.DataAccess.KarateIsereContext|Closed connection at 22/01/2015 23:56:30 +01:00

2015-01-22 23:56:30.8341|TRACE|KarateIsere.DataAccess.KarateIsereContext|Opened connection at 22/01/2015 23:56:30 +01:00

2015-01-22 23:56:30.9556|TRACE|KarateIsere.DataAccess.KarateIsereContext|SELECT 
    [Extent1].[Id] AS [Id], 
    [Extent1].[Nom] AS [Nom], 
    [Extent1].[DateCompetition] AS [DateCompetition], 
    [Extent1].[FinInscription] AS [FinInscription], 
    [Extent1].[Lieu] AS [Lieu], 
    [Extent1].[IsKata] AS [IsKata]
    FROM [dbo].[Competition] AS [Extent1]
    WHERE [Extent1].[FinInscription] >= (SysDateTime())
2015-01-22 23:56:30.9556|TRACE|KarateIsere.DataAccess.KarateIsereContext|

2015-01-22 23:56:30.9556|TRACE|KarateIsere.DataAccess.KarateIsereContext|-- Executing at 22/01/2015 23:56:30 +01:00

2015-01-22 23:56:30.9951|TRACE|KarateIsere.DataAccess.KarateIsereContext|-- Completed in 28 ms with result: SqlDataReader

2015-01-22 23:56:30.9951|TRACE|KarateIsere.DataAccess.KarateIsereContext|

2015-01-22 23:56:31.0026|TRACE|KarateIsere.DataAccess.KarateIsereContext|Closed connection at 22/01/2015 23:56:31 +01:00

2015-01-22 23:56:31.1266|TRACE|KarateIsere.DataAccess.KarateIsereContext|Opened connection at 22/01/2015 23:56:31 +01:00

2015-01-22 23:56:31.1551|TRACE|KarateIsere.DataAccess.KarateIsereContext|SELECT 
    [Extent1].[NumLicence] AS [NumLicence], 
    [Extent1].[Nom] AS [Nom], 
    [Extent1].[Prenom] AS [Prenom], 
    [Extent1].[CategorieName] AS [CategorieName], 
    [Extent1].[Poids] AS [Poids], 
    [Extent1].[isHomme] AS [isHomme], 
    [Extent1].[NumAffiliationClub] AS [NumAffiliationClub]
    FROM [dbo].[Competiteur] AS [Extent1]
    WHERE [Extent1].[NumAffiliationClub] = @p__linq__0
2015-01-22 23:56:31.1591|TRACE|KarateIsere.DataAccess.KarateIsereContext|

2015-01-22 23:56:31.1591|TRACE|KarateIsere.DataAccess.KarateIsereContext|-- p__linq__0: '123456' (Type = AnsiString, Size = 8000)

2015-01-22 23:56:31.1591|TRACE|KarateIsere.DataAccess.KarateIsereContext|-- Executing at 22/01/2015 23:56:31 +01:00

2015-01-22 23:56:31.1971|TRACE|KarateIsere.DataAccess.KarateIsereContext|-- Completed in 27 ms with result: SqlDataReader

2015-01-22 23:56:31.1971|TRACE|KarateIsere.DataAccess.KarateIsereContext|

2015-01-22 23:56:31.2111|TRACE|KarateIsere.DataAccess.KarateIsereContext|Closed connection at 22/01/2015 23:56:31 +01:00

2015-01-22 23:56:35.3201|TRACE|KarateIsere.DataAccess.KarateIsereContext|Opened connection at 22/01/2015 23:56:35 +01:00

2015-01-22 23:56:35.3536|TRACE|KarateIsere.DataAccess.KarateIsereContext|SELECT 
    CASE WHEN ( EXISTS (SELECT 
        1 AS [C1]
        FROM [dbo].[Inscriptions] AS [Extent1]
        WHERE ([Extent1].[CompetitionId] = @p__linq__0) AND (([Extent1].[NumLicence] = @p__linq__1) OR (([Extent1].[NumLicence] IS NULL) AND (@p__linq__1 IS NULL)))
    )) THEN cast(1 as bit) ELSE cast(0 as bit) END AS [C1]
    FROM  ( SELECT 1 AS X ) AS [SingleRowTable1]
2015-01-22 23:56:35.3576|TRACE|KarateIsere.DataAccess.KarateIsereContext|

2015-01-22 23:56:35.3576|TRACE|KarateIsere.DataAccess.KarateIsereContext|-- p__linq__0: '2' (Type = Int32, IsNullable = false)

2015-01-22 23:56:35.3576|TRACE|KarateIsere.DataAccess.KarateIsereContext|-- p__linq__1: 'asdf654' (Type = AnsiString, Size = 8000)

2015-01-22 23:56:35.3576|TRACE|KarateIsere.DataAccess.KarateIsereContext|-- Executing at 22/01/2015 23:56:35 +01:00

2015-01-22 23:56:35.4086|TRACE|KarateIsere.DataAccess.KarateIsereContext|-- Completed in 36 ms with result: SqlDataReader

2015-01-22 23:56:35.4086|TRACE|KarateIsere.DataAccess.KarateIsereContext|

2015-01-22 23:56:35.4231|TRACE|KarateIsere.DataAccess.KarateIsereContext|Closed connection at 22/01/2015 23:56:35 +01:00

2015-01-22 23:56:51.6197|TRACE|KarateIsere.DataAccess.KarateIsereContext|Opened connection at 22/01/2015 23:56:51 +01:00

2015-01-22 23:56:51.7552|TRACE|KarateIsere.DataAccess.KarateIsereContext|SELECT 
    [Limit1].[C1] AS [C1], 
    [Limit1].[NumLicence] AS [NumLicence], 
    [Limit1].[Nom] AS [Nom], 
    [Limit1].[Prenom] AS [Prenom], 
    [Limit1].[CategorieName] AS [CategorieName], 
    [Limit1].[Poids] AS [Poids], 
    [Limit1].[isHomme] AS [isHomme], 
    [Limit1].[NumAffiliationClub] AS [NumAffiliationClub], 
    [Limit1].[NumAffiliation] AS [NumAffiliation], 
    [Limit1].[NomClub] AS [NomClub], 
    [Limit1].[Correspondant] AS [Correspondant], 
    [Limit1].[Telephone] AS [Telephone], 
    [Limit1].[Adr_Administrative] AS [Adr_Administrative], 
    [Limit1].[Adr_Dojo] AS [Adr_Dojo], 
    [Limit1].[Code_Postal] AS [Code_Postal], 
    [Limit1].[Ville] AS [Ville], 
    [Limit1].[Site_Web] AS [Site_Web], 
    [Limit1].[Facebook] AS [Facebook], 
    [Limit1].[President_Tel] AS [President_Tel], 
    [Limit1].[President_Nom] AS [President_Nom], 
    [Limit1].[President_Prenom] AS [President_Prenom], 
    [Limit1].[President_Email] AS [President_Email], 
    [Limit1].[President_Mobile] AS [President_Mobile], 
    [Limit1].[Tresorier_Tel] AS [Tresorier_Tel], 
    [Limit1].[Tresorier_Nom] AS [Tresorier_Nom], 
    [Limit1].[Tresorier_Prenom] AS [Tresorier_Prenom], 
    [Limit1].[Tresorier_Email] AS [Tresorier_Email], 
    [Limit1].[Tresorier_Mobile] AS [Tresorier_Mobile], 
    [Limit1].[Secretaire_Tel] AS [Secretaire_Tel], 
    [Limit1].[Secretaire_Nom] AS [Secretaire_Nom], 
    [Limit1].[Secretaire_Prenom] AS [Secretaire_Prenom], 
    [Limit1].[Secretaire_Email] AS [Secretaire_Email], 
    [Limit1].[Secretaire_Mobile] AS [Secretaire_Mobile], 
    [Limit1].[ArtMartialName] AS [ArtMartialName], 
    [Limit1].[Longitude] AS [Longitude], 
    [Limit1].[Latitude] AS [Latitude]
    FROM ( SELECT TOP (2) 
        [Extent1].[NumLicence] AS [NumLicence], 
        [Extent1].[Nom] AS [Nom], 
        [Extent1].[Prenom] AS [Prenom], 
        [Extent1].[CategorieName] AS [CategorieName], 
        [Extent1].[Poids] AS [Poids], 
        [Extent1].[isHomme] AS [isHomme], 
        [Extent1].[NumAffiliationClub] AS [NumAffiliationClub], 
        [Extent2].[NumAffiliation] AS [NumAffiliation], 
        [Extent2].[NomClub] AS [NomClub], 
        [Extent2].[Correspondant] AS [Correspondant], 
        [Extent2].[Telephone] AS [Telephone], 
        [Extent2].[Adr_Administrative] AS [Adr_Administrative], 
        [Extent2].[Adr_Dojo] AS [Adr_Dojo], 
        [Extent2].[Code_Postal] AS [Code_Postal], 
        [Extent2].[Ville] AS [Ville], 
        [Extent2].[Site_Web] AS [Site_Web], 
        [Extent2].[Facebook] AS [Facebook], 
        [Extent2].[President_Tel] AS [President_Tel], 
        [Extent2].[President_Nom] AS [President_Nom], 
        [Extent2].[President_Prenom] AS [President_Prenom], 
        [Extent2].[President_Email] AS [President_Email], 
        [Extent2].[President_Mobile] AS [President_Mobile], 
        [Extent2].[Tresorier_Tel] AS [Tresorier_Tel], 
        [Extent2].[Tresorier_Nom] AS [Tresorier_Nom], 
        [Extent2].[Tresorier_Prenom] AS [Tresorier_Prenom], 
        [Extent2].[Tresorier_Email] AS [Tresorier_Email], 
        [Extent2].[Tresorier_Mobile] AS [Tresorier_Mobile], 
        [Extent2].[Secretaire_Tel] AS [Secretaire_Tel], 
        [Extent2].[Secretaire_Nom] AS [Secretaire_Nom], 
        [Extent2].[Secretaire_Prenom] AS [Secretaire_Prenom], 
        [Extent2].[Secretaire_Email] AS [Secretaire_Email], 
        [Extent2].[Secretaire_Mobile] AS [Secretaire_Mobile], 
        [Extent2].[ArtMartialName] AS [ArtMartialName], 
        [Extent2].[Longitude] AS [Longitude], 
        [Extent2].[Latitude] AS [Latitude], 
        1 AS [C1]
        FROM  [dbo].[Competiteur] AS [Extent1]
        INNER JOIN [dbo].[Club] AS [Extent2] ON [Extent1].[NumAffiliationClub] = [Extent2].[NumAffiliation]
        WHERE ((UPPER([Extent1].[NumLicence])) = (UPPER(@p__linq__0))) OR ((UPPER([Extent1].[NumLicence]) IS NULL) AND (UPPER(@p__linq__0) IS NULL))
    )  AS [Limit1]
2015-01-22 23:56:51.7552|TRACE|KarateIsere.DataAccess.KarateIsereContext|

2015-01-22 23:56:51.7552|TRACE|KarateIsere.DataAccess.KarateIsereContext|-- p__linq__0: 'asdf654' (Type = String, Size = 4000)

2015-01-22 23:56:51.7667|TRACE|KarateIsere.DataAccess.KarateIsereContext|-- Executing at 22/01/2015 23:56:51 +01:00

2015-01-22 23:56:51.8057|TRACE|KarateIsere.DataAccess.KarateIsereContext|-- Completed in 35 ms with result: SqlDataReader

2015-01-22 23:56:51.8057|TRACE|KarateIsere.DataAccess.KarateIsereContext|

2015-01-22 23:56:51.8662|TRACE|KarateIsere.DataAccess.KarateIsereContext|Closed connection at 22/01/2015 23:56:51 +01:00

2015-01-22 23:56:53.2809|TRACE|KarateIsere.DataAccess.KarateIsereContext|Opened connection at 22/01/2015 23:56:53 +01:00

2015-01-22 23:56:53.5479|TRACE|KarateIsere.DataAccess.KarateIsereContext|SELECT 
    [Project2].[Id] AS [Id], 
    [Project2].[Nom] AS [Nom], 
    [Project2].[DateCompetition] AS [DateCompetition], 
    [Project2].[FinInscription] AS [FinInscription], 
    [Project2].[Lieu] AS [Lieu], 
    [Project2].[IsKata] AS [IsKata], 
    [Project2].[C1] AS [C1], 
    [Project2].[Categorie_Nom] AS [Categorie_Nom]
    FROM ( SELECT 
        [Limit1].[Id] AS [Id], 
        [Limit1].[Nom] AS [Nom], 
        [Limit1].[DateCompetition] AS [DateCompetition], 
        [Limit1].[FinInscription] AS [FinInscription], 
        [Limit1].[Lieu] AS [Lieu], 
        [Limit1].[IsKata] AS [IsKata], 
        [Extent2].[Categorie_Nom] AS [Categorie_Nom], 
        CASE WHEN ([Extent2].[Competition_Id] IS NULL) THEN CAST(NULL AS int) ELSE 1 END AS [C1]
        FROM   (SELECT TOP (2) 
            [Extent1].[Id] AS [Id], 
            [Extent1].[Nom] AS [Nom], 
            [Extent1].[DateCompetition] AS [DateCompetition], 
            [Extent1].[FinInscription] AS [FinInscription], 
            [Extent1].[Lieu] AS [Lieu], 
            [Extent1].[IsKata] AS [IsKata]
            FROM [dbo].[Competition] AS [Extent1]
            WHERE [Extent1].[Id] = @p__linq__0 ) AS [Limit1]
        LEFT OUTER JOIN [dbo].[CompetitionCategories] AS [Extent2] ON [Limit1].[Id] = [Extent2].[Competition_Id]
    )  AS [Project2]
    ORDER BY [Project2].[Id] ASC, [Project2].[C1] ASC
2015-01-22 23:56:53.5479|TRACE|KarateIsere.DataAccess.KarateIsereContext|

2015-01-22 23:56:53.5479|TRACE|KarateIsere.DataAccess.KarateIsereContext|-- p__linq__0: '2' (Type = Int32, IsNullable = false)

2015-01-22 23:56:53.5479|TRACE|KarateIsere.DataAccess.KarateIsereContext|-- Executing at 22/01/2015 23:56:53 +01:00

2015-01-22 23:56:53.5969|TRACE|KarateIsere.DataAccess.KarateIsereContext|-- Completed in 33 ms with result: SqlDataReader

2015-01-22 23:56:53.5969|TRACE|KarateIsere.DataAccess.KarateIsereContext|

2015-01-22 23:56:53.6214|TRACE|KarateIsere.DataAccess.KarateIsereContext|Closed connection at 22/01/2015 23:56:53 +01:00

2015-01-22 23:56:56.2933|TRACE|KarateIsere.DataAccess.KarateIsereContext|Opened connection at 22/01/2015 23:56:56 +01:00

2015-01-22 23:56:56.2933|TRACE|KarateIsere.DataAccess.KarateIsereContext|Started transaction at 22/01/2015 23:56:56 +01:00

2015-01-22 23:56:56.4878|TRACE|KarateIsere.DataAccess.KarateIsereContext|INSERT [dbo].[Inscriptions]([NumLicence], [CompetitionId], [Classement], [Categorie_Nom])
VALUES (@0, @1, NULL, NULL)
SELECT [InscriptionId]
FROM [dbo].[Inscriptions]
WHERE @@ROWCOUNT > 0 AND [InscriptionId] = scope_identity()
2015-01-22 23:56:56.4878|TRACE|KarateIsere.DataAccess.KarateIsereContext|

2015-01-22 23:56:56.4958|TRACE|KarateIsere.DataAccess.KarateIsereContext|-- @0: 'asdf654' (Type = AnsiString, Size = 50)

2015-01-22 23:56:56.4958|TRACE|KarateIsere.DataAccess.KarateIsereContext|-- @1: '2' (Type = Int32)

2015-01-22 23:56:56.4958|TRACE|KarateIsere.DataAccess.KarateIsereContext|-- Executing at 22/01/2015 23:56:56 +01:00

2015-01-22 23:56:56.7233|TRACE|KarateIsere.DataAccess.KarateIsereContext|-- Failed in 216 ms with error: Invalid column name 'Categorie_Nom'.

2015-01-22 23:56:56.7233|TRACE|KarateIsere.DataAccess.KarateIsereContext|

2015-01-22 23:56:56.8359|TRACE|KarateIsere.DataAccess.KarateIsereContext|Closed connection at 22/01/2015 23:56:56 +01:00

