2015-01-21 23:44:27.8678|TRACE|KarateIsere.DataAccess.KarateIsereContext|Opened connection at 21/01/2015 23:44:27 +01:00

2015-01-21 23:44:27.8963|TRACE|KarateIsere.DataAccess.KarateIsereContext|
SELECT Count(*)
FROM INFORMATION_SCHEMA.TABLES AS t
WHERE t.TABLE_SCHEMA + '.' + t.TABLE_NAME IN ('dbo.Adherents','dbo.Admin','dbo.Art_Martial','dbo.Categorie','dbo.Competiteur','dbo.Club','dbo.ListeCompetiteur','dbo.Professeurs','dbo.Competition','dbo.Inscriptions','dbo.Creneaux','dbo.Club_Professeur','dbo.CompetitionCategories')
    OR t.TABLE_NAME = 'EdmMetadata'
2015-01-21 23:44:27.8963|TRACE|KarateIsere.DataAccess.KarateIsereContext|

2015-01-21 23:44:27.8963|TRACE|KarateIsere.DataAccess.KarateIsereContext|-- Executing at 21/01/2015 23:44:27 +01:00

2015-01-21 23:44:27.9404|TRACE|KarateIsere.DataAccess.KarateIsereContext|-- Completed in 31 ms with result: 9

2015-01-21 23:44:27.9404|TRACE|KarateIsere.DataAccess.KarateIsereContext|

2015-01-21 23:44:27.9404|TRACE|KarateIsere.DataAccess.KarateIsereContext|Closed connection at 21/01/2015 23:44:27 +01:00

2015-01-21 23:44:28.1934|TRACE|KarateIsere.DataAccess.KarateIsereContext|Opened connection at 21/01/2015 23:44:28 +01:00

2015-01-21 23:44:29.5296|TRACE|KarateIsere.DataAccess.KarateIsereContext|SELECT 
    [GroupBy1].[A1] AS [C1]
    FROM ( SELECT 
        COUNT(1) AS [A1]
        FROM [dbo].[__MigrationHistory] AS [Extent1]
        WHERE [Extent1].[ContextKey] = @p__linq__0
    )  AS [GroupBy1]
2015-01-21 23:44:29.5296|TRACE|KarateIsere.DataAccess.KarateIsereContext|

2015-01-21 23:44:29.5296|TRACE|KarateIsere.DataAccess.KarateIsereContext|-- p__linq__0: 'KarateIsere.DataAccess.KarateIsereContext' (Type = String, Size = 4000)

2015-01-21 23:44:29.5296|TRACE|KarateIsere.DataAccess.KarateIsereContext|-- Executing at 21/01/2015 23:44:29 +01:00

2015-01-21 23:44:29.5946|TRACE|KarateIsere.DataAccess.KarateIsereContext|-- Completed in 46 ms with result: SqlDataReader

2015-01-21 23:44:29.5946|TRACE|KarateIsere.DataAccess.KarateIsereContext|

2015-01-21 23:44:29.6146|TRACE|KarateIsere.DataAccess.KarateIsereContext|Closed connection at 21/01/2015 23:44:29 +01:00

2015-01-21 23:44:29.6336|TRACE|KarateIsere.DataAccess.KarateIsereContext|Opened connection at 21/01/2015 23:44:29 +01:00

2015-01-21 23:44:29.7201|TRACE|KarateIsere.DataAccess.KarateIsereContext|SELECT TOP (1) 
    [Project1].[C1] AS [C1], 
    [Project1].[MigrationId] AS [MigrationId], 
    [Project1].[Model] AS [Model], 
    [Project1].[ProductVersion] AS [ProductVersion]
    FROM ( SELECT 
        [Extent1].[MigrationId] AS [MigrationId], 
        [Extent1].[Model] AS [Model], 
        [Extent1].[ProductVersion] AS [ProductVersion], 
        1 AS [C1]
        FROM [dbo].[__MigrationHistory] AS [Extent1]
        WHERE [Extent1].[ContextKey] = @p__linq__0
    )  AS [Project1]
    ORDER BY [Project1].[MigrationId] DESC
2015-01-21 23:44:29.7201|TRACE|KarateIsere.DataAccess.KarateIsereContext|

2015-01-21 23:44:29.7201|TRACE|KarateIsere.DataAccess.KarateIsereContext|-- p__linq__0: 'KarateIsere.DataAccess.KarateIsereContext' (Type = String, Size = 4000)

2015-01-21 23:44:29.7201|TRACE|KarateIsere.DataAccess.KarateIsereContext|-- Executing at 21/01/2015 23:44:29 +01:00

2015-01-21 23:44:29.7691|TRACE|KarateIsere.DataAccess.KarateIsereContext|-- Completed in 36 ms with result: SqlDataReader

2015-01-21 23:44:29.7691|TRACE|KarateIsere.DataAccess.KarateIsereContext|

2015-01-21 23:44:29.7816|TRACE|KarateIsere.DataAccess.KarateIsereContext|Closed connection at 21/01/2015 23:44:29 +01:00

2015-01-21 23:44:30.5027|TRACE|KarateIsere.DataAccess.KarateIsereContext|Opened connection at 21/01/2015 23:44:30 +01:00

2015-01-21 23:44:30.7787|TRACE|KarateIsere.DataAccess.KarateIsereContext|SELECT 
    [Extent1].[Id] AS [Id], 
    [Extent1].[Nom] AS [Nom], 
    [Extent1].[DateCompetition] AS [DateCompetition], 
    [Extent1].[FinInscription] AS [FinInscription], 
    [Extent1].[Lieu] AS [Lieu], 
    [Extent1].[IsKata] AS [IsKata]
    FROM [dbo].[Competition] AS [Extent1]
    WHERE [Extent1].[FinInscription] >= (SysDateTime())
2015-01-21 23:44:30.7787|TRACE|KarateIsere.DataAccess.KarateIsereContext|

2015-01-21 23:44:30.7787|TRACE|KarateIsere.DataAccess.KarateIsereContext|-- Executing at 21/01/2015 23:44:30 +01:00

2015-01-21 23:44:30.8172|TRACE|KarateIsere.DataAccess.KarateIsereContext|-- Completed in 27 ms with result: SqlDataReader

2015-01-21 23:44:30.8172|TRACE|KarateIsere.DataAccess.KarateIsereContext|

2015-01-21 23:44:30.8842|TRACE|KarateIsere.DataAccess.KarateIsereContext|Closed connection at 21/01/2015 23:44:30 +01:00

2015-01-21 23:44:57.4791|TRACE|KarateIsere.DataAccess.KarateIsereContext|Opened connection at 21/01/2015 23:44:57 +01:00

2015-01-21 23:44:57.4791|TRACE|KarateIsere.DataAccess.KarateIsereContext|SELECT 
    [Extent1].[Id] AS [Id], 
    [Extent1].[Nom] AS [Nom], 
    [Extent1].[DateCompetition] AS [DateCompetition], 
    [Extent1].[FinInscription] AS [FinInscription], 
    [Extent1].[Lieu] AS [Lieu], 
    [Extent1].[IsKata] AS [IsKata]
    FROM [dbo].[Competition] AS [Extent1]
    WHERE [Extent1].[FinInscription] >= (SysDateTime())
2015-01-21 23:44:57.4861|TRACE|KarateIsere.DataAccess.KarateIsereContext|

2015-01-21 23:44:57.4861|TRACE|KarateIsere.DataAccess.KarateIsereContext|-- Executing at 21/01/2015 23:44:57 +01:00

2015-01-21 23:44:57.5161|TRACE|KarateIsere.DataAccess.KarateIsereContext|-- Completed in 23 ms with result: SqlDataReader

2015-01-21 23:44:57.5161|TRACE|KarateIsere.DataAccess.KarateIsereContext|

2015-01-21 23:44:57.5161|TRACE|KarateIsere.DataAccess.KarateIsereContext|Closed connection at 21/01/2015 23:44:57 +01:00

2015-01-21 23:44:57.5161|TRACE|KarateIsere.DataAccess.KarateIsereContext|Opened connection at 21/01/2015 23:44:57 +01:00

2015-01-21 23:44:57.5616|TRACE|KarateIsere.DataAccess.KarateIsereContext|SELECT 
    [Extent1].[NumLicence] AS [NumLicence], 
    [Extent1].[Nom] AS [Nom], 
    [Extent1].[Prenom] AS [Prenom], 
    [Extent1].[CategorieName] AS [CategorieName], 
    [Extent1].[Poids] AS [Poids], 
    [Extent1].[isHomme] AS [isHomme], 
    [Extent1].[NumAffiliationClub] AS [NumAffiliationClub]
    FROM [dbo].[Competiteur] AS [Extent1]
    WHERE [Extent1].[NumAffiliationClub] = @p__linq__0
2015-01-21 23:44:57.5656|TRACE|KarateIsere.DataAccess.KarateIsereContext|

2015-01-21 23:44:57.5656|TRACE|KarateIsere.DataAccess.KarateIsereContext|-- p__linq__0: '123456' (Type = AnsiString, Size = 8000)

2015-01-21 23:44:57.5656|TRACE|KarateIsere.DataAccess.KarateIsereContext|-- Executing at 21/01/2015 23:44:57 +01:00

2015-01-21 23:44:57.6061|TRACE|KarateIsere.DataAccess.KarateIsereContext|-- Completed in 30 ms with result: SqlDataReader

2015-01-21 23:44:57.6101|TRACE|KarateIsere.DataAccess.KarateIsereContext|

2015-01-21 23:44:57.6101|TRACE|KarateIsere.DataAccess.KarateIsereContext|Closed connection at 21/01/2015 23:44:57 +01:00

2015-01-21 23:45:02.1252|TRACE|KarateIsere.DataAccess.KarateIsereContext|Opened connection at 21/01/2015 23:45:02 +01:00

2015-01-21 23:45:02.1592|TRACE|KarateIsere.DataAccess.KarateIsereContext|SELECT 
    CASE WHEN ( EXISTS (SELECT 
        1 AS [C1]
        FROM [dbo].[Inscriptions] AS [Extent1]
        WHERE ([Extent1].[CompetitionId] = @p__linq__0) AND (([Extent1].[NumLicence] = @p__linq__1) OR (([Extent1].[NumLicence] IS NULL) AND (@p__linq__1 IS NULL)))
    )) THEN cast(1 as bit) ELSE cast(0 as bit) END AS [C1]
    FROM  ( SELECT 1 AS X ) AS [SingleRowTable1]
2015-01-21 23:45:02.1592|TRACE|KarateIsere.DataAccess.KarateIsereContext|

2015-01-21 23:45:02.1662|TRACE|KarateIsere.DataAccess.KarateIsereContext|-- p__linq__0: '2' (Type = Int32, IsNullable = false)

2015-01-21 23:45:02.1662|TRACE|KarateIsere.DataAccess.KarateIsereContext|-- p__linq__1: 'asdf654' (Type = AnsiString, Size = 8000)

2015-01-21 23:45:02.1662|TRACE|KarateIsere.DataAccess.KarateIsereContext|-- Executing at 21/01/2015 23:45:02 +01:00

2015-01-21 23:45:02.2137|TRACE|KarateIsere.DataAccess.KarateIsereContext|-- Completed in 36 ms with result: SqlDataReader

2015-01-21 23:45:02.2137|TRACE|KarateIsere.DataAccess.KarateIsereContext|

2015-01-21 23:45:02.2277|TRACE|KarateIsere.DataAccess.KarateIsereContext|Closed connection at 21/01/2015 23:45:02 +01:00

2015-01-21 23:45:02.2277|TRACE|KarateIsere.DataAccess.KarateIsereContext|Opened connection at 21/01/2015 23:45:02 +01:00

2015-01-21 23:45:02.2522|TRACE|KarateIsere.DataAccess.KarateIsereContext|SELECT TOP (2) 
    [Extent1].[NumLicence] AS [NumLicence], 
    [Extent1].[Nom] AS [Nom], 
    [Extent1].[Prenom] AS [Prenom], 
    [Extent1].[CategorieName] AS [CategorieName], 
    [Extent1].[Poids] AS [Poids], 
    [Extent1].[isHomme] AS [isHomme], 
    [Extent1].[NumAffiliationClub] AS [NumAffiliationClub]
    FROM [dbo].[Competiteur] AS [Extent1]
    WHERE [Extent1].[NumLicence] = @p__linq__0
2015-01-21 23:45:02.2522|TRACE|KarateIsere.DataAccess.KarateIsereContext|

2015-01-21 23:45:02.2597|TRACE|KarateIsere.DataAccess.KarateIsereContext|-- p__linq__0: 'asdf654' (Type = AnsiString, Size = 8000)

2015-01-21 23:45:02.2597|TRACE|KarateIsere.DataAccess.KarateIsereContext|-- Executing at 21/01/2015 23:45:02 +01:00

2015-01-21 23:45:02.2942|TRACE|KarateIsere.DataAccess.KarateIsereContext|-- Completed in 26 ms with result: SqlDataReader

2015-01-21 23:45:02.2942|TRACE|KarateIsere.DataAccess.KarateIsereContext|

2015-01-21 23:45:02.2942|TRACE|KarateIsere.DataAccess.KarateIsereContext|Closed connection at 21/01/2015 23:45:02 +01:00

2015-01-21 23:45:02.3087|TRACE|KarateIsere.DataAccess.KarateIsereContext|Opened connection at 21/01/2015 23:45:02 +01:00

2015-01-21 23:45:02.3272|TRACE|KarateIsere.DataAccess.KarateIsereContext|SELECT TOP (2) 
    [Extent1].[Id] AS [Id], 
    [Extent1].[Nom] AS [Nom], 
    [Extent1].[DateCompetition] AS [DateCompetition], 
    [Extent1].[FinInscription] AS [FinInscription], 
    [Extent1].[Lieu] AS [Lieu], 
    [Extent1].[IsKata] AS [IsKata]
    FROM [dbo].[Competition] AS [Extent1]
    WHERE [Extent1].[Id] = @p__linq__0
2015-01-21 23:45:02.3272|TRACE|KarateIsere.DataAccess.KarateIsereContext|

2015-01-21 23:45:02.3272|TRACE|KarateIsere.DataAccess.KarateIsereContext|-- p__linq__0: '2' (Type = Int32, IsNullable = false)

2015-01-21 23:45:02.3397|TRACE|KarateIsere.DataAccess.KarateIsereContext|-- Executing at 21/01/2015 23:45:02 +01:00

2015-01-21 23:45:02.3752|TRACE|KarateIsere.DataAccess.KarateIsereContext|-- Completed in 31 ms with result: SqlDataReader

2015-01-21 23:45:02.3752|TRACE|KarateIsere.DataAccess.KarateIsereContext|

2015-01-21 23:45:02.3837|TRACE|KarateIsere.DataAccess.KarateIsereContext|Closed connection at 21/01/2015 23:45:02 +01:00

2015-01-21 23:48:25.1275|TRACE|KarateIsere.DataAccess.KarateIsereContext|Opened connection at 21/01/2015 23:48:25 +01:00

2015-01-21 23:48:25.1540|TRACE|KarateIsere.DataAccess.KarateIsereContext|
SELECT Count(*)
FROM INFORMATION_SCHEMA.TABLES AS t
WHERE t.TABLE_SCHEMA + '.' + t.TABLE_NAME IN ('dbo.Adherents','dbo.Admin','dbo.Art_Martial','dbo.Categorie','dbo.Competiteur','dbo.Club','dbo.ListeCompetiteur','dbo.Professeurs','dbo.Competition','dbo.Inscriptions','dbo.Creneaux','dbo.Club_Professeur','dbo.CompetitionCategories')
    OR t.TABLE_NAME = 'EdmMetadata'
2015-01-21 23:48:25.1540|TRACE|KarateIsere.DataAccess.KarateIsereContext|

2015-01-21 23:48:25.1540|TRACE|KarateIsere.DataAccess.KarateIsereContext|-- Executing at 21/01/2015 23:48:25 +01:00

2015-01-21 23:48:25.1980|TRACE|KarateIsere.DataAccess.KarateIsereContext|-- Completed in 29 ms with result: 9

2015-01-21 23:48:25.2025|TRACE|KarateIsere.DataAccess.KarateIsereContext|

2015-01-21 23:48:25.2025|TRACE|KarateIsere.DataAccess.KarateIsereContext|Closed connection at 21/01/2015 23:48:25 +01:00

2015-01-21 23:48:25.2025|TRACE|KarateIsere.DataAccess.KarateIsereContext|Opened connection at 21/01/2015 23:48:25 +01:00

2015-01-21 23:48:25.2175|TRACE|KarateIsere.DataAccess.KarateIsereContext|SELECT 
    [GroupBy1].[A1] AS [C1]
    FROM ( SELECT 
        COUNT(1) AS [A1]
        FROM [dbo].[__MigrationHistory] AS [Extent1]
        WHERE [Extent1].[ContextKey] = @p__linq__0
    )  AS [GroupBy1]
2015-01-21 23:48:25.2175|TRACE|KarateIsere.DataAccess.KarateIsereContext|

2015-01-21 23:48:25.2175|TRACE|KarateIsere.DataAccess.KarateIsereContext|-- p__linq__0: 'KarateIsere.DataAccess.KarateIsereContext' (Type = String, Size = 4000)

2015-01-21 23:48:25.2315|TRACE|KarateIsere.DataAccess.KarateIsereContext|-- Executing at 21/01/2015 23:48:25 +01:00

2015-01-21 23:48:25.2645|TRACE|KarateIsere.DataAccess.KarateIsereContext|-- Completed in 29 ms with result: SqlDataReader

2015-01-21 23:48:25.2645|TRACE|KarateIsere.DataAccess.KarateIsereContext|

2015-01-21 23:48:25.2645|TRACE|KarateIsere.DataAccess.KarateIsereContext|Closed connection at 21/01/2015 23:48:25 +01:00

2015-01-21 23:48:25.2645|TRACE|KarateIsere.DataAccess.KarateIsereContext|Opened connection at 21/01/2015 23:48:25 +01:00

2015-01-21 23:48:25.2810|TRACE|KarateIsere.DataAccess.KarateIsereContext|SELECT TOP (1) 
    [Project1].[C1] AS [C1], 
    [Project1].[MigrationId] AS [MigrationId], 
    [Project1].[Model] AS [Model], 
    [Project1].[ProductVersion] AS [ProductVersion]
    FROM ( SELECT 
        [Extent1].[MigrationId] AS [MigrationId], 
        [Extent1].[Model] AS [Model], 
        [Extent1].[ProductVersion] AS [ProductVersion], 
        1 AS [C1]
        FROM [dbo].[__MigrationHistory] AS [Extent1]
        WHERE [Extent1].[ContextKey] = @p__linq__0
    )  AS [Project1]
    ORDER BY [Project1].[MigrationId] DESC
2015-01-21 23:48:25.2810|TRACE|KarateIsere.DataAccess.KarateIsereContext|

2015-01-21 23:48:25.2810|TRACE|KarateIsere.DataAccess.KarateIsereContext|-- p__linq__0: 'KarateIsere.DataAccess.KarateIsereContext' (Type = String, Size = 4000)

2015-01-21 23:48:25.2810|TRACE|KarateIsere.DataAccess.KarateIsereContext|-- Executing at 21/01/2015 23:48:25 +01:00

2015-01-21 23:48:25.3255|TRACE|KarateIsere.DataAccess.KarateIsereContext|-- Completed in 29 ms with result: SqlDataReader

2015-01-21 23:48:25.3255|TRACE|KarateIsere.DataAccess.KarateIsereContext|

2015-01-21 23:48:25.3255|TRACE|KarateIsere.DataAccess.KarateIsereContext|Closed connection at 21/01/2015 23:48:25 +01:00

2015-01-21 23:48:26.0041|TRACE|KarateIsere.DataAccess.KarateIsereContext|Opened connection at 21/01/2015 23:48:26 +01:00

2015-01-21 23:48:26.0836|TRACE|KarateIsere.DataAccess.KarateIsereContext|SELECT 
    [Extent1].[Id] AS [Id], 
    [Extent1].[Nom] AS [Nom], 
    [Extent1].[DateCompetition] AS [DateCompetition], 
    [Extent1].[FinInscription] AS [FinInscription], 
    [Extent1].[Lieu] AS [Lieu], 
    [Extent1].[IsKata] AS [IsKata]
    FROM [dbo].[Competition] AS [Extent1]
    WHERE [Extent1].[FinInscription] >= (SysDateTime())
2015-01-21 23:48:26.0836|TRACE|KarateIsere.DataAccess.KarateIsereContext|

2015-01-21 23:48:26.0911|TRACE|KarateIsere.DataAccess.KarateIsereContext|-- Executing at 21/01/2015 23:48:26 +01:00

2015-01-21 23:48:26.1236|TRACE|KarateIsere.DataAccess.KarateIsereContext|-- Completed in 28 ms with result: SqlDataReader

2015-01-21 23:48:26.1236|TRACE|KarateIsere.DataAccess.KarateIsereContext|

2015-01-21 23:48:26.1376|TRACE|KarateIsere.DataAccess.KarateIsereContext|Closed connection at 21/01/2015 23:48:26 +01:00

2015-01-21 23:48:26.2596|TRACE|KarateIsere.DataAccess.KarateIsereContext|Opened connection at 21/01/2015 23:48:26 +01:00

2015-01-21 23:48:26.2896|TRACE|KarateIsere.DataAccess.KarateIsereContext|SELECT 
    [Extent1].[NumLicence] AS [NumLicence], 
    [Extent1].[Nom] AS [Nom], 
    [Extent1].[Prenom] AS [Prenom], 
    [Extent1].[CategorieName] AS [CategorieName], 
    [Extent1].[Poids] AS [Poids], 
    [Extent1].[isHomme] AS [isHomme], 
    [Extent1].[NumAffiliationClub] AS [NumAffiliationClub]
    FROM [dbo].[Competiteur] AS [Extent1]
    WHERE [Extent1].[NumAffiliationClub] = @p__linq__0
2015-01-21 23:48:26.2936|TRACE|KarateIsere.DataAccess.KarateIsereContext|

2015-01-21 23:48:26.2936|TRACE|KarateIsere.DataAccess.KarateIsereContext|-- p__linq__0: '123456' (Type = AnsiString, Size = 8000)

2015-01-21 23:48:26.2936|TRACE|KarateIsere.DataAccess.KarateIsereContext|-- Executing at 21/01/2015 23:48:26 +01:00

2015-01-21 23:48:26.3326|TRACE|KarateIsere.DataAccess.KarateIsereContext|-- Completed in 27 ms with result: SqlDataReader

2015-01-21 23:48:26.3326|TRACE|KarateIsere.DataAccess.KarateIsereContext|

2015-01-21 23:48:26.3411|TRACE|KarateIsere.DataAccess.KarateIsereContext|Closed connection at 21/01/2015 23:48:26 +01:00

2015-01-21 23:48:31.4208|TRACE|KarateIsere.DataAccess.KarateIsereContext|Opened connection at 21/01/2015 23:48:31 +01:00

2015-01-21 23:48:31.4558|TRACE|KarateIsere.DataAccess.KarateIsereContext|SELECT 
    CASE WHEN ( EXISTS (SELECT 
        1 AS [C1]
        FROM [dbo].[Inscriptions] AS [Extent1]
        WHERE ([Extent1].[CompetitionId] = @p__linq__0) AND (([Extent1].[NumLicence] = @p__linq__1) OR (([Extent1].[NumLicence] IS NULL) AND (@p__linq__1 IS NULL)))
    )) THEN cast(1 as bit) ELSE cast(0 as bit) END AS [C1]
    FROM  ( SELECT 1 AS X ) AS [SingleRowTable1]
2015-01-21 23:48:31.4608|TRACE|KarateIsere.DataAccess.KarateIsereContext|

2015-01-21 23:48:31.4608|TRACE|KarateIsere.DataAccess.KarateIsereContext|-- p__linq__0: '2' (Type = Int32, IsNullable = false)

2015-01-21 23:48:31.4608|TRACE|KarateIsere.DataAccess.KarateIsereContext|-- p__linq__1: 'asdf654' (Type = AnsiString, Size = 8000)

2015-01-21 23:48:31.4733|TRACE|KarateIsere.DataAccess.KarateIsereContext|-- Executing at 21/01/2015 23:48:31 +01:00

2015-01-21 23:48:31.5138|TRACE|KarateIsere.DataAccess.KarateIsereContext|-- Completed in 36 ms with result: SqlDataReader

2015-01-21 23:48:31.5138|TRACE|KarateIsere.DataAccess.KarateIsereContext|

2015-01-21 23:48:31.5218|TRACE|KarateIsere.DataAccess.KarateIsereContext|Closed connection at 21/01/2015 23:48:31 +01:00

2015-01-21 23:48:44.6299|TRACE|KarateIsere.DataAccess.KarateIsereContext|Opened connection at 21/01/2015 23:48:44 +01:00

2015-01-21 23:48:44.6299|TRACE|KarateIsere.DataAccess.KarateIsereContext|SELECT 
    [Extent1].[Id] AS [Id], 
    [Extent1].[Nom] AS [Nom], 
    [Extent1].[DateCompetition] AS [DateCompetition], 
    [Extent1].[FinInscription] AS [FinInscription], 
    [Extent1].[Lieu] AS [Lieu], 
    [Extent1].[IsKata] AS [IsKata]
    FROM [dbo].[Competition] AS [Extent1]
    WHERE [Extent1].[FinInscription] >= (SysDateTime())
2015-01-21 23:48:44.6399|TRACE|KarateIsere.DataAccess.KarateIsereContext|

2015-01-21 23:48:44.6399|TRACE|KarateIsere.DataAccess.KarateIsereContext|-- Executing at 21/01/2015 23:48:44 +01:00

2015-01-21 23:48:44.6790|TRACE|KarateIsere.DataAccess.KarateIsereContext|-- Completed in 30 ms with result: SqlDataReader

2015-01-21 23:48:44.6790|TRACE|KarateIsere.DataAccess.KarateIsereContext|

2015-01-21 23:48:44.6870|TRACE|KarateIsere.DataAccess.KarateIsereContext|Closed connection at 21/01/2015 23:48:44 +01:00

2015-01-21 23:48:44.6870|TRACE|KarateIsere.DataAccess.KarateIsereContext|Opened connection at 21/01/2015 23:48:44 +01:00

2015-01-21 23:48:44.6870|TRACE|KarateIsere.DataAccess.KarateIsereContext|SELECT 
    [Extent1].[NumLicence] AS [NumLicence], 
    [Extent1].[Nom] AS [Nom], 
    [Extent1].[Prenom] AS [Prenom], 
    [Extent1].[CategorieName] AS [CategorieName], 
    [Extent1].[Poids] AS [Poids], 
    [Extent1].[isHomme] AS [isHomme], 
    [Extent1].[NumAffiliationClub] AS [NumAffiliationClub]
    FROM [dbo].[Competiteur] AS [Extent1]
    WHERE [Extent1].[NumAffiliationClub] = @p__linq__0
2015-01-21 23:48:44.7005|TRACE|KarateIsere.DataAccess.KarateIsereContext|

2015-01-21 23:48:44.7005|TRACE|KarateIsere.DataAccess.KarateIsereContext|-- p__linq__0: '123456' (Type = AnsiString, Size = 8000)

2015-01-21 23:48:44.7005|TRACE|KarateIsere.DataAccess.KarateIsereContext|-- Executing at 21/01/2015 23:48:44 +01:00

2015-01-21 23:48:44.7365|TRACE|KarateIsere.DataAccess.KarateIsereContext|-- Completed in 22 ms with result: SqlDataReader

2015-01-21 23:48:44.7365|TRACE|KarateIsere.DataAccess.KarateIsereContext|

2015-01-21 23:48:44.7365|TRACE|KarateIsere.DataAccess.KarateIsereContext|Closed connection at 21/01/2015 23:48:44 +01:00

2015-01-21 23:50:02.1648|TRACE|KarateIsere.DataAccess.KarateIsereContext|Opened connection at 21/01/2015 23:50:02 +01:00

2015-01-21 23:50:02.1888|TRACE|KarateIsere.DataAccess.KarateIsereContext|
SELECT Count(*)
FROM INFORMATION_SCHEMA.TABLES AS t
WHERE t.TABLE_SCHEMA + '.' + t.TABLE_NAME IN ('dbo.Adherents','dbo.Admin','dbo.Art_Martial','dbo.Categorie','dbo.Competiteur','dbo.Club','dbo.ListeCompetiteur','dbo.Professeurs','dbo.Competition','dbo.Inscriptions','dbo.Creneaux','dbo.Club_Professeur','dbo.CompetitionCategories')
    OR t.TABLE_NAME = 'EdmMetadata'
2015-01-21 23:50:02.1888|TRACE|KarateIsere.DataAccess.KarateIsereContext|

2015-01-21 23:50:02.1888|TRACE|KarateIsere.DataAccess.KarateIsereContext|-- Executing at 21/01/2015 23:50:02 +01:00

2015-01-21 23:50:02.2293|TRACE|KarateIsere.DataAccess.KarateIsereContext|-- Completed in 24 ms with result: 9

2015-01-21 23:50:02.2338|TRACE|KarateIsere.DataAccess.KarateIsereContext|

2015-01-21 23:50:02.2338|TRACE|KarateIsere.DataAccess.KarateIsereContext|Closed connection at 21/01/2015 23:50:02 +01:00

2015-01-21 23:50:02.2338|TRACE|KarateIsere.DataAccess.KarateIsereContext|Opened connection at 21/01/2015 23:50:02 +01:00

2015-01-21 23:50:02.2493|TRACE|KarateIsere.DataAccess.KarateIsereContext|SELECT 
    [GroupBy1].[A1] AS [C1]
    FROM ( SELECT 
        COUNT(1) AS [A1]
        FROM [dbo].[__MigrationHistory] AS [Extent1]
        WHERE [Extent1].[ContextKey] = @p__linq__0
    )  AS [GroupBy1]
2015-01-21 23:50:02.2493|TRACE|KarateIsere.DataAccess.KarateIsereContext|

2015-01-21 23:50:02.2493|TRACE|KarateIsere.DataAccess.KarateIsereContext|-- p__linq__0: 'KarateIsere.DataAccess.KarateIsereContext' (Type = String, Size = 4000)

2015-01-21 23:50:02.2648|TRACE|KarateIsere.DataAccess.KarateIsereContext|-- Executing at 21/01/2015 23:50:02 +01:00

2015-01-21 23:50:02.2978|TRACE|KarateIsere.DataAccess.KarateIsereContext|-- Completed in 29 ms with result: SqlDataReader

2015-01-21 23:50:02.2978|TRACE|KarateIsere.DataAccess.KarateIsereContext|

2015-01-21 23:50:02.2978|TRACE|KarateIsere.DataAccess.KarateIsereContext|Closed connection at 21/01/2015 23:50:02 +01:00

2015-01-21 23:50:02.3108|TRACE|KarateIsere.DataAccess.KarateIsereContext|Opened connection at 21/01/2015 23:50:02 +01:00

2015-01-21 23:50:02.3108|TRACE|KarateIsere.DataAccess.KarateIsereContext|SELECT TOP (1) 
    [Project1].[C1] AS [C1], 
    [Project1].[MigrationId] AS [MigrationId], 
    [Project1].[Model] AS [Model], 
    [Project1].[ProductVersion] AS [ProductVersion]
    FROM ( SELECT 
        [Extent1].[MigrationId] AS [MigrationId], 
        [Extent1].[Model] AS [Model], 
        [Extent1].[ProductVersion] AS [ProductVersion], 
        1 AS [C1]
        FROM [dbo].[__MigrationHistory] AS [Extent1]
        WHERE [Extent1].[ContextKey] = @p__linq__0
    )  AS [Project1]
    ORDER BY [Project1].[MigrationId] DESC
2015-01-21 23:50:02.3108|TRACE|KarateIsere.DataAccess.KarateIsereContext|

2015-01-21 23:50:02.3108|TRACE|KarateIsere.DataAccess.KarateIsereContext|-- p__linq__0: 'KarateIsere.DataAccess.KarateIsereContext' (Type = String, Size = 4000)

2015-01-21 23:50:02.3303|TRACE|KarateIsere.DataAccess.KarateIsereContext|-- Executing at 21/01/2015 23:50:02 +01:00

2015-01-21 23:50:02.3698|TRACE|KarateIsere.DataAccess.KarateIsereContext|-- Completed in 35 ms with result: SqlDataReader

2015-01-21 23:50:02.3738|TRACE|KarateIsere.DataAccess.KarateIsereContext|

2015-01-21 23:50:02.3738|TRACE|KarateIsere.DataAccess.KarateIsereContext|Closed connection at 21/01/2015 23:50:02 +01:00

2015-01-21 23:50:03.0589|TRACE|KarateIsere.DataAccess.KarateIsereContext|Opened connection at 21/01/2015 23:50:03 +01:00

2015-01-21 23:50:03.1404|TRACE|KarateIsere.DataAccess.KarateIsereContext|SELECT 
    [Extent1].[Id] AS [Id], 
    [Extent1].[Nom] AS [Nom], 
    [Extent1].[DateCompetition] AS [DateCompetition], 
    [Extent1].[FinInscription] AS [FinInscription], 
    [Extent1].[Lieu] AS [Lieu], 
    [Extent1].[IsKata] AS [IsKata]
    FROM [dbo].[Competition] AS [Extent1]
    WHERE [Extent1].[FinInscription] >= (SysDateTime())
2015-01-21 23:50:03.1404|TRACE|KarateIsere.DataAccess.KarateIsereContext|

2015-01-21 23:50:03.1404|TRACE|KarateIsere.DataAccess.KarateIsereContext|-- Executing at 21/01/2015 23:50:03 +01:00

2015-01-21 23:50:03.1779|TRACE|KarateIsere.DataAccess.KarateIsereContext|-- Completed in 26 ms with result: SqlDataReader

2015-01-21 23:50:03.1779|TRACE|KarateIsere.DataAccess.KarateIsereContext|

2015-01-21 23:50:03.1864|TRACE|KarateIsere.DataAccess.KarateIsereContext|Closed connection at 21/01/2015 23:50:03 +01:00

2015-01-21 23:50:03.3194|TRACE|KarateIsere.DataAccess.KarateIsereContext|Opened connection at 21/01/2015 23:50:03 +01:00

2015-01-21 23:50:03.3494|TRACE|KarateIsere.DataAccess.KarateIsereContext|SELECT 
    [Extent1].[NumLicence] AS [NumLicence], 
    [Extent1].[Nom] AS [Nom], 
    [Extent1].[Prenom] AS [Prenom], 
    [Extent1].[CategorieName] AS [CategorieName], 
    [Extent1].[Poids] AS [Poids], 
    [Extent1].[isHomme] AS [isHomme], 
    [Extent1].[NumAffiliationClub] AS [NumAffiliationClub]
    FROM [dbo].[Competiteur] AS [Extent1]
    WHERE [Extent1].[NumAffiliationClub] = @p__linq__0
2015-01-21 23:50:03.3494|TRACE|KarateIsere.DataAccess.KarateIsereContext|

2015-01-21 23:50:03.3579|TRACE|KarateIsere.DataAccess.KarateIsereContext|-- p__linq__0: '123456' (Type = AnsiString, Size = 8000)

2015-01-21 23:50:03.3579|TRACE|KarateIsere.DataAccess.KarateIsereContext|-- Executing at 21/01/2015 23:50:03 +01:00

2015-01-21 23:50:03.3909|TRACE|KarateIsere.DataAccess.KarateIsereContext|-- Completed in 24 ms with result: SqlDataReader

2015-01-21 23:50:03.3909|TRACE|KarateIsere.DataAccess.KarateIsereContext|

2015-01-21 23:50:03.4060|TRACE|KarateIsere.DataAccess.KarateIsereContext|Closed connection at 21/01/2015 23:50:03 +01:00

2015-01-21 23:50:07.1654|TRACE|KarateIsere.DataAccess.KarateIsereContext|Opened connection at 21/01/2015 23:50:07 +01:00

2015-01-21 23:50:07.2004|TRACE|KarateIsere.DataAccess.KarateIsereContext|SELECT 
    CASE WHEN ( EXISTS (SELECT 
        1 AS [C1]
        FROM [dbo].[Inscriptions] AS [Extent1]
        WHERE ([Extent1].[CompetitionId] = @p__linq__0) AND (([Extent1].[NumLicence] = @p__linq__1) OR (([Extent1].[NumLicence] IS NULL) AND (@p__linq__1 IS NULL)))
    )) THEN cast(1 as bit) ELSE cast(0 as bit) END AS [C1]
    FROM  ( SELECT 1 AS X ) AS [SingleRowTable1]
2015-01-21 23:50:07.2004|TRACE|KarateIsere.DataAccess.KarateIsereContext|

2015-01-21 23:50:07.2004|TRACE|KarateIsere.DataAccess.KarateIsereContext|-- p__linq__0: '2' (Type = Int32, IsNullable = false)

2015-01-21 23:50:07.2124|TRACE|KarateIsere.DataAccess.KarateIsereContext|-- p__linq__1: 'asdf654' (Type = AnsiString, Size = 8000)

2015-01-21 23:50:07.2124|TRACE|KarateIsere.DataAccess.KarateIsereContext|-- Executing at 21/01/2015 23:50:07 +01:00

2015-01-21 23:50:07.2569|TRACE|KarateIsere.DataAccess.KarateIsereContext|-- Completed in 37 ms with result: SqlDataReader

2015-01-21 23:50:07.2569|TRACE|KarateIsere.DataAccess.KarateIsereContext|

2015-01-21 23:50:07.2719|TRACE|KarateIsere.DataAccess.KarateIsereContext|Closed connection at 21/01/2015 23:50:07 +01:00

2015-01-21 23:50:14.9254|TRACE|KarateIsere.DataAccess.KarateIsereContext|Opened connection at 21/01/2015 23:50:14 +01:00

2015-01-21 23:50:14.9359|TRACE|KarateIsere.DataAccess.KarateIsereContext|Started transaction at 21/01/2015 23:50:14 +01:00

2015-01-21 23:50:15.1114|TRACE|KarateIsere.DataAccess.KarateIsereContext|INSERT [dbo].[Inscriptions]([NumLicence], [CompetitionId], [Classement], [Categorie_Nom])
VALUES (@0, @1, NULL, NULL)
SELECT [InscriptionId]
FROM [dbo].[Inscriptions]
WHERE @@ROWCOUNT > 0 AND [InscriptionId] = scope_identity()
2015-01-21 23:50:15.1114|TRACE|KarateIsere.DataAccess.KarateIsereContext|

2015-01-21 23:50:15.1189|TRACE|KarateIsere.DataAccess.KarateIsereContext|-- @0: 'asdf654' (Type = AnsiString, Size = 50)

2015-01-21 23:50:15.1189|TRACE|KarateIsere.DataAccess.KarateIsereContext|-- @1: '2' (Type = Int32)

2015-01-21 23:50:15.1189|TRACE|KarateIsere.DataAccess.KarateIsereContext|-- Executing at 21/01/2015 23:50:15 +01:00

2015-01-21 23:50:15.3420|TRACE|KarateIsere.DataAccess.KarateIsereContext|-- Failed in 211 ms with error: Invalid column name 'Categorie_Nom'.

2015-01-21 23:50:15.3420|TRACE|KarateIsere.DataAccess.KarateIsereContext|

2015-01-21 23:50:15.4640|TRACE|KarateIsere.DataAccess.KarateIsereContext|Closed connection at 21/01/2015 23:50:15 +01:00

