2014-12-16 08:55:45.1177|TRACE|KarateIsere.DataAccess.KarateIsereContext|Opened connection at 16/12/2014 08:55:45 +01:00

2014-12-16 08:55:45.1452|TRACE|KarateIsere.DataAccess.KarateIsereContext|
SELECT Count(*)
FROM INFORMATION_SCHEMA.TABLES AS t
WHERE t.TABLE_SCHEMA + '.' + t.TABLE_NAME IN ('dbo.Adherents','dbo.Admin','dbo.Art_Martial','dbo.Categorie','dbo.Competiteur','dbo.Club','dbo.ListeCompetiteur','dbo.Professeurs','dbo.Competition','dbo.Inscriptions','dbo.Creneaux','dbo.Club_Professeur','dbo.CompetitionCategories')
    OR t.TABLE_NAME = 'EdmMetadata'
2014-12-16 08:55:45.1452|TRACE|KarateIsere.DataAccess.KarateIsereContext|

2014-12-16 08:55:45.1452|TRACE|KarateIsere.DataAccess.KarateIsereContext|-- Executing at 16/12/2014 08:55:45 +01:00

2014-12-16 08:55:45.1992|TRACE|KarateIsere.DataAccess.KarateIsereContext|-- Completed in 35 ms with result: 9

2014-12-16 08:55:45.1992|TRACE|KarateIsere.DataAccess.KarateIsereContext|

2014-12-16 08:55:45.1992|TRACE|KarateIsere.DataAccess.KarateIsereContext|Closed connection at 16/12/2014 08:55:45 +01:00

2014-12-16 08:55:45.2097|TRACE|KarateIsere.DataAccess.KarateIsereContext|Opened connection at 16/12/2014 08:55:45 +01:00

2014-12-16 08:55:45.2097|TRACE|KarateIsere.DataAccess.KarateIsereContext|SELECT 
    [GroupBy1].[A1] AS [C1]
    FROM ( SELECT 
        COUNT(1) AS [A1]
        FROM [dbo].[__MigrationHistory] AS [Extent1]
        WHERE [Extent1].[ContextKey] = @p__linq__0
    )  AS [GroupBy1]
2014-12-16 08:55:45.2097|TRACE|KarateIsere.DataAccess.KarateIsereContext|

2014-12-16 08:55:45.2242|TRACE|KarateIsere.DataAccess.KarateIsereContext|-- p__linq__0: 'KarateIsere.DataAccess.KarateIsereContext' (Type = String, Size = 4000)

2014-12-16 08:55:45.2242|TRACE|KarateIsere.DataAccess.KarateIsereContext|-- Executing at 16/12/2014 08:55:45 +01:00

2014-12-16 08:55:45.2692|TRACE|KarateIsere.DataAccess.KarateIsereContext|-- Completed in 36 ms with result: SqlDataReader

2014-12-16 08:55:45.2692|TRACE|KarateIsere.DataAccess.KarateIsereContext|

2014-12-16 08:55:45.2692|TRACE|KarateIsere.DataAccess.KarateIsereContext|Closed connection at 16/12/2014 08:55:45 +01:00

2014-12-16 08:55:45.2842|TRACE|KarateIsere.DataAccess.KarateIsereContext|Opened connection at 16/12/2014 08:55:45 +01:00

2014-12-16 08:55:45.2842|TRACE|KarateIsere.DataAccess.KarateIsereContext|SELECT TOP (1) 
    [Project1].[C1] AS [C1], 
    [Project1].[MigrationId] AS [MigrationId], 
    [Project1].[Model] AS [Model], 
    [Project1].[ProductVersion] AS [ProductVersion]
    FROM ( SELECT 
        [Extent1].[MigrationId] AS [MigrationId], 
        [Extent1].[Model] AS [Model], 
        [Extent1].[ProductVersion] AS [ProductVersion], 
        1 AS [C1]
        FROM [dbo].[__MigrationHistory] AS [Extent1]
        WHERE [Extent1].[ContextKey] = @p__linq__0
    )  AS [Project1]
    ORDER BY [Project1].[MigrationId] DESC
2014-12-16 08:55:45.2842|TRACE|KarateIsere.DataAccess.KarateIsereContext|

2014-12-16 08:55:45.2842|TRACE|KarateIsere.DataAccess.KarateIsereContext|-- p__linq__0: 'KarateIsere.DataAccess.KarateIsereContext' (Type = String, Size = 4000)

2014-12-16 08:55:45.3017|TRACE|KarateIsere.DataAccess.KarateIsereContext|-- Executing at 16/12/2014 08:55:45 +01:00

2014-12-16 08:55:45.3362|TRACE|KarateIsere.DataAccess.KarateIsereContext|-- Completed in 31 ms with result: SqlDataReader

2014-12-16 08:55:45.3362|TRACE|KarateIsere.DataAccess.KarateIsereContext|

2014-12-16 08:55:45.3362|TRACE|KarateIsere.DataAccess.KarateIsereContext|Closed connection at 16/12/2014 08:55:45 +01:00

2014-12-16 08:55:46.0068|TRACE|KarateIsere.DataAccess.KarateIsereContext|Opened connection at 16/12/2014 08:55:46 +01:00

2014-12-16 08:55:46.0068|TRACE|KarateIsere.DataAccess.KarateIsereContext|Opened connection at 16/12/2014 08:55:46 +01:00

2014-12-16 08:55:46.0898|TRACE|KarateIsere.DataAccess.KarateIsereContext|SELECT 
    [Extent1].[Id] AS [Id], 
    [Extent1].[Nom] AS [Nom], 
    [Extent1].[DateCompetition] AS [DateCompetition], 
    [Extent1].[FinInscription] AS [FinInscription], 
    [Extent1].[Lieu] AS [Lieu], 
    [Extent1].[IsKata] AS [IsKata]
    FROM [dbo].[Competition] AS [Extent1]
    WHERE [Extent1].[FinInscription] >= (SysDateTime())
2014-12-16 08:55:46.0898|TRACE|KarateIsere.DataAccess.KarateIsereContext|

2014-12-16 08:55:46.0958|TRACE|KarateIsere.DataAccess.KarateIsereContext|-- Executing at 16/12/2014 08:55:46 +01:00

2014-12-16 08:55:46.0898|TRACE|KarateIsere.DataAccess.KarateIsereContext|SELECT 
    [Extent1].[Id] AS [Id], 
    [Extent1].[Nom] AS [Nom], 
    [Extent1].[DateCompetition] AS [DateCompetition], 
    [Extent1].[FinInscription] AS [FinInscription], 
    [Extent1].[Lieu] AS [Lieu], 
    [Extent1].[IsKata] AS [IsKata]
    FROM [dbo].[Competition] AS [Extent1]
    WHERE [Extent1].[FinInscription] >= (SysDateTime())
2014-12-16 08:55:46.1203|TRACE|KarateIsere.DataAccess.KarateIsereContext|

2014-12-16 08:55:46.1203|TRACE|KarateIsere.DataAccess.KarateIsereContext|-- Executing at 16/12/2014 08:55:46 +01:00

2014-12-16 08:55:46.1203|TRACE|KarateIsere.DataAccess.KarateIsereContext|-- Completed in 22 ms with result: SqlDataReader

2014-12-16 08:55:46.1578|TRACE|KarateIsere.DataAccess.KarateIsereContext|

2014-12-16 08:55:46.1558|TRACE|KarateIsere.DataAccess.KarateIsereContext|-- Completed in 28 ms with result: SqlDataReader

2014-12-16 08:55:46.1578|TRACE|KarateIsere.DataAccess.KarateIsereContext|

2014-12-16 08:55:46.1578|TRACE|KarateIsere.DataAccess.KarateIsereContext|Closed connection at 16/12/2014 08:55:46 +01:00

2014-12-16 08:55:46.1578|TRACE|KarateIsere.DataAccess.KarateIsereContext|Closed connection at 16/12/2014 08:55:46 +01:00

2014-12-16 08:55:46.4503|TRACE|KarateIsere.DataAccess.KarateIsereContext|Opened connection at 16/12/2014 08:55:46 +01:00

2014-12-16 08:55:46.5114|TRACE|KarateIsere.DataAccess.KarateIsereContext|SELECT 
    [Extent1].[NumLicence] AS [NumLicence], 
    [Extent1].[Nom] AS [Nom], 
    [Extent1].[Prenom] AS [Prenom], 
    [Extent1].[CategorieName] AS [CategorieName], 
    [Extent1].[Poids] AS [Poids], 
    [Extent1].[isHomme] AS [isHomme], 
    [Extent1].[NumAffiliationClub] AS [NumAffiliationClub]
    FROM [dbo].[Competiteur] AS [Extent1]
    WHERE [Extent1].[NumAffiliationClub] = @p__linq__0
2014-12-16 08:55:46.5114|TRACE|KarateIsere.DataAccess.KarateIsereContext|

2014-12-16 08:55:46.5179|TRACE|KarateIsere.DataAccess.KarateIsereContext|-- p__linq__0: '123456' (Type = AnsiString, Size = 8000)

2014-12-16 08:55:46.5179|TRACE|KarateIsere.DataAccess.KarateIsereContext|-- Executing at 16/12/2014 08:55:46 +01:00

2014-12-16 08:55:46.5484|TRACE|KarateIsere.DataAccess.KarateIsereContext|-- Completed in 24 ms with result: SqlDataReader

2014-12-16 08:55:46.5484|TRACE|KarateIsere.DataAccess.KarateIsereContext|

2014-12-16 08:55:46.5484|TRACE|KarateIsere.DataAccess.KarateIsereContext|Closed connection at 16/12/2014 08:55:46 +01:00

2014-12-16 23:28:30.3347|TRACE|KarateIsere.DataAccess.KarateIsereContext|Opened connection at 16/12/2014 23:28:30 +01:00

2014-12-16 23:28:30.3707|TRACE|KarateIsere.DataAccess.KarateIsereContext|SELECT 
    [Extent1].[Id] AS [Id], 
    [Extent1].[Nom] AS [Nom], 
    [Extent1].[DateCompetition] AS [DateCompetition], 
    [Extent1].[FinInscription] AS [FinInscription], 
    [Extent1].[Lieu] AS [Lieu], 
    [Extent1].[IsKata] AS [IsKata]
    FROM [dbo].[Competition] AS [Extent1]
    WHERE [Extent1].[FinInscription] >= (SysDateTime())
2014-12-16 23:28:30.3747|TRACE|KarateIsere.DataAccess.KarateIsereContext|

2014-12-16 23:28:30.3747|TRACE|KarateIsere.DataAccess.KarateIsereContext|-- Executing at 16/12/2014 23:28:30 +01:00

2014-12-16 23:28:30.4042|TRACE|KarateIsere.DataAccess.KarateIsereContext|-- Completed in 22 ms with result: SqlDataReader

2014-12-16 23:28:30.4077|TRACE|KarateIsere.DataAccess.KarateIsereContext|

2014-12-16 23:28:30.4077|TRACE|KarateIsere.DataAccess.KarateIsereContext|Closed connection at 16/12/2014 23:28:30 +01:00

2014-12-16 23:28:30.4077|TRACE|KarateIsere.DataAccess.KarateIsereContext|Opened connection at 16/12/2014 23:28:30 +01:00

2014-12-16 23:28:30.4212|TRACE|KarateIsere.DataAccess.KarateIsereContext|SELECT 
    [Extent1].[NumLicence] AS [NumLicence], 
    [Extent1].[Nom] AS [Nom], 
    [Extent1].[Prenom] AS [Prenom], 
    [Extent1].[CategorieName] AS [CategorieName], 
    [Extent1].[Poids] AS [Poids], 
    [Extent1].[isHomme] AS [isHomme], 
    [Extent1].[NumAffiliationClub] AS [NumAffiliationClub]
    FROM [dbo].[Competiteur] AS [Extent1]
    WHERE [Extent1].[NumAffiliationClub] = @p__linq__0
2014-12-16 23:28:30.4212|TRACE|KarateIsere.DataAccess.KarateIsereContext|

2014-12-16 23:28:30.4212|TRACE|KarateIsere.DataAccess.KarateIsereContext|-- p__linq__0: '123456' (Type = AnsiString, Size = 8000)

2014-12-16 23:28:30.4212|TRACE|KarateIsere.DataAccess.KarateIsereContext|-- Executing at 16/12/2014 23:28:30 +01:00

2014-12-16 23:28:30.4582|TRACE|KarateIsere.DataAccess.KarateIsereContext|-- Completed in 22 ms with result: SqlDataReader

2014-12-16 23:28:30.4582|TRACE|KarateIsere.DataAccess.KarateIsereContext|

2014-12-16 23:28:30.4672|TRACE|KarateIsere.DataAccess.KarateIsereContext|Closed connection at 16/12/2014 23:28:30 +01:00

