2015-03-29 21:40:57.7196|TRACE|KarateIsere.DataAccess.KarateIsereContext|Connexion ouverte à 29/03/2015 21:40:57 +02:00

2015-03-29 21:40:57.9161|TRACE|KarateIsere.DataAccess.KarateIsereContext|Début de la transaction à 29/03/2015 21:40:57 +02:00

2015-03-29 21:40:57.9351|TRACE|KarateIsere.DataAccess.KarateIsereContext|CREATE TABLE [dbo].[Adherents] (
    [Adherent_Id] [int] NOT NULL,
    [Nom] [varchar](50) NOT NULL,
    [Prenom] [varchar](50) NOT NULL,
    [Email] [varchar](100),
    [Tel] [varchar](10),
    [Mobile] [varchar](10),
    [Grade] [varchar](50),
    [Diplome] [varchar](50),
    [IsJugeGrade] [bit],
    [IsArbitreDept] [bit],
    [IsArbitreLig] [bit],
    [IsArbitreNat] [bit],
    [IsProfesseur] [bit],
    [Num_Affiliation] [varchar](50),
    CONSTRAINT [PK_dbo.Adherents] PRIMARY KEY ([Adherent_Id])
)
2015-03-29 21:40:57.9351|TRACE|KarateIsere.DataAccess.KarateIsereContext|

2015-03-29 21:40:57.9351|TRACE|KarateIsere.DataAccess.KarateIsereContext|-- Exécution à 29/03/2015 21:40:57 +02:00

2015-03-29 21:40:57.9891|TRACE|KarateIsere.DataAccess.KarateIsereContext|-- Terminé dans 38 ms avec le résultat : -1

2015-03-29 21:40:57.9891|TRACE|KarateIsere.DataAccess.KarateIsereContext|

2015-03-29 21:40:57.9961|TRACE|KarateIsere.DataAccess.KarateIsereContext|CREATE TABLE [dbo].[Admin] (
    [Login] [varchar](100) NOT NULL,
    [Email] [varchar](100) NOT NULL,
    [Password] [varchar](1000) NOT NULL,
    [PasswordQuestion] [varchar](1000),
    [PasswordAnswer] [varchar](1000),
    [Nom] [varchar](50) NOT NULL,
    [Prenom] [varchar](50) NOT NULL,
    [LastAccess] [datetime],
    CONSTRAINT [PK_dbo.Admin] PRIMARY KEY ([Login])
)
2015-03-29 21:40:57.9961|TRACE|KarateIsere.DataAccess.KarateIsereContext|

2015-03-29 21:40:57.9961|TRACE|KarateIsere.DataAccess.KarateIsereContext|-- Exécution à 29/03/2015 21:40:58 +02:00

2015-03-29 21:40:57.9961|TRACE|KarateIsere.DataAccess.KarateIsereContext|-- Terminé dans 2 ms avec le résultat : -1

2015-03-29 21:40:58.0131|TRACE|KarateIsere.DataAccess.KarateIsereContext|

2015-03-29 21:40:58.0131|TRACE|KarateIsere.DataAccess.KarateIsereContext|CREATE TABLE [dbo].[Art_Martial] (
    [Name] [varchar](50) NOT NULL,
    CONSTRAINT [PK_dbo.Art_Martial] PRIMARY KEY ([Name])
)
2015-03-29 21:40:58.0131|TRACE|KarateIsere.DataAccess.KarateIsereContext|

2015-03-29 21:40:58.0131|TRACE|KarateIsere.DataAccess.KarateIsereContext|-- Exécution à 29/03/2015 21:40:58 +02:00

2015-03-29 21:40:58.0726|TRACE|KarateIsere.DataAccess.KarateIsereContext|-- Échec dans 43 ms avec l'erreur : There is already an object named 'Art_Martial' in the database.

2015-03-29 21:40:58.0726|TRACE|KarateIsere.DataAccess.KarateIsereContext|

2015-03-29 21:45:37.1216|TRACE|KarateIsere.DataAccess.KarateIsereContext|Connexion ouverte à 29/03/2015 21:45:37 +02:00

2015-03-29 21:45:37.1216|TRACE|KarateIsere.DataAccess.KarateIsereContext|Début de la transaction à 29/03/2015 21:45:37 +02:00

2015-03-29 21:45:37.1301|TRACE|KarateIsere.DataAccess.KarateIsereContext|CREATE TABLE [dbo].[Adherents] (
    [Adherent_Id] [int] NOT NULL,
    [Nom] [varchar](50) NOT NULL,
    [Prenom] [varchar](50) NOT NULL,
    [Email] [varchar](100),
    [Tel] [varchar](10),
    [Mobile] [varchar](10),
    [Grade] [varchar](50),
    [Diplome] [varchar](50),
    [IsJugeGrade] [bit],
    [IsArbitreDept] [bit],
    [IsArbitreLig] [bit],
    [IsArbitreNat] [bit],
    [IsProfesseur] [bit],
    [Num_Affiliation] [varchar](50),
    CONSTRAINT [PK_dbo.Adherents] PRIMARY KEY ([Adherent_Id])
)
2015-03-29 21:45:37.1301|TRACE|KarateIsere.DataAccess.KarateIsereContext|

2015-03-29 21:45:37.1301|TRACE|KarateIsere.DataAccess.KarateIsereContext|-- Exécution à 29/03/2015 21:45:37 +02:00

2015-03-29 21:45:37.1436|TRACE|KarateIsere.DataAccess.KarateIsereContext|-- Terminé dans 2 ms avec le résultat : -1

2015-03-29 21:45:37.1436|TRACE|KarateIsere.DataAccess.KarateIsereContext|

2015-03-29 21:45:37.1436|TRACE|KarateIsere.DataAccess.KarateIsereContext|CREATE TABLE [dbo].[Admin] (
    [Login] [varchar](100) NOT NULL,
    [Email] [varchar](100) NOT NULL,
    [Password] [varchar](1000) NOT NULL,
    [PasswordQuestion] [varchar](1000),
    [PasswordAnswer] [varchar](1000),
    [Nom] [varchar](50) NOT NULL,
    [Prenom] [varchar](50) NOT NULL,
    [LastAccess] [datetime],
    CONSTRAINT [PK_dbo.Admin] PRIMARY KEY ([Login])
)
2015-03-29 21:45:37.1436|TRACE|KarateIsere.DataAccess.KarateIsereContext|

2015-03-29 21:45:37.1591|TRACE|KarateIsere.DataAccess.KarateIsereContext|-- Exécution à 29/03/2015 21:45:37 +02:00

2015-03-29 21:45:37.1591|TRACE|KarateIsere.DataAccess.KarateIsereContext|-- Terminé dans 2 ms avec le résultat : -1

2015-03-29 21:45:37.1591|TRACE|KarateIsere.DataAccess.KarateIsereContext|

2015-03-29 21:45:37.1591|TRACE|KarateIsere.DataAccess.KarateIsereContext|CREATE TABLE [dbo].[Art_Martial] (
    [Name] [varchar](50) NOT NULL,
    CONSTRAINT [PK_dbo.Art_Martial] PRIMARY KEY ([Name])
)
2015-03-29 21:45:37.1766|TRACE|KarateIsere.DataAccess.KarateIsereContext|

2015-03-29 21:45:37.1766|TRACE|KarateIsere.DataAccess.KarateIsereContext|-- Exécution à 29/03/2015 21:45:37 +02:00

2015-03-29 21:45:37.1766|TRACE|KarateIsere.DataAccess.KarateIsereContext|-- Échec dans 3 ms avec l'erreur : There is already an object named 'Art_Martial' in the database.

2015-03-29 21:45:37.1916|TRACE|KarateIsere.DataAccess.KarateIsereContext|

