2015-01-23 00:19:23.1483|TRACE|KarateIsere.DataAccess.KarateIsereContext|Connexion ouverte à 23/01/2015 00:19:23 +01:00

2015-01-23 00:19:23.1748|TRACE|KarateIsere.DataAccess.KarateIsereContext|SELECT 
    [GroupBy1].[A1] AS [C1]
    FROM ( SELECT 
        COUNT(1) AS [A1]
        FROM [dbo].[__MigrationHistory] AS [Extent1]
        WHERE [Extent1].[ContextKey] = @p__linq__0
    )  AS [GroupBy1]
2015-01-23 00:19:23.1748|TRACE|KarateIsere.DataAccess.KarateIsereContext|

2015-01-23 00:19:23.1873|TRACE|KarateIsere.DataAccess.KarateIsereContext|-- p__linq__0: 'KarateIsere.DataAccess.Migrations.Configuration' (Type = String, Size = 4000)

2015-01-23 00:19:23.1873|TRACE|KarateIsere.DataAccess.KarateIsereContext|-- Exécution à 23/01/2015 00:19:23 +01:00

2015-01-23 00:19:23.1873|TRACE|KarateIsere.DataAccess.KarateIsereContext|-- Échec dans 2 ms avec l'erreur : Invalid object name 'dbo.__MigrationHistory'.

2015-01-23 00:19:23.1873|TRACE|KarateIsere.DataAccess.KarateIsereContext|

2015-01-23 00:19:23.2033|TRACE|KarateIsere.DataAccess.KarateIsereContext|Connexion fermée à 23/01/2015 00:19:23 +01:00

2015-01-23 00:19:23.2033|TRACE|KarateIsere.DataAccess.KarateIsereContext|Connexion ouverte à 23/01/2015 00:19:23 +01:00

2015-01-23 00:19:23.2033|TRACE|KarateIsere.DataAccess.KarateIsereContext|SELECT 
    [GroupBy1].[A1] AS [C1]
    FROM ( SELECT 
        COUNT(1) AS [A1]
        FROM [dbo].[__MigrationHistory] AS [Extent1]
    )  AS [GroupBy1]
2015-01-23 00:19:23.2033|TRACE|KarateIsere.DataAccess.KarateIsereContext|

2015-01-23 00:19:23.2033|TRACE|KarateIsere.DataAccess.KarateIsereContext|-- Exécution à 23/01/2015 00:19:23 +01:00

2015-01-23 00:19:23.2183|TRACE|KarateIsere.DataAccess.KarateIsereContext|-- Échec dans 1 ms avec l'erreur : Invalid object name 'dbo.__MigrationHistory'.

2015-01-23 00:19:23.2183|TRACE|KarateIsere.DataAccess.KarateIsereContext|

2015-01-23 00:19:23.2183|TRACE|KarateIsere.DataAccess.KarateIsereContext|Connexion fermée à 23/01/2015 00:19:23 +01:00

